Candidate: c2
Concept: Exists q0: cube!0. Exists q1: cube!1. And(gray!1 right!0!1)
Candidate Name: /home/ubuntu/vdp-tool-chain-repo/data/inference-outputs/alternate-color-fovariant-7/test/0.json

Candidate: c2
Concept: Exists q0: cube!0. Exists q1: cube!1. And(right!0!1 purple!0)
Candidate Name: /home/ubuntu/vdp-tool-chain-repo/data/inference-outputs/alternate-color-fovariant-7/test/0.json

Candidate: c2
Concept: Exists q0: cube!0. Exists q1: cube!1. And(left!1!0 purple!0)
Candidate Name: /home/ubuntu/vdp-tool-chain-repo/data/inference-outputs/alternate-color-fovariant-7/test/0.json

Candidate: c2
Concept: Exists q0: cube!0. Exists q1: cube!1. And(left!1!0 gray!1)
Candidate Name: /home/ubuntu/vdp-tool-chain-repo/data/inference-outputs/alternate-color-fovariant-7/test/0.json

Candidate: c2
Concept: Exists q0: cube!0. Exists q1: cube!1. And(right!1!0 purple!1)
Candidate Name: /home/ubuntu/vdp-tool-chain-repo/data/inference-outputs/alternate-color-fovariant-7/test/0.json

Candidate: c2
Concept: Exists q0: cube!0. Exists q1: cube!1. And(gray!0 right!1!0)
Candidate Name: /home/ubuntu/vdp-tool-chain-repo/data/inference-outputs/alternate-color-fovariant-7/test/0.json

Candidate: c2
Concept: Exists q0: cube!0. Exists q1: cube!1. And(left!0!1 gray!0)
Candidate Name: /home/ubuntu/vdp-tool-chain-repo/data/inference-outputs/alternate-color-fovariant-7/test/0.json

Candidate: c2
Concept: Exists q0: cube!0. Exists q1: cube!1. And(left!0!1 purple!1)
Candidate Name: /home/ubuntu/vdp-tool-chain-repo/data/inference-outputs/alternate-color-fovariant-7/test/0.json

No discriminator found for puzzle /home/ubuntu/vdp-tool-chain-repo/data/inference-outputs/alternate-color-fovariant-7.
The scores were [0.0012213919657696017, 0.0014911577534127047, 0.001930968166232519].
Best concept is @ idx 0 ie: /home/ubuntu/vdp-tool-chain-repo/data/output/images/alternate-color-fovariant-7/CLEVR_alternate-color-fovariant-7_000000.png
