Candidate: c2
Concept: Forall q0: sphere!0. Forall q1: cube!1. And(left!0!1 metal!0)
Candidate Name: /home/ubuntu/vdp-tool-chain-repo/data/inference-outputs/train-fovariant-18-swap/test/0.json

Candidate: c2
Concept: Forall q0: cube!0. Exists q1: sphere!1. And(left!1!0 metal!1)
Candidate Name: /home/ubuntu/vdp-tool-chain-repo/data/inference-outputs/train-fovariant-18-swap/test/0.json

Candidate: c2
Concept: Forall q0: cube!0. Exists q1: sphere!1. And(right!0!1 metal!1)
Candidate Name: /home/ubuntu/vdp-tool-chain-repo/data/inference-outputs/train-fovariant-18-swap/test/0.json

Candidate: c2
Concept: Exists q0: sphere!0. Forall q1: cube!1. And(left!0!1 metal!0)
Candidate Name: /home/ubuntu/vdp-tool-chain-repo/data/inference-outputs/train-fovariant-18-swap/test/0.json

Candidate: c2
Concept: Exists q0: sphere!0. Forall q1: cube!1. And(right!1!0 metal!0)
Candidate Name: /home/ubuntu/vdp-tool-chain-repo/data/inference-outputs/train-fovariant-18-swap/test/0.json

Candidate: c2
Concept: Forall q0: cube!0. Forall q1: sphere!1. And(left!1!0 metal!1)
Candidate Name: /home/ubuntu/vdp-tool-chain-repo/data/inference-outputs/train-fovariant-18-swap/test/0.json

Candidate: c2
Concept: Forall q0: cube!0. Forall q1: sphere!1. And(right!0!1 metal!1)
Candidate Name: /home/ubuntu/vdp-tool-chain-repo/data/inference-outputs/train-fovariant-18-swap/test/0.json

Candidate: c2
Concept: Forall q0: sphere!0. Forall q1: cube!1. And(right!1!0 metal!0)
Candidate Name: /home/ubuntu/vdp-tool-chain-repo/data/inference-outputs/train-fovariant-18-swap/test/0.json

No discriminator found for puzzle /home/ubuntu/vdp-tool-chain-repo/data/inference-outputs/train-fovariant-18-swap.
The scores were [0.014546665484883254, 0.009638755301622655, 0.026793320919227735].
Best concept is @ idx 1 ie: /home/ubuntu/vdp-tool-chain-repo/data/output/images/train-fovariant-18-swap/CLEVR_train-fovariant-18-swap_000001.png
