Candidate: c2
Concept: Forall q0: sphere!0. Exists q1: cube!1. Exists q2: cube!2. And(metal!2 left!0!1 left!1!2)
Candidate Name: /home/ubuntu/vdp-tool-chain-repo/data/inference-outputs/devoicing-fovariant-11/test/0.json

Candidate: c2
Concept: Forall q0: sphere!0. Exists q1: cube!1. Exists q2: cube!2. And(metal!2 right!1!0 left!1!2)
Candidate Name: /home/ubuntu/vdp-tool-chain-repo/data/inference-outputs/devoicing-fovariant-11/test/0.json

Candidate: c2
Concept: Forall q0: sphere!0. Exists q1: cube!1. Exists q2: cube!2. And(metal!2 right!1!0 right!2!1)
Candidate Name: /home/ubuntu/vdp-tool-chain-repo/data/inference-outputs/devoicing-fovariant-11/test/0.json

Candidate: c2
Concept: Forall q0: sphere!0. Exists q1: cube!1. Exists q2: cube!2. And(metal!2 right!2!1 left!0!1)
Candidate Name: /home/ubuntu/vdp-tool-chain-repo/data/inference-outputs/devoicing-fovariant-11/test/0.json

Candidate: c2
Concept: Forall q0: sphere!0. Exists q1: cube!1. Exists q2: cube!2. And(metal!1 right!1!2 right!2!0)
Candidate Name: /home/ubuntu/vdp-tool-chain-repo/data/inference-outputs/devoicing-fovariant-11/test/0.json

Candidate: c2
Concept: Forall q0: sphere!0. Exists q1: cube!1. Exists q2: cube!2. And(metal!1 right!2!0 left!2!1)
Candidate Name: /home/ubuntu/vdp-tool-chain-repo/data/inference-outputs/devoicing-fovariant-11/test/0.json

Candidate: c2
Concept: Forall q0: sphere!0. Exists q1: cube!1. Exists q2: cube!2. And(metal!1 right!1!2 left!0!2)
Candidate Name: /home/ubuntu/vdp-tool-chain-repo/data/inference-outputs/devoicing-fovariant-11/test/0.json

Candidate: c2
Concept: Forall q0: sphere!0. Exists q1: cube!1. Exists q2: cube!2. And(metal!1 left!0!2 left!2!1)
Candidate Name: /home/ubuntu/vdp-tool-chain-repo/data/inference-outputs/devoicing-fovariant-11/test/0.json

Candidate: c2
Concept: Exists q0: cube!0. Forall q1: sphere!1. Exists q2: cube!2. And(metal!0 right!0!2 left!1!2)
Candidate Name: /home/ubuntu/vdp-tool-chain-repo/data/inference-outputs/devoicing-fovariant-11/test/0.json

Candidate: c2
Concept: Exists q0: cube!0. Forall q1: sphere!1. Exists q2: cube!2. And(metal!0 left!1!2 left!2!0)
Candidate Name: /home/ubuntu/vdp-tool-chain-repo/data/inference-outputs/devoicing-fovariant-11/test/0.json

Candidate: c2
Concept: Exists q0: cube!0. Forall q1: sphere!1. Exists q2: cube!2. And(metal!0 right!0!2 right!2!1)
Candidate Name: /home/ubuntu/vdp-tool-chain-repo/data/inference-outputs/devoicing-fovariant-11/test/0.json

Candidate: c2
Concept: Exists q0: cube!0. Forall q1: sphere!1. Exists q2: cube!2. And(metal!0 right!2!1 left!2!0)
Candidate Name: /home/ubuntu/vdp-tool-chain-repo/data/inference-outputs/devoicing-fovariant-11/test/0.json

Candidate: c2
Concept: Exists q0: cube!0. Forall q1: sphere!1. Exists q2: cube!2. And(metal!2 right!2!0 left!1!0)
Candidate Name: /home/ubuntu/vdp-tool-chain-repo/data/inference-outputs/devoicing-fovariant-11/test/0.json

Candidate: c2
Concept: Exists q0: cube!0. Forall q1: sphere!1. Exists q2: cube!2. And(metal!2 left!0!2 left!1!0)
Candidate Name: /home/ubuntu/vdp-tool-chain-repo/data/inference-outputs/devoicing-fovariant-11/test/0.json

Candidate: c2
Concept: Exists q0: cube!0. Forall q1: sphere!1. Exists q2: cube!2. And(metal!2 right!0!1 right!2!0)
Candidate Name: /home/ubuntu/vdp-tool-chain-repo/data/inference-outputs/devoicing-fovariant-11/test/0.json

Candidate: c2
Concept: Exists q0: cube!0. Forall q1: sphere!1. Exists q2: cube!2. And(metal!2 right!0!1 left!0!2)
Candidate Name: /home/ubuntu/vdp-tool-chain-repo/data/inference-outputs/devoicing-fovariant-11/test/0.json

Candidate: c2
Concept: Exists q0: cube!0. Exists q1: cube!1. Forall q2: sphere!2. And(metal!0 right!1!2 left!1!0)
Candidate Name: /home/ubuntu/vdp-tool-chain-repo/data/inference-outputs/devoicing-fovariant-11/test/0.json

Candidate: c2
Concept: Exists q0: cube!0. Exists q1: cube!1. Forall q2: sphere!2. And(metal!0 left!1!0 left!2!1)
Candidate Name: /home/ubuntu/vdp-tool-chain-repo/data/inference-outputs/devoicing-fovariant-11/test/0.json

Candidate: c2
Concept: Exists q0: cube!0. Exists q1: cube!1. Forall q2: sphere!2. And(metal!0 right!0!1 right!1!2)
Candidate Name: /home/ubuntu/vdp-tool-chain-repo/data/inference-outputs/devoicing-fovariant-11/test/0.json

Candidate: c2
Concept: Exists q0: cube!0. Exists q1: cube!1. Forall q2: sphere!2. And(metal!0 right!0!1 left!2!1)
Candidate Name: /home/ubuntu/vdp-tool-chain-repo/data/inference-outputs/devoicing-fovariant-11/test/0.json

Candidate: c2
Concept: Exists q0: cube!0. Exists q1: cube!1. Forall q2: sphere!2. And(metal!1 right!0!2 right!1!0)
Candidate Name: /home/ubuntu/vdp-tool-chain-repo/data/inference-outputs/devoicing-fovariant-11/test/0.json

Candidate: c2
Concept: Exists q0: cube!0. Exists q1: cube!1. Forall q2: sphere!2. And(metal!1 right!0!2 left!0!1)
Candidate Name: /home/ubuntu/vdp-tool-chain-repo/data/inference-outputs/devoicing-fovariant-11/test/0.json

Candidate: c2
Concept: Exists q0: cube!0. Exists q1: cube!1. Forall q2: sphere!2. And(metal!1 right!1!0 left!2!0)
Candidate Name: /home/ubuntu/vdp-tool-chain-repo/data/inference-outputs/devoicing-fovariant-11/test/0.json

Candidate: c2
Concept: Exists q0: cube!0. Exists q1: cube!1. Forall q2: sphere!2. And(metal!1 left!0!1 left!2!0)
Candidate Name: /home/ubuntu/vdp-tool-chain-repo/data/inference-outputs/devoicing-fovariant-11/test/0.json

No discriminator found for puzzle /home/ubuntu/vdp-tool-chain-repo/data/inference-outputs/devoicing-fovariant-11.
The scores were [0.003722502841301015, 0.0014733955836876238, 0.0018664482421473529].
Best concept is @ idx 1 ie: /home/ubuntu/vdp-tool-chain-repo/data/output/images/devoicing-fovariant-11/CLEVR_devoicing-fovariant-11_000001.png
