Candidate: c2
Concept: Exists q0: cylinder!0. Exists q1: cylinder!1. And(brown!1 left!1!0)
Candidate Name: /home/ubuntu/vdp-tool-chain-repo/data/inference-outputs/alternate-color-fovariant-3/test/0.json

Candidate: c2
Concept: Exists q0: cylinder!0. Exists q1: cylinder!1. And(gray!1 left!0!1)
Candidate Name: /home/ubuntu/vdp-tool-chain-repo/data/inference-outputs/alternate-color-fovariant-3/test/0.json

Candidate: c2
Concept: Exists q0: cylinder!0. Exists q1: cylinder!1. And(brown!0 left!0!1)
Candidate Name: /home/ubuntu/vdp-tool-chain-repo/data/inference-outputs/alternate-color-fovariant-3/test/0.json

Candidate: c2
Concept: Exists q0: cylinder!0. Exists q1: cylinder!1. And(gray!1 right!1!0)
Candidate Name: /home/ubuntu/vdp-tool-chain-repo/data/inference-outputs/alternate-color-fovariant-3/test/0.json

Candidate: c2
Concept: Exists q0: cylinder!0. Exists q1: cylinder!1. And(brown!0 right!1!0)
Candidate Name: /home/ubuntu/vdp-tool-chain-repo/data/inference-outputs/alternate-color-fovariant-3/test/0.json

Candidate: c2
Concept: Exists q0: cylinder!0. Exists q1: cylinder!1. And(gray!0 left!1!0)
Candidate Name: /home/ubuntu/vdp-tool-chain-repo/data/inference-outputs/alternate-color-fovariant-3/test/0.json

Candidate: c2
Concept: Exists q0: cylinder!0. Exists q1: cylinder!1. And(gray!0 right!0!1)
Candidate Name: /home/ubuntu/vdp-tool-chain-repo/data/inference-outputs/alternate-color-fovariant-3/test/0.json

Candidate: c2
Concept: Exists q0: cylinder!0. Exists q1: cylinder!1. And(brown!1 right!0!1)
Candidate Name: /home/ubuntu/vdp-tool-chain-repo/data/inference-outputs/alternate-color-fovariant-3/test/0.json

No discriminator found for puzzle /home/ubuntu/vdp-tool-chain-repo/data/inference-outputs/alternate-color-fovariant-3.
The scores were [0.018677841346671633, 0.05933210469879815, 0.03563715073309271].
Best concept is @ idx 0 ie: /home/ubuntu/vdp-tool-chain-repo/data/output/images/alternate-color-fovariant-3/CLEVR_alternate-color-fovariant-3_000000.png
