Candidate: c2
Concept: Forall q0: cube!0. Exists q1: cylinder!1. And(metal!1 right!0!1)
Candidate Name: /home/ubuntu/vdp-tool-chain-repo/data/inference-outputs/train-fovariant-21/test/0.json

Candidate: c2
Concept: Forall q0: cube!0. Exists q1: cylinder!1. And(left!1!0 metal!1)
Candidate Name: /home/ubuntu/vdp-tool-chain-repo/data/inference-outputs/train-fovariant-21/test/0.json

Candidate: c2
Concept: Exists q0: cylinder!0. Forall q1: cube!1. And(left!0!1 metal!0)
Candidate Name: /home/ubuntu/vdp-tool-chain-repo/data/inference-outputs/train-fovariant-21/test/0.json

Candidate: c2
Concept: Exists q0: cylinder!0. Forall q1: cube!1. And(metal!0 right!1!0)
Candidate Name: /home/ubuntu/vdp-tool-chain-repo/data/inference-outputs/train-fovariant-21/test/0.json

Candidate: c2
Concept: Forall q0: cube!0. Forall q1: cylinder!1. And(metal!1 right!0!1)
Candidate Name: /home/ubuntu/vdp-tool-chain-repo/data/inference-outputs/train-fovariant-21/test/0.json

Candidate: c2
Concept: Forall q0: cube!0. Forall q1: cylinder!1. And(left!1!0 metal!1)
Candidate Name: /home/ubuntu/vdp-tool-chain-repo/data/inference-outputs/train-fovariant-21/test/0.json

Candidate: c2
Concept: Forall q0: cylinder!0. Forall q1: cube!1. And(left!0!1 metal!0)
Candidate Name: /home/ubuntu/vdp-tool-chain-repo/data/inference-outputs/train-fovariant-21/test/0.json

Candidate: c2
Concept: Forall q0: cylinder!0. Forall q1: cube!1. And(metal!0 right!1!0)
Candidate Name: /home/ubuntu/vdp-tool-chain-repo/data/inference-outputs/train-fovariant-21/test/0.json

No discriminator found for puzzle /home/ubuntu/vdp-tool-chain-repo/data/inference-outputs/train-fovariant-21.
The scores were [0.03444986347498485, 0.021960299785394165, 0.07510911713535763].
Best concept is @ idx 1 ie: /home/ubuntu/vdp-tool-chain-repo/data/output/images/train-fovariant-21/CLEVR_train-fovariant-21_000001.png
