Candidate: c2
Concept: Forall q0: cylinder!0. Exists q1: cube!1. Exists q2: cube!2. And(metal!2 left!0!1 left!1!2)
Candidate Name: /home/ubuntu/vdp-tool-chain-repo/data/inference-outputs/devoicing-fovariant-16-swap/test/0.json

Candidate: c2
Concept: Exists q0: cube!0. Exists q1: cube!1. Forall q2: cylinder!2. And(metal!0 left!1!0 left!2!1)
Candidate Name: /home/ubuntu/vdp-tool-chain-repo/data/inference-outputs/devoicing-fovariant-16-swap/test/0.json

Candidate: c2
Concept: Exists q0: cube!0. Exists q1: cube!1. Forall q2: cylinder!2. And(right!1!2 metal!0 left!1!0)
Candidate Name: /home/ubuntu/vdp-tool-chain-repo/data/inference-outputs/devoicing-fovariant-16-swap/test/0.json

Candidate: c2
Concept: Exists q0: cube!0. Exists q1: cube!1. Forall q2: cylinder!2. And(right!0!1 metal!0 left!2!1)
Candidate Name: /home/ubuntu/vdp-tool-chain-repo/data/inference-outputs/devoicing-fovariant-16-swap/test/0.json

Candidate: c2
Concept: Exists q0: cube!0. Exists q1: cube!1. Forall q2: cylinder!2. And(right!0!1 right!1!2 metal!0)
Candidate Name: /home/ubuntu/vdp-tool-chain-repo/data/inference-outputs/devoicing-fovariant-16-swap/test/0.json

Candidate: c2
Concept: Exists q0: cube!0. Exists q1: cube!1. Forall q2: cylinder!2. And(right!1!0 metal!1 left!2!0)
Candidate Name: /home/ubuntu/vdp-tool-chain-repo/data/inference-outputs/devoicing-fovariant-16-swap/test/0.json

Candidate: c2
Concept: Exists q0: cube!0. Exists q1: cube!1. Forall q2: cylinder!2. And(right!0!2 right!1!0 metal!1)
Candidate Name: /home/ubuntu/vdp-tool-chain-repo/data/inference-outputs/devoicing-fovariant-16-swap/test/0.json

Candidate: c2
Concept: Exists q0: cube!0. Exists q1: cube!1. Forall q2: cylinder!2. And(metal!1 left!0!1 left!2!0)
Candidate Name: /home/ubuntu/vdp-tool-chain-repo/data/inference-outputs/devoicing-fovariant-16-swap/test/0.json

Candidate: c2
Concept: Exists q0: cube!0. Exists q1: cube!1. Forall q2: cylinder!2. And(right!0!2 metal!1 left!0!1)
Candidate Name: /home/ubuntu/vdp-tool-chain-repo/data/inference-outputs/devoicing-fovariant-16-swap/test/0.json

Candidate: c2
Concept: Forall q0: cylinder!0. Exists q1: cube!1. Exists q2: cube!2. And(right!1!0 metal!2 left!1!2)
Candidate Name: /home/ubuntu/vdp-tool-chain-repo/data/inference-outputs/devoicing-fovariant-16-swap/test/0.json

Candidate: c2
Concept: Forall q0: cylinder!0. Exists q1: cube!1. Exists q2: cube!2. And(right!1!0 right!2!1 metal!2)
Candidate Name: /home/ubuntu/vdp-tool-chain-repo/data/inference-outputs/devoicing-fovariant-16-swap/test/0.json

Candidate: c2
Concept: Forall q0: cylinder!0. Exists q1: cube!1. Exists q2: cube!2. And(right!1!2 metal!1 left!0!2)
Candidate Name: /home/ubuntu/vdp-tool-chain-repo/data/inference-outputs/devoicing-fovariant-16-swap/test/0.json

Candidate: c2
Concept: Forall q0: cylinder!0. Exists q1: cube!1. Exists q2: cube!2. And(right!1!2 right!2!0 metal!1)
Candidate Name: /home/ubuntu/vdp-tool-chain-repo/data/inference-outputs/devoicing-fovariant-16-swap/test/0.json

Candidate: c2
Concept: Forall q0: cylinder!0. Exists q1: cube!1. Exists q2: cube!2. And(metal!1 left!0!2 left!2!1)
Candidate Name: /home/ubuntu/vdp-tool-chain-repo/data/inference-outputs/devoicing-fovariant-16-swap/test/0.json

Candidate: c2
Concept: Forall q0: cylinder!0. Exists q1: cube!1. Exists q2: cube!2. And(right!2!0 metal!1 left!2!1)
Candidate Name: /home/ubuntu/vdp-tool-chain-repo/data/inference-outputs/devoicing-fovariant-16-swap/test/0.json

Candidate: c2
Concept: Forall q0: cylinder!0. Exists q1: cube!1. Exists q2: cube!2. And(right!2!1 metal!2 left!0!1)
Candidate Name: /home/ubuntu/vdp-tool-chain-repo/data/inference-outputs/devoicing-fovariant-16-swap/test/0.json

Candidate: c2
Concept: Exists q0: cube!0. Forall q1: cylinder!1. Exists q2: cube!2. And(metal!2 left!0!2 left!1!0)
Candidate Name: /home/ubuntu/vdp-tool-chain-repo/data/inference-outputs/devoicing-fovariant-16-swap/test/0.json

Candidate: c2
Concept: Exists q0: cube!0. Forall q1: cylinder!1. Exists q2: cube!2. And(right!2!0 metal!2 left!1!0)
Candidate Name: /home/ubuntu/vdp-tool-chain-repo/data/inference-outputs/devoicing-fovariant-16-swap/test/0.json

Candidate: c2
Concept: Exists q0: cube!0. Forall q1: cylinder!1. Exists q2: cube!2. And(right!0!1 metal!2 left!0!2)
Candidate Name: /home/ubuntu/vdp-tool-chain-repo/data/inference-outputs/devoicing-fovariant-16-swap/test/0.json

Candidate: c2
Concept: Exists q0: cube!0. Forall q1: cylinder!1. Exists q2: cube!2. And(right!0!1 right!2!0 metal!2)
Candidate Name: /home/ubuntu/vdp-tool-chain-repo/data/inference-outputs/devoicing-fovariant-16-swap/test/0.json

Candidate: c2
Concept: Exists q0: cube!0. Forall q1: cylinder!1. Exists q2: cube!2. And(right!2!1 metal!0 left!2!0)
Candidate Name: /home/ubuntu/vdp-tool-chain-repo/data/inference-outputs/devoicing-fovariant-16-swap/test/0.json

Candidate: c2
Concept: Exists q0: cube!0. Forall q1: cylinder!1. Exists q2: cube!2. And(metal!0 left!1!2 left!2!0)
Candidate Name: /home/ubuntu/vdp-tool-chain-repo/data/inference-outputs/devoicing-fovariant-16-swap/test/0.json

Candidate: c2
Concept: Exists q0: cube!0. Forall q1: cylinder!1. Exists q2: cube!2. And(right!0!2 right!2!1 metal!0)
Candidate Name: /home/ubuntu/vdp-tool-chain-repo/data/inference-outputs/devoicing-fovariant-16-swap/test/0.json

Candidate: c2
Concept: Exists q0: cube!0. Forall q1: cylinder!1. Exists q2: cube!2. And(right!0!2 metal!0 left!1!2)
Candidate Name: /home/ubuntu/vdp-tool-chain-repo/data/inference-outputs/devoicing-fovariant-16-swap/test/0.json

No discriminator found for puzzle /home/ubuntu/vdp-tool-chain-repo/data/inference-outputs/devoicing-fovariant-16-swap.
The scores were [0.006345488199947682, 0.0030969849780162774, 0.005472999595875997].
Best concept is @ idx 1 ie: /home/ubuntu/vdp-tool-chain-repo/data/output/images/devoicing-fovariant-16-swap/CLEVR_devoicing-fovariant-16-swap_000001.png
