Candidate: c2
Concept: Exists q0: cube!0. Exists q1: cube!1. And(left!0!1 brown!1)
Candidate Name: /home/ubuntu/vdp-tool-chain-repo/data/inference-outputs/alternate-color-fovariant-24/test/0.json

Candidate: c2
Concept: Exists q0: cube!0. Exists q1: cube!1. And(right!1!0 brown!1)
Candidate Name: /home/ubuntu/vdp-tool-chain-repo/data/inference-outputs/alternate-color-fovariant-24/test/0.json

Candidate: c2
Concept: Exists q0: cube!0. Exists q1: cube!1. And(yellow!0 right!1!0)
Candidate Name: /home/ubuntu/vdp-tool-chain-repo/data/inference-outputs/alternate-color-fovariant-24/test/0.json

Candidate: c2
Concept: Exists q0: cube!0. Exists q1: cube!1. And(yellow!0 left!0!1)
Candidate Name: /home/ubuntu/vdp-tool-chain-repo/data/inference-outputs/alternate-color-fovariant-24/test/0.json

Candidate: c2
Concept: Exists q0: cube!0. Exists q1: cube!1. And(yellow!1 left!1!0)
Candidate Name: /home/ubuntu/vdp-tool-chain-repo/data/inference-outputs/alternate-color-fovariant-24/test/0.json

Candidate: c2
Concept: Exists q0: cube!0. Exists q1: cube!1. And(left!1!0 brown!0)
Candidate Name: /home/ubuntu/vdp-tool-chain-repo/data/inference-outputs/alternate-color-fovariant-24/test/0.json

Candidate: c2
Concept: Exists q0: cube!0. Exists q1: cube!1. And(yellow!1 right!0!1)
Candidate Name: /home/ubuntu/vdp-tool-chain-repo/data/inference-outputs/alternate-color-fovariant-24/test/0.json

Candidate: c2
Concept: Exists q0: cube!0. Exists q1: cube!1. And(right!0!1 brown!0)
Candidate Name: /home/ubuntu/vdp-tool-chain-repo/data/inference-outputs/alternate-color-fovariant-24/test/0.json

No discriminator found for puzzle /home/ubuntu/vdp-tool-chain-repo/data/inference-outputs/alternate-color-fovariant-24.
The scores were [0.012944245391178942, 0.26309300851515444, 0.1251871478377358].
Best concept is @ idx 0 ie: /home/ubuntu/vdp-tool-chain-repo/data/output/images/alternate-color-fovariant-24/CLEVR_alternate-color-fovariant-24_000000.png
