Candidate: c2
Concept: Exists q0: cube!0. Exists q1: cube!1. And(blue!1 right!1!0)
Candidate Name: /home/ubuntu/vdp-tool-chain-repo/data/inference-outputs/alternate-color-fovariant-22/test/0.json

Candidate: c2
Concept: Exists q0: cube!0. Exists q1: cube!1. And(blue!0 left!1!0)
Candidate Name: /home/ubuntu/vdp-tool-chain-repo/data/inference-outputs/alternate-color-fovariant-22/test/0.json

Candidate: c2
Concept: Exists q0: cube!0. Exists q1: cube!1. And(yellow!1 left!1!0)
Candidate Name: /home/ubuntu/vdp-tool-chain-repo/data/inference-outputs/alternate-color-fovariant-22/test/0.json

Candidate: c2
Concept: Exists q0: cube!0. Exists q1: cube!1. And(yellow!1 right!0!1)
Candidate Name: /home/ubuntu/vdp-tool-chain-repo/data/inference-outputs/alternate-color-fovariant-22/test/0.json

Candidate: c2
Concept: Exists q0: cube!0. Exists q1: cube!1. And(blue!0 right!0!1)
Candidate Name: /home/ubuntu/vdp-tool-chain-repo/data/inference-outputs/alternate-color-fovariant-22/test/0.json

Candidate: c2
Concept: Exists q0: cube!0. Exists q1: cube!1. And(yellow!0 left!0!1)
Candidate Name: /home/ubuntu/vdp-tool-chain-repo/data/inference-outputs/alternate-color-fovariant-22/test/0.json

Candidate: c2
Concept: Exists q0: cube!0. Exists q1: cube!1. And(yellow!0 right!1!0)
Candidate Name: /home/ubuntu/vdp-tool-chain-repo/data/inference-outputs/alternate-color-fovariant-22/test/0.json

Candidate: c2
Concept: Exists q0: cube!0. Exists q1: cube!1. And(blue!1 left!0!1)
Candidate Name: /home/ubuntu/vdp-tool-chain-repo/data/inference-outputs/alternate-color-fovariant-22/test/0.json

No discriminator found for puzzle /home/ubuntu/vdp-tool-chain-repo/data/inference-outputs/alternate-color-fovariant-22.
The scores were [0.022515074974637315, 0.03286492836535972, 0.03279628886384783].
Best concept is @ idx 0 ie: /home/ubuntu/vdp-tool-chain-repo/data/output/images/alternate-color-fovariant-22/CLEVR_alternate-color-fovariant-22_000000.png
