ALSA lib confmisc.c:768:(parse_card) cannot find card '0'
ALSA lib conf.c:4292:(_snd_config_evaluate) function snd_func_card_driver returned error: No such file or directory
ALSA lib confmisc.c:392:(snd_func_concat) error evaluating strings
ALSA lib conf.c:4292:(_snd_config_evaluate) function snd_func_concat returned error: No such file or directory
ALSA lib confmisc.c:1251:(snd_func_refer) error evaluating name
ALSA lib conf.c:4292:(_snd_config_evaluate) function snd_func_refer returned error: No such file or directory
ALSA lib conf.c:4771:(snd_config_expand) Evaluate error: No such file or directory
ALSA lib pcm.c:2266:(snd_pcm_open_noupdate) Unknown PCM default
AL lib: (EE) ALCplaybackAlsa_open: Could not open playback device 'default': No such file or directory
found bundled python: /home/ubuntu/blender/2.78/python
read blend: data/base_scene.blend
convertViewVec: called in an invalid context
convertViewVec: called in an invalid context
Fra:1 Mem:13.89M (0.00M, Peak 13.89M) | Time:00:00.00 | Preparing Scene data
Fra:1 Mem:18.66M (0.00M, Peak 20.81M) | Time:00:00.01 | Preparing Scene data
Fra:1 Mem:18.66M (0.00M, Peak 20.81M) | Time:00:00.01 | Creating Shadowbuffers
Fra:1 Mem:18.66M (0.00M, Peak 20.81M) | Time:00:00.01 | Raytree.. preparing
Fra:1 Mem:23.84M (0.00M, Peak 23.84M) | Time:00:00.01 | Raytree.. building
Fra:1 Mem:23.57M (0.00M, Peak 31.68M) | Time:00:00.09 | Raytree finished
Fra:1 Mem:23.57M (0.00M, Peak 31.68M) | Time:00:00.09 | Creating Environment maps
Fra:1 Mem:23.57M (0.00M, Peak 31.68M) | Time:00:00.09 | Caching Point Densities
Fra:1 Mem:23.57M (0.00M, Peak 31.68M) | Time:00:00.09 | Sce: Scene Ve:39082 Fa:37769 La:1
Fra:1 Mem:23.57M (0.00M, Peak 31.68M) | Time:00:00.09 | Loading voxel datasets
Fra:1 Mem:23.57M (0.00M, Peak 31.68M) | Time:00:00.09 | Sce: Scene Ve:39082 Fa:37769 La:1
Fra:1 Mem:23.57M (0.00M, Peak 31.68M) | Time:00:00.09 | Sce: Scene Ve:39082 Fa:37769 La:1
Fra:1 Mem:23.57M (0.00M, Peak 31.68M) | Time:00:00.09 | Volume preprocessing
Fra:1 Mem:23.57M (0.00M, Peak 31.68M) | Time:00:00.09 | Sce: Scene Ve:39082 Fa:37769 La:1
Fra:1 Mem:23.57M (0.00M, Peak 31.68M) | Time:00:00.09 | Sce: Scene Ve:39082 Fa:37769 La:1
Fra:1 Mem:27.92M (0.00M, Peak 31.68M) | Time:00:00.09 | Scene, Part 3-4
Fra:1 Mem:27.61M (0.00M, Peak 31.68M) | Time:00:00.09 | Scene, Part 4-4
Fra:1 Mem:26.67M (0.00M, Peak 31.68M) | Time:00:00.10 | Scene, Part 2-4
Fra:1 Mem:24.83M (0.00M, Peak 31.68M) | Time:00:00.10 | Scene, Part 1-4
Fra:1 Mem:13.81M (0.00M, Peak 31.68M) | Time:00:00.10 | Sce: Scene Ve:39082 Fa:37769 La:1
Saved: '/tmp/tmpvrkytewn.png'
 Time: 00:00.15 (Saving: 00:00.04)

Fra:1 Mem:13.84M (0.00M, Peak 14.43M) | Time:00:00.05 | Mem:0.00M, Peak:0.00M | Scene, RenderLayer | Synchronizing object | Area
Fra:1 Mem:13.84M (0.00M, Peak 14.43M) | Time:00:00.05 | Mem:0.00M, Peak:0.00M | Scene, RenderLayer | Synchronizing object | Ground
Fra:1 Mem:13.91M (0.00M, Peak 14.43M) | Time:00:00.05 | Mem:0.00M, Peak:0.00M | Scene, RenderLayer | Synchronizing object | Empty
Fra:1 Mem:13.91M (0.00M, Peak 14.43M) | Time:00:00.05 | Mem:0.00M, Peak:0.00M | Scene, RenderLayer | Synchronizing object | Lamp_Back
Fra:1 Mem:13.91M (0.00M, Peak 14.43M) | Time:00:00.05 | Mem:0.00M, Peak:0.00M | Scene, RenderLayer | Synchronizing object | Lamp_Fill
Fra:1 Mem:13.91M (0.00M, Peak 14.43M) | Time:00:00.05 | Mem:0.00M, Peak:0.00M | Scene, RenderLayer | Synchronizing object | Lamp_Key
Fra:1 Mem:13.91M (0.00M, Peak 14.43M) | Time:00:00.05 | Mem:0.00M, Peak:0.00M | Scene, RenderLayer | Synchronizing object | Camera
Fra:1 Mem:13.91M (0.00M, Peak 14.43M) | Time:00:00.05 | Mem:0.00M, Peak:0.00M | Scene, RenderLayer | Synchronizing object | SmoothCube_v2_0
Fra:1 Mem:14.27M (0.00M, Peak 14.62M) | Time:00:00.05 | Mem:0.00M, Peak:0.00M | Scene, RenderLayer | Synchronizing object | SmoothCylinder_0
Fra:1 Mem:17.59M (0.00M, Peak 20.68M) | Time:00:00.06 | Mem:0.00M, Peak:0.00M | Scene, RenderLayer | Initializing
Fra:1 Mem:17.59M (0.00M, Peak 20.68M) | Time:00:00.06 | Mem:0.00M, Peak:0.00M | Scene, RenderLayer | Loading render kernels (may take a few minutes the first time)
Fra:1 Mem:17.59M (0.00M, Peak 20.68M) | Time:00:00.08 | Mem:0.00M, Peak:0.00M | Scene, RenderLayer | Waiting for render to start
Fra:1 Mem:17.59M (0.00M, Peak 20.68M) | Time:00:00.08 | Mem:0.00M, Peak:0.00M | Scene, RenderLayer | Updating Scene
Fra:1 Mem:17.59M (0.00M, Peak 20.68M) | Time:00:00.08 | Mem:0.00M, Peak:0.00M | Scene, RenderLayer | Updating Shaders
Fra:1 Mem:18.09M (0.00M, Peak 20.68M) | Time:00:00.16 | Mem:0.00M, Peak:0.00M | Scene, RenderLayer | Updating Background
Fra:1 Mem:18.09M (0.00M, Peak 20.68M) | Time:00:00.16 | Mem:0.00M, Peak:0.00M | Scene, RenderLayer | Updating Camera
Fra:1 Mem:18.09M (0.00M, Peak 20.68M) | Time:00:00.16 | Mem:0.00M, Peak:0.00M | Scene, RenderLayer | Updating Meshes Flags
Fra:1 Mem:18.09M (0.00M, Peak 20.68M) | Time:00:00.16 | Mem:0.00M, Peak:0.00M | Scene, RenderLayer | Updating Objects
Fra:1 Mem:18.09M (0.00M, Peak 20.68M) | Time:00:00.16 | Mem:0.00M, Peak:0.00M | Scene, RenderLayer | Updating Objects | Copying Transformations to device
Fra:1 Mem:18.10M (0.00M, Peak 20.68M) | Time:00:00.16 | Mem:0.00M, Peak:0.00M | Scene, RenderLayer | Updating Objects | Applying Static Transformations
Fra:1 Mem:18.10M (0.00M, Peak 20.68M) | Time:00:00.16 | Mem:0.00M, Peak:0.00M | Scene, RenderLayer | Updating Meshes
Fra:1 Mem:19.24M (0.00M, Peak 20.68M) | Time:00:00.16 | Mem:0.00M, Peak:0.00M | Scene, RenderLayer | Updating Mesh | Computing attributes
Fra:1 Mem:19.84M (0.00M, Peak 20.68M) | Time:00:00.16 | Mem:0.00M, Peak:0.00M | Scene, RenderLayer | Updating Mesh | Copying Attributes to device
Fra:1 Mem:19.84M (0.00M, Peak 20.68M) | Time:00:00.16 | Mem:0.60M, Peak:0.60M | Scene, RenderLayer | Updating Scene BVH | Building
Fra:1 Mem:19.84M (0.00M, Peak 20.68M) | Time:00:00.16 | Mem:0.60M, Peak:0.60M | Scene, RenderLayer | Updating Scene BVH | Building BVH
Fra:1 Mem:24.13M (0.00M, Peak 24.13M) | Time:00:00.22 | Mem:0.60M, Peak:0.60M | Scene, RenderLayer | Updating Scene BVH | Packing BVH triangles and strands
Fra:1 Mem:28.14M (0.00M, Peak 28.14M) | Time:00:00.22 | Mem:0.60M, Peak:0.60M | Scene, RenderLayer | Updating Scene BVH | Packing BVH nodes
Fra:1 Mem:25.93M (0.00M, Peak 29.37M) | Time:00:00.23 | Mem:0.60M, Peak:0.60M | Scene, RenderLayer | Updating Scene BVH | Copying BVH to device
Fra:1 Mem:26.22M (0.00M, Peak 29.37M) | Time:00:00.23 | Mem:6.69M, Peak:6.69M | Scene, RenderLayer | Updating Mesh | Computing normals
Fra:1 Mem:28.85M (0.00M, Peak 29.37M) | Time:00:00.23 | Mem:6.69M, Peak:6.69M | Scene, RenderLayer | Updating Mesh | Copying Mesh to device
Fra:1 Mem:28.57M (0.00M, Peak 29.37M) | Time:00:00.23 | Mem:9.33M, Peak:9.33M | Scene, RenderLayer | Updating Objects Flags
Fra:1 Mem:28.57M (0.00M, Peak 29.37M) | Time:00:00.23 | Mem:9.33M, Peak:9.33M | Scene, RenderLayer | Updating Images
Fra:1 Mem:28.57M (0.00M, Peak 29.37M) | Time:00:00.23 | Mem:9.33M, Peak:9.33M | Scene, RenderLayer | Updating Camera Volume
Fra:1 Mem:28.57M (0.00M, Peak 29.37M) | Time:00:00.23 | Mem:9.33M, Peak:9.33M | Scene, RenderLayer | Updating Hair Systems
Fra:1 Mem:28.57M (0.00M, Peak 29.37M) | Time:00:00.23 | Mem:9.33M, Peak:9.33M | Scene, RenderLayer | Updating Hair settings | Copying Hair settings to device
Fra:1 Mem:28.57M (0.00M, Peak 29.37M) | Time:00:00.23 | Mem:9.33M, Peak:9.33M | Scene, RenderLayer | Updating Lookup Tables
Fra:1 Mem:28.57M (0.00M, Peak 29.37M) | Time:00:00.23 | Mem:9.58M, Peak:9.58M | Scene, RenderLayer | Updating Lights
Fra:1 Mem:28.57M (0.00M, Peak 29.37M) | Time:00:00.23 | Mem:9.58M, Peak:9.58M | Scene, RenderLayer | Updating Lights | Computing distribution
Fra:1 Mem:28.57M (0.00M, Peak 29.37M) | Time:00:00.23 | Mem:9.58M, Peak:9.58M | Scene, RenderLayer | Updating Particle Systems
Fra:1 Mem:28.57M (0.00M, Peak 29.37M) | Time:00:00.23 | Mem:9.58M, Peak:9.58M | Scene, RenderLayer | Updating Particle Systems | Copying Particles to device
Fra:1 Mem:28.57M (0.00M, Peak 29.37M) | Time:00:00.23 | Mem:9.58M, Peak:9.58M | Scene, RenderLayer | Updating Integrator
Fra:1 Mem:28.61M (0.00M, Peak 29.37M) | Time:00:00.23 | Mem:9.62M, Peak:9.62M | Scene, RenderLayer | Updating Film
Fra:1 Mem:28.61M (0.00M, Peak 29.37M) | Time:00:00.23 | Mem:9.62M, Peak:9.62M | Scene, RenderLayer | Updating Lookup Tables
Fra:1 Mem:28.61M (0.00M, Peak 29.37M) | Time:00:00.23 | Mem:9.62M, Peak:9.62M | Scene, RenderLayer | Updating Baking
Fra:1 Mem:28.61M (0.00M, Peak 29.37M) | Time:00:00.23 | Mem:9.62M, Peak:9.62M | Scene, RenderLayer | Updating Device | Writing constant memory
Fra:1 Mem:28.61M (0.00M, Peak 29.37M) | Time:00:00.23 | Mem:9.62M, Peak:9.62M | Scene, RenderLayer | Path Tracing Tile 0/4, Sample 0/512
Fra:1 Mem:30.86M (0.00M, Peak 32.11M) | Time:00:00.24 | Mem:11.87M, Peak:11.87M | Scene, RenderLayer | Path Tracing Tile 1/4, Sample 0/512
Fra:1 Mem:30.86M (0.00M, Peak 33.11M) | Time:00:01.24 | Remaining:00:11.80 | Mem:11.87M, Peak:11.87M | Scene, RenderLayer | Path Tracing Tile 1/4, Sample 94/512
Fra:1 Mem:30.86M (0.00M, Peak 33.11M) | Time:00:02.25 | Remaining:00:10.75 | Mem:11.87M, Peak:11.87M | Scene, RenderLayer | Path Tracing Tile 1/4, Sample 189/512
Fra:1 Mem:30.86M (0.00M, Peak 33.11M) | Time:00:03.25 | Remaining:00:09.72 | Mem:11.87M, Peak:11.87M | Scene, RenderLayer | Path Tracing Tile 1/4, Sample 284/512
Fra:1 Mem:30.86M (0.00M, Peak 33.11M) | Time:00:04.26 | Remaining:00:08.71 | Mem:11.87M, Peak:11.87M | Scene, RenderLayer | Path Tracing Tile 1/4, Sample 379/512
Fra:1 Mem:30.86M (0.00M, Peak 33.11M) | Time:00:05.26 | Remaining:00:07.72 | Mem:11.87M, Peak:11.87M | Scene, RenderLayer | Path Tracing Tile 1/4, Sample 473/512
Fra:1 Mem:28.61M (0.00M, Peak 33.11M) | Time:00:05.68 | Remaining:00:07.31 | Mem:9.62M, Peak:11.87M | Scene, RenderLayer | Path Tracing Tile 1/4, Sample 512/512
Fra:1 Mem:30.58M (0.00M, Peak 33.11M) | Time:00:05.68 | Remaining:00:07.32 | Mem:11.59M, Peak:11.87M | Scene, RenderLayer | Path Tracing Tile 2/4, Sample 512/512
Fra:1 Mem:30.58M (0.00M, Peak 33.11M) | Time:00:06.26 | Remaining:00:06.59 | Mem:11.59M, Peak:11.87M | Scene, RenderLayer | Path Tracing Tile 2/4, Sample 70/512
Fra:1 Mem:30.58M (0.00M, Peak 33.11M) | Time:00:07.27 | Remaining:00:05.39 | Mem:11.59M, Peak:11.87M | Scene, RenderLayer | Path Tracing Tile 2/4, Sample 191/512
Fra:1 Mem:30.58M (0.00M, Peak 33.11M) | Time:00:08.27 | Remaining:00:04.26 | Mem:11.59M, Peak:11.87M | Scene, RenderLayer | Path Tracing Tile 2/4, Sample 311/512
Fra:1 Mem:30.58M (0.00M, Peak 33.11M) | Time:00:09.28 | Remaining:00:03.16 | Mem:11.59M, Peak:11.87M | Scene, RenderLayer | Path Tracing Tile 2/4, Sample 431/512
Fra:1 Mem:28.61M (0.00M, Peak 33.11M) | Time:00:09.96 | Remaining:00:02.43 | Mem:9.62M, Peak:11.87M | Scene, RenderLayer | Path Tracing Tile 2/4, Sample 512/512
Fra:1 Mem:29.17M (0.00M, Peak 33.11M) | Time:00:09.96 | Remaining:00:02.43 | Mem:10.19M, Peak:11.87M | Scene, RenderLayer | Path Tracing Tile 3/4, Sample 512/512
Fra:1 Mem:29.17M (0.00M, Peak 33.11M) | Time:00:10.28 | Remaining:00:02.27 | Mem:10.19M, Peak:11.87M | Scene, RenderLayer | Path Tracing Tile 3/4, Sample 75/512
Fra:1 Mem:29.17M (0.00M, Peak 33.11M) | Time:00:11.28 | Remaining:00:01.72 | Mem:10.19M, Peak:11.87M | Scene, RenderLayer | Path Tracing Tile 3/4, Sample 311/512
Fra:1 Mem:28.61M (0.00M, Peak 33.11M) | Time:00:12.14 | Remaining:00:01.22 | Mem:9.62M, Peak:11.87M | Scene, RenderLayer | Path Tracing Tile 3/4, Sample 512/512
Fra:1 Mem:29.10M (0.00M, Peak 33.11M) | Time:00:12.15 | Remaining:00:01.22 | Mem:10.11M, Peak:11.87M | Scene, RenderLayer | Path Tracing Tile 4/4, Sample 512/512
Fra:1 Mem:29.10M (0.00M, Peak 33.11M) | Time:00:12.29 | Remaining:00:01.14 | Mem:10.11M, Peak:11.87M | Scene, RenderLayer | Path Tracing Tile 4/4, Sample 36/512
Fra:1 Mem:29.10M (0.00M, Peak 33.11M) | Time:00:13.29 | Remaining:00:00.55 | Mem:10.11M, Peak:11.87M | Scene, RenderLayer | Path Tracing Tile 4/4, Sample 290/512
Fra:1 Mem:28.61M (0.00M, Peak 33.11M) | Time:00:14.17 | Mem:9.62M, Peak:11.87M | Scene, RenderLayer | Path Tracing Tile 4/4, Sample 512/512
Fra:1 Mem:28.61M (0.00M, Peak 33.11M) | Time:00:14.17 | Mem:9.62M, Peak:11.87M | Scene, RenderLayer | Finished
Fra:1 Mem:14.08M (0.00M, Peak 33.11M) | Time:00:14.25 | Sce: Scene Ve:0 Fa:0 La:0
Saved: '/home/ubuntu/vdp-tool-chain-repo/data/output/images/alternation-fovariant-9/CLEVR_alternation-fovariant-9_000000.png'
 Time: 00:14.29 (Saving: 00:00.03)

read blend: data/base_scene.blend
convertViewVec: called in an invalid context
convertViewVec: called in an invalid context
convertViewVec: called in an invalid context
Fra:1 Mem:14.68M (0.00M, Peak 14.68M) | Time:00:00.00 | Preparing Scene data
Fra:1 Mem:20.13M (0.00M, Peak 21.60M) | Time:00:00.01 | Preparing Scene data
Fra:1 Mem:20.13M (0.00M, Peak 21.60M) | Time:00:00.01 | Creating Shadowbuffers
Fra:1 Mem:20.13M (0.00M, Peak 21.60M) | Time:00:00.01 | Raytree.. preparing
Fra:1 Mem:25.95M (0.00M, Peak 25.95M) | Time:00:00.01 | Raytree.. building
Fra:1 Mem:25.63M (0.00M, Peak 34.72M) | Time:00:00.10 | Raytree finished
Fra:1 Mem:25.63M (0.00M, Peak 34.72M) | Time:00:00.10 | Creating Environment maps
Fra:1 Mem:25.63M (0.00M, Peak 34.72M) | Time:00:00.10 | Caching Point Densities
Fra:1 Mem:25.63M (0.00M, Peak 34.72M) | Time:00:00.10 | Sce: Scene Ve:42834 Fa:42384 La:1
Fra:1 Mem:25.63M (0.00M, Peak 34.72M) | Time:00:00.10 | Loading voxel datasets
Fra:1 Mem:25.63M (0.00M, Peak 34.72M) | Time:00:00.10 | Sce: Scene Ve:42834 Fa:42384 La:1
Fra:1 Mem:25.63M (0.00M, Peak 34.72M) | Time:00:00.10 | Sce: Scene Ve:42834 Fa:42384 La:1
Fra:1 Mem:25.63M (0.00M, Peak 34.72M) | Time:00:00.10 | Volume preprocessing
Fra:1 Mem:25.63M (0.00M, Peak 34.72M) | Time:00:00.10 | Sce: Scene Ve:42834 Fa:42384 La:1
Fra:1 Mem:25.63M (0.00M, Peak 34.72M) | Time:00:00.10 | Sce: Scene Ve:42834 Fa:42384 La:1
Fra:1 Mem:30.09M (0.00M, Peak 34.72M) | Time:00:00.10 | Scene, Part 3-4
Fra:1 Mem:29.66M (0.00M, Peak 34.72M) | Time:00:00.11 | Scene, Part 4-4
Fra:1 Mem:28.73M (0.00M, Peak 34.72M) | Time:00:00.12 | Scene, Part 2-4
Fra:1 Mem:26.88M (0.00M, Peak 34.72M) | Time:00:00.12 | Scene, Part 1-4
Fra:1 Mem:14.56M (0.00M, Peak 34.72M) | Time:00:00.12 | Sce: Scene Ve:42834 Fa:42384 La:1
Saved: '/tmp/tmp4rad2p65.png'
 Time: 00:00.14 (Saving: 00:00.01)

Fra:1 Mem:14.59M (0.00M, Peak 15.19M) | Time:00:00.05 | Mem:0.00M, Peak:0.00M | Scene, RenderLayer | Synchronizing object | Area
Fra:1 Mem:14.59M (0.00M, Peak 15.19M) | Time:00:00.05 | Mem:0.00M, Peak:0.00M | Scene, RenderLayer | Synchronizing object | Ground
Fra:1 Mem:14.66M (0.00M, Peak 15.19M) | Time:00:00.05 | Mem:0.00M, Peak:0.00M | Scene, RenderLayer | Synchronizing object | Empty
Fra:1 Mem:14.66M (0.00M, Peak 15.19M) | Time:00:00.05 | Mem:0.00M, Peak:0.00M | Scene, RenderLayer | Synchronizing object | Lamp_Back
Fra:1 Mem:14.66M (0.00M, Peak 15.19M) | Time:00:00.05 | Mem:0.00M, Peak:0.00M | Scene, RenderLayer | Synchronizing object | Lamp_Fill
Fra:1 Mem:14.66M (0.00M, Peak 15.19M) | Time:00:00.05 | Mem:0.00M, Peak:0.00M | Scene, RenderLayer | Synchronizing object | Lamp_Key
Fra:1 Mem:14.66M (0.00M, Peak 15.19M) | Time:00:00.05 | Mem:0.00M, Peak:0.00M | Scene, RenderLayer | Synchronizing object | Camera
Fra:1 Mem:14.66M (0.00M, Peak 15.19M) | Time:00:00.05 | Mem:0.00M, Peak:0.00M | Scene, RenderLayer | Synchronizing object | SmoothCube_v2_0
Fra:1 Mem:15.03M (0.00M, Peak 15.38M) | Time:00:00.05 | Mem:0.00M, Peak:0.00M | Scene, RenderLayer | Synchronizing object | SmoothCylinder_0
Fra:1 Mem:18.35M (0.00M, Peak 21.43M) | Time:00:00.06 | Mem:0.00M, Peak:0.00M | Scene, RenderLayer | Synchronizing object | SmoothCube_v2_1
Fra:1 Mem:18.71M (0.00M, Peak 21.43M) | Time:00:00.06 | Mem:0.00M, Peak:0.00M | Scene, RenderLayer | Initializing
Fra:1 Mem:18.71M (0.00M, Peak 21.43M) | Time:00:00.06 | Mem:0.00M, Peak:0.00M | Scene, RenderLayer | Loading render kernels (may take a few minutes the first time)
Fra:1 Mem:18.71M (0.00M, Peak 21.43M) | Time:00:00.08 | Mem:0.00M, Peak:0.00M | Scene, RenderLayer | Waiting for render to start
Fra:1 Mem:18.71M (0.00M, Peak 21.43M) | Time:00:00.08 | Mem:0.00M, Peak:0.00M | Scene, RenderLayer | Updating Scene
Fra:1 Mem:18.71M (0.00M, Peak 21.43M) | Time:00:00.08 | Mem:0.00M, Peak:0.00M | Scene, RenderLayer | Updating Shaders
Fra:1 Mem:18.97M (0.00M, Peak 21.43M) | Time:00:00.08 | Mem:0.00M, Peak:0.00M | Scene, RenderLayer | Updating Background
Fra:1 Mem:18.97M (0.00M, Peak 21.43M) | Time:00:00.08 | Mem:0.00M, Peak:0.00M | Scene, RenderLayer | Updating Camera
Fra:1 Mem:18.97M (0.00M, Peak 21.43M) | Time:00:00.08 | Mem:0.00M, Peak:0.00M | Scene, RenderLayer | Updating Meshes Flags
Fra:1 Mem:18.97M (0.00M, Peak 21.43M) | Time:00:00.08 | Mem:0.00M, Peak:0.00M | Scene, RenderLayer | Updating Objects
Fra:1 Mem:18.97M (0.00M, Peak 21.43M) | Time:00:00.08 | Mem:0.00M, Peak:0.00M | Scene, RenderLayer | Updating Objects | Copying Transformations to device
Fra:1 Mem:18.97M (0.00M, Peak 21.43M) | Time:00:00.08 | Mem:0.00M, Peak:0.00M | Scene, RenderLayer | Updating Objects | Applying Static Transformations
Fra:1 Mem:18.97M (0.00M, Peak 21.43M) | Time:00:00.08 | Mem:0.00M, Peak:0.00M | Scene, RenderLayer | Updating Meshes
Fra:1 Mem:20.23M (0.00M, Peak 21.43M) | Time:00:00.08 | Mem:0.00M, Peak:0.00M | Scene, RenderLayer | Updating Mesh | Computing attributes
Fra:1 Mem:20.88M (0.00M, Peak 21.43M) | Time:00:00.08 | Mem:0.00M, Peak:0.00M | Scene, RenderLayer | Updating Mesh | Copying Attributes to device
Fra:1 Mem:20.88M (0.00M, Peak 21.54M) | Time:00:00.08 | Mem:0.66M, Peak:0.66M | Scene, RenderLayer | Updating Scene BVH | Building
Fra:1 Mem:20.88M (0.00M, Peak 21.54M) | Time:00:00.08 | Mem:0.66M, Peak:0.66M | Scene, RenderLayer | Updating Scene BVH | Building BVH
Fra:1 Mem:25.61M (0.00M, Peak 25.61M) | Time:00:00.14 | Mem:0.66M, Peak:0.66M | Scene, RenderLayer | Updating Scene BVH | Packing BVH triangles and strands
Fra:1 Mem:30.01M (0.00M, Peak 30.01M) | Time:00:00.15 | Mem:0.66M, Peak:0.66M | Scene, RenderLayer | Updating Scene BVH | Packing BVH nodes
Fra:1 Mem:27.57M (0.00M, Peak 31.36M) | Time:00:00.15 | Mem:0.66M, Peak:0.66M | Scene, RenderLayer | Updating Scene BVH | Copying BVH to device
Fra:1 Mem:27.89M (0.00M, Peak 31.36M) | Time:00:00.16 | Mem:7.35M, Peak:7.35M | Scene, RenderLayer | Updating Mesh | Computing normals
Fra:1 Mem:30.78M (0.00M, Peak 31.36M) | Time:00:00.16 | Mem:7.35M, Peak:7.35M | Scene, RenderLayer | Updating Mesh | Copying Mesh to device
Fra:1 Mem:30.47M (0.00M, Peak 31.36M) | Time:00:00.16 | Mem:10.24M, Peak:10.24M | Scene, RenderLayer | Updating Objects Flags
Fra:1 Mem:30.47M (0.00M, Peak 31.36M) | Time:00:00.16 | Mem:10.24M, Peak:10.24M | Scene, RenderLayer | Updating Images
Fra:1 Mem:30.47M (0.00M, Peak 31.36M) | Time:00:00.16 | Mem:10.24M, Peak:10.24M | Scene, RenderLayer | Updating Camera Volume
Fra:1 Mem:30.47M (0.00M, Peak 31.36M) | Time:00:00.16 | Mem:10.24M, Peak:10.24M | Scene, RenderLayer | Updating Hair Systems
Fra:1 Mem:30.47M (0.00M, Peak 31.36M) | Time:00:00.16 | Mem:10.24M, Peak:10.24M | Scene, RenderLayer | Updating Hair settings | Copying Hair settings to device
Fra:1 Mem:30.47M (0.00M, Peak 31.36M) | Time:00:00.16 | Mem:10.24M, Peak:10.24M | Scene, RenderLayer | Updating Lookup Tables
Fra:1 Mem:30.47M (0.00M, Peak 31.36M) | Time:00:00.16 | Mem:10.49M, Peak:10.49M | Scene, RenderLayer | Updating Lights
Fra:1 Mem:30.47M (0.00M, Peak 31.36M) | Time:00:00.16 | Mem:10.49M, Peak:10.49M | Scene, RenderLayer | Updating Lights | Computing distribution
Fra:1 Mem:30.47M (0.00M, Peak 31.36M) | Time:00:00.16 | Mem:10.49M, Peak:10.49M | Scene, RenderLayer | Updating Particle Systems
Fra:1 Mem:30.47M (0.00M, Peak 31.36M) | Time:00:00.16 | Mem:10.49M, Peak:10.49M | Scene, RenderLayer | Updating Particle Systems | Copying Particles to device
Fra:1 Mem:30.47M (0.00M, Peak 31.36M) | Time:00:00.16 | Mem:10.49M, Peak:10.49M | Scene, RenderLayer | Updating Integrator
Fra:1 Mem:30.51M (0.00M, Peak 31.36M) | Time:00:00.16 | Mem:10.53M, Peak:10.53M | Scene, RenderLayer | Updating Film
Fra:1 Mem:30.51M (0.00M, Peak 31.36M) | Time:00:00.16 | Mem:10.53M, Peak:10.53M | Scene, RenderLayer | Updating Lookup Tables
Fra:1 Mem:30.51M (0.00M, Peak 31.36M) | Time:00:00.16 | Mem:10.54M, Peak:10.54M | Scene, RenderLayer | Updating Baking
Fra:1 Mem:30.51M (0.00M, Peak 31.36M) | Time:00:00.16 | Mem:10.54M, Peak:10.54M | Scene, RenderLayer | Updating Device | Writing constant memory
Fra:1 Mem:30.51M (0.00M, Peak 31.36M) | Time:00:00.16 | Mem:10.54M, Peak:10.54M | Scene, RenderLayer | Path Tracing Tile 0/4, Sample 0/512
Fra:1 Mem:32.76M (0.00M, Peak 34.01M) | Time:00:00.16 | Mem:12.79M, Peak:12.79M | Scene, RenderLayer | Path Tracing Tile 1/4, Sample 0/512
Fra:1 Mem:32.76M (0.00M, Peak 35.01M) | Time:00:01.17 | Remaining:00:12.01 | Mem:12.79M, Peak:12.79M | Scene, RenderLayer | Path Tracing Tile 1/4, Sample 93/512
Fra:1 Mem:32.76M (0.00M, Peak 35.01M) | Time:00:02.17 | Remaining:00:10.97 | Mem:12.79M, Peak:12.79M | Scene, RenderLayer | Path Tracing Tile 1/4, Sample 186/512
Fra:1 Mem:32.76M (0.00M, Peak 35.01M) | Time:00:03.18 | Remaining:00:09.96 | Mem:12.79M, Peak:12.79M | Scene, RenderLayer | Path Tracing Tile 1/4, Sample 279/512
Fra:1 Mem:32.76M (0.00M, Peak 35.01M) | Time:00:04.18 | Remaining:00:08.95 | Mem:12.79M, Peak:12.79M | Scene, RenderLayer | Path Tracing Tile 1/4, Sample 372/512
Fra:1 Mem:32.76M (0.00M, Peak 35.01M) | Time:00:05.18 | Remaining:00:07.97 | Mem:12.79M, Peak:12.79M | Scene, RenderLayer | Path Tracing Tile 1/4, Sample 464/512
Fra:1 Mem:30.51M (0.00M, Peak 35.01M) | Time:00:05.71 | Remaining:00:07.45 | Mem:10.54M, Peak:12.79M | Scene, RenderLayer | Path Tracing Tile 1/4, Sample 512/512
Fra:1 Mem:32.48M (0.00M, Peak 35.01M) | Time:00:05.71 | Remaining:00:07.46 | Mem:12.51M, Peak:12.79M | Scene, RenderLayer | Path Tracing Tile 2/4, Sample 512/512
Fra:1 Mem:32.48M (0.00M, Peak 35.01M) | Time:00:06.19 | Remaining:00:06.96 | Mem:12.51M, Peak:12.79M | Scene, RenderLayer | Path Tracing Tile 2/4, Sample 51/512
Fra:1 Mem:32.48M (0.00M, Peak 35.01M) | Time:00:07.19 | Remaining:00:05.92 | Mem:12.51M, Peak:12.79M | Scene, RenderLayer | Path Tracing Tile 2/4, Sample 159/512
Fra:1 Mem:32.48M (0.00M, Peak 35.01M) | Time:00:08.20 | Remaining:00:04.89 | Mem:12.51M, Peak:12.79M | Scene, RenderLayer | Path Tracing Tile 2/4, Sample 267/512
Fra:1 Mem:32.48M (0.00M, Peak 35.01M) | Time:00:09.20 | Remaining:00:03.88 | Mem:12.51M, Peak:12.79M | Scene, RenderLayer | Path Tracing Tile 2/4, Sample 374/512
Fra:1 Mem:32.48M (0.00M, Peak 35.01M) | Time:00:10.21 | Remaining:00:02.87 | Mem:12.51M, Peak:12.79M | Scene, RenderLayer | Path Tracing Tile 2/4, Sample 481/512
Fra:1 Mem:30.51M (0.00M, Peak 35.01M) | Time:00:10.50 | Remaining:00:02.58 | Mem:10.54M, Peak:12.79M | Scene, RenderLayer | Path Tracing Tile 2/4, Sample 512/512
Fra:1 Mem:31.07M (0.00M, Peak 35.01M) | Time:00:10.50 | Remaining:00:02.58 | Mem:11.10M, Peak:12.79M | Scene, RenderLayer | Path Tracing Tile 3/4, Sample 512/512
Fra:1 Mem:31.07M (0.00M, Peak 35.01M) | Time:00:11.21 | Remaining:00:02.19 | Mem:11.10M, Peak:12.79M | Scene, RenderLayer | Path Tracing Tile 3/4, Sample 165/512
Fra:1 Mem:31.07M (0.00M, Peak 35.01M) | Time:00:12.21 | Remaining:00:01.59 | Mem:11.10M, Peak:12.79M | Scene, RenderLayer | Path Tracing Tile 3/4, Sample 398/512
Fra:1 Mem:30.51M (0.00M, Peak 35.01M) | Time:00:12.71 | Remaining:00:01.29 | Mem:10.54M, Peak:12.79M | Scene, RenderLayer | Path Tracing Tile 3/4, Sample 512/512
Fra:1 Mem:31.00M (0.00M, Peak 35.01M) | Time:00:12.71 | Remaining:00:01.29 | Mem:11.03M, Peak:12.79M | Scene, RenderLayer | Path Tracing Tile 4/4, Sample 512/512
Fra:1 Mem:31.00M (0.00M, Peak 35.01M) | Time:00:13.21 | Remaining:00:00.98 | Mem:11.03M, Peak:12.79M | Scene, RenderLayer | Path Tracing Tile 4/4, Sample 127/512
Fra:1 Mem:31.00M (0.00M, Peak 35.01M) | Time:00:14.22 | Remaining:00:00.35 | Mem:11.03M, Peak:12.79M | Scene, RenderLayer | Path Tracing Tile 4/4, Sample 377/512
Fra:1 Mem:30.51M (0.00M, Peak 35.01M) | Time:00:14.76 | Mem:10.54M, Peak:12.79M | Scene, RenderLayer | Path Tracing Tile 4/4, Sample 512/512
Fra:1 Mem:30.51M (0.00M, Peak 35.01M) | Time:00:14.76 | Mem:10.54M, Peak:12.79M | Scene, RenderLayer | Finished
Fra:1 Mem:14.59M (0.00M, Peak 35.01M) | Time:00:14.84 | Sce: Scene Ve:0 Fa:0 La:0
Saved: '/home/ubuntu/vdp-tool-chain-repo/data/output/images/alternation-fovariant-9/CLEVR_alternation-fovariant-9_000001.png'
 Time: 00:14.88 (Saving: 00:00.03)

read blend: data/base_scene.blend
convertViewVec: called in an invalid context
convertViewVec: called in an invalid context
Fra:1 Mem:14.16M (0.00M, Peak 14.16M) | Time:00:00.00 | Preparing Scene data
Fra:1 Mem:18.93M (0.00M, Peak 20.40M) | Time:00:00.01 | Preparing Scene data
Fra:1 Mem:18.93M (0.00M, Peak 20.40M) | Time:00:00.01 | Creating Shadowbuffers
Fra:1 Mem:18.93M (0.00M, Peak 20.40M) | Time:00:00.01 | Raytree.. preparing
Fra:1 Mem:24.12M (0.00M, Peak 24.12M) | Time:00:00.01 | Raytree.. building
Fra:1 Mem:23.84M (0.00M, Peak 31.95M) | Time:00:00.09 | Raytree finished
Fra:1 Mem:23.84M (0.00M, Peak 31.95M) | Time:00:00.09 | Creating Environment maps
Fra:1 Mem:23.84M (0.00M, Peak 31.95M) | Time:00:00.09 | Caching Point Densities
Fra:1 Mem:23.84M (0.00M, Peak 31.95M) | Time:00:00.09 | Sce: Scene Ve:39082 Fa:37768 La:1
Fra:1 Mem:23.84M (0.00M, Peak 31.95M) | Time:00:00.09 | Loading voxel datasets
Fra:1 Mem:23.84M (0.00M, Peak 31.95M) | Time:00:00.09 | Sce: Scene Ve:39082 Fa:37768 La:1
Fra:1 Mem:23.85M (0.00M, Peak 31.95M) | Time:00:00.09 | Sce: Scene Ve:39082 Fa:37768 La:1
Fra:1 Mem:23.85M (0.00M, Peak 31.95M) | Time:00:00.09 | Volume preprocessing
Fra:1 Mem:23.85M (0.00M, Peak 31.95M) | Time:00:00.09 | Sce: Scene Ve:39082 Fa:37768 La:1
Fra:1 Mem:23.85M (0.00M, Peak 31.95M) | Time:00:00.09 | Sce: Scene Ve:39082 Fa:37768 La:1
Fra:1 Mem:27.92M (0.00M, Peak 31.95M) | Time:00:00.09 | Scene, Part 3-4
Fra:1 Mem:27.88M (0.00M, Peak 31.95M) | Time:00:00.10 | Scene, Part 4-4
Fra:1 Mem:26.94M (0.00M, Peak 31.95M) | Time:00:00.10 | Scene, Part 2-4
Fra:1 Mem:25.10M (0.00M, Peak 31.95M) | Time:00:00.11 | Scene, Part 1-4
Fra:1 Mem:14.08M (0.00M, Peak 31.95M) | Time:00:00.11 | Sce: Scene Ve:39082 Fa:37768 La:1
Saved: '/tmp/tmpwhdkejwz.png'
 Time: 00:00.12 (Saving: 00:00.01)

Fra:1 Mem:14.11M (0.00M, Peak 14.71M) | Time:00:00.04 | Mem:0.00M, Peak:0.00M | Scene, RenderLayer | Synchronizing object | Area
Fra:1 Mem:14.11M (0.00M, Peak 14.71M) | Time:00:00.04 | Mem:0.00M, Peak:0.00M | Scene, RenderLayer | Synchronizing object | Ground
Fra:1 Mem:14.18M (0.00M, Peak 14.71M) | Time:00:00.04 | Mem:0.00M, Peak:0.00M | Scene, RenderLayer | Synchronizing object | Empty
Fra:1 Mem:14.18M (0.00M, Peak 14.71M) | Time:00:00.04 | Mem:0.00M, Peak:0.00M | Scene, RenderLayer | Synchronizing object | Lamp_Back
Fra:1 Mem:14.18M (0.00M, Peak 14.71M) | Time:00:00.04 | Mem:0.00M, Peak:0.00M | Scene, RenderLayer | Synchronizing object | Lamp_Fill
Fra:1 Mem:14.18M (0.00M, Peak 14.71M) | Time:00:00.04 | Mem:0.00M, Peak:0.00M | Scene, RenderLayer | Synchronizing object | Lamp_Key
Fra:1 Mem:14.18M (0.00M, Peak 14.71M) | Time:00:00.04 | Mem:0.00M, Peak:0.00M | Scene, RenderLayer | Synchronizing object | Camera
Fra:1 Mem:14.18M (0.00M, Peak 14.71M) | Time:00:00.04 | Mem:0.00M, Peak:0.00M | Scene, RenderLayer | Synchronizing object | SmoothCylinder_0
Fra:1 Mem:17.50M (0.00M, Peak 20.58M) | Time:00:00.06 | Mem:0.00M, Peak:0.00M | Scene, RenderLayer | Synchronizing object | SmoothCube_v2_0
Fra:1 Mem:17.86M (0.00M, Peak 20.58M) | Time:00:00.06 | Mem:0.00M, Peak:0.00M | Scene, RenderLayer | Initializing
Fra:1 Mem:17.86M (0.00M, Peak 20.58M) | Time:00:00.06 | Mem:0.00M, Peak:0.00M | Scene, RenderLayer | Loading render kernels (may take a few minutes the first time)
Fra:1 Mem:17.86M (0.00M, Peak 20.58M) | Time:00:00.07 | Mem:0.00M, Peak:0.00M | Scene, RenderLayer | Waiting for render to start
Fra:1 Mem:17.86M (0.00M, Peak 20.58M) | Time:00:00.07 | Mem:0.00M, Peak:0.00M | Scene, RenderLayer | Updating Scene
Fra:1 Mem:17.86M (0.00M, Peak 20.58M) | Time:00:00.07 | Mem:0.00M, Peak:0.00M | Scene, RenderLayer | Updating Shaders
Fra:1 Mem:18.12M (0.00M, Peak 20.58M) | Time:00:00.07 | Mem:0.00M, Peak:0.00M | Scene, RenderLayer | Updating Background
Fra:1 Mem:18.12M (0.00M, Peak 20.58M) | Time:00:00.07 | Mem:0.00M, Peak:0.00M | Scene, RenderLayer | Updating Camera
Fra:1 Mem:18.12M (0.00M, Peak 20.58M) | Time:00:00.07 | Mem:0.00M, Peak:0.00M | Scene, RenderLayer | Updating Meshes Flags
Fra:1 Mem:18.12M (0.00M, Peak 20.58M) | Time:00:00.07 | Mem:0.00M, Peak:0.00M | Scene, RenderLayer | Updating Objects
Fra:1 Mem:18.12M (0.00M, Peak 20.58M) | Time:00:00.07 | Mem:0.00M, Peak:0.00M | Scene, RenderLayer | Updating Objects | Copying Transformations to device
Fra:1 Mem:18.12M (0.00M, Peak 20.58M) | Time:00:00.07 | Mem:0.00M, Peak:0.00M | Scene, RenderLayer | Updating Objects | Applying Static Transformations
Fra:1 Mem:18.12M (0.00M, Peak 20.58M) | Time:00:00.07 | Mem:0.00M, Peak:0.00M | Scene, RenderLayer | Updating Meshes
Fra:1 Mem:19.26M (0.00M, Peak 20.58M) | Time:00:00.08 | Mem:0.00M, Peak:0.00M | Scene, RenderLayer | Updating Mesh | Computing attributes
Fra:1 Mem:19.86M (0.00M, Peak 20.58M) | Time:00:00.08 | Mem:0.00M, Peak:0.00M | Scene, RenderLayer | Updating Mesh | Copying Attributes to device
Fra:1 Mem:19.86M (0.00M, Peak 20.58M) | Time:00:00.08 | Mem:0.60M, Peak:0.60M | Scene, RenderLayer | Updating Scene BVH | Building
Fra:1 Mem:19.86M (0.00M, Peak 20.58M) | Time:00:00.08 | Mem:0.60M, Peak:0.60M | Scene, RenderLayer | Updating Scene BVH | Building BVH
Fra:1 Mem:24.15M (0.00M, Peak 24.15M) | Time:00:00.13 | Mem:0.60M, Peak:0.60M | Scene, RenderLayer | Updating Scene BVH | Packing BVH triangles and strands
Fra:1 Mem:28.16M (0.00M, Peak 28.16M) | Time:00:00.14 | Mem:0.60M, Peak:0.60M | Scene, RenderLayer | Updating Scene BVH | Packing BVH nodes
Fra:1 Mem:25.95M (0.00M, Peak 29.39M) | Time:00:00.14 | Mem:0.60M, Peak:0.60M | Scene, RenderLayer | Updating Scene BVH | Copying BVH to device
Fra:1 Mem:26.24M (0.00M, Peak 29.39M) | Time:00:00.14 | Mem:6.69M, Peak:6.69M | Scene, RenderLayer | Updating Mesh | Computing normals
Fra:1 Mem:28.87M (0.00M, Peak 29.39M) | Time:00:00.15 | Mem:6.69M, Peak:6.69M | Scene, RenderLayer | Updating Mesh | Copying Mesh to device
Fra:1 Mem:28.59M (0.00M, Peak 29.39M) | Time:00:00.15 | Mem:9.33M, Peak:9.33M | Scene, RenderLayer | Updating Objects Flags
Fra:1 Mem:28.59M (0.00M, Peak 29.39M) | Time:00:00.15 | Mem:9.33M, Peak:9.33M | Scene, RenderLayer | Updating Images
Fra:1 Mem:28.59M (0.00M, Peak 29.39M) | Time:00:00.15 | Mem:9.33M, Peak:9.33M | Scene, RenderLayer | Updating Camera Volume
Fra:1 Mem:28.59M (0.00M, Peak 29.39M) | Time:00:00.15 | Mem:9.33M, Peak:9.33M | Scene, RenderLayer | Updating Hair Systems
Fra:1 Mem:28.59M (0.00M, Peak 29.39M) | Time:00:00.15 | Mem:9.33M, Peak:9.33M | Scene, RenderLayer | Updating Hair settings | Copying Hair settings to device
Fra:1 Mem:28.59M (0.00M, Peak 29.39M) | Time:00:00.15 | Mem:9.33M, Peak:9.33M | Scene, RenderLayer | Updating Lookup Tables
Fra:1 Mem:28.59M (0.00M, Peak 29.39M) | Time:00:00.15 | Mem:9.58M, Peak:9.58M | Scene, RenderLayer | Updating Lights
Fra:1 Mem:28.59M (0.00M, Peak 29.39M) | Time:00:00.15 | Mem:9.58M, Peak:9.58M | Scene, RenderLayer | Updating Lights | Computing distribution
Fra:1 Mem:28.59M (0.00M, Peak 29.39M) | Time:00:00.15 | Mem:9.58M, Peak:9.58M | Scene, RenderLayer | Updating Particle Systems
Fra:1 Mem:28.59M (0.00M, Peak 29.39M) | Time:00:00.15 | Mem:9.58M, Peak:9.58M | Scene, RenderLayer | Updating Particle Systems | Copying Particles to device
Fra:1 Mem:28.59M (0.00M, Peak 29.39M) | Time:00:00.15 | Mem:9.58M, Peak:9.58M | Scene, RenderLayer | Updating Integrator
Fra:1 Mem:28.63M (0.00M, Peak 29.39M) | Time:00:00.15 | Mem:9.62M, Peak:9.62M | Scene, RenderLayer | Updating Film
Fra:1 Mem:28.63M (0.00M, Peak 29.39M) | Time:00:00.15 | Mem:9.62M, Peak:9.62M | Scene, RenderLayer | Updating Lookup Tables
Fra:1 Mem:28.63M (0.00M, Peak 29.39M) | Time:00:00.15 | Mem:9.62M, Peak:9.62M | Scene, RenderLayer | Updating Baking
Fra:1 Mem:28.63M (0.00M, Peak 29.39M) | Time:00:00.15 | Mem:9.62M, Peak:9.62M | Scene, RenderLayer | Updating Device | Writing constant memory
Fra:1 Mem:28.63M (0.00M, Peak 29.39M) | Time:00:00.15 | Mem:9.62M, Peak:9.62M | Scene, RenderLayer | Path Tracing Tile 0/4, Sample 0/512
Fra:1 Mem:30.88M (0.00M, Peak 32.13M) | Time:00:00.15 | Mem:11.87M, Peak:11.87M | Scene, RenderLayer | Path Tracing Tile 1/4, Sample 0/512
Fra:1 Mem:30.88M (0.00M, Peak 33.13M) | Time:00:01.16 | Remaining:00:11.57 | Mem:11.87M, Peak:11.87M | Scene, RenderLayer | Path Tracing Tile 1/4, Sample 96/512
Fra:1 Mem:30.88M (0.00M, Peak 33.13M) | Time:00:02.16 | Remaining:00:10.55 | Mem:11.87M, Peak:11.87M | Scene, RenderLayer | Path Tracing Tile 1/4, Sample 192/512
Fra:1 Mem:30.88M (0.00M, Peak 33.13M) | Time:00:03.16 | Remaining:00:09.54 | Mem:11.87M, Peak:11.87M | Scene, RenderLayer | Path Tracing Tile 1/4, Sample 288/512
Fra:1 Mem:30.88M (0.00M, Peak 33.13M) | Time:00:04.17 | Remaining:00:08.53 | Mem:11.87M, Peak:11.87M | Scene, RenderLayer | Path Tracing Tile 1/4, Sample 384/512
Fra:1 Mem:30.88M (0.00M, Peak 33.13M) | Time:00:05.18 | Remaining:00:07.53 | Mem:11.87M, Peak:11.87M | Scene, RenderLayer | Path Tracing Tile 1/4, Sample 480/512
Fra:1 Mem:28.63M (0.00M, Peak 33.13M) | Time:00:05.52 | Remaining:00:07.21 | Mem:9.62M, Peak:11.87M | Scene, RenderLayer | Path Tracing Tile 1/4, Sample 512/512
Fra:1 Mem:30.60M (0.00M, Peak 33.13M) | Time:00:05.52 | Remaining:00:07.21 | Mem:11.59M, Peak:11.87M | Scene, RenderLayer | Path Tracing Tile 2/4, Sample 512/512
Fra:1 Mem:30.60M (0.00M, Peak 33.13M) | Time:00:06.18 | Remaining:00:06.36 | Mem:11.59M, Peak:11.87M | Scene, RenderLayer | Path Tracing Tile 2/4, Sample 82/512
Fra:1 Mem:30.60M (0.00M, Peak 33.13M) | Time:00:07.19 | Remaining:00:05.16 | Mem:11.59M, Peak:11.87M | Scene, RenderLayer | Path Tracing Tile 2/4, Sample 206/512
Fra:1 Mem:30.60M (0.00M, Peak 33.13M) | Time:00:08.19 | Remaining:00:04.01 | Mem:11.59M, Peak:11.87M | Scene, RenderLayer | Path Tracing Tile 2/4, Sample 330/512
Fra:1 Mem:30.60M (0.00M, Peak 33.13M) | Time:00:09.20 | Remaining:00:02.90 | Mem:11.59M, Peak:11.87M | Scene, RenderLayer | Path Tracing Tile 2/4, Sample 453/512
Fra:1 Mem:28.63M (0.00M, Peak 33.13M) | Time:00:09.68 | Remaining:00:02.38 | Mem:9.62M, Peak:11.87M | Scene, RenderLayer | Path Tracing Tile 2/4, Sample 512/512
Fra:1 Mem:29.19M (0.00M, Peak 33.13M) | Time:00:09.68 | Remaining:00:02.38 | Mem:10.19M, Peak:11.87M | Scene, RenderLayer | Path Tracing Tile 3/4, Sample 512/512
Fra:1 Mem:29.19M (0.00M, Peak 33.13M) | Time:00:10.20 | Remaining:00:02.12 | Mem:10.19M, Peak:11.87M | Scene, RenderLayer | Path Tracing Tile 3/4, Sample 123/512
Fra:1 Mem:29.19M (0.00M, Peak 33.13M) | Time:00:11.20 | Remaining:00:01.57 | Mem:10.19M, Peak:11.87M | Scene, RenderLayer | Path Tracing Tile 3/4, Sample 361/512
Fra:1 Mem:28.63M (0.00M, Peak 33.13M) | Time:00:11.85 | Remaining:00:01.20 | Mem:9.62M, Peak:11.87M | Scene, RenderLayer | Path Tracing Tile 3/4, Sample 512/512
Fra:1 Mem:29.12M (0.00M, Peak 33.13M) | Time:00:11.85 | Remaining:00:01.20 | Mem:10.11M, Peak:11.87M | Scene, RenderLayer | Path Tracing Tile 4/4, Sample 512/512
Fra:1 Mem:29.12M (0.00M, Peak 33.13M) | Time:00:12.21 | Remaining:00:00.99 | Mem:10.11M, Peak:11.87M | Scene, RenderLayer | Path Tracing Tile 4/4, Sample 93/512
Fra:1 Mem:29.12M (0.00M, Peak 33.13M) | Time:00:13.21 | Remaining:00:00.39 | Mem:10.11M, Peak:11.87M | Scene, RenderLayer | Path Tracing Tile 4/4, Sample 350/512
Fra:1 Mem:28.63M (0.00M, Peak 33.13M) | Time:00:13.84 | Mem:9.62M, Peak:11.87M | Scene, RenderLayer | Path Tracing Tile 4/4, Sample 512/512
Fra:1 Mem:28.63M (0.00M, Peak 33.13M) | Time:00:13.84 | Mem:9.62M, Peak:11.87M | Scene, RenderLayer | Finished
Fra:1 Mem:14.11M (0.00M, Peak 33.13M) | Time:00:13.92 | Sce: Scene Ve:0 Fa:0 La:0
Saved: '/home/ubuntu/vdp-tool-chain-repo/data/output/images/alternation-fovariant-9/CLEVR_alternation-fovariant-9_000002.png'
 Time: 00:13.96 (Saving: 00:00.03)

read blend: data/base_scene.blend
convertViewVec: called in an invalid context
convertViewVec: called in an invalid context
Fra:1 Mem:14.17M (0.00M, Peak 14.17M) | Time:00:00.00 | Preparing Scene data
Fra:1 Mem:18.94M (0.00M, Peak 21.09M) | Time:00:00.01 | Preparing Scene data
Fra:1 Mem:18.94M (0.00M, Peak 21.09M) | Time:00:00.01 | Creating Shadowbuffers
Fra:1 Mem:18.94M (0.00M, Peak 21.09M) | Time:00:00.01 | Raytree.. preparing
Fra:1 Mem:24.12M (0.00M, Peak 24.12M) | Time:00:00.01 | Raytree.. building
Fra:1 Mem:23.85M (0.00M, Peak 31.95M) | Time:00:00.09 | Raytree finished
Fra:1 Mem:23.85M (0.00M, Peak 31.95M) | Time:00:00.09 | Creating Environment maps
Fra:1 Mem:23.85M (0.00M, Peak 31.95M) | Time:00:00.09 | Caching Point Densities
Fra:1 Mem:23.85M (0.00M, Peak 31.95M) | Time:00:00.09 | Sce: Scene Ve:39082 Fa:37767 La:1
Fra:1 Mem:23.85M (0.00M, Peak 31.95M) | Time:00:00.09 | Loading voxel datasets
Fra:1 Mem:23.85M (0.00M, Peak 31.95M) | Time:00:00.09 | Sce: Scene Ve:39082 Fa:37767 La:1
Fra:1 Mem:23.85M (0.00M, Peak 31.95M) | Time:00:00.09 | Sce: Scene Ve:39082 Fa:37767 La:1
Fra:1 Mem:23.85M (0.00M, Peak 31.95M) | Time:00:00.09 | Volume preprocessing
Fra:1 Mem:23.85M (0.00M, Peak 31.95M) | Time:00:00.09 | Sce: Scene Ve:39082 Fa:37767 La:1
Fra:1 Mem:23.85M (0.00M, Peak 31.95M) | Time:00:00.09 | Sce: Scene Ve:39082 Fa:37767 La:1
Fra:1 Mem:27.63M (0.00M, Peak 31.95M) | Time:00:00.10 | Scene, Part 1-4
Fra:1 Mem:26.36M (0.00M, Peak 31.95M) | Time:00:00.10 | Scene, Part 3-4
Fra:1 Mem:25.88M (0.00M, Peak 31.95M) | Time:00:00.10 | Scene, Part 4-4
Fra:1 Mem:24.95M (0.00M, Peak 31.95M) | Time:00:00.10 | Scene, Part 2-4
Fra:1 Mem:14.09M (0.00M, Peak 31.95M) | Time:00:00.11 | Sce: Scene Ve:39082 Fa:37767 La:1
Saved: '/tmp/tmpxifmqemr.png'
 Time: 00:00.12 (Saving: 00:00.01)

Fra:1 Mem:14.11M (0.00M, Peak 14.71M) | Time:00:00.05 | Mem:0.00M, Peak:0.00M | Scene, RenderLayer | Synchronizing object | Area
Fra:1 Mem:14.11M (0.00M, Peak 14.71M) | Time:00:00.05 | Mem:0.00M, Peak:0.00M | Scene, RenderLayer | Synchronizing object | Ground
Fra:1 Mem:14.18M (0.00M, Peak 14.71M) | Time:00:00.05 | Mem:0.00M, Peak:0.00M | Scene, RenderLayer | Synchronizing object | Empty
Fra:1 Mem:14.18M (0.00M, Peak 14.71M) | Time:00:00.05 | Mem:0.00M, Peak:0.00M | Scene, RenderLayer | Synchronizing object | Lamp_Back
Fra:1 Mem:14.18M (0.00M, Peak 14.71M) | Time:00:00.05 | Mem:0.00M, Peak:0.00M | Scene, RenderLayer | Synchronizing object | Lamp_Fill
Fra:1 Mem:14.18M (0.00M, Peak 14.71M) | Time:00:00.05 | Mem:0.00M, Peak:0.00M | Scene, RenderLayer | Synchronizing object | Lamp_Key
Fra:1 Mem:14.18M (0.00M, Peak 14.71M) | Time:00:00.05 | Mem:0.00M, Peak:0.00M | Scene, RenderLayer | Synchronizing object | Camera
Fra:1 Mem:14.18M (0.00M, Peak 14.71M) | Time:00:00.05 | Mem:0.00M, Peak:0.00M | Scene, RenderLayer | Synchronizing object | SmoothCube_v2_0
Fra:1 Mem:14.55M (0.00M, Peak 14.90M) | Time:00:00.05 | Mem:0.00M, Peak:0.00M | Scene, RenderLayer | Synchronizing object | SmoothCylinder_0
Fra:1 Mem:17.87M (0.00M, Peak 20.95M) | Time:00:00.06 | Mem:0.00M, Peak:0.00M | Scene, RenderLayer | Initializing
Fra:1 Mem:17.87M (0.00M, Peak 20.95M) | Time:00:00.06 | Mem:0.00M, Peak:0.00M | Scene, RenderLayer | Loading render kernels (may take a few minutes the first time)
Fra:1 Mem:17.87M (0.00M, Peak 20.95M) | Time:00:00.08 | Mem:0.00M, Peak:0.00M | Scene, RenderLayer | Waiting for render to start
Fra:1 Mem:17.87M (0.00M, Peak 20.95M) | Time:00:00.08 | Mem:0.00M, Peak:0.00M | Scene, RenderLayer | Updating Scene
Fra:1 Mem:17.87M (0.00M, Peak 20.95M) | Time:00:00.08 | Mem:0.00M, Peak:0.00M | Scene, RenderLayer | Updating Shaders
Fra:1 Mem:18.12M (0.00M, Peak 20.95M) | Time:00:00.08 | Mem:0.00M, Peak:0.00M | Scene, RenderLayer | Updating Background
Fra:1 Mem:18.12M (0.00M, Peak 20.95M) | Time:00:00.08 | Mem:0.00M, Peak:0.00M | Scene, RenderLayer | Updating Camera
Fra:1 Mem:18.12M (0.00M, Peak 20.95M) | Time:00:00.08 | Mem:0.00M, Peak:0.00M | Scene, RenderLayer | Updating Meshes Flags
Fra:1 Mem:18.12M (0.00M, Peak 20.95M) | Time:00:00.08 | Mem:0.00M, Peak:0.00M | Scene, RenderLayer | Updating Objects
Fra:1 Mem:18.12M (0.00M, Peak 20.95M) | Time:00:00.08 | Mem:0.00M, Peak:0.00M | Scene, RenderLayer | Updating Objects | Copying Transformations to device
Fra:1 Mem:18.12M (0.00M, Peak 20.95M) | Time:00:00.08 | Mem:0.00M, Peak:0.00M | Scene, RenderLayer | Updating Objects | Applying Static Transformations
Fra:1 Mem:18.12M (0.00M, Peak 20.95M) | Time:00:00.08 | Mem:0.00M, Peak:0.00M | Scene, RenderLayer | Updating Meshes
Fra:1 Mem:19.27M (0.00M, Peak 20.95M) | Time:00:00.08 | Mem:0.00M, Peak:0.00M | Scene, RenderLayer | Updating Mesh | Computing attributes
Fra:1 Mem:19.86M (0.00M, Peak 20.95M) | Time:00:00.08 | Mem:0.00M, Peak:0.00M | Scene, RenderLayer | Updating Mesh | Copying Attributes to device
Fra:1 Mem:19.86M (0.00M, Peak 20.95M) | Time:00:00.08 | Mem:0.60M, Peak:0.60M | Scene, RenderLayer | Updating Scene BVH | Building
Fra:1 Mem:19.86M (0.00M, Peak 20.95M) | Time:00:00.08 | Mem:0.60M, Peak:0.60M | Scene, RenderLayer | Updating Scene BVH | Building BVH
Fra:1 Mem:24.16M (0.00M, Peak 24.16M) | Time:00:00.13 | Mem:0.60M, Peak:0.60M | Scene, RenderLayer | Updating Scene BVH | Packing BVH triangles and strands
Fra:1 Mem:28.17M (0.00M, Peak 28.17M) | Time:00:00.13 | Mem:0.60M, Peak:0.60M | Scene, RenderLayer | Updating Scene BVH | Packing BVH nodes
Fra:1 Mem:25.96M (0.00M, Peak 29.40M) | Time:00:00.14 | Mem:0.60M, Peak:0.60M | Scene, RenderLayer | Updating Scene BVH | Copying BVH to device
Fra:1 Mem:26.24M (0.00M, Peak 29.40M) | Time:00:00.14 | Mem:6.69M, Peak:6.69M | Scene, RenderLayer | Updating Mesh | Computing normals
Fra:1 Mem:28.88M (0.00M, Peak 29.40M) | Time:00:00.14 | Mem:6.69M, Peak:6.69M | Scene, RenderLayer | Updating Mesh | Copying Mesh to device
Fra:1 Mem:28.59M (0.00M, Peak 29.40M) | Time:00:00.14 | Mem:9.33M, Peak:9.33M | Scene, RenderLayer | Updating Objects Flags
Fra:1 Mem:28.59M (0.00M, Peak 29.40M) | Time:00:00.14 | Mem:9.33M, Peak:9.33M | Scene, RenderLayer | Updating Images
Fra:1 Mem:28.59M (0.00M, Peak 29.40M) | Time:00:00.14 | Mem:9.33M, Peak:9.33M | Scene, RenderLayer | Updating Camera Volume
Fra:1 Mem:28.59M (0.00M, Peak 29.40M) | Time:00:00.15 | Mem:9.33M, Peak:9.33M | Scene, RenderLayer | Updating Hair Systems
Fra:1 Mem:28.59M (0.00M, Peak 29.40M) | Time:00:00.15 | Mem:9.33M, Peak:9.33M | Scene, RenderLayer | Updating Hair settings | Copying Hair settings to device
Fra:1 Mem:28.59M (0.00M, Peak 29.40M) | Time:00:00.15 | Mem:9.33M, Peak:9.33M | Scene, RenderLayer | Updating Lookup Tables
Fra:1 Mem:28.59M (0.00M, Peak 29.40M) | Time:00:00.15 | Mem:9.58M, Peak:9.58M | Scene, RenderLayer | Updating Lights
Fra:1 Mem:28.59M (0.00M, Peak 29.40M) | Time:00:00.15 | Mem:9.58M, Peak:9.58M | Scene, RenderLayer | Updating Lights | Computing distribution
Fra:1 Mem:28.59M (0.00M, Peak 29.40M) | Time:00:00.15 | Mem:9.58M, Peak:9.58M | Scene, RenderLayer | Updating Particle Systems
Fra:1 Mem:28.59M (0.00M, Peak 29.40M) | Time:00:00.15 | Mem:9.58M, Peak:9.58M | Scene, RenderLayer | Updating Particle Systems | Copying Particles to device
Fra:1 Mem:28.59M (0.00M, Peak 29.40M) | Time:00:00.15 | Mem:9.58M, Peak:9.58M | Scene, RenderLayer | Updating Integrator
Fra:1 Mem:28.63M (0.00M, Peak 29.40M) | Time:00:00.15 | Mem:9.62M, Peak:9.62M | Scene, RenderLayer | Updating Film
Fra:1 Mem:28.64M (0.00M, Peak 29.40M) | Time:00:00.15 | Mem:9.62M, Peak:9.62M | Scene, RenderLayer | Updating Lookup Tables
Fra:1 Mem:28.64M (0.00M, Peak 29.40M) | Time:00:00.15 | Mem:9.62M, Peak:9.62M | Scene, RenderLayer | Updating Baking
Fra:1 Mem:28.64M (0.00M, Peak 29.40M) | Time:00:00.15 | Mem:9.62M, Peak:9.62M | Scene, RenderLayer | Updating Device | Writing constant memory
Fra:1 Mem:28.64M (0.00M, Peak 29.40M) | Time:00:00.15 | Mem:9.62M, Peak:9.62M | Scene, RenderLayer | Path Tracing Tile 0/4, Sample 0/512
Fra:1 Mem:30.89M (0.00M, Peak 32.14M) | Time:00:00.15 | Mem:11.87M, Peak:11.87M | Scene, RenderLayer | Path Tracing Tile 1/4, Sample 0/512
Fra:1 Mem:30.89M (0.00M, Peak 33.14M) | Time:00:01.16 | Remaining:00:10.76 | Mem:11.87M, Peak:11.87M | Scene, RenderLayer | Path Tracing Tile 1/4, Sample 103/512
Fra:1 Mem:30.89M (0.00M, Peak 33.14M) | Time:00:02.16 | Remaining:00:09.71 | Mem:11.87M, Peak:11.87M | Scene, RenderLayer | Path Tracing Tile 1/4, Sample 206/512
Fra:1 Mem:30.89M (0.00M, Peak 33.14M) | Time:00:03.17 | Remaining:00:08.71 | Mem:11.87M, Peak:11.87M | Scene, RenderLayer | Path Tracing Tile 1/4, Sample 309/512
Fra:1 Mem:30.89M (0.00M, Peak 33.14M) | Time:00:04.18 | Remaining:00:07.71 | Mem:11.87M, Peak:11.87M | Scene, RenderLayer | Path Tracing Tile 1/4, Sample 412/512
Fra:1 Mem:28.64M (0.00M, Peak 33.14M) | Time:00:05.17 | Remaining:00:06.74 | Mem:9.62M, Peak:11.87M | Scene, RenderLayer | Path Tracing Tile 1/4, Sample 512/512
Fra:1 Mem:30.61M (0.00M, Peak 33.14M) | Time:00:05.17 | Remaining:00:06.75 | Mem:11.59M, Peak:11.87M | Scene, RenderLayer | Path Tracing Tile 2/4, Sample 512/512
Fra:1 Mem:30.61M (0.00M, Peak 33.14M) | Time:00:05.18 | Remaining:00:06.74 | Mem:11.59M, Peak:11.87M | Scene, RenderLayer | Path Tracing Tile 2/4, Sample 1/512
Fra:1 Mem:30.61M (0.00M, Peak 33.14M) | Time:00:06.19 | Remaining:00:05.89 | Mem:11.59M, Peak:11.87M | Scene, RenderLayer | Path Tracing Tile 2/4, Sample 109/512
Fra:1 Mem:30.61M (0.00M, Peak 33.14M) | Time:00:07.20 | Remaining:00:05.00 | Mem:11.59M, Peak:11.87M | Scene, RenderLayer | Path Tracing Tile 2/4, Sample 217/512
Fra:1 Mem:30.61M (0.00M, Peak 33.14M) | Time:00:08.20 | Remaining:00:04.09 | Mem:11.59M, Peak:11.87M | Scene, RenderLayer | Path Tracing Tile 2/4, Sample 324/512
Fra:1 Mem:30.61M (0.00M, Peak 33.14M) | Time:00:09.21 | Remaining:00:03.16 | Mem:11.59M, Peak:11.87M | Scene, RenderLayer | Path Tracing Tile 2/4, Sample 431/512
Fra:1 Mem:28.64M (0.00M, Peak 33.14M) | Time:00:09.98 | Remaining:00:02.45 | Mem:9.62M, Peak:11.87M | Scene, RenderLayer | Path Tracing Tile 2/4, Sample 512/512
Fra:1 Mem:29.20M (0.00M, Peak 33.14M) | Time:00:09.98 | Remaining:00:02.45 | Mem:10.19M, Peak:11.87M | Scene, RenderLayer | Path Tracing Tile 3/4, Sample 512/512
Fra:1 Mem:29.20M (0.00M, Peak 33.14M) | Time:00:10.21 | Remaining:00:02.33 | Mem:10.19M, Peak:11.87M | Scene, RenderLayer | Path Tracing Tile 3/4, Sample 56/512
Fra:1 Mem:29.20M (0.00M, Peak 33.14M) | Time:00:11.22 | Remaining:00:01.78 | Mem:10.19M, Peak:11.87M | Scene, RenderLayer | Path Tracing Tile 3/4, Sample 295/512
Fra:1 Mem:28.64M (0.00M, Peak 33.14M) | Time:00:12.14 | Remaining:00:01.23 | Mem:9.62M, Peak:11.87M | Scene, RenderLayer | Path Tracing Tile 3/4, Sample 512/512
Fra:1 Mem:29.13M (0.00M, Peak 33.14M) | Time:00:12.14 | Remaining:00:01.23 | Mem:10.11M, Peak:11.87M | Scene, RenderLayer | Path Tracing Tile 4/4, Sample 512/512
Fra:1 Mem:29.13M (0.00M, Peak 33.14M) | Time:00:12.22 | Remaining:00:01.18 | Mem:10.11M, Peak:11.87M | Scene, RenderLayer | Path Tracing Tile 4/4, Sample 21/512
Fra:1 Mem:29.13M (0.00M, Peak 33.14M) | Time:00:13.22 | Remaining:00:00.58 | Mem:10.11M, Peak:11.87M | Scene, RenderLayer | Path Tracing Tile 4/4, Sample 278/512
Fra:1 Mem:28.64M (0.00M, Peak 33.14M) | Time:00:14.14 | Mem:9.62M, Peak:11.87M | Scene, RenderLayer | Path Tracing Tile 4/4, Sample 512/512
Fra:1 Mem:28.64M (0.00M, Peak 33.14M) | Time:00:14.14 | Mem:9.62M, Peak:11.87M | Scene, RenderLayer | Finished
Fra:1 Mem:14.11M (0.00M, Peak 33.14M) | Time:00:14.22 | Sce: Scene Ve:0 Fa:0 La:0
Saved: '/home/ubuntu/vdp-tool-chain-repo/data/output/images/alternation-fovariant-9/CLEVR_alternation-fovariant-9_000003.png'
 Time: 00:14.26 (Saving: 00:00.03)

read blend: data/base_scene.blend
convertViewVec: called in an invalid context
convertViewVec: called in an invalid context
convertViewVec: called in an invalid context
convertViewVec: called in an invalid context
Fra:1 Mem:18.99M (0.00M, Peak 18.99M) | Time:00:00.00 | Preparing Scene data
Fra:1 Mem:28.52M (0.00M, Peak 30.67M) | Time:00:00.02 | Preparing Scene data
Fra:1 Mem:28.52M (0.00M, Peak 30.67M) | Time:00:00.02 | Creating Shadowbuffers
Fra:1 Mem:28.52M (0.00M, Peak 30.67M) | Time:00:00.02 | Raytree.. preparing
Fra:1 Mem:38.90M (0.00M, Peak 38.90M) | Time:00:00.03 | Raytree.. building
Fra:1 Mem:38.35M (0.00M, Peak 54.55M) | Time:00:00.19 | Raytree finished
Fra:1 Mem:38.35M (0.00M, Peak 54.55M) | Time:00:00.19 | Creating Environment maps
Fra:1 Mem:38.35M (0.00M, Peak 54.55M) | Time:00:00.19 | Caching Point Densities
Fra:1 Mem:38.35M (0.00M, Peak 54.55M) | Time:00:00.19 | Sce: Scene Ve:78164 Fa:75539 La:1
Fra:1 Mem:38.35M (0.00M, Peak 54.55M) | Time:00:00.19 | Loading voxel datasets
Fra:1 Mem:38.35M (0.00M, Peak 54.55M) | Time:00:00.19 | Sce: Scene Ve:78164 Fa:75539 La:1
Fra:1 Mem:38.35M (0.00M, Peak 54.55M) | Time:00:00.19 | Sce: Scene Ve:78164 Fa:75539 La:1
Fra:1 Mem:38.35M (0.00M, Peak 54.55M) | Time:00:00.19 | Volume preprocessing
Fra:1 Mem:38.35M (0.00M, Peak 54.55M) | Time:00:00.19 | Sce: Scene Ve:78164 Fa:75539 La:1
Fra:1 Mem:38.35M (0.00M, Peak 54.55M) | Time:00:00.19 | Sce: Scene Ve:78164 Fa:75539 La:1
Fra:1 Mem:42.42M (0.00M, Peak 54.55M) | Time:00:00.20 | Scene, Part 3-4
Fra:1 Mem:42.39M (0.00M, Peak 54.55M) | Time:00:00.20 | Scene, Part 4-4
Fra:1 Mem:41.36M (0.00M, Peak 54.55M) | Time:00:00.21 | Scene, Part 1-4
Fra:1 Mem:39.45M (0.00M, Peak 54.55M) | Time:00:00.22 | Scene, Part 2-4
Fra:1 Mem:18.84M (0.00M, Peak 54.55M) | Time:00:00.22 | Sce: Scene Ve:78164 Fa:75539 La:1
Saved: '/tmp/tmpkf8ygux2.png'
 Time: 00:00.24 (Saving: 00:00.01)

Fra:1 Mem:18.87M (0.00M, Peak 19.47M) | Time:00:00.04 | Mem:0.00M, Peak:0.00M | Scene, RenderLayer | Synchronizing object | Area
Fra:1 Mem:18.87M (0.00M, Peak 19.47M) | Time:00:00.04 | Mem:0.00M, Peak:0.00M | Scene, RenderLayer | Synchronizing object | Ground
Fra:1 Mem:18.94M (0.00M, Peak 19.47M) | Time:00:00.04 | Mem:0.00M, Peak:0.00M | Scene, RenderLayer | Synchronizing object | Empty
Fra:1 Mem:18.94M (0.00M, Peak 19.47M) | Time:00:00.04 | Mem:0.00M, Peak:0.00M | Scene, RenderLayer | Synchronizing object | Lamp_Back
Fra:1 Mem:18.94M (0.00M, Peak 19.47M) | Time:00:00.04 | Mem:0.00M, Peak:0.00M | Scene, RenderLayer | Synchronizing object | Lamp_Fill
Fra:1 Mem:18.94M (0.00M, Peak 19.47M) | Time:00:00.04 | Mem:0.00M, Peak:0.00M | Scene, RenderLayer | Synchronizing object | Lamp_Key
Fra:1 Mem:18.94M (0.00M, Peak 19.47M) | Time:00:00.04 | Mem:0.00M, Peak:0.00M | Scene, RenderLayer | Synchronizing object | Camera
Fra:1 Mem:18.94M (0.00M, Peak 19.47M) | Time:00:00.04 | Mem:0.00M, Peak:0.00M | Scene, RenderLayer | Synchronizing object | SmoothCube_v2_0
Fra:1 Mem:19.30M (0.00M, Peak 19.66M) | Time:00:00.05 | Mem:0.00M, Peak:0.00M | Scene, RenderLayer | Synchronizing object | SmoothCylinder_0
Fra:1 Mem:22.62M (0.00M, Peak 25.71M) | Time:00:00.06 | Mem:0.00M, Peak:0.00M | Scene, RenderLayer | Synchronizing object | SmoothCube_v2_1
Fra:1 Mem:22.99M (0.00M, Peak 25.71M) | Time:00:00.06 | Mem:0.00M, Peak:0.00M | Scene, RenderLayer | Synchronizing object | SmoothCylinder_1
Fra:1 Mem:25.77M (0.00M, Peak 28.99M) | Time:00:00.07 | Mem:0.00M, Peak:0.00M | Scene, RenderLayer | Initializing
Fra:1 Mem:25.77M (0.00M, Peak 28.99M) | Time:00:00.07 | Mem:0.00M, Peak:0.00M | Scene, RenderLayer | Loading render kernels (may take a few minutes the first time)
Fra:1 Mem:25.77M (0.00M, Peak 28.99M) | Time:00:00.08 | Mem:0.00M, Peak:0.00M | Scene, RenderLayer | Waiting for render to start
Fra:1 Mem:25.77M (0.00M, Peak 28.99M) | Time:00:00.08 | Mem:0.00M, Peak:0.00M | Scene, RenderLayer | Updating Scene
Fra:1 Mem:25.77M (0.00M, Peak 28.99M) | Time:00:00.08 | Mem:0.00M, Peak:0.00M | Scene, RenderLayer | Updating Shaders
Fra:1 Mem:26.03M (0.00M, Peak 28.99M) | Time:00:00.09 | Mem:0.00M, Peak:0.00M | Scene, RenderLayer | Updating Background
Fra:1 Mem:26.03M (0.00M, Peak 28.99M) | Time:00:00.09 | Mem:0.00M, Peak:0.00M | Scene, RenderLayer | Updating Camera
Fra:1 Mem:26.03M (0.00M, Peak 28.99M) | Time:00:00.09 | Mem:0.00M, Peak:0.00M | Scene, RenderLayer | Updating Meshes Flags
Fra:1 Mem:26.03M (0.00M, Peak 28.99M) | Time:00:00.09 | Mem:0.00M, Peak:0.00M | Scene, RenderLayer | Updating Objects
Fra:1 Mem:26.03M (0.00M, Peak 28.99M) | Time:00:00.09 | Mem:0.00M, Peak:0.00M | Scene, RenderLayer | Updating Objects | Copying Transformations to device
Fra:1 Mem:26.03M (0.00M, Peak 28.99M) | Time:00:00.09 | Mem:0.00M, Peak:0.00M | Scene, RenderLayer | Updating Objects | Applying Static Transformations
Fra:1 Mem:26.03M (0.00M, Peak 28.99M) | Time:00:00.09 | Mem:0.00M, Peak:0.00M | Scene, RenderLayer | Updating Meshes
Fra:1 Mem:28.29M (0.00M, Peak 28.99M) | Time:00:00.09 | Mem:0.00M, Peak:0.00M | Scene, RenderLayer | Updating Mesh | Computing attributes
Fra:1 Mem:28.95M (0.00M, Peak 28.99M) | Time:00:00.09 | Mem:0.00M, Peak:0.00M | Scene, RenderLayer | Updating Mesh | Copying Attributes to device
Fra:1 Mem:28.95M (0.00M, Peak 29.60M) | Time:00:00.09 | Mem:0.66M, Peak:0.66M | Scene, RenderLayer | Updating Scene BVH | Building
Fra:1 Mem:28.95M (0.00M, Peak 29.60M) | Time:00:00.09 | Mem:0.66M, Peak:0.66M | Scene, RenderLayer | Updating Scene BVH | Building BVH
Fra:1 Mem:37.45M (0.00M, Peak 37.45M) | Time:00:00.19 | Mem:0.66M, Peak:0.66M | Scene, RenderLayer | Updating Scene BVH | Packing BVH triangles and strands
Fra:1 Mem:45.39M (0.00M, Peak 45.39M) | Time:00:00.20 | Mem:0.66M, Peak:0.66M | Scene, RenderLayer | Updating Scene BVH | Packing BVH nodes
Fra:1 Mem:41.02M (0.00M, Peak 47.82M) | Time:00:00.21 | Mem:0.66M, Peak:0.66M | Scene, RenderLayer | Updating Scene BVH | Copying BVH to device
Fra:1 Mem:41.58M (0.00M, Peak 47.82M) | Time:00:00.22 | Mem:12.73M, Peak:12.73M | Scene, RenderLayer | Updating Mesh | Computing normals
Fra:1 Mem:46.79M (0.00M, Peak 47.82M) | Time:00:00.22 | Mem:12.73M, Peak:12.73M | Scene, RenderLayer | Updating Mesh | Copying Mesh to device
Fra:1 Mem:46.23M (0.00M, Peak 47.82M) | Time:00:00.22 | Mem:17.94M, Peak:17.94M | Scene, RenderLayer | Updating Objects Flags
Fra:1 Mem:46.23M (0.00M, Peak 47.82M) | Time:00:00.22 | Mem:17.94M, Peak:17.94M | Scene, RenderLayer | Updating Images
Fra:1 Mem:46.23M (0.00M, Peak 47.82M) | Time:00:00.22 | Mem:17.94M, Peak:17.94M | Scene, RenderLayer | Updating Camera Volume
Fra:1 Mem:46.23M (0.00M, Peak 47.82M) | Time:00:00.22 | Mem:17.94M, Peak:17.94M | Scene, RenderLayer | Updating Hair Systems
Fra:1 Mem:46.23M (0.00M, Peak 47.82M) | Time:00:00.22 | Mem:17.94M, Peak:17.94M | Scene, RenderLayer | Updating Hair settings | Copying Hair settings to device
Fra:1 Mem:46.23M (0.00M, Peak 47.82M) | Time:00:00.22 | Mem:17.94M, Peak:17.94M | Scene, RenderLayer | Updating Lookup Tables
Fra:1 Mem:46.23M (0.00M, Peak 47.82M) | Time:00:00.22 | Mem:18.19M, Peak:18.19M | Scene, RenderLayer | Updating Lights
Fra:1 Mem:46.23M (0.00M, Peak 47.82M) | Time:00:00.22 | Mem:18.19M, Peak:18.19M | Scene, RenderLayer | Updating Lights | Computing distribution
Fra:1 Mem:46.23M (0.00M, Peak 47.82M) | Time:00:00.22 | Mem:18.19M, Peak:18.19M | Scene, RenderLayer | Updating Particle Systems
Fra:1 Mem:46.23M (0.00M, Peak 47.82M) | Time:00:00.22 | Mem:18.19M, Peak:18.19M | Scene, RenderLayer | Updating Particle Systems | Copying Particles to device
Fra:1 Mem:46.23M (0.00M, Peak 47.82M) | Time:00:00.22 | Mem:18.19M, Peak:18.19M | Scene, RenderLayer | Updating Integrator
Fra:1 Mem:46.27M (0.00M, Peak 47.82M) | Time:00:00.22 | Mem:18.23M, Peak:18.23M | Scene, RenderLayer | Updating Film
Fra:1 Mem:46.27M (0.00M, Peak 47.82M) | Time:00:00.22 | Mem:18.23M, Peak:18.23M | Scene, RenderLayer | Updating Lookup Tables
Fra:1 Mem:46.27M (0.00M, Peak 47.82M) | Time:00:00.22 | Mem:18.23M, Peak:18.23M | Scene, RenderLayer | Updating Baking
Fra:1 Mem:46.27M (0.00M, Peak 47.82M) | Time:00:00.22 | Mem:18.23M, Peak:18.23M | Scene, RenderLayer | Updating Device | Writing constant memory
Fra:1 Mem:46.27M (0.00M, Peak 47.82M) | Time:00:00.22 | Mem:18.23M, Peak:18.23M | Scene, RenderLayer | Path Tracing Tile 0/4, Sample 0/512
Fra:1 Mem:48.52M (0.00M, Peak 49.77M) | Time:00:00.23 | Mem:20.48M, Peak:20.48M | Scene, RenderLayer | Path Tracing Tile 1/4, Sample 0/512
Fra:1 Mem:48.52M (0.00M, Peak 50.77M) | Time:00:01.23 | Remaining:00:10.31 | Mem:20.48M, Peak:20.48M | Scene, RenderLayer | Path Tracing Tile 1/4, Sample 107/512
Fra:1 Mem:48.52M (0.00M, Peak 50.77M) | Time:00:02.24 | Remaining:00:09.26 | Mem:20.48M, Peak:20.48M | Scene, RenderLayer | Path Tracing Tile 1/4, Sample 214/512
Fra:1 Mem:48.52M (0.00M, Peak 50.77M) | Time:00:03.24 | Remaining:00:08.26 | Mem:20.48M, Peak:20.48M | Scene, RenderLayer | Path Tracing Tile 1/4, Sample 321/512
Fra:1 Mem:48.52M (0.00M, Peak 50.77M) | Time:00:04.25 | Remaining:00:07.25 | Mem:20.48M, Peak:20.48M | Scene, RenderLayer | Path Tracing Tile 1/4, Sample 428/512
Fra:1 Mem:46.27M (0.00M, Peak 50.77M) | Time:00:05.05 | Remaining:00:06.47 | Mem:18.23M, Peak:20.48M | Scene, RenderLayer | Path Tracing Tile 1/4, Sample 512/512
Fra:1 Mem:48.24M (0.00M, Peak 50.77M) | Time:00:05.05 | Remaining:00:06.48 | Mem:20.20M, Peak:20.48M | Scene, RenderLayer | Path Tracing Tile 2/4, Sample 512/512
Fra:1 Mem:48.24M (0.00M, Peak 50.77M) | Time:00:05.26 | Remaining:00:06.29 | Mem:20.20M, Peak:20.48M | Scene, RenderLayer | Path Tracing Tile 2/4, Sample 24/512
Fra:1 Mem:48.24M (0.00M, Peak 50.77M) | Time:00:06.26 | Remaining:00:05.36 | Mem:20.20M, Peak:20.48M | Scene, RenderLayer | Path Tracing Tile 2/4, Sample 141/512
Fra:1 Mem:48.24M (0.00M, Peak 50.77M) | Time:00:07.27 | Remaining:00:04.41 | Mem:20.20M, Peak:20.48M | Scene, RenderLayer | Path Tracing Tile 2/4, Sample 258/512
Fra:1 Mem:48.24M (0.00M, Peak 50.77M) | Time:00:08.27 | Remaining:00:03.46 | Mem:20.20M, Peak:20.48M | Scene, RenderLayer | Path Tracing Tile 2/4, Sample 374/512
Fra:1 Mem:48.24M (0.00M, Peak 50.77M) | Time:00:09.28 | Remaining:00:02.49 | Mem:20.20M, Peak:20.48M | Scene, RenderLayer | Path Tracing Tile 2/4, Sample 490/512
Fra:1 Mem:46.27M (0.00M, Peak 50.77M) | Time:00:09.48 | Remaining:00:02.31 | Mem:18.23M, Peak:20.48M | Scene, RenderLayer | Path Tracing Tile 2/4, Sample 512/512
Fra:1 Mem:46.84M (0.00M, Peak 50.77M) | Time:00:09.48 | Remaining:00:02.31 | Mem:18.80M, Peak:20.48M | Scene, RenderLayer | Path Tracing Tile 3/4, Sample 512/512
Fra:1 Mem:46.84M (0.00M, Peak 50.77M) | Time:00:10.28 | Remaining:00:01.91 | Mem:18.80M, Peak:20.48M | Scene, RenderLayer | Path Tracing Tile 3/4, Sample 194/512
Fra:1 Mem:46.84M (0.00M, Peak 50.77M) | Time:00:11.29 | Remaining:00:01.36 | Mem:18.80M, Peak:20.48M | Scene, RenderLayer | Path Tracing Tile 3/4, Sample 434/512
Fra:1 Mem:46.27M (0.00M, Peak 50.77M) | Time:00:11.62 | Remaining:00:01.17 | Mem:18.23M, Peak:20.48M | Scene, RenderLayer | Path Tracing Tile 3/4, Sample 512/512
Fra:1 Mem:46.77M (0.00M, Peak 50.77M) | Time:00:11.62 | Remaining:00:01.17 | Mem:18.73M, Peak:20.48M | Scene, RenderLayer | Path Tracing Tile 4/4, Sample 512/512
Fra:1 Mem:46.77M (0.00M, Peak 50.77M) | Time:00:12.29 | Remaining:00:00.79 | Mem:18.73M, Peak:20.48M | Scene, RenderLayer | Path Tracing Tile 4/4, Sample 173/512
Fra:1 Mem:46.77M (0.00M, Peak 50.77M) | Time:00:13.29 | Remaining:00:00.19 | Mem:18.73M, Peak:20.48M | Scene, RenderLayer | Path Tracing Tile 4/4, Sample 430/512
Fra:1 Mem:46.27M (0.00M, Peak 50.77M) | Time:00:13.61 | Mem:18.23M, Peak:20.48M | Scene, RenderLayer | Path Tracing Tile 4/4, Sample 512/512
Fra:1 Mem:46.27M (0.00M, Peak 50.77M) | Time:00:13.61 | Mem:18.23M, Peak:20.48M | Scene, RenderLayer | Finished
Fra:1 Mem:18.87M (0.00M, Peak 50.77M) | Time:00:13.70 | Sce: Scene Ve:0 Fa:0 La:0
Saved: '/home/ubuntu/vdp-tool-chain-repo/data/output/images/alternation-fovariant-9/CLEVR_alternation-fovariant-9_000004.png'
 Time: 00:13.74 (Saving: 00:00.03)

read blend: data/base_scene.blend
convertViewVec: called in an invalid context
convertViewVec: called in an invalid context
Fra:1 Mem:14.18M (0.00M, Peak 14.18M) | Time:00:00.00 | Preparing Scene data
Fra:1 Mem:18.95M (0.00M, Peak 21.10M) | Time:00:00.01 | Preparing Scene data
Fra:1 Mem:18.95M (0.00M, Peak 21.10M) | Time:00:00.01 | Creating Shadowbuffers
Fra:1 Mem:18.95M (0.00M, Peak 21.10M) | Time:00:00.01 | Raytree.. preparing
Fra:1 Mem:24.14M (0.00M, Peak 24.14M) | Time:00:00.01 | Raytree.. building
Fra:1 Mem:23.86M (0.00M, Peak 31.97M) | Time:00:00.09 | Raytree finished
Fra:1 Mem:23.86M (0.00M, Peak 31.97M) | Time:00:00.09 | Creating Environment maps
Fra:1 Mem:23.86M (0.00M, Peak 31.97M) | Time:00:00.09 | Caching Point Densities
Fra:1 Mem:23.86M (0.00M, Peak 31.97M) | Time:00:00.09 | Sce: Scene Ve:39082 Fa:37765 La:1
Fra:1 Mem:23.86M (0.00M, Peak 31.97M) | Time:00:00.09 | Loading voxel datasets
Fra:1 Mem:23.86M (0.00M, Peak 31.97M) | Time:00:00.09 | Sce: Scene Ve:39082 Fa:37765 La:1
Fra:1 Mem:23.87M (0.00M, Peak 31.97M) | Time:00:00.09 | Sce: Scene Ve:39082 Fa:37765 La:1
Fra:1 Mem:23.87M (0.00M, Peak 31.97M) | Time:00:00.09 | Volume preprocessing
Fra:1 Mem:23.87M (0.00M, Peak 31.97M) | Time:00:00.09 | Sce: Scene Ve:39082 Fa:37765 La:1
Fra:1 Mem:23.87M (0.00M, Peak 31.97M) | Time:00:00.09 | Sce: Scene Ve:39082 Fa:37765 La:1
Fra:1 Mem:27.94M (0.00M, Peak 31.97M) | Time:00:00.09 | Scene, Part 3-4
Fra:1 Mem:27.90M (0.00M, Peak 31.97M) | Time:00:00.09 | Scene, Part 4-4
Fra:1 Mem:26.87M (0.00M, Peak 31.97M) | Time:00:00.10 | Scene, Part 1-4
Fra:1 Mem:24.96M (0.00M, Peak 31.97M) | Time:00:00.10 | Scene, Part 2-4
Fra:1 Mem:14.10M (0.00M, Peak 31.97M) | Time:00:00.11 | Sce: Scene Ve:39082 Fa:37765 La:1
Saved: '/tmp/tmpf1z46l30.png'
 Time: 00:00.12 (Saving: 00:00.01)

Fra:1 Mem:14.13M (0.00M, Peak 14.73M) | Time:00:00.04 | Mem:0.00M, Peak:0.00M | Scene, RenderLayer | Synchronizing object | Area
Fra:1 Mem:14.13M (0.00M, Peak 14.73M) | Time:00:00.04 | Mem:0.00M, Peak:0.00M | Scene, RenderLayer | Synchronizing object | Ground
Fra:1 Mem:14.20M (0.00M, Peak 14.73M) | Time:00:00.04 | Mem:0.00M, Peak:0.00M | Scene, RenderLayer | Synchronizing object | Empty
Fra:1 Mem:14.20M (0.00M, Peak 14.73M) | Time:00:00.04 | Mem:0.00M, Peak:0.00M | Scene, RenderLayer | Synchronizing object | Lamp_Back
Fra:1 Mem:14.20M (0.00M, Peak 14.73M) | Time:00:00.04 | Mem:0.00M, Peak:0.00M | Scene, RenderLayer | Synchronizing object | Lamp_Fill
Fra:1 Mem:14.20M (0.00M, Peak 14.73M) | Time:00:00.04 | Mem:0.00M, Peak:0.00M | Scene, RenderLayer | Synchronizing object | Lamp_Key
Fra:1 Mem:14.20M (0.00M, Peak 14.73M) | Time:00:00.04 | Mem:0.00M, Peak:0.00M | Scene, RenderLayer | Synchronizing object | Camera
Fra:1 Mem:14.20M (0.00M, Peak 14.73M) | Time:00:00.04 | Mem:0.00M, Peak:0.00M | Scene, RenderLayer | Synchronizing object | SmoothCube_v2_0
Fra:1 Mem:14.51M (0.00M, Peak 14.87M) | Time:00:00.04 | Mem:0.00M, Peak:0.00M | Scene, RenderLayer | Synchronizing object | SmoothCylinder_0
Fra:1 Mem:17.83M (0.00M, Peak 20.91M) | Time:00:00.06 | Mem:0.00M, Peak:0.00M | Scene, RenderLayer | Initializing
Fra:1 Mem:17.83M (0.00M, Peak 20.91M) | Time:00:00.06 | Mem:0.00M, Peak:0.00M | Scene, RenderLayer | Loading render kernels (may take a few minutes the first time)
Fra:1 Mem:17.83M (0.00M, Peak 20.91M) | Time:00:00.07 | Mem:0.00M, Peak:0.00M | Scene, RenderLayer | Waiting for render to start
Fra:1 Mem:17.83M (0.00M, Peak 20.91M) | Time:00:00.07 | Mem:0.00M, Peak:0.00M | Scene, RenderLayer | Updating Scene
Fra:1 Mem:17.83M (0.00M, Peak 20.91M) | Time:00:00.07 | Mem:0.00M, Peak:0.00M | Scene, RenderLayer | Updating Shaders
Fra:1 Mem:18.08M (0.00M, Peak 20.91M) | Time:00:00.07 | Mem:0.00M, Peak:0.00M | Scene, RenderLayer | Updating Background
Fra:1 Mem:18.08M (0.00M, Peak 20.91M) | Time:00:00.07 | Mem:0.00M, Peak:0.00M | Scene, RenderLayer | Updating Camera
Fra:1 Mem:18.08M (0.00M, Peak 20.91M) | Time:00:00.07 | Mem:0.00M, Peak:0.00M | Scene, RenderLayer | Updating Meshes Flags
Fra:1 Mem:18.08M (0.00M, Peak 20.91M) | Time:00:00.07 | Mem:0.00M, Peak:0.00M | Scene, RenderLayer | Updating Objects
Fra:1 Mem:18.08M (0.00M, Peak 20.91M) | Time:00:00.07 | Mem:0.00M, Peak:0.00M | Scene, RenderLayer | Updating Objects | Copying Transformations to device
Fra:1 Mem:18.08M (0.00M, Peak 20.91M) | Time:00:00.07 | Mem:0.00M, Peak:0.00M | Scene, RenderLayer | Updating Objects | Applying Static Transformations
Fra:1 Mem:18.08M (0.00M, Peak 20.91M) | Time:00:00.07 | Mem:0.00M, Peak:0.00M | Scene, RenderLayer | Updating Meshes
Fra:1 Mem:19.22M (0.00M, Peak 20.91M) | Time:00:00.08 | Mem:0.00M, Peak:0.00M | Scene, RenderLayer | Updating Mesh | Computing attributes
Fra:1 Mem:19.76M (0.00M, Peak 20.91M) | Time:00:00.08 | Mem:0.00M, Peak:0.00M | Scene, RenderLayer | Updating Mesh | Copying Attributes to device
Fra:1 Mem:19.76M (0.00M, Peak 20.91M) | Time:00:00.08 | Mem:0.54M, Peak:0.54M | Scene, RenderLayer | Updating Scene BVH | Building
Fra:1 Mem:19.76M (0.00M, Peak 20.91M) | Time:00:00.08 | Mem:0.54M, Peak:0.54M | Scene, RenderLayer | Updating Scene BVH | Building BVH
Fra:1 Mem:24.06M (0.00M, Peak 24.06M) | Time:00:00.13 | Mem:0.54M, Peak:0.54M | Scene, RenderLayer | Updating Scene BVH | Packing BVH triangles and strands
Fra:1 Mem:28.07M (0.00M, Peak 28.07M) | Time:00:00.14 | Mem:0.54M, Peak:0.54M | Scene, RenderLayer | Updating Scene BVH | Packing BVH nodes
Fra:1 Mem:25.86M (0.00M, Peak 29.30M) | Time:00:00.14 | Mem:0.54M, Peak:0.54M | Scene, RenderLayer | Updating Scene BVH | Copying BVH to device
Fra:1 Mem:26.14M (0.00M, Peak 29.30M) | Time:00:00.14 | Mem:6.64M, Peak:6.64M | Scene, RenderLayer | Updating Mesh | Computing normals
Fra:1 Mem:28.78M (0.00M, Peak 29.30M) | Time:00:00.15 | Mem:6.64M, Peak:6.64M | Scene, RenderLayer | Updating Mesh | Copying Mesh to device
Fra:1 Mem:28.49M (0.00M, Peak 29.30M) | Time:00:00.15 | Mem:9.27M, Peak:9.27M | Scene, RenderLayer | Updating Objects Flags
Fra:1 Mem:28.49M (0.00M, Peak 29.30M) | Time:00:00.15 | Mem:9.27M, Peak:9.27M | Scene, RenderLayer | Updating Images
Fra:1 Mem:28.49M (0.00M, Peak 29.30M) | Time:00:00.15 | Mem:9.27M, Peak:9.27M | Scene, RenderLayer | Updating Camera Volume
Fra:1 Mem:28.49M (0.00M, Peak 29.30M) | Time:00:00.15 | Mem:9.27M, Peak:9.27M | Scene, RenderLayer | Updating Hair Systems
Fra:1 Mem:28.49M (0.00M, Peak 29.30M) | Time:00:00.15 | Mem:9.27M, Peak:9.27M | Scene, RenderLayer | Updating Hair settings | Copying Hair settings to device
Fra:1 Mem:28.49M (0.00M, Peak 29.30M) | Time:00:00.15 | Mem:9.27M, Peak:9.27M | Scene, RenderLayer | Updating Lookup Tables
Fra:1 Mem:28.49M (0.00M, Peak 29.30M) | Time:00:00.15 | Mem:9.52M, Peak:9.52M | Scene, RenderLayer | Updating Lights
Fra:1 Mem:28.49M (0.00M, Peak 29.30M) | Time:00:00.15 | Mem:9.52M, Peak:9.52M | Scene, RenderLayer | Updating Lights | Computing distribution
Fra:1 Mem:28.49M (0.00M, Peak 29.30M) | Time:00:00.15 | Mem:9.52M, Peak:9.52M | Scene, RenderLayer | Updating Particle Systems
Fra:1 Mem:28.49M (0.00M, Peak 29.30M) | Time:00:00.15 | Mem:9.52M, Peak:9.52M | Scene, RenderLayer | Updating Particle Systems | Copying Particles to device
Fra:1 Mem:28.49M (0.00M, Peak 29.30M) | Time:00:00.15 | Mem:9.52M, Peak:9.52M | Scene, RenderLayer | Updating Integrator
Fra:1 Mem:28.53M (0.00M, Peak 29.30M) | Time:00:00.15 | Mem:9.56M, Peak:9.56M | Scene, RenderLayer | Updating Film
Fra:1 Mem:28.54M (0.00M, Peak 29.30M) | Time:00:00.15 | Mem:9.56M, Peak:9.56M | Scene, RenderLayer | Updating Lookup Tables
Fra:1 Mem:28.54M (0.00M, Peak 29.30M) | Time:00:00.15 | Mem:9.56M, Peak:9.56M | Scene, RenderLayer | Updating Baking
Fra:1 Mem:28.54M (0.00M, Peak 29.30M) | Time:00:00.15 | Mem:9.56M, Peak:9.56M | Scene, RenderLayer | Updating Device | Writing constant memory
Fra:1 Mem:28.54M (0.00M, Peak 29.30M) | Time:00:00.15 | Mem:9.56M, Peak:9.56M | Scene, RenderLayer | Path Tracing Tile 0/4, Sample 0/512
Fra:1 Mem:30.79M (0.00M, Peak 32.04M) | Time:00:00.15 | Mem:11.81M, Peak:11.81M | Scene, RenderLayer | Path Tracing Tile 1/4, Sample 0/512
Fra:1 Mem:30.79M (0.00M, Peak 33.04M) | Time:00:01.15 | Remaining:00:11.05 | Mem:11.81M, Peak:11.81M | Scene, RenderLayer | Path Tracing Tile 1/4, Sample 100/512
Fra:1 Mem:30.79M (0.00M, Peak 33.04M) | Time:00:02.15 | Remaining:00:10.02 | Mem:11.81M, Peak:11.81M | Scene, RenderLayer | Path Tracing Tile 1/4, Sample 200/512
Fra:1 Mem:30.79M (0.00M, Peak 33.04M) | Time:00:03.15 | Remaining:00:09.01 | Mem:11.81M, Peak:11.81M | Scene, RenderLayer | Path Tracing Tile 1/4, Sample 300/512
Fra:1 Mem:30.79M (0.00M, Peak 33.04M) | Time:00:04.16 | Remaining:00:08.02 | Mem:11.81M, Peak:11.81M | Scene, RenderLayer | Path Tracing Tile 1/4, Sample 400/512
Fra:1 Mem:30.79M (0.00M, Peak 33.04M) | Time:00:05.17 | Remaining:00:07.02 | Mem:11.81M, Peak:11.81M | Scene, RenderLayer | Path Tracing Tile 1/4, Sample 500/512
Fra:1 Mem:28.54M (0.00M, Peak 33.04M) | Time:00:05.29 | Remaining:00:06.91 | Mem:9.56M, Peak:11.81M | Scene, RenderLayer | Path Tracing Tile 1/4, Sample 512/512
Fra:1 Mem:30.51M (0.00M, Peak 33.04M) | Time:00:05.29 | Remaining:00:06.91 | Mem:11.53M, Peak:11.81M | Scene, RenderLayer | Path Tracing Tile 2/4, Sample 512/512
Fra:1 Mem:30.51M (0.00M, Peak 33.04M) | Time:00:06.17 | Remaining:00:05.94 | Mem:11.53M, Peak:11.81M | Scene, RenderLayer | Path Tracing Tile 2/4, Sample 105/512
Fra:1 Mem:30.51M (0.00M, Peak 33.04M) | Time:00:07.17 | Remaining:00:04.85 | Mem:11.53M, Peak:11.81M | Scene, RenderLayer | Path Tracing Tile 2/4, Sample 226/512
Fra:1 Mem:30.51M (0.00M, Peak 33.04M) | Time:00:08.18 | Remaining:00:03.79 | Mem:11.53M, Peak:11.81M | Scene, RenderLayer | Path Tracing Tile 2/4, Sample 346/512
Fra:1 Mem:30.51M (0.00M, Peak 33.04M) | Time:00:09.19 | Remaining:00:02.76 | Mem:11.53M, Peak:11.81M | Scene, RenderLayer | Path Tracing Tile 2/4, Sample 465/512
Fra:1 Mem:28.54M (0.00M, Peak 33.04M) | Time:00:09.58 | Remaining:00:02.35 | Mem:9.56M, Peak:11.81M | Scene, RenderLayer | Path Tracing Tile 2/4, Sample 512/512
Fra:1 Mem:29.10M (0.00M, Peak 33.04M) | Time:00:09.58 | Remaining:00:02.35 | Mem:10.13M, Peak:11.81M | Scene, RenderLayer | Path Tracing Tile 3/4, Sample 512/512
Fra:1 Mem:29.10M (0.00M, Peak 33.04M) | Time:00:10.19 | Remaining:00:02.05 | Mem:10.13M, Peak:11.81M | Scene, RenderLayer | Path Tracing Tile 3/4, Sample 143/512
Fra:1 Mem:29.10M (0.00M, Peak 33.04M) | Time:00:11.19 | Remaining:00:01.51 | Mem:10.13M, Peak:11.81M | Scene, RenderLayer | Path Tracing Tile 3/4, Sample 380/512
Fra:1 Mem:28.54M (0.00M, Peak 33.04M) | Time:00:11.76 | Remaining:00:01.19 | Mem:9.56M, Peak:11.81M | Scene, RenderLayer | Path Tracing Tile 3/4, Sample 512/512
Fra:1 Mem:29.03M (0.00M, Peak 33.04M) | Time:00:11.76 | Remaining:00:01.19 | Mem:10.06M, Peak:11.81M | Scene, RenderLayer | Path Tracing Tile 4/4, Sample 512/512
Fra:1 Mem:29.03M (0.00M, Peak 33.04M) | Time:00:12.19 | Remaining:00:00.94 | Mem:10.06M, Peak:11.81M | Scene, RenderLayer | Path Tracing Tile 4/4, Sample 112/512
Fra:1 Mem:29.03M (0.00M, Peak 33.04M) | Time:00:13.20 | Remaining:00:00.35 | Mem:10.06M, Peak:11.81M | Scene, RenderLayer | Path Tracing Tile 4/4, Sample 366/512
Fra:1 Mem:28.54M (0.00M, Peak 33.04M) | Time:00:13.78 | Mem:9.56M, Peak:11.81M | Scene, RenderLayer | Path Tracing Tile 4/4, Sample 512/512
Fra:1 Mem:28.54M (0.00M, Peak 33.04M) | Time:00:13.78 | Mem:9.56M, Peak:11.81M | Scene, RenderLayer | Finished
Fra:1 Mem:14.13M (0.00M, Peak 33.04M) | Time:00:13.85 | Sce: Scene Ve:0 Fa:0 La:0
Saved: '/home/ubuntu/vdp-tool-chain-repo/data/output/images/alternation-fovariant-9/CLEVR_alternation-fovariant-9_000005.png'
 Time: 00:13.89 (Saving: 00:00.03)


Blender quit
'/home/ubuntu/vdp-tool-chain-repo/data/output/CLEVR_alternation-fovariant-9_scenes.json' -> '/home/ubuntu/vdp-tool-chain-repo/data/output/CLEVR_val_scenes.json'
'/home/ubuntu/vdp-tool-chain-repo/data/output/images/alternation-fovariant-9/CLEVR_alternation-fovariant-9_000000.png' -> '/home/ubuntu/vdp-tool-chain-repo/data/output/images/val/CLEVR_alternation-fovariant-9_000000.png'
'/home/ubuntu/vdp-tool-chain-repo/data/output/images/alternation-fovariant-9/CLEVR_alternation-fovariant-9_000001.png' -> '/home/ubuntu/vdp-tool-chain-repo/data/output/images/val/CLEVR_alternation-fovariant-9_000001.png'
'/home/ubuntu/vdp-tool-chain-repo/data/output/images/alternation-fovariant-9/CLEVR_alternation-fovariant-9_000002.png' -> '/home/ubuntu/vdp-tool-chain-repo/data/output/images/val/CLEVR_alternation-fovariant-9_000002.png'
'/home/ubuntu/vdp-tool-chain-repo/data/output/images/alternation-fovariant-9/CLEVR_alternation-fovariant-9_000003.png' -> '/home/ubuntu/vdp-tool-chain-repo/data/output/images/val/CLEVR_alternation-fovariant-9_000003.png'
'/home/ubuntu/vdp-tool-chain-repo/data/output/images/alternation-fovariant-9/CLEVR_alternation-fovariant-9_000004.png' -> '/home/ubuntu/vdp-tool-chain-repo/data/output/images/val/CLEVR_alternation-fovariant-9_000004.png'
'/home/ubuntu/vdp-tool-chain-repo/data/output/images/alternation-fovariant-9/CLEVR_alternation-fovariant-9_000005.png' -> '/home/ubuntu/vdp-tool-chain-repo/data/output/images/val/CLEVR_alternation-fovariant-9_000005.png'
/home/ubuntu/vdp-tool-chain-repo/data/output/images/val/CLEVR_alternation-fovariant-9_000000.png renamed as /home/ubuntu/vdp-tool-chain-repo/data/output/images/val/CLEVR_val_000000.png
/home/ubuntu/vdp-tool-chain-repo/data/output/images/val/CLEVR_alternation-fovariant-9_000001.png renamed as /home/ubuntu/vdp-tool-chain-repo/data/output/images/val/CLEVR_val_000001.png
/home/ubuntu/vdp-tool-chain-repo/data/output/images/val/CLEVR_alternation-fovariant-9_000002.png renamed as /home/ubuntu/vdp-tool-chain-repo/data/output/images/val/CLEVR_val_000002.png
/home/ubuntu/vdp-tool-chain-repo/data/output/images/val/CLEVR_alternation-fovariant-9_000003.png renamed as /home/ubuntu/vdp-tool-chain-repo/data/output/images/val/CLEVR_val_000003.png
/home/ubuntu/vdp-tool-chain-repo/data/output/images/val/CLEVR_alternation-fovariant-9_000004.png renamed as /home/ubuntu/vdp-tool-chain-repo/data/output/images/val/CLEVR_val_000004.png
/home/ubuntu/vdp-tool-chain-repo/data/output/images/val/CLEVR_alternation-fovariant-9_000005.png renamed as /home/ubuntu/vdp-tool-chain-repo/data/output/images/val/CLEVR_val_000005.png
'/home/ubuntu/vdp-tool-chain-repo/data/output/images/val/CLEVR_val_000000.png' -> '/home/ubuntu/vdp-tool-chain-repo/data/ns-vqa-data/raw/CLEVR_v1.0/images/val/CLEVR_val_000000.png'
'/home/ubuntu/vdp-tool-chain-repo/data/output/images/val/CLEVR_val_000001.png' -> '/home/ubuntu/vdp-tool-chain-repo/data/ns-vqa-data/raw/CLEVR_v1.0/images/val/CLEVR_val_000001.png'
'/home/ubuntu/vdp-tool-chain-repo/data/output/images/val/CLEVR_val_000002.png' -> '/home/ubuntu/vdp-tool-chain-repo/data/ns-vqa-data/raw/CLEVR_v1.0/images/val/CLEVR_val_000002.png'
'/home/ubuntu/vdp-tool-chain-repo/data/output/images/val/CLEVR_val_000003.png' -> '/home/ubuntu/vdp-tool-chain-repo/data/ns-vqa-data/raw/CLEVR_v1.0/images/val/CLEVR_val_000003.png'
'/home/ubuntu/vdp-tool-chain-repo/data/output/images/val/CLEVR_val_000004.png' -> '/home/ubuntu/vdp-tool-chain-repo/data/ns-vqa-data/raw/CLEVR_v1.0/images/val/CLEVR_val_000004.png'
'/home/ubuntu/vdp-tool-chain-repo/data/output/images/val/CLEVR_val_000005.png' -> '/home/ubuntu/vdp-tool-chain-repo/data/ns-vqa-data/raw/CLEVR_v1.0/images/val/CLEVR_val_000005.png'
'/home/ubuntu/vdp-tool-chain-repo/data/output/CLEVR_val_scenes.json' -> '/home/ubuntu/vdp-tool-chain-repo/data/ns-vqa-data/raw/CLEVR_v1.0/scenes/CLEVR_val_scenes.json'
INFO test_net.py:  73: Called with args:
INFO test_net.py:  74: Namespace(cfg_file='configs/baselines/e2e_mask_rcnn_R-50-FPN_1x.yaml', clevr_comp_cat=1, dataset='clevr_original_val', load_ckpt='/home/ubuntu/vdp-tool-chain-repo/data/ns-vqa-data/pretrained/object_detector.pt', load_detectron=None, multi_gpu_testing=False, output_dir='/home/ubuntu/vdp-tool-chain-repo/data/ns-vqa-data/mask_rcnn/results/clevr_val_pretrained', range=None, set_cfgs=[], vis=False)
INFO test_net.py: 114: Testing with config:
INFO test_net.py: 115: {'BBOX_XFORM_CLIP': 4.135166556742356,
 'CLEVR': {'COMP_CAT': True},
 'CROP_RESIZE_WITH_MAX_POOL': True,
 'CUDA': False,
 'DATA_DIR': '/home/ubuntu/vdp-tool-chain-repo/data/ns-vqa-data/mask_rcnn',
 'DATA_LOADER': {'NUM_THREADS': 4},
 'DEBUG': False,
 'DEDUP_BOXES': 0.0625,
 'EPS': 1e-14,
 'EXPECTED_RESULTS': [],
 'EXPECTED_RESULTS_ATOL': 0.005,
 'EXPECTED_RESULTS_EMAIL': '',
 'EXPECTED_RESULTS_RTOL': 0.1,
 'FAST_RCNN': {'CONV_HEAD_DIM': 256,
               'MLP_HEAD_DIM': 1024,
               'NUM_STACKED_CONVS': 4,
               'ROI_BOX_HEAD': 'fast_rcnn_heads.roi_2mlp_head',
               'ROI_XFORM_METHOD': 'RoIAlign',
               'ROI_XFORM_RESOLUTION': 7,
               'ROI_XFORM_SAMPLING_RATIO': 2},
 'FPN': {'COARSEST_STRIDE': 32,
         'DIM': 256,
         'EXTRA_CONV_LEVELS': False,
         'FPN_ON': True,
         'MULTILEVEL_ROIS': True,
         'MULTILEVEL_RPN': True,
         'ROI_CANONICAL_LEVEL': 4,
         'ROI_CANONICAL_SCALE': 224,
         'ROI_MAX_LEVEL': 5,
         'ROI_MIN_LEVEL': 2,
         'RPN_ANCHOR_START_SIZE': 32,
         'RPN_ASPECT_RATIOS': (0.5, 1, 2),
         'RPN_COLLECT_SCALE': 1,
         'RPN_MAX_LEVEL': 6,
         'RPN_MIN_LEVEL': 2,
         'USE_GN': False,
         'ZERO_INIT_LATERAL': False},
 'GROUP_NORM': {'DIM_PER_GP': -1, 'EPSILON': 1e-05, 'NUM_GROUPS': 32},
 'KRCNN': {'CONV_HEAD_DIM': 256,
           'CONV_HEAD_KERNEL': 3,
           'CONV_INIT': 'GaussianFill',
           'DECONV_DIM': 256,
           'DECONV_KERNEL': 4,
           'DILATION': 1,
           'HEATMAP_SIZE': -1,
           'INFERENCE_MIN_SIZE': 0,
           'KEYPOINT_CONFIDENCE': 'bbox',
           'LOSS_WEIGHT': 1.0,
           'MIN_KEYPOINT_COUNT_FOR_VALID_MINIBATCH': 20,
           'NMS_OKS': False,
           'NORMALIZE_BY_VISIBLE_KEYPOINTS': True,
           'NUM_KEYPOINTS': -1,
           'NUM_STACKED_CONVS': 8,
           'ROI_KEYPOINTS_HEAD': '',
           'ROI_XFORM_METHOD': 'RoIAlign',
           'ROI_XFORM_RESOLUTION': 7,
           'ROI_XFORM_SAMPLING_RATIO': 0,
           'UP_SCALE': -1,
           'USE_DECONV': False,
           'USE_DECONV_OUTPUT': False},
 'MATLAB': 'matlab',
 'MODEL': {'BBOX_REG_WEIGHTS': (10.0, 10.0, 5.0, 5.0),
           'CLS_AGNOSTIC_BBOX_REG': False,
           'CONV_BODY': 'FPN.fpn_ResNet50_conv5_body',
           'FASTER_RCNN': True,
           'KEYPOINTS_ON': False,
           'LOAD_IMAGENET_PRETRAINED_WEIGHTS': True,
           'MASK_ON': True,
           'NUM_CLASSES': 49,
           'RPN_ONLY': False,
           'SHARE_RES5': False,
           'TYPE': 'generalized_rcnn',
           'UNSUPERVISED_POSE': False},
 'MRCNN': {'CLS_SPECIFIC_MASK': True,
           'CONV_INIT': 'MSRAFill',
           'DILATION': 1,
           'DIM_REDUCED': 256,
           'MEMORY_EFFICIENT_LOSS': True,
           'RESOLUTION': 28,
           'ROI_MASK_HEAD': 'mask_rcnn_heads.mask_rcnn_fcn_head_v1up4convs',
           'ROI_XFORM_METHOD': 'RoIAlign',
           'ROI_XFORM_RESOLUTION': 14,
           'ROI_XFORM_SAMPLING_RATIO': 2,
           'THRESH_BINARIZE': 0.5,
           'UPSAMPLE_RATIO': 1,
           'USE_FC_OUTPUT': False,
           'WEIGHT_LOSS_MASK': 1.0},
 'NUM_GPUS': 8,
 'OUTPUT_DIR': 'Outputs',
 'PIXEL_MEANS': array([[[102.9801, 115.9465, 122.7717]]]),
 'POOLING_MODE': 'crop',
 'POOLING_SIZE': 7,
 'PYTORCH_VERSION_LESS_THAN_040': False,
 'RESNETS': {'FREEZE_AT': 2,
             'IMAGENET_PRETRAINED_WEIGHTS': 'pretrained_model/resnet50_caffe.pth',
             'NUM_GROUPS': 1,
             'RES5_DILATION': 1,
             'SHORTCUT_FUNC': 'basic_bn_shortcut',
             'STEM_FUNC': 'basic_bn_stem',
             'STRIDE_1X1': True,
             'TRANS_FUNC': 'bottleneck_transformation',
             'USE_GN': False,
             'WIDTH_PER_GROUP': 64},
 'RETINANET': {'ANCHOR_SCALE': 4,
               'ASPECT_RATIOS': (0.5, 1.0, 2.0),
               'BBOX_REG_BETA': 0.11,
               'BBOX_REG_WEIGHT': 1.0,
               'CLASS_SPECIFIC_BBOX': False,
               'INFERENCE_TH': 0.05,
               'LOSS_ALPHA': 0.25,
               'LOSS_GAMMA': 2.0,
               'NEGATIVE_OVERLAP': 0.4,
               'NUM_CONVS': 4,
               'POSITIVE_OVERLAP': 0.5,
               'PRE_NMS_TOP_N': 1000,
               'PRIOR_PROB': 0.01,
               'RETINANET_ON': False,
               'SCALES_PER_OCTAVE': 3,
               'SHARE_CLS_BBOX_TOWER': False,
               'SOFTMAX': False},
 'RFCN': {'PS_GRID_SIZE': 3},
 'RNG_SEED': 3,
 'ROOT_DIR': '/home/ubuntu/vdp-tool-chain-repo/clevr-inference/scene_parse/mask_rcnn',
 'RPN': {'ASPECT_RATIOS': (0.5, 1, 2),
         'CLS_ACTIVATION': 'sigmoid',
         'OUT_DIM': 512,
         'OUT_DIM_AS_IN_DIM': True,
         'RPN_ON': True,
         'SIZES': (64, 128, 256, 512),
         'STRIDE': 16},
 'SOLVER': {'BASE_LR': 0.02,
            'BIAS_DOUBLE_LR': True,
            'BIAS_WEIGHT_DECAY': False,
            'GAMMA': 0.1,
            'LOG_LR_CHANGE_THRESHOLD': 1.1,
            'LRS': [],
            'LR_POLICY': 'steps_with_decay',
            'MAX_ITER': 30000,
            'MOMENTUM': 0.9,
            'SCALE_MOMENTUM': True,
            'SCALE_MOMENTUM_THRESHOLD': 1.1,
            'STEPS': [0, 20000, 26000],
            'STEP_SIZE': 30000,
            'TYPE': 'SGD',
            'WARM_UP_FACTOR': 0.3333333333333333,
            'WARM_UP_ITERS': 500,
            'WARM_UP_METHOD': 'linear',
            'WEIGHT_DECAY': 0.0001,
            'WEIGHT_DECAY_GN': 0.0},
 'TEST': {'BBOX_AUG': {'AREA_TH_HI': 32400,
                       'AREA_TH_LO': 2500,
                       'ASPECT_RATIOS': (),
                       'ASPECT_RATIO_H_FLIP': False,
                       'COORD_HEUR': 'UNION',
                       'ENABLED': False,
                       'H_FLIP': False,
                       'MAX_SIZE': 4000,
                       'SCALES': (),
                       'SCALE_H_FLIP': False,
                       'SCALE_SIZE_DEP': False,
                       'SCORE_HEUR': 'UNION'},
          'BBOX_REG': True,
          'BBOX_VOTE': {'ENABLED': False,
                        'SCORING_METHOD': 'ID',
                        'SCORING_METHOD_BETA': 1.0,
                        'VOTE_TH': 0.8},
          'COMPETITION_MODE': True,
          'DATASETS': ('clevr_original_val',),
          'DETECTIONS_PER_IM': 100,
          'FORCE_JSON_DATASET_EVAL': False,
          'KPS_AUG': {'AREA_TH': 32400,
                      'ASPECT_RATIOS': (),
                      'ASPECT_RATIO_H_FLIP': False,
                      'ENABLED': False,
                      'HEUR': 'HM_AVG',
                      'H_FLIP': False,
                      'MAX_SIZE': 4000,
                      'SCALES': (),
                      'SCALE_H_FLIP': False,
                      'SCALE_SIZE_DEP': False},
          'MASK_AUG': {'AREA_TH': 32400,
                       'ASPECT_RATIOS': (),
                       'ASPECT_RATIO_H_FLIP': False,
                       'ENABLED': False,
                       'HEUR': 'SOFT_AVG',
                       'H_FLIP': False,
                       'MAX_SIZE': 4000,
                       'SCALES': (),
                       'SCALE_H_FLIP': False,
                       'SCALE_SIZE_DEP': False},
          'MAX_SIZE': 1333,
          'NMS': 0.5,
          'PRECOMPUTED_PROPOSALS': False,
          'PROPOSAL_FILES': (),
          'PROPOSAL_LIMIT': 2000,
          'RPN_MIN_SIZE': 0,
          'RPN_NMS_THRESH': 0.7,
          'RPN_POST_NMS_TOP_N': 1000,
          'RPN_PRE_NMS_TOP_N': 1000,
          'SCALE': 800,
          'SCORE_THRESH': 0.05,
          'SOFT_NMS': {'ENABLED': False, 'METHOD': 'linear', 'SIGMA': 0.5}},
 'TRAIN': {'ASPECT_CROPPING': False,
           'ASPECT_GROUPING': True,
           'ASPECT_HI': 2,
           'ASPECT_LO': 0.5,
           'BATCH_SIZE_PER_IM': 512,
           'BBOX_INSIDE_WEIGHTS': (1.0, 1.0, 1.0, 1.0),
           'BBOX_NORMALIZE_MEANS': (0.0, 0.0, 0.0, 0.0),
           'BBOX_NORMALIZE_STDS': (0.1, 0.1, 0.2, 0.2),
           'BBOX_NORMALIZE_TARGETS': True,
           'BBOX_NORMALIZE_TARGETS_PRECOMPUTED': False,
           'BBOX_THRESH': 0.5,
           'BG_THRESH_HI': 0.5,
           'BG_THRESH_LO': 0.0,
           'CROWD_FILTER_THRESH': 0.7,
           'DATASETS': (),
           'FG_FRACTION': 0.25,
           'FG_THRESH': 0.5,
           'FREEZE_CONV_BODY': False,
           'GT_MIN_AREA': -1,
           'IMS_PER_BATCH': 2,
           'MAX_SIZE': 1333,
           'PROPOSAL_FILES': (),
           'RPN_BATCH_SIZE_PER_IM': 256,
           'RPN_FG_FRACTION': 0.5,
           'RPN_MIN_SIZE': 0,
           'RPN_NEGATIVE_OVERLAP': 0.3,
           'RPN_NMS_THRESH': 0.7,
           'RPN_POSITIVE_OVERLAP': 0.7,
           'RPN_POST_NMS_TOP_N': 2000,
           'RPN_PRE_NMS_TOP_N': 2000,
           'RPN_STRADDLE_THRESH': 0,
           'SCALES': (800,),
           'SNAPSHOT_ITERS': 20000,
           'USE_FLIPPED': False},
 'VIS': False,
 'VIS_TH': 0.9}
INFO test_engine.py: 331: loading checkpoint /home/ubuntu/vdp-tool-chain-repo/data/ns-vqa-data/pretrained/object_detector.pt
INFO test_engine.py: 282: im_detect: range [1, 6] of 6: 1/6 1.114s + 0.003s (eta: 0:00:05)
INFO test_engine.py: 315: Wrote detections to: /home/ubuntu/vdp-tool-chain-repo/data/ns-vqa-data/mask_rcnn/results/clevr_val_pretrained/detections.pkl
INFO test_engine.py: 162: Total inference time: 5.644s
/home/ubuntu/vdp-tool-chain-repo/clevr-inference/scene_parse/mask_rcnn/lib/core/config.py:1046: YAMLLoadWarning: calling yaml.load() without Loader=... is deprecated, as the default Loader is unsafe. Please read https://msg.pyyaml.org/load for full details.
  yaml_cfg = AttrDict(yaml.load(f))
| processing proposals 1 / 6 images
| processing proposals 2 / 6 images
| processing proposals 3 / 6 images
| processing proposals 4 / 6 images
| processing proposals 5 / 6 images
| processing proposals 6 / 6 images
| saving object annotations to /home/ubuntu/vdp-tool-chain-repo/data/ns-vqa-data/attr_net/objects/clevr_val_objs_pretrained.json
| options
run_dir: /home/ubuntu/vdp-tool-chain-repo/data/ns-vqa-data/attr_net/results
dataset: clevr
load_checkpoint_path: /home/ubuntu/vdp-tool-chain-repo/data/ns-vqa-data/pretrained/attribute_net.pt
gpu_ids: [0]
clevr_mini_img_dir: /home/ubuntu/vdp-tool-chain-repo/data/ns-vqa-data/raw/CLEVR_mini/images
clevr_mini_ann_path: /home/ubuntu/vdp-tool-chain-repo/data/ns-vqa-data/attr_net/objects/clevr_mini_objs.json
concat_img: 1
split_id: 3500
batch_size: 50
num_workers: 4
learning_rate: 0.002
split: val
output_path: /home/ubuntu/vdp-tool-chain-repo/data/ns-vqa-data/attr_net/results/clevr_val_scenes_parsed_pretrained.json
clevr_val_ann_path: /home/ubuntu/vdp-tool-chain-repo/data/ns-vqa-data/attr_net/objects/clevr_val_objs_pretrained.json
clevr_val_img_dir: /home/ubuntu/vdp-tool-chain-repo/data/ns-vqa-data/raw/CLEVR_v1.0/images/val
shuffle_data: 0
use_cat_label: 1
| loading checkpoint from /home/ubuntu/vdp-tool-chain-repo/data/ns-vqa-data/pretrained/attribute_net.pt
clevr_object.py: CLEVR_val_000000.png val 0 0
clevr_object.py: CLEVR_val_000000.png val 0 1
clevr_object.py: CLEVR_val_000001.png val 1 2
clevr_object.py: CLEVR_val_000001.png val 1 3
clevr_object.py: CLEVR_val_000001.png val 1 4
clevr_object.py: CLEVR_val_000002.png val 2 5
clevr_object.py: CLEVR_val_000002.png val 2 6
clevr_object.py: CLEVR_val_000003.png val 3 7
clevr_object.py: CLEVR_val_000003.png val 3 8
clevr_object.py: CLEVR_val_000004.png val 4 9
clevr_object.py: CLEVR_val_000004.png val 4 10
clevr_object.py: CLEVR_val_000004.png val 4 11
clevr_object.py: CLEVR_val_000004.png val 4 12
clevr_object.py: CLEVR_val_000005.png val 5 13
clevr_object.py: CLEVR_val_000005.png val 5 14
15 / 15 objects processed
| saving annotation file to /home/ubuntu/vdp-tool-chain-repo/data/ns-vqa-data/attr_net/results/clevr_val_scenes_parsed_pretrained.json
0.json in test
THRESHOLD relate_behind objs = {'id': '0-0', 'position': [0.14915649592876434, 0.11986749619245529, 0.6910295486450195], 'color': 'purple', 'material': 'metal', 'shape': 'cylinder', 'size': 'large'}, {'id': '0-1', 'position': [-2.618276596069336, -0.0800018459558487, 0.6966940760612488], 'color': 'red', 'material': 'metal', 'shape': 'cube', 'size': 'large'}
THRESHOLD relate_front objs = {'id': '0-1', 'position': [-2.618276596069336, -0.0800018459558487, 0.6966940760612488], 'color': 'red', 'material': 'metal', 'shape': 'cube', 'size': 'large'}, {'id': '0-0', 'position': [0.14915649592876434, 0.11986749619245529, 0.6910295486450195], 'color': 'purple', 'material': 'metal', 'shape': 'cylinder', 'size': 'large'}
1.json in test
THRESHOLD relate_behind objs = {'id': '1-0', 'position': [2.747103691101074, 0.3148386776447296, 0.6950593590736389], 'color': 'gray', 'material': 'metal', 'shape': 'cube', 'size': 'large'}, {'id': '1-2', 'position': [0.03936167061328888, 0.0644955188035965, 0.6922518610954285], 'color': 'green', 'material': 'metal', 'shape': 'cylinder', 'size': 'large'}
THRESHOLD relate_front objs = {'id': '1-1', 'position': [-2.885165214538574, -0.15139725804328918, 0.6959956288337708], 'color': 'gray', 'material': 'metal', 'shape': 'cube', 'size': 'large'}, {'id': '1-2', 'position': [0.03936167061328888, 0.0644955188035965, 0.6922518610954285], 'color': 'green', 'material': 'metal', 'shape': 'cylinder', 'size': 'large'}
THRESHOLD relate_behind objs = {'id': '1-2', 'position': [0.03936167061328888, 0.0644955188035965, 0.6922518610954285], 'color': 'green', 'material': 'metal', 'shape': 'cylinder', 'size': 'large'}, {'id': '1-1', 'position': [-2.885165214538574, -0.15139725804328918, 0.6959956288337708], 'color': 'gray', 'material': 'metal', 'shape': 'cube', 'size': 'large'}
THRESHOLD relate_front objs = {'id': '1-2', 'position': [0.03936167061328888, 0.0644955188035965, 0.6922518610954285], 'color': 'green', 'material': 'metal', 'shape': 'cylinder', 'size': 'large'}, {'id': '1-0', 'position': [2.747103691101074, 0.3148386776447296, 0.6950593590736389], 'color': 'gray', 'material': 'metal', 'shape': 'cube', 'size': 'large'}
2.json in test
THRESHOLD relate_behind objs = {'id': '2-0', 'position': [0.08675649762153625, -0.05193999037146568, 0.6923007369041443], 'color': 'gray', 'material': 'metal', 'shape': 'cube', 'size': 'large'}, {'id': '2-1', 'position': [-2.7457327842712402, -0.16570767760276794, 0.6950712203979492], 'color': 'purple', 'material': 'metal', 'shape': 'cylinder', 'size': 'large'}
THRESHOLD relate_front objs = {'id': '2-1', 'position': [-2.7457327842712402, -0.16570767760276794, 0.6950712203979492], 'color': 'purple', 'material': 'metal', 'shape': 'cylinder', 'size': 'large'}, {'id': '2-0', 'position': [0.08675649762153625, -0.05193999037146568, 0.6923007369041443], 'color': 'gray', 'material': 'metal', 'shape': 'cube', 'size': 'large'}
3.json in train
THRESHOLD relate_front objs = {'id': '3-0', 'position': [0.04655832424759865, -0.07112574577331543, 0.6926581859588623], 'color': 'gray', 'material': 'metal', 'shape': 'cube', 'size': 'large'}, {'id': '3-1', 'position': [2.838474988937378, 0.20013320446014404, 0.6972321271896362], 'color': 'green', 'material': 'metal', 'shape': 'cylinder', 'size': 'large'}
THRESHOLD relate_behind objs = {'id': '3-1', 'position': [2.838474988937378, 0.20013320446014404, 0.6972321271896362], 'color': 'green', 'material': 'metal', 'shape': 'cylinder', 'size': 'large'}, {'id': '3-0', 'position': [0.04655832424759865, -0.07112574577331543, 0.6926581859588623], 'color': 'gray', 'material': 'metal', 'shape': 'cube', 'size': 'large'}
4.json in train
THRESHOLD relate_front objs = {'id': '4-0', 'position': [-1.204814076423645, -0.2716439366340637, 0.3444144129753113], 'color': 'purple', 'material': 'metal', 'shape': 'cube', 'size': 'small'}, {'id': '4-1', 'position': [1.6001988649368286, -0.09482011944055557, 0.3440859913825989], 'color': 'purple', 'material': 'metal', 'shape': 'cube', 'size': 'small'}
THRESHOLD relate_front objs = {'id': '4-0', 'position': [-1.204814076423645, -0.2716439366340637, 0.3444144129753113], 'color': 'purple', 'material': 'metal', 'shape': 'cube', 'size': 'small'}, {'id': '4-2', 'position': [3.0669100284576416, 0.008831052109599113, 0.3415062427520752], 'color': 'red', 'material': 'rubber', 'shape': 'cylinder', 'size': 'small'}
THRESHOLD relate_front objs = {'id': '4-0', 'position': [-1.204814076423645, -0.2716439366340637, 0.3444144129753113], 'color': 'purple', 'material': 'metal', 'shape': 'cube', 'size': 'small'}, {'id': '4-3', 'position': [0.12074390053749084, -0.1410757303237915, 0.3464615046977997], 'color': 'red', 'material': 'metal', 'shape': 'cylinder', 'size': 'small'}
THRESHOLD relate_behind objs = {'id': '4-1', 'position': [1.6001988649368286, -0.09482011944055557, 0.3440859913825989], 'color': 'purple', 'material': 'metal', 'shape': 'cube', 'size': 'small'}, {'id': '4-0', 'position': [-1.204814076423645, -0.2716439366340637, 0.3444144129753113], 'color': 'purple', 'material': 'metal', 'shape': 'cube', 'size': 'small'}
THRESHOLD relate_behind objs = {'id': '4-1', 'position': [1.6001988649368286, -0.09482011944055557, 0.3440859913825989], 'color': 'purple', 'material': 'metal', 'shape': 'cube', 'size': 'small'}, {'id': '4-3', 'position': [0.12074390053749084, -0.1410757303237915, 0.3464615046977997], 'color': 'red', 'material': 'metal', 'shape': 'cylinder', 'size': 'small'}
THRESHOLD relate_front objs = {'id': '4-1', 'position': [1.6001988649368286, -0.09482011944055557, 0.3440859913825989], 'color': 'purple', 'material': 'metal', 'shape': 'cube', 'size': 'small'}, {'id': '4-2', 'position': [3.0669100284576416, 0.008831052109599113, 0.3415062427520752], 'color': 'red', 'material': 'rubber', 'shape': 'cylinder', 'size': 'small'}
THRESHOLD relate_behind objs = {'id': '4-2', 'position': [3.0669100284576416, 0.008831052109599113, 0.3415062427520752], 'color': 'red', 'material': 'rubber', 'shape': 'cylinder', 'size': 'small'}, {'id': '4-0', 'position': [-1.204814076423645, -0.2716439366340637, 0.3444144129753113], 'color': 'purple', 'material': 'metal', 'shape': 'cube', 'size': 'small'}
THRESHOLD relate_behind objs = {'id': '4-2', 'position': [3.0669100284576416, 0.008831052109599113, 0.3415062427520752], 'color': 'red', 'material': 'rubber', 'shape': 'cylinder', 'size': 'small'}, {'id': '4-1', 'position': [1.6001988649368286, -0.09482011944055557, 0.3440859913825989], 'color': 'purple', 'material': 'metal', 'shape': 'cube', 'size': 'small'}
THRESHOLD relate_behind objs = {'id': '4-2', 'position': [3.0669100284576416, 0.008831052109599113, 0.3415062427520752], 'color': 'red', 'material': 'rubber', 'shape': 'cylinder', 'size': 'small'}, {'id': '4-3', 'position': [0.12074390053749084, -0.1410757303237915, 0.3464615046977997], 'color': 'red', 'material': 'metal', 'shape': 'cylinder', 'size': 'small'}
THRESHOLD relate_behind objs = {'id': '4-3', 'position': [0.12074390053749084, -0.1410757303237915, 0.3464615046977997], 'color': 'red', 'material': 'metal', 'shape': 'cylinder', 'size': 'small'}, {'id': '4-0', 'position': [-1.204814076423645, -0.2716439366340637, 0.3444144129753113], 'color': 'purple', 'material': 'metal', 'shape': 'cube', 'size': 'small'}
THRESHOLD relate_front objs = {'id': '4-3', 'position': [0.12074390053749084, -0.1410757303237915, 0.3464615046977997], 'color': 'red', 'material': 'metal', 'shape': 'cylinder', 'size': 'small'}, {'id': '4-1', 'position': [1.6001988649368286, -0.09482011944055557, 0.3440859913825989], 'color': 'purple', 'material': 'metal', 'shape': 'cube', 'size': 'small'}
THRESHOLD relate_front objs = {'id': '4-3', 'position': [0.12074390053749084, -0.1410757303237915, 0.3464615046977997], 'color': 'red', 'material': 'metal', 'shape': 'cylinder', 'size': 'small'}, {'id': '4-2', 'position': [3.0669100284576416, 0.008831052109599113, 0.3415062427520752], 'color': 'red', 'material': 'rubber', 'shape': 'cylinder', 'size': 'small'}
5.json in train
THRESHOLD relate_behind objs = {'id': '5-0', 'position': [1.3167037963867188, 0.1248357817530632, 0.34153687953948975], 'color': 'purple', 'material': 'metal', 'shape': 'cylinder', 'size': 'small'}, {'id': '5-1', 'position': [-1.4742947816848755, -0.11307181417942047, 0.690464198589325], 'color': 'red', 'material': 'rubber', 'shape': 'cube', 'size': 'large'}
THRESHOLD relate_front objs = {'id': '5-1', 'position': [-1.4742947816848755, -0.11307181417942047, 0.690464198589325], 'color': 'red', 'material': 'rubber', 'shape': 'cube', 'size': 'large'}, {'id': '5-0', 'position': [1.3167037963867188, 0.1248357817530632, 0.34153687953948975], 'color': 'purple', 'material': 'metal', 'shape': 'cylinder', 'size': 'small'}
2021-06-04 12:51:45.289138: I tensorflow/core/platform/cpu_feature_guard.cc:141] Your CPU supports instructions that this TensorFlow binary was not compiled to use: SSE4.1 SSE4.2 AVX AVX2 FMA
2021-06-04 12:51:45.367716: I tensorflow/stream_executor/cuda/cuda_gpu_executor.cc:964] successful NUMA node read from SysFS had negative value (-1), but there must be at least one NUMA node, so returning NUMA node zero
2021-06-04 12:51:45.368533: I tensorflow/core/common_runtime/gpu/gpu_device.cc:1432] Found device 0 with properties: 
name: Tesla K80 major: 3 minor: 7 memoryClockRate(GHz): 0.8235
pciBusID: 0000:00:1e.0
totalMemory: 11.17GiB freeMemory: 11.11GiB
2021-06-04 12:51:45.368559: I tensorflow/core/common_runtime/gpu/gpu_device.cc:1511] Adding visible gpu devices: 0
2021-06-04 12:51:45.662722: I tensorflow/core/common_runtime/gpu/gpu_device.cc:982] Device interconnect StreamExecutor with strength 1 edge matrix:
2021-06-04 12:51:45.662771: I tensorflow/core/common_runtime/gpu/gpu_device.cc:988]      0 
2021-06-04 12:51:45.662782: I tensorflow/core/common_runtime/gpu/gpu_device.cc:1001] 0:   N 
2021-06-04 12:51:45.662888: I tensorflow/core/common_runtime/gpu/gpu_device.cc:1115] Created TensorFlow device (/job:localhost/replica:0/task:0/device:GPU:0 with 10769 MB memory) -> physical GPU (device: 0, name: Tesla K80, pci bus id: 0000:00:1e.0, compute capability: 3.7)
Using TensorFlow backend.
/home/ubuntu/anaconda3/envs/deep-ranking/lib/python3.6/site-packages/tensorflow/python/framework/dtypes.py:523: FutureWarning: Passing (type, 1) or '1type' as a synonym of type is deprecated; in a future version of numpy, it will be understood as (type, (1,)) / '(1,)type'.
  _np_qint8 = np.dtype([("qint8", np.int8, 1)])
/home/ubuntu/anaconda3/envs/deep-ranking/lib/python3.6/site-packages/tensorflow/python/framework/dtypes.py:524: FutureWarning: Passing (type, 1) or '1type' as a synonym of type is deprecated; in a future version of numpy, it will be understood as (type, (1,)) / '(1,)type'.
  _np_quint8 = np.dtype([("quint8", np.uint8, 1)])
/home/ubuntu/anaconda3/envs/deep-ranking/lib/python3.6/site-packages/tensorflow/python/framework/dtypes.py:525: FutureWarning: Passing (type, 1) or '1type' as a synonym of type is deprecated; in a future version of numpy, it will be understood as (type, (1,)) / '(1,)type'.
  _np_qint16 = np.dtype([("qint16", np.int16, 1)])
/home/ubuntu/anaconda3/envs/deep-ranking/lib/python3.6/site-packages/tensorflow/python/framework/dtypes.py:526: FutureWarning: Passing (type, 1) or '1type' as a synonym of type is deprecated; in a future version of numpy, it will be understood as (type, (1,)) / '(1,)type'.
  _np_quint16 = np.dtype([("quint16", np.uint16, 1)])
/home/ubuntu/anaconda3/envs/deep-ranking/lib/python3.6/site-packages/tensorflow/python/framework/dtypes.py:527: FutureWarning: Passing (type, 1) or '1type' as a synonym of type is deprecated; in a future version of numpy, it will be understood as (type, (1,)) / '(1,)type'.
  _np_qint32 = np.dtype([("qint32", np.int32, 1)])
/home/ubuntu/anaconda3/envs/deep-ranking/lib/python3.6/site-packages/tensorflow/python/framework/dtypes.py:532: FutureWarning: Passing (type, 1) or '1type' as a synonym of type is deprecated; in a future version of numpy, it will be understood as (type, (1,)) / '(1,)type'.
  np_resource = np.dtype([("resource", np.ubyte, 1)])
