Candidate: c2
Concept: Forall q0: cube!0. Exists q1: sphere!1. And(metal!1 right!0!1)
Candidate Name: /home/ubuntu/vdp-tool-chain-repo/data/inference-outputs/train-fovariant-22/test/0.json

Candidate: c2
Concept: Forall q0: cube!0. Exists q1: sphere!1. And(left!1!0 metal!1)
Candidate Name: /home/ubuntu/vdp-tool-chain-repo/data/inference-outputs/train-fovariant-22/test/0.json

Candidate: c2
Concept: Exists q0: sphere!0. Forall q1: cube!1. And(metal!0 right!1!0)
Candidate Name: /home/ubuntu/vdp-tool-chain-repo/data/inference-outputs/train-fovariant-22/test/0.json

Candidate: c2
Concept: Exists q0: sphere!0. Forall q1: cube!1. And(left!0!1 metal!0)
Candidate Name: /home/ubuntu/vdp-tool-chain-repo/data/inference-outputs/train-fovariant-22/test/0.json

Candidate: c2
Concept: Forall q0: sphere!0. Forall q1: cube!1. And(metal!0 right!1!0)
Candidate Name: /home/ubuntu/vdp-tool-chain-repo/data/inference-outputs/train-fovariant-22/test/0.json

Candidate: c2
Concept: Forall q0: sphere!0. Forall q1: cube!1. And(left!0!1 metal!0)
Candidate Name: /home/ubuntu/vdp-tool-chain-repo/data/inference-outputs/train-fovariant-22/test/0.json

Candidate: c2
Concept: Forall q0: cube!0. Forall q1: sphere!1. And(metal!1 right!0!1)
Candidate Name: /home/ubuntu/vdp-tool-chain-repo/data/inference-outputs/train-fovariant-22/test/0.json

Candidate: c2
Concept: Forall q0: cube!0. Forall q1: sphere!1. And(left!1!0 metal!1)
Candidate Name: /home/ubuntu/vdp-tool-chain-repo/data/inference-outputs/train-fovariant-22/test/0.json

No discriminator found for puzzle /home/ubuntu/vdp-tool-chain-repo/data/inference-outputs/train-fovariant-22.
The scores were [0.016809837406424905, 0.015996274199491477, 0.03879712930651422].
Best concept is @ idx 1 ie: /home/ubuntu/vdp-tool-chain-repo/data/output/images/train-fovariant-22/CLEVR_train-fovariant-22_000001.png
