Candidate: c2
Concept: Exists q0: cylinder!0. Exists q1: sphere!1. And(behind!0!1 rubber!0)
Candidate Name: /home/ubuntu/vdp-tool-chain-repo/data/inference-outputs/spy-fovariant-5/test/0.json

Candidate: c2
Concept: Exists q0: cylinder!0. Exists q1: sphere!1. And(behind!0!1)
Candidate Name: /home/ubuntu/vdp-tool-chain-repo/data/inference-outputs/spy-fovariant-5/test/0.json

Candidate: c2
Concept: Exists q0: sphere!0. Exists q1: cylinder!1. And(behind!1!0)
Candidate Name: /home/ubuntu/vdp-tool-chain-repo/data/inference-outputs/spy-fovariant-5/test/0.json

Candidate: c2
Concept: Exists q0: sphere!0. Exists q1: cylinder!1. And(front!0!1)
Candidate Name: /home/ubuntu/vdp-tool-chain-repo/data/inference-outputs/spy-fovariant-5/test/0.json

Candidate: c2
Concept: Exists q0: cylinder!0. Exists q1: sphere!1. And(front!1!0)
Candidate Name: /home/ubuntu/vdp-tool-chain-repo/data/inference-outputs/spy-fovariant-5/test/0.json

Candidate: c2
Concept: Forall q0: sphere!0. Exists q1: cylinder!1. And(behind!1!0)
Candidate Name: /home/ubuntu/vdp-tool-chain-repo/data/inference-outputs/spy-fovariant-5/test/0.json

Candidate: c2
Concept: Forall q0: sphere!0. Exists q1: cylinder!1. And(front!0!1)
Candidate Name: /home/ubuntu/vdp-tool-chain-repo/data/inference-outputs/spy-fovariant-5/test/0.json

Candidate: c2
Concept: Exists q0: cylinder!0. Forall q1: sphere!1. And(behind!0!1)
Candidate Name: /home/ubuntu/vdp-tool-chain-repo/data/inference-outputs/spy-fovariant-5/test/0.json

Candidate: c2
Concept: Exists q0: cylinder!0. Forall q1: sphere!1. And(front!1!0)
Candidate Name: /home/ubuntu/vdp-tool-chain-repo/data/inference-outputs/spy-fovariant-5/test/0.json

No discriminator found for puzzle /home/ubuntu/vdp-tool-chain-repo/data/inference-outputs/spy-fovariant-5.
The scores were [0.0033713774360465075, 0.06379952631242679, 0.005040128544402627].
Best concept is @ idx 0 ie: /home/ubuntu/vdp-tool-chain-repo/data/output/images/spy-fovariant-5/CLEVR_spy-fovariant-5_000000.png
