Candidate: c2
Concept: Forall q0: cylinder!0. Exists q1: cube!1. Exists q2: cube!2. And(same_size!0!1 same_size!0!2 same_size!1!2 same_size!2!1 same_material!0!2 metal!1 rubber!0 left!2!1 disequal!1!2 disequal!2!1 right!2!0)
Candidate Name: /home/ubuntu/vdp-tool-chain-repo/data/inference-outputs/devoicing-fovariant-12-swap/test/0.json

Candidate: c2
Concept: Forall q0: cylinder!0. Exists q1: cube!1. Exists q2: cube!2. And(metal!2 left!0!1 left!1!2)
Candidate Name: /home/ubuntu/vdp-tool-chain-repo/data/inference-outputs/devoicing-fovariant-12-swap/test/0.json

Candidate: c2
Concept: Forall q0: cylinder!0. Exists q1: cube!1. Exists q2: cube!2. And(metal!1 right!1!2 right!2!0)
Candidate Name: /home/ubuntu/vdp-tool-chain-repo/data/inference-outputs/devoicing-fovariant-12-swap/test/0.json

Candidate: c2
Concept: Forall q0: cylinder!0. Exists q1: cube!1. Exists q2: cube!2. And(metal!1 left!2!1 right!2!0)
Candidate Name: /home/ubuntu/vdp-tool-chain-repo/data/inference-outputs/devoicing-fovariant-12-swap/test/0.json

Candidate: c2
Concept: Forall q0: cylinder!0. Exists q1: cube!1. Exists q2: cube!2. And(metal!1 left!0!2 right!1!2)
Candidate Name: /home/ubuntu/vdp-tool-chain-repo/data/inference-outputs/devoicing-fovariant-12-swap/test/0.json

Candidate: c2
Concept: Forall q0: cylinder!0. Exists q1: cube!1. Exists q2: cube!2. And(metal!1 left!0!2 left!2!1)
Candidate Name: /home/ubuntu/vdp-tool-chain-repo/data/inference-outputs/devoicing-fovariant-12-swap/test/0.json

Candidate: c2
Concept: Forall q0: cylinder!0. Exists q1: cube!1. Exists q2: cube!2. And(metal!2 left!1!2 right!1!0)
Candidate Name: /home/ubuntu/vdp-tool-chain-repo/data/inference-outputs/devoicing-fovariant-12-swap/test/0.json

Candidate: c2
Concept: Forall q0: cylinder!0. Exists q1: cube!1. Exists q2: cube!2. And(metal!2 right!1!0 right!2!1)
Candidate Name: /home/ubuntu/vdp-tool-chain-repo/data/inference-outputs/devoicing-fovariant-12-swap/test/0.json

Candidate: c2
Concept: Forall q0: cylinder!0. Exists q1: cube!1. Exists q2: cube!2. And(metal!2 left!0!1 right!2!1)
Candidate Name: /home/ubuntu/vdp-tool-chain-repo/data/inference-outputs/devoicing-fovariant-12-swap/test/0.json

Candidate: c2
Concept: Exists q0: cube!0. Forall q1: cylinder!1. Exists q2: cube!2. And(metal!2 left!0!2 right!0!1)
Candidate Name: /home/ubuntu/vdp-tool-chain-repo/data/inference-outputs/devoicing-fovariant-12-swap/test/0.json

Candidate: c2
Concept: Exists q0: cube!0. Forall q1: cylinder!1. Exists q2: cube!2. And(metal!2 left!0!2 left!1!0)
Candidate Name: /home/ubuntu/vdp-tool-chain-repo/data/inference-outputs/devoicing-fovariant-12-swap/test/0.json

Candidate: c2
Concept: Exists q0: cube!0. Forall q1: cylinder!1. Exists q2: cube!2. And(metal!2 left!1!0 right!2!0)
Candidate Name: /home/ubuntu/vdp-tool-chain-repo/data/inference-outputs/devoicing-fovariant-12-swap/test/0.json

Candidate: c2
Concept: Exists q0: cube!0. Forall q1: cylinder!1. Exists q2: cube!2. And(metal!2 right!0!1 right!2!0)
Candidate Name: /home/ubuntu/vdp-tool-chain-repo/data/inference-outputs/devoicing-fovariant-12-swap/test/0.json

Candidate: c2
Concept: Exists q0: cube!0. Forall q1: cylinder!1. Exists q2: cube!2. And(metal!0 left!1!2 left!2!0)
Candidate Name: /home/ubuntu/vdp-tool-chain-repo/data/inference-outputs/devoicing-fovariant-12-swap/test/0.json

Candidate: c2
Concept: Exists q0: cube!0. Forall q1: cylinder!1. Exists q2: cube!2. And(metal!0 left!2!0 right!2!1)
Candidate Name: /home/ubuntu/vdp-tool-chain-repo/data/inference-outputs/devoicing-fovariant-12-swap/test/0.json

Candidate: c2
Concept: Exists q0: cube!0. Forall q1: cylinder!1. Exists q2: cube!2. And(metal!0 left!1!2 right!0!2)
Candidate Name: /home/ubuntu/vdp-tool-chain-repo/data/inference-outputs/devoicing-fovariant-12-swap/test/0.json

Candidate: c2
Concept: Exists q0: cube!0. Forall q1: cylinder!1. Exists q2: cube!2. And(metal!0 right!0!2 right!2!1)
Candidate Name: /home/ubuntu/vdp-tool-chain-repo/data/inference-outputs/devoicing-fovariant-12-swap/test/0.json

Candidate: c2
Concept: Exists q0: cube!0. Exists q1: cube!1. Forall q2: cylinder!2. And(metal!1 left!2!0 right!1!0)
Candidate Name: /home/ubuntu/vdp-tool-chain-repo/data/inference-outputs/devoicing-fovariant-12-swap/test/0.json

Candidate: c2
Concept: Exists q0: cube!0. Exists q1: cube!1. Forall q2: cylinder!2. And(metal!1 right!0!2 right!1!0)
Candidate Name: /home/ubuntu/vdp-tool-chain-repo/data/inference-outputs/devoicing-fovariant-12-swap/test/0.json

Candidate: c2
Concept: Exists q0: cube!0. Exists q1: cube!1. Forall q2: cylinder!2. And(metal!1 left!0!1 left!2!0)
Candidate Name: /home/ubuntu/vdp-tool-chain-repo/data/inference-outputs/devoicing-fovariant-12-swap/test/0.json

Candidate: c2
Concept: Exists q0: cube!0. Exists q1: cube!1. Forall q2: cylinder!2. And(metal!1 left!0!1 right!0!2)
Candidate Name: /home/ubuntu/vdp-tool-chain-repo/data/inference-outputs/devoicing-fovariant-12-swap/test/0.json

Candidate: c2
Concept: Exists q0: cube!0. Exists q1: cube!1. Forall q2: cylinder!2. And(metal!0 left!1!0 right!1!2)
Candidate Name: /home/ubuntu/vdp-tool-chain-repo/data/inference-outputs/devoicing-fovariant-12-swap/test/0.json

Candidate: c2
Concept: Exists q0: cube!0. Exists q1: cube!1. Forall q2: cylinder!2. And(metal!0 left!1!0 left!2!1)
Candidate Name: /home/ubuntu/vdp-tool-chain-repo/data/inference-outputs/devoicing-fovariant-12-swap/test/0.json

Candidate: c2
Concept: Exists q0: cube!0. Exists q1: cube!1. Forall q2: cylinder!2. And(metal!0 right!0!1 right!1!2)
Candidate Name: /home/ubuntu/vdp-tool-chain-repo/data/inference-outputs/devoicing-fovariant-12-swap/test/0.json

Candidate: c2
Concept: Exists q0: cube!0. Exists q1: cube!1. Forall q2: cylinder!2. And(metal!0 left!2!1 right!0!1)
Candidate Name: /home/ubuntu/vdp-tool-chain-repo/data/inference-outputs/devoicing-fovariant-12-swap/test/0.json

No discriminator found for puzzle /home/ubuntu/vdp-tool-chain-repo/data/inference-outputs/devoicing-fovariant-12-swap.
The scores were [0.003804282983686709, 0.0046150253067044535, 0.00424456773260392].
Best concept is @ idx 0 ie: /home/ubuntu/vdp-tool-chain-repo/data/output/images/devoicing-fovariant-12-swap/CLEVR_devoicing-fovariant-12-swap_000000.png
