Candidate: c2
Concept: Forall q0: cylinder!0. Exists q1: sphere!1. Exists q2: sphere!2. And(same_material!0!1 metal!2 rubber!1 right!1!0 right!2!1 same_size!0!1 same_size!1!0 same_size!2!0)
Candidate Name: /home/ubuntu/vdp-tool-chain-repo/data/inference-outputs/devoicing-fovariant-17/test/0.json

Candidate: c2
Concept: Forall q0: cylinder!0. Exists q1: sphere!1. Exists q2: sphere!2. And(metal!2 right!1!0 right!2!1)
Candidate Name: /home/ubuntu/vdp-tool-chain-repo/data/inference-outputs/devoicing-fovariant-17/test/0.json

Candidate: c2
Concept: Forall q0: cylinder!0. Exists q1: sphere!1. Exists q2: sphere!2. And(metal!2 right!1!0 left!1!2)
Candidate Name: /home/ubuntu/vdp-tool-chain-repo/data/inference-outputs/devoicing-fovariant-17/test/0.json

Candidate: c2
Concept: Forall q0: cylinder!0. Exists q1: sphere!1. Exists q2: sphere!2. And(metal!2 right!2!1 left!0!1)
Candidate Name: /home/ubuntu/vdp-tool-chain-repo/data/inference-outputs/devoicing-fovariant-17/test/0.json

Candidate: c2
Concept: Forall q0: cylinder!0. Exists q1: sphere!1. Exists q2: sphere!2. And(metal!2 left!0!1 left!1!2)
Candidate Name: /home/ubuntu/vdp-tool-chain-repo/data/inference-outputs/devoicing-fovariant-17/test/0.json

Candidate: c2
Concept: Forall q0: cylinder!0. Exists q1: sphere!1. Exists q2: sphere!2. And(metal!1 right!1!2 left!0!2)
Candidate Name: /home/ubuntu/vdp-tool-chain-repo/data/inference-outputs/devoicing-fovariant-17/test/0.json

Candidate: c2
Concept: Forall q0: cylinder!0. Exists q1: sphere!1. Exists q2: sphere!2. And(metal!1 left!0!2 left!2!1)
Candidate Name: /home/ubuntu/vdp-tool-chain-repo/data/inference-outputs/devoicing-fovariant-17/test/0.json

Candidate: c2
Concept: Forall q0: cylinder!0. Exists q1: sphere!1. Exists q2: sphere!2. And(metal!1 right!1!2 right!2!0)
Candidate Name: /home/ubuntu/vdp-tool-chain-repo/data/inference-outputs/devoicing-fovariant-17/test/0.json

Candidate: c2
Concept: Forall q0: cylinder!0. Exists q1: sphere!1. Exists q2: sphere!2. And(metal!1 right!2!0 left!2!1)
Candidate Name: /home/ubuntu/vdp-tool-chain-repo/data/inference-outputs/devoicing-fovariant-17/test/0.json

Candidate: c2
Concept: Exists q0: sphere!0. Forall q1: cylinder!1. Exists q2: sphere!2. And(metal!2 right!2!0 left!1!0)
Candidate Name: /home/ubuntu/vdp-tool-chain-repo/data/inference-outputs/devoicing-fovariant-17/test/0.json

Candidate: c2
Concept: Exists q0: sphere!0. Forall q1: cylinder!1. Exists q2: sphere!2. And(metal!2 left!0!2 left!1!0)
Candidate Name: /home/ubuntu/vdp-tool-chain-repo/data/inference-outputs/devoicing-fovariant-17/test/0.json

Candidate: c2
Concept: Exists q0: sphere!0. Forall q1: cylinder!1. Exists q2: sphere!2. And(metal!2 right!0!1 right!2!0)
Candidate Name: /home/ubuntu/vdp-tool-chain-repo/data/inference-outputs/devoicing-fovariant-17/test/0.json

Candidate: c2
Concept: Exists q0: sphere!0. Forall q1: cylinder!1. Exists q2: sphere!2. And(metal!2 right!0!1 left!0!2)
Candidate Name: /home/ubuntu/vdp-tool-chain-repo/data/inference-outputs/devoicing-fovariant-17/test/0.json

Candidate: c2
Concept: Exists q0: sphere!0. Forall q1: cylinder!1. Exists q2: sphere!2. And(metal!0 right!0!2 left!1!2)
Candidate Name: /home/ubuntu/vdp-tool-chain-repo/data/inference-outputs/devoicing-fovariant-17/test/0.json

Candidate: c2
Concept: Exists q0: sphere!0. Forall q1: cylinder!1. Exists q2: sphere!2. And(metal!0 right!0!2 right!2!1)
Candidate Name: /home/ubuntu/vdp-tool-chain-repo/data/inference-outputs/devoicing-fovariant-17/test/0.json

Candidate: c2
Concept: Exists q0: sphere!0. Forall q1: cylinder!1. Exists q2: sphere!2. And(metal!0 left!1!2 left!2!0)
Candidate Name: /home/ubuntu/vdp-tool-chain-repo/data/inference-outputs/devoicing-fovariant-17/test/0.json

Candidate: c2
Concept: Exists q0: sphere!0. Forall q1: cylinder!1. Exists q2: sphere!2. And(metal!0 right!2!1 left!2!0)
Candidate Name: /home/ubuntu/vdp-tool-chain-repo/data/inference-outputs/devoicing-fovariant-17/test/0.json

Candidate: c2
Concept: Exists q0: sphere!0. Exists q1: sphere!1. Forall q2: cylinder!2. And(metal!1 right!0!2 left!0!1)
Candidate Name: /home/ubuntu/vdp-tool-chain-repo/data/inference-outputs/devoicing-fovariant-17/test/0.json

Candidate: c2
Concept: Exists q0: sphere!0. Exists q1: sphere!1. Forall q2: cylinder!2. And(metal!1 left!0!1 left!2!0)
Candidate Name: /home/ubuntu/vdp-tool-chain-repo/data/inference-outputs/devoicing-fovariant-17/test/0.json

Candidate: c2
Concept: Exists q0: sphere!0. Exists q1: sphere!1. Forall q2: cylinder!2. And(metal!1 right!0!2 right!1!0)
Candidate Name: /home/ubuntu/vdp-tool-chain-repo/data/inference-outputs/devoicing-fovariant-17/test/0.json

Candidate: c2
Concept: Exists q0: sphere!0. Exists q1: sphere!1. Forall q2: cylinder!2. And(metal!1 right!1!0 left!2!0)
Candidate Name: /home/ubuntu/vdp-tool-chain-repo/data/inference-outputs/devoicing-fovariant-17/test/0.json

Candidate: c2
Concept: Exists q0: sphere!0. Exists q1: sphere!1. Forall q2: cylinder!2. And(metal!0 left!1!0 left!2!1)
Candidate Name: /home/ubuntu/vdp-tool-chain-repo/data/inference-outputs/devoicing-fovariant-17/test/0.json

Candidate: c2
Concept: Exists q0: sphere!0. Exists q1: sphere!1. Forall q2: cylinder!2. And(metal!0 right!1!2 left!1!0)
Candidate Name: /home/ubuntu/vdp-tool-chain-repo/data/inference-outputs/devoicing-fovariant-17/test/0.json

Candidate: c2
Concept: Exists q0: sphere!0. Exists q1: sphere!1. Forall q2: cylinder!2. And(metal!0 right!0!1 left!2!1)
Candidate Name: /home/ubuntu/vdp-tool-chain-repo/data/inference-outputs/devoicing-fovariant-17/test/0.json

Candidate: c2
Concept: Exists q0: sphere!0. Exists q1: sphere!1. Forall q2: cylinder!2. And(metal!0 right!0!1 right!1!2)
Candidate Name: /home/ubuntu/vdp-tool-chain-repo/data/inference-outputs/devoicing-fovariant-17/test/0.json

No discriminator found for puzzle /home/ubuntu/vdp-tool-chain-repo/data/inference-outputs/devoicing-fovariant-17.
The scores were [0.01714758720370655, 0.0066184233598032835, 0.5435760683920865].
Best concept is @ idx 1 ie: /home/ubuntu/vdp-tool-chain-repo/data/output/images/devoicing-fovariant-17/CLEVR_devoicing-fovariant-17_000001.png
