Candidate: c2
Concept: Exists q0: cube!0. Exists q1: cube!1. And(right!0!1 cyan!1)
Candidate Name: /home/ubuntu/vdp-tool-chain-repo/data/inference-outputs/alternate-color-fovariant-1/test/0.json

Candidate: c2
Concept: Exists q0: cube!0. Exists q1: cube!1. And(right!1!0 purple!1)
Candidate Name: /home/ubuntu/vdp-tool-chain-repo/data/inference-outputs/alternate-color-fovariant-1/test/0.json

Candidate: c2
Concept: Exists q0: cube!0. Exists q1: cube!1. And(left!0!1 purple!1)
Candidate Name: /home/ubuntu/vdp-tool-chain-repo/data/inference-outputs/alternate-color-fovariant-1/test/0.json

Candidate: c2
Concept: Exists q0: cube!0. Exists q1: cube!1. And(right!1!0 cyan!0)
Candidate Name: /home/ubuntu/vdp-tool-chain-repo/data/inference-outputs/alternate-color-fovariant-1/test/0.json

Candidate: c2
Concept: Exists q0: cube!0. Exists q1: cube!1. And(left!0!1 cyan!0)
Candidate Name: /home/ubuntu/vdp-tool-chain-repo/data/inference-outputs/alternate-color-fovariant-1/test/0.json

Candidate: c2
Concept: Exists q0: cube!0. Exists q1: cube!1. And(right!0!1 purple!0)
Candidate Name: /home/ubuntu/vdp-tool-chain-repo/data/inference-outputs/alternate-color-fovariant-1/test/0.json

Candidate: c2
Concept: Exists q0: cube!0. Exists q1: cube!1. And(left!1!0 purple!0)
Candidate Name: /home/ubuntu/vdp-tool-chain-repo/data/inference-outputs/alternate-color-fovariant-1/test/0.json

Candidate: c2
Concept: Exists q0: cube!0. Exists q1: cube!1. And(left!1!0 cyan!1)
Candidate Name: /home/ubuntu/vdp-tool-chain-repo/data/inference-outputs/alternate-color-fovariant-1/test/0.json

No discriminator found for puzzle /home/ubuntu/vdp-tool-chain-repo/data/inference-outputs/alternate-color-fovariant-1.
The scores were [0.005460181975587004, 0.007211700405908743, 0.008787708183177844].
Best concept is @ idx 0 ie: /home/ubuntu/vdp-tool-chain-repo/data/output/images/alternate-color-fovariant-1/CLEVR_alternate-color-fovariant-1_000000.png
