Candidate: c2
Concept: Exists q0: cylinder!0. Forall q1: sphere!1. Exists q2: cylinder!2. And(right!1!0 right!2!1)
Candidate Name: /home/ubuntu/vdp-tool-chain-repo/data/inference-outputs/circle-at-ends-fovariant-23-swap/test/0.json

Candidate: c2
Concept: Exists q0: cylinder!0. Exists q1: cylinder!1. Forall q2: sphere!2. And(left!0!2 left!2!1)
Candidate Name: /home/ubuntu/vdp-tool-chain-repo/data/inference-outputs/circle-at-ends-fovariant-23-swap/test/0.json

Candidate: c2
Concept: Exists q0: cylinder!0. Exists q1: cylinder!1. Forall q2: sphere!2. And(right!0!2 right!2!1)
Candidate Name: /home/ubuntu/vdp-tool-chain-repo/data/inference-outputs/circle-at-ends-fovariant-23-swap/test/0.json

Candidate: c2
Concept: Exists q0: cylinder!0. Exists q1: cylinder!1. Forall q2: sphere!2. And(right!2!1 left!2!0)
Candidate Name: /home/ubuntu/vdp-tool-chain-repo/data/inference-outputs/circle-at-ends-fovariant-23-swap/test/0.json

Candidate: c2
Concept: Exists q0: cylinder!0. Exists q1: cylinder!1. Forall q2: sphere!2. And(left!1!2 left!2!0)
Candidate Name: /home/ubuntu/vdp-tool-chain-repo/data/inference-outputs/circle-at-ends-fovariant-23-swap/test/0.json

Candidate: c2
Concept: Exists q0: cylinder!0. Exists q1: cylinder!1. Forall q2: sphere!2. And(right!0!2 left!1!2)
Candidate Name: /home/ubuntu/vdp-tool-chain-repo/data/inference-outputs/circle-at-ends-fovariant-23-swap/test/0.json

Candidate: c2
Concept: Exists q0: cylinder!0. Exists q1: cylinder!1. Forall q2: sphere!2. And(right!2!0 left!2!1)
Candidate Name: /home/ubuntu/vdp-tool-chain-repo/data/inference-outputs/circle-at-ends-fovariant-23-swap/test/0.json

Candidate: c2
Concept: Exists q0: cylinder!0. Exists q1: cylinder!1. Forall q2: sphere!2. And(right!1!2 right!2!0)
Candidate Name: /home/ubuntu/vdp-tool-chain-repo/data/inference-outputs/circle-at-ends-fovariant-23-swap/test/0.json

Candidate: c2
Concept: Exists q0: cylinder!0. Exists q1: cylinder!1. Forall q2: sphere!2. And(right!1!2 left!0!2)
Candidate Name: /home/ubuntu/vdp-tool-chain-repo/data/inference-outputs/circle-at-ends-fovariant-23-swap/test/0.json

Candidate: c2
Concept: Forall q0: sphere!0. Exists q1: cylinder!1. Exists q2: cylinder!2. And(right!2!0 left!1!0)
Candidate Name: /home/ubuntu/vdp-tool-chain-repo/data/inference-outputs/circle-at-ends-fovariant-23-swap/test/0.json

Candidate: c2
Concept: Forall q0: sphere!0. Exists q1: cylinder!1. Exists q2: cylinder!2. And(right!0!1 right!2!0)
Candidate Name: /home/ubuntu/vdp-tool-chain-repo/data/inference-outputs/circle-at-ends-fovariant-23-swap/test/0.json

Candidate: c2
Concept: Forall q0: sphere!0. Exists q1: cylinder!1. Exists q2: cylinder!2. And(right!0!1 left!0!2)
Candidate Name: /home/ubuntu/vdp-tool-chain-repo/data/inference-outputs/circle-at-ends-fovariant-23-swap/test/0.json

Candidate: c2
Concept: Forall q0: sphere!0. Exists q1: cylinder!1. Exists q2: cylinder!2. And(left!0!2 left!1!0)
Candidate Name: /home/ubuntu/vdp-tool-chain-repo/data/inference-outputs/circle-at-ends-fovariant-23-swap/test/0.json

Candidate: c2
Concept: Forall q0: sphere!0. Exists q1: cylinder!1. Exists q2: cylinder!2. And(left!0!1 left!2!0)
Candidate Name: /home/ubuntu/vdp-tool-chain-repo/data/inference-outputs/circle-at-ends-fovariant-23-swap/test/0.json

Candidate: c2
Concept: Forall q0: sphere!0. Exists q1: cylinder!1. Exists q2: cylinder!2. And(right!1!0 left!2!0)
Candidate Name: /home/ubuntu/vdp-tool-chain-repo/data/inference-outputs/circle-at-ends-fovariant-23-swap/test/0.json

Candidate: c2
Concept: Forall q0: sphere!0. Exists q1: cylinder!1. Exists q2: cylinder!2. And(right!0!2 right!1!0)
Candidate Name: /home/ubuntu/vdp-tool-chain-repo/data/inference-outputs/circle-at-ends-fovariant-23-swap/test/0.json

Candidate: c2
Concept: Forall q0: sphere!0. Exists q1: cylinder!1. Exists q2: cylinder!2. And(right!0!2 left!0!1)
Candidate Name: /home/ubuntu/vdp-tool-chain-repo/data/inference-outputs/circle-at-ends-fovariant-23-swap/test/0.json

Candidate: c2
Concept: Exists q0: cylinder!0. Forall q1: sphere!1. Exists q2: cylinder!2. And(right!0!1 right!1!2)
Candidate Name: /home/ubuntu/vdp-tool-chain-repo/data/inference-outputs/circle-at-ends-fovariant-23-swap/test/0.json

Candidate: c2
Concept: Exists q0: cylinder!0. Forall q1: sphere!1. Exists q2: cylinder!2. And(right!0!1 left!2!1)
Candidate Name: /home/ubuntu/vdp-tool-chain-repo/data/inference-outputs/circle-at-ends-fovariant-23-swap/test/0.json

Candidate: c2
Concept: Exists q0: cylinder!0. Forall q1: sphere!1. Exists q2: cylinder!2. And(right!1!2 left!1!0)
Candidate Name: /home/ubuntu/vdp-tool-chain-repo/data/inference-outputs/circle-at-ends-fovariant-23-swap/test/0.json

Candidate: c2
Concept: Exists q0: cylinder!0. Forall q1: sphere!1. Exists q2: cylinder!2. And(left!1!0 left!2!1)
Candidate Name: /home/ubuntu/vdp-tool-chain-repo/data/inference-outputs/circle-at-ends-fovariant-23-swap/test/0.json

Candidate: c2
Concept: Exists q0: cylinder!0. Forall q1: sphere!1. Exists q2: cylinder!2. And(right!2!1 left!0!1)
Candidate Name: /home/ubuntu/vdp-tool-chain-repo/data/inference-outputs/circle-at-ends-fovariant-23-swap/test/0.json

Candidate: c2
Concept: Exists q0: cylinder!0. Forall q1: sphere!1. Exists q2: cylinder!2. And(left!0!1 left!1!2)
Candidate Name: /home/ubuntu/vdp-tool-chain-repo/data/inference-outputs/circle-at-ends-fovariant-23-swap/test/0.json

Candidate: c2
Concept: Exists q0: cylinder!0. Forall q1: sphere!1. Exists q2: cylinder!2. And(right!1!0 left!1!2)
Candidate Name: /home/ubuntu/vdp-tool-chain-repo/data/inference-outputs/circle-at-ends-fovariant-23-swap/test/0.json

No discriminator found for puzzle /home/ubuntu/vdp-tool-chain-repo/data/inference-outputs/circle-at-ends-fovariant-23-swap.
The scores were [0.03883308542826845, 0.058939870197840825, 0.04289865822201101].
Best concept is @ idx 0 ie: /home/ubuntu/vdp-tool-chain-repo/data/output/images/circle-at-ends-fovariant-23-swap/CLEVR_circle-at-ends-fovariant-23-swap_000000.png
