Candidate: c2
Concept: Exists q0: sphere!0. Exists q1: cube!1. And(metal!1 behind!0!1)
Candidate Name: /home/ubuntu/vdp-tool-chain-repo/data/inference-outputs/spy-fovariant-1-swap/test/0.json

Candidate: c2
Concept: Exists q0: sphere!0. Exists q1: cube!1. And(front!1!0)
Candidate Name: /home/ubuntu/vdp-tool-chain-repo/data/inference-outputs/spy-fovariant-1-swap/test/0.json

Candidate: c2
Concept: Exists q0: sphere!0. Exists q1: cube!1. And(behind!0!1)
Candidate Name: /home/ubuntu/vdp-tool-chain-repo/data/inference-outputs/spy-fovariant-1-swap/test/0.json

Candidate: c2
Concept: Exists q0: cube!0. Exists q1: sphere!1. And(front!0!1)
Candidate Name: /home/ubuntu/vdp-tool-chain-repo/data/inference-outputs/spy-fovariant-1-swap/test/0.json

Candidate: c2
Concept: Exists q0: cube!0. Exists q1: sphere!1. And(behind!1!0)
Candidate Name: /home/ubuntu/vdp-tool-chain-repo/data/inference-outputs/spy-fovariant-1-swap/test/0.json

Candidate: c2
Concept: Forall q0: cube!0. Exists q1: sphere!1. And(front!0!1)
Candidate Name: /home/ubuntu/vdp-tool-chain-repo/data/inference-outputs/spy-fovariant-1-swap/test/0.json

Candidate: c2
Concept: Forall q0: cube!0. Exists q1: sphere!1. And(behind!1!0)
Candidate Name: /home/ubuntu/vdp-tool-chain-repo/data/inference-outputs/spy-fovariant-1-swap/test/0.json

Candidate: c2
Concept: Exists q0: sphere!0. Forall q1: cube!1. And(front!1!0)
Candidate Name: /home/ubuntu/vdp-tool-chain-repo/data/inference-outputs/spy-fovariant-1-swap/test/0.json

Candidate: c2
Concept: Exists q0: sphere!0. Forall q1: cube!1. And(behind!0!1)
Candidate Name: /home/ubuntu/vdp-tool-chain-repo/data/inference-outputs/spy-fovariant-1-swap/test/0.json

No discriminator found for puzzle /home/ubuntu/vdp-tool-chain-repo/data/inference-outputs/spy-fovariant-1-swap.
The scores were [0.5938827106677859, 0.03214146624110302, 0.5933338181866892].
Best concept is @ idx 1 ie: /home/ubuntu/vdp-tool-chain-repo/data/output/images/spy-fovariant-1-swap/CLEVR_spy-fovariant-1-swap_000001.png
