Candidate: c2
Concept: Forall q0: cube!0. Exists q1: sphere!1. And(right!0!1 metal!1)
Candidate Name: /home/ubuntu/vdp-tool-chain-repo/data/inference-outputs/train-fovariant-0/test/0.json

Candidate: c2
Concept: Forall q0: cube!0. Exists q1: sphere!1. And(metal!1 left!1!0)
Candidate Name: /home/ubuntu/vdp-tool-chain-repo/data/inference-outputs/train-fovariant-0/test/0.json

Candidate: c2
Concept: Exists q0: sphere!0. Forall q1: cube!1. And(right!1!0 metal!0)
Candidate Name: /home/ubuntu/vdp-tool-chain-repo/data/inference-outputs/train-fovariant-0/test/0.json

Candidate: c2
Concept: Exists q0: sphere!0. Forall q1: cube!1. And(metal!0 left!0!1)
Candidate Name: /home/ubuntu/vdp-tool-chain-repo/data/inference-outputs/train-fovariant-0/test/0.json

Candidate: c2
Concept: Forall q0: sphere!0. Forall q1: cube!1. And(right!1!0 metal!0)
Candidate Name: /home/ubuntu/vdp-tool-chain-repo/data/inference-outputs/train-fovariant-0/test/0.json

Candidate: c2
Concept: Forall q0: sphere!0. Forall q1: cube!1. And(metal!0 left!0!1)
Candidate Name: /home/ubuntu/vdp-tool-chain-repo/data/inference-outputs/train-fovariant-0/test/0.json

Candidate: c2
Concept: Forall q0: cube!0. Forall q1: sphere!1. And(metal!1 left!1!0)
Candidate Name: /home/ubuntu/vdp-tool-chain-repo/data/inference-outputs/train-fovariant-0/test/0.json

Candidate: c2
Concept: Forall q0: cube!0. Forall q1: sphere!1. And(right!0!1 metal!1)
Candidate Name: /home/ubuntu/vdp-tool-chain-repo/data/inference-outputs/train-fovariant-0/test/0.json

No discriminator found for puzzle /home/ubuntu/vdp-tool-chain-repo/data/inference-outputs/train-fovariant-0.
The scores were [0.038973479271523996, 0.047983442267730936, 0.11365883911980187].
Best concept is @ idx 0 ie: /home/ubuntu/vdp-tool-chain-repo/data/output/images/train-fovariant-0/CLEVR_train-fovariant-0_000000.png
