Candidate: c2
Concept: Exists q0: cube!0. Forall q1: cube!1. Exists q2: cube!2. And(right!0!2 same_color!2!1)
Candidate Name: /home/ubuntu/vdp-tool-chain-repo/data/inference-outputs/threepack-fovariant-8/test/0.json

Candidate: c2
Concept: Forall q0: cube!0. Exists q1: cube!1. Exists q2: cube!2. And(right!2!1 same_color!0!2)
Candidate Name: /home/ubuntu/vdp-tool-chain-repo/data/inference-outputs/threepack-fovariant-8/test/0.json

Candidate: c2
Concept: Forall q0: cube!0. Exists q1: cube!1. Exists q2: cube!2. And(left!1!2 same_color!0!2)
Candidate Name: /home/ubuntu/vdp-tool-chain-repo/data/inference-outputs/threepack-fovariant-8/test/0.json

Candidate: c2
Concept: Forall q0: cube!0. Exists q1: cube!1. Exists q2: cube!2. And(left!1!2 same_color!2!0)
Candidate Name: /home/ubuntu/vdp-tool-chain-repo/data/inference-outputs/threepack-fovariant-8/test/0.json

Candidate: c2
Concept: Forall q0: cube!0. Exists q1: cube!1. Exists q2: cube!2. And(right!2!1 same_color!2!0)
Candidate Name: /home/ubuntu/vdp-tool-chain-repo/data/inference-outputs/threepack-fovariant-8/test/0.json

Candidate: c2
Concept: Forall q0: cube!0. Exists q1: cube!1. Exists q2: cube!2. And(right!2!1 same_color!1!0)
Candidate Name: /home/ubuntu/vdp-tool-chain-repo/data/inference-outputs/threepack-fovariant-8/test/0.json

Candidate: c2
Concept: Forall q0: cube!0. Exists q1: cube!1. Exists q2: cube!2. And(right!2!1 same_color!0!1)
Candidate Name: /home/ubuntu/vdp-tool-chain-repo/data/inference-outputs/threepack-fovariant-8/test/0.json

Candidate: c2
Concept: Forall q0: cube!0. Exists q1: cube!1. Exists q2: cube!2. And(right!1!2 same_color!1!0)
Candidate Name: /home/ubuntu/vdp-tool-chain-repo/data/inference-outputs/threepack-fovariant-8/test/0.json

Candidate: c2
Concept: Forall q0: cube!0. Exists q1: cube!1. Exists q2: cube!2. And(left!2!1 same_color!1!0)
Candidate Name: /home/ubuntu/vdp-tool-chain-repo/data/inference-outputs/threepack-fovariant-8/test/0.json

Candidate: c2
Concept: Forall q0: cube!0. Exists q1: cube!1. Exists q2: cube!2. And(right!1!2 same_color!0!2)
Candidate Name: /home/ubuntu/vdp-tool-chain-repo/data/inference-outputs/threepack-fovariant-8/test/0.json

Candidate: c2
Concept: Forall q0: cube!0. Exists q1: cube!1. Exists q2: cube!2. And(left!2!1 same_color!0!2)
Candidate Name: /home/ubuntu/vdp-tool-chain-repo/data/inference-outputs/threepack-fovariant-8/test/0.json

Candidate: c2
Concept: Forall q0: cube!0. Exists q1: cube!1. Exists q2: cube!2. And(right!1!2 same_color!0!1)
Candidate Name: /home/ubuntu/vdp-tool-chain-repo/data/inference-outputs/threepack-fovariant-8/test/0.json

Candidate: c2
Concept: Forall q0: cube!0. Exists q1: cube!1. Exists q2: cube!2. And(right!1!2 same_color!2!0)
Candidate Name: /home/ubuntu/vdp-tool-chain-repo/data/inference-outputs/threepack-fovariant-8/test/0.json

Candidate: c2
Concept: Forall q0: cube!0. Exists q1: cube!1. Exists q2: cube!2. And(left!2!1 same_color!0!1)
Candidate Name: /home/ubuntu/vdp-tool-chain-repo/data/inference-outputs/threepack-fovariant-8/test/0.json

Candidate: c2
Concept: Forall q0: cube!0. Exists q1: cube!1. Exists q2: cube!2. And(left!2!1 same_color!2!0)
Candidate Name: /home/ubuntu/vdp-tool-chain-repo/data/inference-outputs/threepack-fovariant-8/test/0.json

Candidate: c2
Concept: Forall q0: cube!0. Exists q1: cube!1. Exists q2: cube!2. And(left!1!2 same_color!1!0)
Candidate Name: /home/ubuntu/vdp-tool-chain-repo/data/inference-outputs/threepack-fovariant-8/test/0.json

Candidate: c2
Concept: Forall q0: cube!0. Exists q1: cube!1. Exists q2: cube!2. And(left!1!2 same_color!0!1)
Candidate Name: /home/ubuntu/vdp-tool-chain-repo/data/inference-outputs/threepack-fovariant-8/test/0.json

Candidate: c2
Concept: Exists q0: cube!0. Forall q1: cube!1. Exists q2: cube!2. And(same_color!2!0 same_color!2!1)
Candidate Name: /home/ubuntu/vdp-tool-chain-repo/data/inference-outputs/threepack-fovariant-8/test/0.json

Candidate: c2
Concept: Exists q0: cube!0. Forall q1: cube!1. Exists q2: cube!2. And(same_color!1!2 same_color!2!0)
Candidate Name: /home/ubuntu/vdp-tool-chain-repo/data/inference-outputs/threepack-fovariant-8/test/0.json

Candidate: c2
Concept: Exists q0: cube!0. Forall q1: cube!1. Exists q2: cube!2. And(disequal!1!2 same_color!2!0)
Candidate Name: /home/ubuntu/vdp-tool-chain-repo/data/inference-outputs/threepack-fovariant-8/test/0.json

Candidate: c2
Concept: Exists q0: cube!0. Forall q1: cube!1. Exists q2: cube!2. And(disequal!2!1 same_color!2!0)
Candidate Name: /home/ubuntu/vdp-tool-chain-repo/data/inference-outputs/threepack-fovariant-8/test/0.json

Candidate: c2
Concept: Exists q0: cube!0. Forall q1: cube!1. Exists q2: cube!2. And(disequal!1!2 same_color!0!2)
Candidate Name: /home/ubuntu/vdp-tool-chain-repo/data/inference-outputs/threepack-fovariant-8/test/0.json

Candidate: c2
Concept: Exists q0: cube!0. Forall q1: cube!1. Exists q2: cube!2. And(disequal!0!2 same_color!1!2)
Candidate Name: /home/ubuntu/vdp-tool-chain-repo/data/inference-outputs/threepack-fovariant-8/test/0.json

Candidate: c2
Concept: Exists q0: cube!0. Forall q1: cube!1. Exists q2: cube!2. And(disequal!2!0 same_color!1!2)
Candidate Name: /home/ubuntu/vdp-tool-chain-repo/data/inference-outputs/threepack-fovariant-8/test/0.json

Candidate: c2
Concept: Exists q0: cube!0. Forall q1: cube!1. Exists q2: cube!2. And(right!2!0 same_color!1!2)
Candidate Name: /home/ubuntu/vdp-tool-chain-repo/data/inference-outputs/threepack-fovariant-8/test/0.json

Candidate: c2
Concept: Exists q0: cube!0. Forall q1: cube!1. Exists q2: cube!2. And(right!2!0 same_color!2!1)
Candidate Name: /home/ubuntu/vdp-tool-chain-repo/data/inference-outputs/threepack-fovariant-8/test/0.json

Candidate: c2
Concept: Exists q0: cube!0. Forall q1: cube!1. Exists q2: cube!2. And(left!0!2 same_color!1!2)
Candidate Name: /home/ubuntu/vdp-tool-chain-repo/data/inference-outputs/threepack-fovariant-8/test/0.json

Candidate: c2
Concept: Exists q0: cube!0. Forall q1: cube!1. Exists q2: cube!2. And(left!0!2 same_color!2!1)
Candidate Name: /home/ubuntu/vdp-tool-chain-repo/data/inference-outputs/threepack-fovariant-8/test/0.json

Candidate: c2
Concept: Exists q0: cube!0. Forall q1: cube!1. Exists q2: cube!2. And(disequal!0!2 same_color!2!1)
Candidate Name: /home/ubuntu/vdp-tool-chain-repo/data/inference-outputs/threepack-fovariant-8/test/0.json

Candidate: c2
Concept: Exists q0: cube!0. Forall q1: cube!1. Exists q2: cube!2. And(disequal!2!0 same_color!2!1)
Candidate Name: /home/ubuntu/vdp-tool-chain-repo/data/inference-outputs/threepack-fovariant-8/test/0.json

Candidate: c2
Concept: Exists q0: cube!0. Forall q1: cube!1. Exists q2: cube!2. And(disequal!2!1 same_color!0!2)
Candidate Name: /home/ubuntu/vdp-tool-chain-repo/data/inference-outputs/threepack-fovariant-8/test/0.json

Candidate: c2
Concept: Exists q0: cube!0. Forall q1: cube!1. Exists q2: cube!2. And(same_color!0!2 same_color!1!2)
Candidate Name: /home/ubuntu/vdp-tool-chain-repo/data/inference-outputs/threepack-fovariant-8/test/0.json

Candidate: c2
Concept: Exists q0: cube!0. Forall q1: cube!1. Exists q2: cube!2. And(same_color!0!2 same_color!2!1)
Candidate Name: /home/ubuntu/vdp-tool-chain-repo/data/inference-outputs/threepack-fovariant-8/test/0.json

Candidate: c2
Concept: Forall q0: cube!0. Forall q1: cube!1. Exists q2: cube!2. And(disequal!0!2 same_color!1!2)
Candidate Name: /home/ubuntu/vdp-tool-chain-repo/data/inference-outputs/threepack-fovariant-8/test/0.json

Candidate: c2
Concept: Forall q0: cube!0. Forall q1: cube!1. Exists q2: cube!2. And(disequal!2!0 same_color!1!2)
Candidate Name: /home/ubuntu/vdp-tool-chain-repo/data/inference-outputs/threepack-fovariant-8/test/0.json

Candidate: c2
Concept: Forall q0: cube!0. Forall q1: cube!1. Exists q2: cube!2. And(disequal!0!2 same_color!2!1)
Candidate Name: /home/ubuntu/vdp-tool-chain-repo/data/inference-outputs/threepack-fovariant-8/test/0.json

Candidate: c2
Concept: Forall q0: cube!0. Forall q1: cube!1. Exists q2: cube!2. And(disequal!2!0 same_color!2!1)
Candidate Name: /home/ubuntu/vdp-tool-chain-repo/data/inference-outputs/threepack-fovariant-8/test/0.json

Candidate: c2
Concept: Forall q0: cube!0. Forall q1: cube!1. Exists q2: cube!2. And(disequal!1!2 same_color!0!2)
Candidate Name: /home/ubuntu/vdp-tool-chain-repo/data/inference-outputs/threepack-fovariant-8/test/0.json

Candidate: c2
Concept: Forall q0: cube!0. Forall q1: cube!1. Exists q2: cube!2. And(disequal!2!1 same_color!0!2)
Candidate Name: /home/ubuntu/vdp-tool-chain-repo/data/inference-outputs/threepack-fovariant-8/test/0.json

Candidate: c2
Concept: Forall q0: cube!0. Forall q1: cube!1. Exists q2: cube!2. And(disequal!1!2 same_color!2!0)
Candidate Name: /home/ubuntu/vdp-tool-chain-repo/data/inference-outputs/threepack-fovariant-8/test/0.json

Candidate: c2
Concept: Forall q0: cube!0. Forall q1: cube!1. Exists q2: cube!2. And(disequal!2!1 same_color!2!0)
Candidate Name: /home/ubuntu/vdp-tool-chain-repo/data/inference-outputs/threepack-fovariant-8/test/0.json

Candidate: c2
Concept: Forall q0: cube!0. Forall q1: cube!1. Exists q2: cube!2. And(same_color!1!2 same_color!2!0)
Candidate Name: /home/ubuntu/vdp-tool-chain-repo/data/inference-outputs/threepack-fovariant-8/test/0.json

Candidate: c2
Concept: Forall q0: cube!0. Forall q1: cube!1. Exists q2: cube!2. And(same_color!0!2 same_color!1!2)
Candidate Name: /home/ubuntu/vdp-tool-chain-repo/data/inference-outputs/threepack-fovariant-8/test/0.json

Candidate: c2
Concept: Forall q0: cube!0. Forall q1: cube!1. Exists q2: cube!2. And(same_color!2!0 same_color!2!1)
Candidate Name: /home/ubuntu/vdp-tool-chain-repo/data/inference-outputs/threepack-fovariant-8/test/0.json

Candidate: c2
Concept: Forall q0: cube!0. Forall q1: cube!1. Exists q2: cube!2. And(same_color!0!2 same_color!2!1)
Candidate Name: /home/ubuntu/vdp-tool-chain-repo/data/inference-outputs/threepack-fovariant-8/test/0.json

Candidate: c2
Concept: Exists q0: cube!0. Forall q1: cube!1. Exists q2: cube!2. And(right!0!2 same_color!1!2)
Candidate Name: /home/ubuntu/vdp-tool-chain-repo/data/inference-outputs/threepack-fovariant-8/test/0.json

Candidate: c2
Concept: Exists q0: cube!0. Forall q1: cube!1. Exists q2: cube!2. And(left!2!0 same_color!1!2)
Candidate Name: /home/ubuntu/vdp-tool-chain-repo/data/inference-outputs/threepack-fovariant-8/test/0.json

Candidate: c2
Concept: Exists q0: cube!0. Forall q1: cube!1. Exists q2: cube!2. And(left!2!0 same_color!2!1)
Candidate Name: /home/ubuntu/vdp-tool-chain-repo/data/inference-outputs/threepack-fovariant-8/test/0.json

No discriminator found for puzzle /home/ubuntu/vdp-tool-chain-repo/data/inference-outputs/threepack-fovariant-8.
The scores were [0.05857873235997811, 0.14186274042211422, 0.03844965362114913].
Best concept is @ idx 2 ie: /home/ubuntu/vdp-tool-chain-repo/data/output/images/threepack-fovariant-8/CLEVR_threepack-fovariant-8_000002.png
