Candidate: c2
Concept: Forall q0: cube!0. Exists q1: cylinder!1. And(metal!1 left!1!0)
Candidate Name: /home/ubuntu/vdp-tool-chain-repo/data/inference-outputs/train-fovariant-23-swap/test/0.json

Candidate: c2
Concept: Forall q0: cube!0. Exists q1: cylinder!1. And(metal!1 right!0!1)
Candidate Name: /home/ubuntu/vdp-tool-chain-repo/data/inference-outputs/train-fovariant-23-swap/test/0.json

Candidate: c2
Concept: Exists q0: cylinder!0. Forall q1: cube!1. And(metal!0 left!0!1)
Candidate Name: /home/ubuntu/vdp-tool-chain-repo/data/inference-outputs/train-fovariant-23-swap/test/0.json

Candidate: c2
Concept: Exists q0: cylinder!0. Forall q1: cube!1. And(metal!0 right!1!0)
Candidate Name: /home/ubuntu/vdp-tool-chain-repo/data/inference-outputs/train-fovariant-23-swap/test/0.json

Candidate: c2
Concept: Forall q0: cylinder!0. Forall q1: cube!1. And(metal!0 left!0!1)
Candidate Name: /home/ubuntu/vdp-tool-chain-repo/data/inference-outputs/train-fovariant-23-swap/test/0.json

Candidate: c2
Concept: Forall q0: cylinder!0. Forall q1: cube!1. And(metal!0 right!1!0)
Candidate Name: /home/ubuntu/vdp-tool-chain-repo/data/inference-outputs/train-fovariant-23-swap/test/0.json

Candidate: c2
Concept: Forall q0: cube!0. Forall q1: cylinder!1. And(metal!1 left!1!0)
Candidate Name: /home/ubuntu/vdp-tool-chain-repo/data/inference-outputs/train-fovariant-23-swap/test/0.json

Candidate: c2
Concept: Forall q0: cube!0. Forall q1: cylinder!1. And(metal!1 right!0!1)
Candidate Name: /home/ubuntu/vdp-tool-chain-repo/data/inference-outputs/train-fovariant-23-swap/test/0.json

No discriminator found for puzzle /home/ubuntu/vdp-tool-chain-repo/data/inference-outputs/train-fovariant-23-swap.
The scores were [0.005994760051553912, 0.006378605728856453, 0.01569361997471955].
Best concept is @ idx 0 ie: /home/ubuntu/vdp-tool-chain-repo/data/output/images/train-fovariant-23-swap/CLEVR_train-fovariant-23-swap_000000.png
