Candidate: c2
Concept: Exists q0: cube!0. Exists q1: cube!1. And(gray!1 left!1!0)
Candidate Name: /home/ubuntu/vdp-tool-chain-repo/data/inference-outputs/alternate-color-fovariant-8/test/0.json

Candidate: c2
Concept: Exists q0: cube!0. Exists q1: cube!1. And(right!0!1 purple!0)
Candidate Name: /home/ubuntu/vdp-tool-chain-repo/data/inference-outputs/alternate-color-fovariant-8/test/0.json

Candidate: c2
Concept: Exists q0: cube!0. Exists q1: cube!1. And(purple!0 left!1!0)
Candidate Name: /home/ubuntu/vdp-tool-chain-repo/data/inference-outputs/alternate-color-fovariant-8/test/0.json

Candidate: c2
Concept: Exists q0: cube!0. Exists q1: cube!1. And(gray!1 right!0!1)
Candidate Name: /home/ubuntu/vdp-tool-chain-repo/data/inference-outputs/alternate-color-fovariant-8/test/0.json

Candidate: c2
Concept: Exists q0: cube!0. Exists q1: cube!1. And(right!1!0 purple!1)
Candidate Name: /home/ubuntu/vdp-tool-chain-repo/data/inference-outputs/alternate-color-fovariant-8/test/0.json

Candidate: c2
Concept: Exists q0: cube!0. Exists q1: cube!1. And(gray!0 right!1!0)
Candidate Name: /home/ubuntu/vdp-tool-chain-repo/data/inference-outputs/alternate-color-fovariant-8/test/0.json

Candidate: c2
Concept: Exists q0: cube!0. Exists q1: cube!1. And(purple!1 left!0!1)
Candidate Name: /home/ubuntu/vdp-tool-chain-repo/data/inference-outputs/alternate-color-fovariant-8/test/0.json

Candidate: c2
Concept: Exists q0: cube!0. Exists q1: cube!1. And(gray!0 left!0!1)
Candidate Name: /home/ubuntu/vdp-tool-chain-repo/data/inference-outputs/alternate-color-fovariant-8/test/0.json

No discriminator found for puzzle /home/ubuntu/vdp-tool-chain-repo/data/inference-outputs/alternate-color-fovariant-8.
The scores were [0.00039681308907622885, 0.0028409481726779998, 0.0015083771459583513].
Best concept is @ idx 0 ie: /home/ubuntu/vdp-tool-chain-repo/data/output/images/alternate-color-fovariant-8/CLEVR_alternate-color-fovariant-8_000000.png
