Candidate: c2
Concept: Exists q0: cube!0. Exists q1: cube!1. And(cyan!1 left!1!0)
Candidate Name: /home/ubuntu/vdp-tool-chain-repo/data/inference-outputs/alternate-color-fovariant-17/test/0.json

Candidate: c2
Concept: Exists q0: cube!0. Exists q1: cube!1. And(red!0 left!1!0)
Candidate Name: /home/ubuntu/vdp-tool-chain-repo/data/inference-outputs/alternate-color-fovariant-17/test/0.json

Candidate: c2
Concept: Exists q0: cube!0. Exists q1: cube!1. And(red!0 right!0!1)
Candidate Name: /home/ubuntu/vdp-tool-chain-repo/data/inference-outputs/alternate-color-fovariant-17/test/0.json

Candidate: c2
Concept: Exists q0: cube!0. Exists q1: cube!1. And(cyan!1 right!0!1)
Candidate Name: /home/ubuntu/vdp-tool-chain-repo/data/inference-outputs/alternate-color-fovariant-17/test/0.json

Candidate: c2
Concept: Exists q0: cube!0. Exists q1: cube!1. And(cyan!0 right!1!0)
Candidate Name: /home/ubuntu/vdp-tool-chain-repo/data/inference-outputs/alternate-color-fovariant-17/test/0.json

Candidate: c2
Concept: Exists q0: cube!0. Exists q1: cube!1. And(red!1 right!1!0)
Candidate Name: /home/ubuntu/vdp-tool-chain-repo/data/inference-outputs/alternate-color-fovariant-17/test/0.json

Candidate: c2
Concept: Exists q0: cube!0. Exists q1: cube!1. And(cyan!0 left!0!1)
Candidate Name: /home/ubuntu/vdp-tool-chain-repo/data/inference-outputs/alternate-color-fovariant-17/test/0.json

Candidate: c2
Concept: Exists q0: cube!0. Exists q1: cube!1. And(red!1 left!0!1)
Candidate Name: /home/ubuntu/vdp-tool-chain-repo/data/inference-outputs/alternate-color-fovariant-17/test/0.json

No discriminator found for puzzle /home/ubuntu/vdp-tool-chain-repo/data/inference-outputs/alternate-color-fovariant-17.
The scores were [0.06356616576247018, 0.09971501206674217, 0.11956226724142413].
Best concept is @ idx 0 ie: /home/ubuntu/vdp-tool-chain-repo/data/output/images/alternate-color-fovariant-17/CLEVR_alternate-color-fovariant-17_000000.png
