Candidate: c2
Concept: Exists q0: cube!0. Exists q1: cube!1. And(brown!1 left!1!0)
Candidate Name: /home/ubuntu/vdp-tool-chain-repo/data/inference-outputs/alternate-color-fovariant-20/test/0.json

Candidate: c2
Concept: Exists q0: cube!0. Exists q1: cube!1. And(brown!0 left!0!1)
Candidate Name: /home/ubuntu/vdp-tool-chain-repo/data/inference-outputs/alternate-color-fovariant-20/test/0.json

Candidate: c2
Concept: Exists q0: cube!0. Exists q1: cube!1. And(brown!0 right!1!0)
Candidate Name: /home/ubuntu/vdp-tool-chain-repo/data/inference-outputs/alternate-color-fovariant-20/test/0.json

Candidate: c2
Concept: Exists q0: cube!0. Exists q1: cube!1. And(brown!1 right!0!1)
Candidate Name: /home/ubuntu/vdp-tool-chain-repo/data/inference-outputs/alternate-color-fovariant-20/test/0.json

Candidate: c2
Concept: Exists q0: cube!0. Exists q1: cube!1. And(blue!0 right!0!1)
Candidate Name: /home/ubuntu/vdp-tool-chain-repo/data/inference-outputs/alternate-color-fovariant-20/test/0.json

Candidate: c2
Concept: Exists q0: cube!0. Exists q1: cube!1. And(left!1!0 blue!0)
Candidate Name: /home/ubuntu/vdp-tool-chain-repo/data/inference-outputs/alternate-color-fovariant-20/test/0.json

Candidate: c2
Concept: Exists q0: cube!0. Exists q1: cube!1. And(blue!1 right!1!0)
Candidate Name: /home/ubuntu/vdp-tool-chain-repo/data/inference-outputs/alternate-color-fovariant-20/test/0.json

Candidate: c2
Concept: Exists q0: cube!0. Exists q1: cube!1. And(left!0!1 blue!1)
Candidate Name: /home/ubuntu/vdp-tool-chain-repo/data/inference-outputs/alternate-color-fovariant-20/test/0.json

No discriminator found for puzzle /home/ubuntu/vdp-tool-chain-repo/data/inference-outputs/alternate-color-fovariant-20.
The scores were [0.017474564554121916, 0.03993583730746889, 0.03384960295521273].
Best concept is @ idx 0 ie: /home/ubuntu/vdp-tool-chain-repo/data/output/images/alternate-color-fovariant-20/CLEVR_alternate-color-fovariant-20_000000.png
