Candidate: c2
Concept: Forall q0: sphere!0. Exists q1: sphere!1. Exists q2: sphere!2. And(right!2!1 same_color!2!0)
Candidate Name: /home/ubuntu/vdp-tool-chain-repo/data/inference-outputs/threepack-fovariant-11-swap/test/0.json

Candidate: c2
Concept: Forall q0: sphere!0. Exists q1: sphere!1. Exists q2: sphere!2. And(left!2!1 same_color!1!0)
Candidate Name: /home/ubuntu/vdp-tool-chain-repo/data/inference-outputs/threepack-fovariant-11-swap/test/0.json

Candidate: c2
Concept: Forall q0: sphere!0. Exists q1: sphere!1. Exists q2: sphere!2. And(right!1!2 same_color!1!0)
Candidate Name: /home/ubuntu/vdp-tool-chain-repo/data/inference-outputs/threepack-fovariant-11-swap/test/0.json

Candidate: c2
Concept: Forall q0: sphere!0. Exists q1: sphere!1. Exists q2: sphere!2. And(right!1!2 same_color!0!1)
Candidate Name: /home/ubuntu/vdp-tool-chain-repo/data/inference-outputs/threepack-fovariant-11-swap/test/0.json

Candidate: c2
Concept: Forall q0: sphere!0. Exists q1: sphere!1. Exists q2: sphere!2. And(left!2!1 same_color!0!1)
Candidate Name: /home/ubuntu/vdp-tool-chain-repo/data/inference-outputs/threepack-fovariant-11-swap/test/0.json

Candidate: c2
Concept: Forall q0: sphere!0. Exists q1: sphere!1. Exists q2: sphere!2. And(left!2!1 same_color!0!2)
Candidate Name: /home/ubuntu/vdp-tool-chain-repo/data/inference-outputs/threepack-fovariant-11-swap/test/0.json

Candidate: c2
Concept: Forall q0: sphere!0. Exists q1: sphere!1. Exists q2: sphere!2. And(right!1!2 same_color!0!2)
Candidate Name: /home/ubuntu/vdp-tool-chain-repo/data/inference-outputs/threepack-fovariant-11-swap/test/0.json

Candidate: c2
Concept: Forall q0: sphere!0. Exists q1: sphere!1. Exists q2: sphere!2. And(right!1!2 same_color!2!0)
Candidate Name: /home/ubuntu/vdp-tool-chain-repo/data/inference-outputs/threepack-fovariant-11-swap/test/0.json

Candidate: c2
Concept: Forall q0: sphere!0. Exists q1: sphere!1. Exists q2: sphere!2. And(left!2!1 same_color!2!0)
Candidate Name: /home/ubuntu/vdp-tool-chain-repo/data/inference-outputs/threepack-fovariant-11-swap/test/0.json

Candidate: c2
Concept: Exists q0: sphere!0. Forall q1: sphere!1. Exists q2: sphere!2. And(right!0!2 same_color!2!1)
Candidate Name: /home/ubuntu/vdp-tool-chain-repo/data/inference-outputs/threepack-fovariant-11-swap/test/0.json

Candidate: c2
Concept: Exists q0: sphere!0. Forall q1: sphere!1. Exists q2: sphere!2. And(right!0!2 same_color!1!2)
Candidate Name: /home/ubuntu/vdp-tool-chain-repo/data/inference-outputs/threepack-fovariant-11-swap/test/0.json

Candidate: c2
Concept: Exists q0: sphere!0. Forall q1: sphere!1. Exists q2: sphere!2. And(left!2!0 same_color!2!1)
Candidate Name: /home/ubuntu/vdp-tool-chain-repo/data/inference-outputs/threepack-fovariant-11-swap/test/0.json

Candidate: c2
Concept: Exists q0: sphere!0. Forall q1: sphere!1. Exists q2: sphere!2. And(disequal!1!2 same_color!0!2)
Candidate Name: /home/ubuntu/vdp-tool-chain-repo/data/inference-outputs/threepack-fovariant-11-swap/test/0.json

Candidate: c2
Concept: Exists q0: sphere!0. Forall q1: sphere!1. Exists q2: sphere!2. And(disequal!1!2 same_color!2!0)
Candidate Name: /home/ubuntu/vdp-tool-chain-repo/data/inference-outputs/threepack-fovariant-11-swap/test/0.json

Candidate: c2
Concept: Exists q0: sphere!0. Forall q1: sphere!1. Exists q2: sphere!2. And(disequal!2!1 same_color!0!2)
Candidate Name: /home/ubuntu/vdp-tool-chain-repo/data/inference-outputs/threepack-fovariant-11-swap/test/0.json

Candidate: c2
Concept: Exists q0: sphere!0. Forall q1: sphere!1. Exists q2: sphere!2. And(disequal!2!1 same_color!2!0)
Candidate Name: /home/ubuntu/vdp-tool-chain-repo/data/inference-outputs/threepack-fovariant-11-swap/test/0.json

Candidate: c2
Concept: Exists q0: sphere!0. Forall q1: sphere!1. Exists q2: sphere!2. And(disequal!2!0 same_color!2!1)
Candidate Name: /home/ubuntu/vdp-tool-chain-repo/data/inference-outputs/threepack-fovariant-11-swap/test/0.json

Candidate: c2
Concept: Exists q0: sphere!0. Forall q1: sphere!1. Exists q2: sphere!2. And(disequal!0!2 same_color!2!1)
Candidate Name: /home/ubuntu/vdp-tool-chain-repo/data/inference-outputs/threepack-fovariant-11-swap/test/0.json

Candidate: c2
Concept: Exists q0: sphere!0. Forall q1: sphere!1. Exists q2: sphere!2. And(same_color!0!2 same_color!2!1)
Candidate Name: /home/ubuntu/vdp-tool-chain-repo/data/inference-outputs/threepack-fovariant-11-swap/test/0.json

Candidate: c2
Concept: Exists q0: sphere!0. Forall q1: sphere!1. Exists q2: sphere!2. And(same_color!2!0 same_color!2!1)
Candidate Name: /home/ubuntu/vdp-tool-chain-repo/data/inference-outputs/threepack-fovariant-11-swap/test/0.json

Candidate: c2
Concept: Exists q0: sphere!0. Forall q1: sphere!1. Exists q2: sphere!2. And(disequal!2!0 same_color!1!2)
Candidate Name: /home/ubuntu/vdp-tool-chain-repo/data/inference-outputs/threepack-fovariant-11-swap/test/0.json

Candidate: c2
Concept: Exists q0: sphere!0. Forall q1: sphere!1. Exists q2: sphere!2. And(disequal!0!2 same_color!1!2)
Candidate Name: /home/ubuntu/vdp-tool-chain-repo/data/inference-outputs/threepack-fovariant-11-swap/test/0.json

Candidate: c2
Concept: Exists q0: sphere!0. Forall q1: sphere!1. Exists q2: sphere!2. And(same_color!1!2 same_color!2!0)
Candidate Name: /home/ubuntu/vdp-tool-chain-repo/data/inference-outputs/threepack-fovariant-11-swap/test/0.json

Candidate: c2
Concept: Exists q0: sphere!0. Forall q1: sphere!1. Exists q2: sphere!2. And(same_color!0!2 same_color!1!2)
Candidate Name: /home/ubuntu/vdp-tool-chain-repo/data/inference-outputs/threepack-fovariant-11-swap/test/0.json

Candidate: c2
Concept: Exists q0: sphere!0. Forall q1: sphere!1. Exists q2: sphere!2. And(right!2!0 same_color!2!1)
Candidate Name: /home/ubuntu/vdp-tool-chain-repo/data/inference-outputs/threepack-fovariant-11-swap/test/0.json

Candidate: c2
Concept: Exists q0: sphere!0. Forall q1: sphere!1. Exists q2: sphere!2. And(left!0!2 same_color!2!1)
Candidate Name: /home/ubuntu/vdp-tool-chain-repo/data/inference-outputs/threepack-fovariant-11-swap/test/0.json

Candidate: c2
Concept: Exists q0: sphere!0. Forall q1: sphere!1. Exists q2: sphere!2. And(right!2!0 same_color!1!2)
Candidate Name: /home/ubuntu/vdp-tool-chain-repo/data/inference-outputs/threepack-fovariant-11-swap/test/0.json

Candidate: c2
Concept: Exists q0: sphere!0. Forall q1: sphere!1. Exists q2: sphere!2. And(left!0!2 same_color!1!2)
Candidate Name: /home/ubuntu/vdp-tool-chain-repo/data/inference-outputs/threepack-fovariant-11-swap/test/0.json

Candidate: c2
Concept: Exists q0: sphere!0. Forall q1: sphere!1. Exists q2: sphere!2. And(left!2!0 same_color!1!2)
Candidate Name: /home/ubuntu/vdp-tool-chain-repo/data/inference-outputs/threepack-fovariant-11-swap/test/0.json

Candidate: c2
Concept: Forall q0: sphere!0. Forall q1: sphere!1. Exists q2: sphere!2. And(same_color!2!0 same_color!2!1)
Candidate Name: /home/ubuntu/vdp-tool-chain-repo/data/inference-outputs/threepack-fovariant-11-swap/test/0.json

Candidate: c2
Concept: Forall q0: sphere!0. Forall q1: sphere!1. Exists q2: sphere!2. And(same_color!0!2 same_color!2!1)
Candidate Name: /home/ubuntu/vdp-tool-chain-repo/data/inference-outputs/threepack-fovariant-11-swap/test/0.json

Candidate: c2
Concept: Forall q0: sphere!0. Forall q1: sphere!1. Exists q2: sphere!2. And(disequal!2!0 same_color!2!1)
Candidate Name: /home/ubuntu/vdp-tool-chain-repo/data/inference-outputs/threepack-fovariant-11-swap/test/0.json

Candidate: c2
Concept: Forall q0: sphere!0. Forall q1: sphere!1. Exists q2: sphere!2. And(disequal!0!2 same_color!2!1)
Candidate Name: /home/ubuntu/vdp-tool-chain-repo/data/inference-outputs/threepack-fovariant-11-swap/test/0.json

Candidate: c2
Concept: Forall q0: sphere!0. Forall q1: sphere!1. Exists q2: sphere!2. And(disequal!2!1 same_color!2!0)
Candidate Name: /home/ubuntu/vdp-tool-chain-repo/data/inference-outputs/threepack-fovariant-11-swap/test/0.json

Candidate: c2
Concept: Forall q0: sphere!0. Forall q1: sphere!1. Exists q2: sphere!2. And(disequal!1!2 same_color!2!0)
Candidate Name: /home/ubuntu/vdp-tool-chain-repo/data/inference-outputs/threepack-fovariant-11-swap/test/0.json

Candidate: c2
Concept: Forall q0: sphere!0. Forall q1: sphere!1. Exists q2: sphere!2. And(same_color!1!2 same_color!2!0)
Candidate Name: /home/ubuntu/vdp-tool-chain-repo/data/inference-outputs/threepack-fovariant-11-swap/test/0.json

Candidate: c2
Concept: Forall q0: sphere!0. Forall q1: sphere!1. Exists q2: sphere!2. And(disequal!2!1 same_color!0!2)
Candidate Name: /home/ubuntu/vdp-tool-chain-repo/data/inference-outputs/threepack-fovariant-11-swap/test/0.json

Candidate: c2
Concept: Forall q0: sphere!0. Forall q1: sphere!1. Exists q2: sphere!2. And(disequal!1!2 same_color!0!2)
Candidate Name: /home/ubuntu/vdp-tool-chain-repo/data/inference-outputs/threepack-fovariant-11-swap/test/0.json

Candidate: c2
Concept: Forall q0: sphere!0. Forall q1: sphere!1. Exists q2: sphere!2. And(disequal!2!0 same_color!1!2)
Candidate Name: /home/ubuntu/vdp-tool-chain-repo/data/inference-outputs/threepack-fovariant-11-swap/test/0.json

Candidate: c2
Concept: Forall q0: sphere!0. Forall q1: sphere!1. Exists q2: sphere!2. And(disequal!0!2 same_color!1!2)
Candidate Name: /home/ubuntu/vdp-tool-chain-repo/data/inference-outputs/threepack-fovariant-11-swap/test/0.json

Candidate: c2
Concept: Forall q0: sphere!0. Forall q1: sphere!1. Exists q2: sphere!2. And(same_color!0!2 same_color!1!2)
Candidate Name: /home/ubuntu/vdp-tool-chain-repo/data/inference-outputs/threepack-fovariant-11-swap/test/0.json

Candidate: c2
Concept: Forall q0: sphere!0. Exists q1: sphere!1. Exists q2: sphere!2. And(left!1!2 same_color!0!2)
Candidate Name: /home/ubuntu/vdp-tool-chain-repo/data/inference-outputs/threepack-fovariant-11-swap/test/0.json

Candidate: c2
Concept: Forall q0: sphere!0. Exists q1: sphere!1. Exists q2: sphere!2. And(left!1!2 same_color!2!0)
Candidate Name: /home/ubuntu/vdp-tool-chain-repo/data/inference-outputs/threepack-fovariant-11-swap/test/0.json

Candidate: c2
Concept: Forall q0: sphere!0. Exists q1: sphere!1. Exists q2: sphere!2. And(right!2!1 same_color!1!0)
Candidate Name: /home/ubuntu/vdp-tool-chain-repo/data/inference-outputs/threepack-fovariant-11-swap/test/0.json

Candidate: c2
Concept: Forall q0: sphere!0. Exists q1: sphere!1. Exists q2: sphere!2. And(left!1!2 same_color!1!0)
Candidate Name: /home/ubuntu/vdp-tool-chain-repo/data/inference-outputs/threepack-fovariant-11-swap/test/0.json

Candidate: c2
Concept: Forall q0: sphere!0. Exists q1: sphere!1. Exists q2: sphere!2. And(right!2!1 same_color!0!2)
Candidate Name: /home/ubuntu/vdp-tool-chain-repo/data/inference-outputs/threepack-fovariant-11-swap/test/0.json

Candidate: c2
Concept: Forall q0: sphere!0. Exists q1: sphere!1. Exists q2: sphere!2. And(left!1!2 same_color!0!1)
Candidate Name: /home/ubuntu/vdp-tool-chain-repo/data/inference-outputs/threepack-fovariant-11-swap/test/0.json

Candidate: c2
Concept: Forall q0: sphere!0. Exists q1: sphere!1. Exists q2: sphere!2. And(right!2!1 same_color!0!1)
Candidate Name: /home/ubuntu/vdp-tool-chain-repo/data/inference-outputs/threepack-fovariant-11-swap/test/0.json

No discriminator found for puzzle /home/ubuntu/vdp-tool-chain-repo/data/inference-outputs/threepack-fovariant-11-swap.
The scores were [0.08983167714259882, 0.3582895709520425, 0.14001975960861937].
Best concept is @ idx 0 ie: /home/ubuntu/vdp-tool-chain-repo/data/output/images/threepack-fovariant-11-swap/CLEVR_threepack-fovariant-11-swap_000000.png
