Candidate: c2
Concept: Exists q0: cylinder!0. Exists q1: cylinder!1. And(purple!0 left!0!1)
Candidate Name: /home/ubuntu/vdp-tool-chain-repo/data/inference-outputs/alternate-color-fovariant-12/test/0.json

Candidate: c2
Concept: Exists q0: cylinder!0. Exists q1: cylinder!1. And(purple!1 left!1!0)
Candidate Name: /home/ubuntu/vdp-tool-chain-repo/data/inference-outputs/alternate-color-fovariant-12/test/0.json

Candidate: c2
Concept: Exists q0: cylinder!0. Exists q1: cylinder!1. And(right!0!1 purple!1)
Candidate Name: /home/ubuntu/vdp-tool-chain-repo/data/inference-outputs/alternate-color-fovariant-12/test/0.json

Candidate: c2
Concept: Exists q0: cylinder!0. Exists q1: cylinder!1. And(gray!1 left!0!1)
Candidate Name: /home/ubuntu/vdp-tool-chain-repo/data/inference-outputs/alternate-color-fovariant-12/test/0.json

Candidate: c2
Concept: Exists q0: cylinder!0. Exists q1: cylinder!1. And(right!1!0 purple!0)
Candidate Name: /home/ubuntu/vdp-tool-chain-repo/data/inference-outputs/alternate-color-fovariant-12/test/0.json

Candidate: c2
Concept: Exists q0: cylinder!0. Exists q1: cylinder!1. And(gray!1 right!1!0)
Candidate Name: /home/ubuntu/vdp-tool-chain-repo/data/inference-outputs/alternate-color-fovariant-12/test/0.json

Candidate: c2
Concept: Exists q0: cylinder!0. Exists q1: cylinder!1. And(gray!0 right!0!1)
Candidate Name: /home/ubuntu/vdp-tool-chain-repo/data/inference-outputs/alternate-color-fovariant-12/test/0.json

Candidate: c2
Concept: Exists q0: cylinder!0. Exists q1: cylinder!1. And(gray!0 left!1!0)
Candidate Name: /home/ubuntu/vdp-tool-chain-repo/data/inference-outputs/alternate-color-fovariant-12/test/0.json

No discriminator found for puzzle /home/ubuntu/vdp-tool-chain-repo/data/inference-outputs/alternate-color-fovariant-12.
The scores were [0.00040752612633790424, 0.0014193957809300049, 0.003119332357578477].
Best concept is @ idx 0 ie: /home/ubuntu/vdp-tool-chain-repo/data/output/images/alternate-color-fovariant-12/CLEVR_alternate-color-fovariant-12_000000.png
