Candidate: c2
Concept: Forall q0: sphere!0. Forall q1: cylinder!1. And(metal!1 right!0!1)
Candidate Name: /home/ubuntu/vdp-tool-chain-repo/data/inference-outputs/train-fovariant-6-swap/test/0.json

Candidate: c2
Concept: Forall q0: sphere!0. Exists q1: cylinder!1. And(metal!1 left!1!0)
Candidate Name: /home/ubuntu/vdp-tool-chain-repo/data/inference-outputs/train-fovariant-6-swap/test/0.json

Candidate: c2
Concept: Forall q0: sphere!0. Exists q1: cylinder!1. And(metal!1 right!0!1)
Candidate Name: /home/ubuntu/vdp-tool-chain-repo/data/inference-outputs/train-fovariant-6-swap/test/0.json

Candidate: c2
Concept: Exists q0: cylinder!0. Forall q1: sphere!1. And(metal!0 left!0!1)
Candidate Name: /home/ubuntu/vdp-tool-chain-repo/data/inference-outputs/train-fovariant-6-swap/test/0.json

Candidate: c2
Concept: Exists q0: cylinder!0. Forall q1: sphere!1. And(metal!0 right!1!0)
Candidate Name: /home/ubuntu/vdp-tool-chain-repo/data/inference-outputs/train-fovariant-6-swap/test/0.json

Candidate: c2
Concept: Forall q0: cylinder!0. Forall q1: sphere!1. And(metal!0 right!1!0)
Candidate Name: /home/ubuntu/vdp-tool-chain-repo/data/inference-outputs/train-fovariant-6-swap/test/0.json

Candidate: c2
Concept: Forall q0: cylinder!0. Forall q1: sphere!1. And(metal!0 left!0!1)
Candidate Name: /home/ubuntu/vdp-tool-chain-repo/data/inference-outputs/train-fovariant-6-swap/test/0.json

Candidate: c2
Concept: Forall q0: sphere!0. Forall q1: cylinder!1. And(metal!1 left!1!0)
Candidate Name: /home/ubuntu/vdp-tool-chain-repo/data/inference-outputs/train-fovariant-6-swap/test/0.json

No discriminator found for puzzle /home/ubuntu/vdp-tool-chain-repo/data/inference-outputs/train-fovariant-6-swap.
The scores were [0.012051979348000239, 0.010428092125393348, 0.00424721848932771].
Best concept is @ idx 2 ie: /home/ubuntu/vdp-tool-chain-repo/data/output/images/train-fovariant-6-swap/CLEVR_train-fovariant-6-swap_000002.png
