Candidate: c2
Concept: Exists q0: sphere!0. Exists q1: cube!1. And(metal!1 front!1!0)
Candidate Name: /home/ubuntu/vdp-tool-chain-repo/data/inference-outputs/spy-fovariant-10/test/0.json

Candidate: c2
Concept: Exists q0: sphere!0. Exists q1: cube!1. And(behind!0!1)
Candidate Name: /home/ubuntu/vdp-tool-chain-repo/data/inference-outputs/spy-fovariant-10/test/0.json

Candidate: c2
Concept: Exists q0: cube!0. Exists q1: sphere!1. And(front!0!1)
Candidate Name: /home/ubuntu/vdp-tool-chain-repo/data/inference-outputs/spy-fovariant-10/test/0.json

Candidate: c2
Concept: Exists q0: sphere!0. Exists q1: cube!1. And(front!1!0)
Candidate Name: /home/ubuntu/vdp-tool-chain-repo/data/inference-outputs/spy-fovariant-10/test/0.json

Candidate: c2
Concept: Exists q0: cube!0. Exists q1: sphere!1. And(behind!1!0)
Candidate Name: /home/ubuntu/vdp-tool-chain-repo/data/inference-outputs/spy-fovariant-10/test/0.json

Candidate: c2
Concept: Forall q0: cube!0. Exists q1: sphere!1. And(front!0!1)
Candidate Name: /home/ubuntu/vdp-tool-chain-repo/data/inference-outputs/spy-fovariant-10/test/0.json

Candidate: c2
Concept: Forall q0: cube!0. Exists q1: sphere!1. And(behind!1!0)
Candidate Name: /home/ubuntu/vdp-tool-chain-repo/data/inference-outputs/spy-fovariant-10/test/0.json

Candidate: c2
Concept: Exists q0: sphere!0. Forall q1: cube!1. And(behind!0!1)
Candidate Name: /home/ubuntu/vdp-tool-chain-repo/data/inference-outputs/spy-fovariant-10/test/0.json

Candidate: c2
Concept: Exists q0: sphere!0. Forall q1: cube!1. And(front!1!0)
Candidate Name: /home/ubuntu/vdp-tool-chain-repo/data/inference-outputs/spy-fovariant-10/test/0.json

No discriminator found for puzzle /home/ubuntu/vdp-tool-chain-repo/data/inference-outputs/spy-fovariant-10.
The scores were [0.04133821981392665, 0.3938670144009188, 0.05779690800897752].
Best concept is @ idx 0 ie: /home/ubuntu/vdp-tool-chain-repo/data/output/images/spy-fovariant-10/CLEVR_spy-fovariant-10_000000.png
