Candidate: c2
Concept: Exists q0: cube!0. Exists q1: cube!1. And(right!1!0 brown!1)
Candidate Name: /home/ubuntu/vdp-tool-chain-repo/data/inference-outputs/alternate-color-fovariant-23/test/0.json

Candidate: c2
Concept: Exists q0: cube!0. Exists q1: cube!1. And(left!0!1 brown!1)
Candidate Name: /home/ubuntu/vdp-tool-chain-repo/data/inference-outputs/alternate-color-fovariant-23/test/0.json

Candidate: c2
Concept: Exists q0: cube!0. Exists q1: cube!1. And(right!0!1 brown!0)
Candidate Name: /home/ubuntu/vdp-tool-chain-repo/data/inference-outputs/alternate-color-fovariant-23/test/0.json

Candidate: c2
Concept: Exists q0: cube!0. Exists q1: cube!1. And(right!0!1 purple!1)
Candidate Name: /home/ubuntu/vdp-tool-chain-repo/data/inference-outputs/alternate-color-fovariant-23/test/0.json

Candidate: c2
Concept: Exists q0: cube!0. Exists q1: cube!1. And(left!1!0 brown!0)
Candidate Name: /home/ubuntu/vdp-tool-chain-repo/data/inference-outputs/alternate-color-fovariant-23/test/0.json

Candidate: c2
Concept: Exists q0: cube!0. Exists q1: cube!1. And(left!1!0 purple!1)
Candidate Name: /home/ubuntu/vdp-tool-chain-repo/data/inference-outputs/alternate-color-fovariant-23/test/0.json

Candidate: c2
Concept: Exists q0: cube!0. Exists q1: cube!1. And(left!0!1 purple!0)
Candidate Name: /home/ubuntu/vdp-tool-chain-repo/data/inference-outputs/alternate-color-fovariant-23/test/0.json

Candidate: c2
Concept: Exists q0: cube!0. Exists q1: cube!1. And(right!1!0 purple!0)
Candidate Name: /home/ubuntu/vdp-tool-chain-repo/data/inference-outputs/alternate-color-fovariant-23/test/0.json

No discriminator found for puzzle /home/ubuntu/vdp-tool-chain-repo/data/inference-outputs/alternate-color-fovariant-23.
The scores were [0.016767194916296118, 0.02648629641691813, 0.0823897858953064].
Best concept is @ idx 0 ie: /home/ubuntu/vdp-tool-chain-repo/data/output/images/alternate-color-fovariant-23/CLEVR_alternate-color-fovariant-23_000000.png
