Candidate: c2
Concept: Forall q0: cube!0. Exists q1: cylinder!1. And(right!0!1 metal!1)
Candidate Name: /home/ubuntu/vdp-tool-chain-repo/data/inference-outputs/train-fovariant-20-swap/test/0.json

Candidate: c2
Concept: Forall q0: cube!0. Exists q1: cylinder!1. And(left!1!0 metal!1)
Candidate Name: /home/ubuntu/vdp-tool-chain-repo/data/inference-outputs/train-fovariant-20-swap/test/0.json

Candidate: c2
Concept: Exists q0: cylinder!0. Forall q1: cube!1. And(left!0!1 metal!0)
Candidate Name: /home/ubuntu/vdp-tool-chain-repo/data/inference-outputs/train-fovariant-20-swap/test/0.json

Candidate: c2
Concept: Exists q0: cylinder!0. Forall q1: cube!1. And(right!1!0 metal!0)
Candidate Name: /home/ubuntu/vdp-tool-chain-repo/data/inference-outputs/train-fovariant-20-swap/test/0.json

Candidate: c2
Concept: Forall q0: cylinder!0. Forall q1: cube!1. And(left!0!1 metal!0)
Candidate Name: /home/ubuntu/vdp-tool-chain-repo/data/inference-outputs/train-fovariant-20-swap/test/0.json

Candidate: c2
Concept: Forall q0: cylinder!0. Forall q1: cube!1. And(right!1!0 metal!0)
Candidate Name: /home/ubuntu/vdp-tool-chain-repo/data/inference-outputs/train-fovariant-20-swap/test/0.json

Candidate: c2
Concept: Forall q0: cube!0. Forall q1: cylinder!1. And(right!0!1 metal!1)
Candidate Name: /home/ubuntu/vdp-tool-chain-repo/data/inference-outputs/train-fovariant-20-swap/test/0.json

Candidate: c2
Concept: Forall q0: cube!0. Forall q1: cylinder!1. And(left!1!0 metal!1)
Candidate Name: /home/ubuntu/vdp-tool-chain-repo/data/inference-outputs/train-fovariant-20-swap/test/0.json

No discriminator found for puzzle /home/ubuntu/vdp-tool-chain-repo/data/inference-outputs/train-fovariant-20-swap.
The scores were [0.0540042649986204, 0.0953701892615345, 0.2412276361801881].
Best concept is @ idx 0 ie: /home/ubuntu/vdp-tool-chain-repo/data/output/images/train-fovariant-20-swap/CLEVR_train-fovariant-20-swap_000000.png
