Candidate: c2
Concept: Forall q0: sphere!0. Exists q1: cube!1. And(front!0!1)
Candidate Name: /home/ubuntu/vdp-tool-chain-repo/data/inference-outputs/spy-fovariant-24/test/0.json

Candidate: c2
Concept: Exists q0: sphere!0. Exists q1: cube!1. And(behind!1!0)
Candidate Name: /home/ubuntu/vdp-tool-chain-repo/data/inference-outputs/spy-fovariant-24/test/0.json

Candidate: c2
Concept: Exists q0: sphere!0. Exists q1: cube!1. And(front!0!1)
Candidate Name: /home/ubuntu/vdp-tool-chain-repo/data/inference-outputs/spy-fovariant-24/test/0.json

Candidate: c2
Concept: Exists q0: cube!0. Exists q1: sphere!1. And(behind!0!1)
Candidate Name: /home/ubuntu/vdp-tool-chain-repo/data/inference-outputs/spy-fovariant-24/test/0.json

Candidate: c2
Concept: Exists q0: cube!0. Exists q1: sphere!1. And(front!1!0)
Candidate Name: /home/ubuntu/vdp-tool-chain-repo/data/inference-outputs/spy-fovariant-24/test/0.json

Candidate: c2
Concept: Forall q0: sphere!0. Exists q1: cube!1. And(behind!1!0)
Candidate Name: /home/ubuntu/vdp-tool-chain-repo/data/inference-outputs/spy-fovariant-24/test/0.json

Candidate: c2
Concept: Exists q0: cube!0. Forall q1: sphere!1. And(behind!0!1)
Candidate Name: /home/ubuntu/vdp-tool-chain-repo/data/inference-outputs/spy-fovariant-24/test/0.json

Candidate: c2
Concept: Exists q0: cube!0. Forall q1: sphere!1. And(front!1!0)
Candidate Name: /home/ubuntu/vdp-tool-chain-repo/data/inference-outputs/spy-fovariant-24/test/0.json

No discriminator found for puzzle /home/ubuntu/vdp-tool-chain-repo/data/inference-outputs/spy-fovariant-24.
The scores were [0.01530770843401695, 0.20515539834503388, 0.015048982733910676].
Best concept is @ idx 2 ie: /home/ubuntu/vdp-tool-chain-repo/data/output/images/spy-fovariant-24/CLEVR_spy-fovariant-24_000002.png
