Candidate: c2
Concept: Forall q0: cylinder!0. Exists q1: cylinder!1. Exists q2: cylinder!2. And(right!2!1 same_color!0!1)
Candidate Name: /home/ubuntu/vdp-tool-chain-repo/data/inference-outputs/threepack-fovariant-24/test/0.json

Candidate: c2
Concept: Forall q0: cylinder!0. Exists q1: cylinder!1. Exists q2: cylinder!2. And(left!1!2 same_color!0!2)
Candidate Name: /home/ubuntu/vdp-tool-chain-repo/data/inference-outputs/threepack-fovariant-24/test/0.json

Candidate: c2
Concept: Forall q0: cylinder!0. Exists q1: cylinder!1. Exists q2: cylinder!2. And(right!2!1 same_color!0!2)
Candidate Name: /home/ubuntu/vdp-tool-chain-repo/data/inference-outputs/threepack-fovariant-24/test/0.json

Candidate: c2
Concept: Forall q0: cylinder!0. Exists q1: cylinder!1. Exists q2: cylinder!2. And(right!2!1 same_color!2!0)
Candidate Name: /home/ubuntu/vdp-tool-chain-repo/data/inference-outputs/threepack-fovariant-24/test/0.json

Candidate: c2
Concept: Exists q0: cylinder!0. Forall q1: cylinder!1. Exists q2: cylinder!2. And(disequal!0!2 same_color!1!2)
Candidate Name: /home/ubuntu/vdp-tool-chain-repo/data/inference-outputs/threepack-fovariant-24/test/0.json

Candidate: c2
Concept: Exists q0: cylinder!0. Forall q1: cylinder!1. Exists q2: cylinder!2. And(disequal!2!0 same_color!1!2)
Candidate Name: /home/ubuntu/vdp-tool-chain-repo/data/inference-outputs/threepack-fovariant-24/test/0.json

Candidate: c2
Concept: Exists q0: cylinder!0. Forall q1: cylinder!1. Exists q2: cylinder!2. And(disequal!0!2 same_color!2!1)
Candidate Name: /home/ubuntu/vdp-tool-chain-repo/data/inference-outputs/threepack-fovariant-24/test/0.json

Candidate: c2
Concept: Exists q0: cylinder!0. Forall q1: cylinder!1. Exists q2: cylinder!2. And(disequal!2!0 same_color!2!1)
Candidate Name: /home/ubuntu/vdp-tool-chain-repo/data/inference-outputs/threepack-fovariant-24/test/0.json

Candidate: c2
Concept: Exists q0: cylinder!0. Forall q1: cylinder!1. Exists q2: cylinder!2. And(same_color!0!2 same_color!1!2)
Candidate Name: /home/ubuntu/vdp-tool-chain-repo/data/inference-outputs/threepack-fovariant-24/test/0.json

Candidate: c2
Concept: Exists q0: cylinder!0. Forall q1: cylinder!1. Exists q2: cylinder!2. And(disequal!1!2 same_color!0!2)
Candidate Name: /home/ubuntu/vdp-tool-chain-repo/data/inference-outputs/threepack-fovariant-24/test/0.json

Candidate: c2
Concept: Exists q0: cylinder!0. Forall q1: cylinder!1. Exists q2: cylinder!2. And(disequal!2!1 same_color!0!2)
Candidate Name: /home/ubuntu/vdp-tool-chain-repo/data/inference-outputs/threepack-fovariant-24/test/0.json

Candidate: c2
Concept: Exists q0: cylinder!0. Forall q1: cylinder!1. Exists q2: cylinder!2. And(same_color!0!2 same_color!2!1)
Candidate Name: /home/ubuntu/vdp-tool-chain-repo/data/inference-outputs/threepack-fovariant-24/test/0.json

Candidate: c2
Concept: Exists q0: cylinder!0. Forall q1: cylinder!1. Exists q2: cylinder!2. And(same_color!1!2 same_color!2!0)
Candidate Name: /home/ubuntu/vdp-tool-chain-repo/data/inference-outputs/threepack-fovariant-24/test/0.json

Candidate: c2
Concept: Exists q0: cylinder!0. Forall q1: cylinder!1. Exists q2: cylinder!2. And(disequal!1!2 same_color!2!0)
Candidate Name: /home/ubuntu/vdp-tool-chain-repo/data/inference-outputs/threepack-fovariant-24/test/0.json

Candidate: c2
Concept: Exists q0: cylinder!0. Forall q1: cylinder!1. Exists q2: cylinder!2. And(disequal!2!1 same_color!2!0)
Candidate Name: /home/ubuntu/vdp-tool-chain-repo/data/inference-outputs/threepack-fovariant-24/test/0.json

Candidate: c2
Concept: Exists q0: cylinder!0. Forall q1: cylinder!1. Exists q2: cylinder!2. And(same_color!2!0 same_color!2!1)
Candidate Name: /home/ubuntu/vdp-tool-chain-repo/data/inference-outputs/threepack-fovariant-24/test/0.json

Candidate: c2
Concept: Exists q0: cylinder!0. Forall q1: cylinder!1. Exists q2: cylinder!2. And(left!0!2 same_color!1!2)
Candidate Name: /home/ubuntu/vdp-tool-chain-repo/data/inference-outputs/threepack-fovariant-24/test/0.json

Candidate: c2
Concept: Exists q0: cylinder!0. Forall q1: cylinder!1. Exists q2: cylinder!2. And(right!2!0 same_color!1!2)
Candidate Name: /home/ubuntu/vdp-tool-chain-repo/data/inference-outputs/threepack-fovariant-24/test/0.json

Candidate: c2
Concept: Exists q0: cylinder!0. Forall q1: cylinder!1. Exists q2: cylinder!2. And(left!0!2 same_color!2!1)
Candidate Name: /home/ubuntu/vdp-tool-chain-repo/data/inference-outputs/threepack-fovariant-24/test/0.json

Candidate: c2
Concept: Exists q0: cylinder!0. Forall q1: cylinder!1. Exists q2: cylinder!2. And(right!2!0 same_color!2!1)
Candidate Name: /home/ubuntu/vdp-tool-chain-repo/data/inference-outputs/threepack-fovariant-24/test/0.json

Candidate: c2
Concept: Exists q0: cylinder!0. Forall q1: cylinder!1. Exists q2: cylinder!2. And(left!2!0 same_color!1!2)
Candidate Name: /home/ubuntu/vdp-tool-chain-repo/data/inference-outputs/threepack-fovariant-24/test/0.json

Candidate: c2
Concept: Exists q0: cylinder!0. Forall q1: cylinder!1. Exists q2: cylinder!2. And(right!0!2 same_color!1!2)
Candidate Name: /home/ubuntu/vdp-tool-chain-repo/data/inference-outputs/threepack-fovariant-24/test/0.json

Candidate: c2
Concept: Exists q0: cylinder!0. Forall q1: cylinder!1. Exists q2: cylinder!2. And(right!0!2 same_color!2!1)
Candidate Name: /home/ubuntu/vdp-tool-chain-repo/data/inference-outputs/threepack-fovariant-24/test/0.json

Candidate: c2
Concept: Exists q0: cylinder!0. Forall q1: cylinder!1. Exists q2: cylinder!2. And(left!2!0 same_color!2!1)
Candidate Name: /home/ubuntu/vdp-tool-chain-repo/data/inference-outputs/threepack-fovariant-24/test/0.json

Candidate: c2
Concept: Forall q0: cylinder!0. Forall q1: cylinder!1. Exists q2: cylinder!2. And(same_color!0!2 same_color!1!2)
Candidate Name: /home/ubuntu/vdp-tool-chain-repo/data/inference-outputs/threepack-fovariant-24/test/0.json

Candidate: c2
Concept: Forall q0: cylinder!0. Forall q1: cylinder!1. Exists q2: cylinder!2. And(disequal!1!2 same_color!0!2)
Candidate Name: /home/ubuntu/vdp-tool-chain-repo/data/inference-outputs/threepack-fovariant-24/test/0.json

Candidate: c2
Concept: Forall q0: cylinder!0. Forall q1: cylinder!1. Exists q2: cylinder!2. And(disequal!2!1 same_color!0!2)
Candidate Name: /home/ubuntu/vdp-tool-chain-repo/data/inference-outputs/threepack-fovariant-24/test/0.json

Candidate: c2
Concept: Forall q0: cylinder!0. Forall q1: cylinder!1. Exists q2: cylinder!2. And(disequal!2!0 same_color!1!2)
Candidate Name: /home/ubuntu/vdp-tool-chain-repo/data/inference-outputs/threepack-fovariant-24/test/0.json

Candidate: c2
Concept: Forall q0: cylinder!0. Forall q1: cylinder!1. Exists q2: cylinder!2. And(disequal!0!2 same_color!1!2)
Candidate Name: /home/ubuntu/vdp-tool-chain-repo/data/inference-outputs/threepack-fovariant-24/test/0.json

Candidate: c2
Concept: Forall q0: cylinder!0. Forall q1: cylinder!1. Exists q2: cylinder!2. And(same_color!0!2 same_color!2!1)
Candidate Name: /home/ubuntu/vdp-tool-chain-repo/data/inference-outputs/threepack-fovariant-24/test/0.json

Candidate: c2
Concept: Forall q0: cylinder!0. Forall q1: cylinder!1. Exists q2: cylinder!2. And(disequal!2!0 same_color!2!1)
Candidate Name: /home/ubuntu/vdp-tool-chain-repo/data/inference-outputs/threepack-fovariant-24/test/0.json

Candidate: c2
Concept: Forall q0: cylinder!0. Forall q1: cylinder!1. Exists q2: cylinder!2. And(disequal!0!2 same_color!2!1)
Candidate Name: /home/ubuntu/vdp-tool-chain-repo/data/inference-outputs/threepack-fovariant-24/test/0.json

Candidate: c2
Concept: Forall q0: cylinder!0. Forall q1: cylinder!1. Exists q2: cylinder!2. And(disequal!1!2 same_color!2!0)
Candidate Name: /home/ubuntu/vdp-tool-chain-repo/data/inference-outputs/threepack-fovariant-24/test/0.json

Candidate: c2
Concept: Forall q0: cylinder!0. Forall q1: cylinder!1. Exists q2: cylinder!2. And(disequal!2!1 same_color!2!0)
Candidate Name: /home/ubuntu/vdp-tool-chain-repo/data/inference-outputs/threepack-fovariant-24/test/0.json

Candidate: c2
Concept: Forall q0: cylinder!0. Forall q1: cylinder!1. Exists q2: cylinder!2. And(same_color!1!2 same_color!2!0)
Candidate Name: /home/ubuntu/vdp-tool-chain-repo/data/inference-outputs/threepack-fovariant-24/test/0.json

Candidate: c2
Concept: Forall q0: cylinder!0. Forall q1: cylinder!1. Exists q2: cylinder!2. And(same_color!2!0 same_color!2!1)
Candidate Name: /home/ubuntu/vdp-tool-chain-repo/data/inference-outputs/threepack-fovariant-24/test/0.json

Candidate: c2
Concept: Forall q0: cylinder!0. Exists q1: cylinder!1. Exists q2: cylinder!2. And(right!1!2 same_color!0!2)
Candidate Name: /home/ubuntu/vdp-tool-chain-repo/data/inference-outputs/threepack-fovariant-24/test/0.json

Candidate: c2
Concept: Forall q0: cylinder!0. Exists q1: cylinder!1. Exists q2: cylinder!2. And(right!1!2 same_color!1!0)
Candidate Name: /home/ubuntu/vdp-tool-chain-repo/data/inference-outputs/threepack-fovariant-24/test/0.json

Candidate: c2
Concept: Forall q0: cylinder!0. Exists q1: cylinder!1. Exists q2: cylinder!2. And(right!1!2 same_color!0!1)
Candidate Name: /home/ubuntu/vdp-tool-chain-repo/data/inference-outputs/threepack-fovariant-24/test/0.json

Candidate: c2
Concept: Forall q0: cylinder!0. Exists q1: cylinder!1. Exists q2: cylinder!2. And(right!1!2 same_color!2!0)
Candidate Name: /home/ubuntu/vdp-tool-chain-repo/data/inference-outputs/threepack-fovariant-24/test/0.json

Candidate: c2
Concept: Forall q0: cylinder!0. Exists q1: cylinder!1. Exists q2: cylinder!2. And(left!2!1 same_color!2!0)
Candidate Name: /home/ubuntu/vdp-tool-chain-repo/data/inference-outputs/threepack-fovariant-24/test/0.json

Candidate: c2
Concept: Forall q0: cylinder!0. Exists q1: cylinder!1. Exists q2: cylinder!2. And(left!2!1 same_color!0!2)
Candidate Name: /home/ubuntu/vdp-tool-chain-repo/data/inference-outputs/threepack-fovariant-24/test/0.json

Candidate: c2
Concept: Forall q0: cylinder!0. Exists q1: cylinder!1. Exists q2: cylinder!2. And(left!2!1 same_color!0!1)
Candidate Name: /home/ubuntu/vdp-tool-chain-repo/data/inference-outputs/threepack-fovariant-24/test/0.json

Candidate: c2
Concept: Forall q0: cylinder!0. Exists q1: cylinder!1. Exists q2: cylinder!2. And(left!2!1 same_color!1!0)
Candidate Name: /home/ubuntu/vdp-tool-chain-repo/data/inference-outputs/threepack-fovariant-24/test/0.json

Candidate: c2
Concept: Forall q0: cylinder!0. Exists q1: cylinder!1. Exists q2: cylinder!2. And(left!1!2 same_color!2!0)
Candidate Name: /home/ubuntu/vdp-tool-chain-repo/data/inference-outputs/threepack-fovariant-24/test/0.json

Candidate: c2
Concept: Forall q0: cylinder!0. Exists q1: cylinder!1. Exists q2: cylinder!2. And(left!1!2 same_color!1!0)
Candidate Name: /home/ubuntu/vdp-tool-chain-repo/data/inference-outputs/threepack-fovariant-24/test/0.json

Candidate: c2
Concept: Forall q0: cylinder!0. Exists q1: cylinder!1. Exists q2: cylinder!2. And(left!1!2 same_color!0!1)
Candidate Name: /home/ubuntu/vdp-tool-chain-repo/data/inference-outputs/threepack-fovariant-24/test/0.json

Candidate: c2
Concept: Forall q0: cylinder!0. Exists q1: cylinder!1. Exists q2: cylinder!2. And(right!2!1 same_color!1!0)
Candidate Name: /home/ubuntu/vdp-tool-chain-repo/data/inference-outputs/threepack-fovariant-24/test/0.json

No discriminator found for puzzle /home/ubuntu/vdp-tool-chain-repo/data/inference-outputs/threepack-fovariant-24.
The scores were [0.2364088506308567, 0.33185134766412916, 0.23650985966032273].
Best concept is @ idx 0 ie: /home/ubuntu/vdp-tool-chain-repo/data/output/images/threepack-fovariant-24/CLEVR_threepack-fovariant-24_000000.png
