ALSA lib confmisc.c:768:(parse_card) cannot find card '0'
ALSA lib conf.c:4292:(_snd_config_evaluate) function snd_func_card_driver returned error: No such file or directory
ALSA lib confmisc.c:392:(snd_func_concat) error evaluating strings
ALSA lib conf.c:4292:(_snd_config_evaluate) function snd_func_concat returned error: No such file or directory
ALSA lib confmisc.c:1251:(snd_func_refer) error evaluating name
ALSA lib conf.c:4292:(_snd_config_evaluate) function snd_func_refer returned error: No such file or directory
ALSA lib conf.c:4771:(snd_config_expand) Evaluate error: No such file or directory
ALSA lib pcm.c:2266:(snd_pcm_open_noupdate) Unknown PCM default
AL lib: (EE) ALCplaybackAlsa_open: Could not open playback device 'default': No such file or directory
found bundled python: /home/ubuntu/blender/2.78/python
read blend: data/base_scene.blend
convertViewVec: called in an invalid context
convertViewVec: called in an invalid context
Fra:1 Mem:11.59M (0.00M, Peak 11.59M) | Time:00:00.00 | Preparing Scene data
Fra:1 Mem:14.23M (0.00M, Peak 14.53M) | Time:00:00.00 | Preparing Scene data
Fra:1 Mem:14.23M (0.00M, Peak 14.53M) | Time:00:00.00 | Creating Shadowbuffers
Fra:1 Mem:14.23M (0.00M, Peak 14.53M) | Time:00:00.00 | Raytree.. preparing
Fra:1 Mem:17.00M (0.00M, Peak 17.00M) | Time:00:00.00 | Raytree.. building
Fra:1 Mem:16.85M (0.00M, Peak 21.17M) | Time:00:00.04 | Raytree finished
Fra:1 Mem:16.85M (0.00M, Peak 21.17M) | Time:00:00.04 | Creating Environment maps
Fra:1 Mem:16.85M (0.00M, Peak 21.17M) | Time:00:00.04 | Caching Point Densities
Fra:1 Mem:16.85M (0.00M, Peak 21.17M) | Time:00:00.04 | Sce: Scene Ve:19114 Fa:20163 La:1
Fra:1 Mem:16.85M (0.00M, Peak 21.17M) | Time:00:00.04 | Loading voxel datasets
Fra:1 Mem:16.85M (0.00M, Peak 21.17M) | Time:00:00.04 | Sce: Scene Ve:19114 Fa:20163 La:1
Fra:1 Mem:16.85M (0.00M, Peak 21.17M) | Time:00:00.04 | Sce: Scene Ve:19114 Fa:20163 La:1
Fra:1 Mem:16.85M (0.00M, Peak 21.17M) | Time:00:00.04 | Volume preprocessing
Fra:1 Mem:16.85M (0.00M, Peak 21.17M) | Time:00:00.04 | Sce: Scene Ve:19114 Fa:20163 La:1
Fra:1 Mem:16.85M (0.00M, Peak 21.17M) | Time:00:00.04 | Sce: Scene Ve:19114 Fa:20163 La:1
Fra:1 Mem:21.19M (0.00M, Peak 21.55M) | Time:00:00.05 | Scene, Part 3-4
Fra:1 Mem:20.88M (0.00M, Peak 21.55M) | Time:00:00.05 | Scene, Part 4-4
Fra:1 Mem:19.95M (0.00M, Peak 21.55M) | Time:00:00.05 | Scene, Part 2-4
Fra:1 Mem:18.10M (0.00M, Peak 21.55M) | Time:00:00.06 | Scene, Part 1-4
Fra:1 Mem:11.51M (0.00M, Peak 21.55M) | Time:00:00.06 | Sce: Scene Ve:19114 Fa:20163 La:1
Saved: '/tmp/tmpd_s_v6ti.png'
 Time: 00:00.10 (Saving: 00:00.04)

Fra:1 Mem:11.54M (0.00M, Peak 12.13M) | Time:00:00.04 | Mem:0.00M, Peak:0.00M | Scene, RenderLayer | Synchronizing object | Area
Fra:1 Mem:11.54M (0.00M, Peak 12.13M) | Time:00:00.04 | Mem:0.00M, Peak:0.00M | Scene, RenderLayer | Synchronizing object | Ground
Fra:1 Mem:11.61M (0.00M, Peak 12.13M) | Time:00:00.04 | Mem:0.00M, Peak:0.00M | Scene, RenderLayer | Synchronizing object | Empty
Fra:1 Mem:11.61M (0.00M, Peak 12.13M) | Time:00:00.04 | Mem:0.00M, Peak:0.00M | Scene, RenderLayer | Synchronizing object | Lamp_Back
Fra:1 Mem:11.61M (0.00M, Peak 12.13M) | Time:00:00.04 | Mem:0.00M, Peak:0.00M | Scene, RenderLayer | Synchronizing object | Lamp_Fill
Fra:1 Mem:11.61M (0.00M, Peak 12.13M) | Time:00:00.04 | Mem:0.00M, Peak:0.00M | Scene, RenderLayer | Synchronizing object | Lamp_Key
Fra:1 Mem:11.61M (0.00M, Peak 12.13M) | Time:00:00.04 | Mem:0.00M, Peak:0.00M | Scene, RenderLayer | Synchronizing object | Camera
Fra:1 Mem:11.61M (0.00M, Peak 12.13M) | Time:00:00.04 | Mem:0.00M, Peak:0.00M | Scene, RenderLayer | Synchronizing object | Sphere_0
Fra:1 Mem:13.10M (0.00M, Peak 14.54M) | Time:00:00.05 | Mem:0.00M, Peak:0.00M | Scene, RenderLayer | Synchronizing object | SmoothCube_v2_0
Fra:1 Mem:13.47M (0.00M, Peak 14.54M) | Time:00:00.05 | Mem:0.00M, Peak:0.00M | Scene, RenderLayer | Initializing
Fra:1 Mem:13.47M (0.00M, Peak 14.54M) | Time:00:00.05 | Mem:0.00M, Peak:0.00M | Scene, RenderLayer | Loading render kernels (may take a few minutes the first time)
Fra:1 Mem:13.47M (0.00M, Peak 16.17M) | Time:00:00.07 | Mem:0.00M, Peak:0.00M | Scene, RenderLayer | Waiting for render to start
Fra:1 Mem:13.47M (0.00M, Peak 16.17M) | Time:00:00.07 | Mem:0.00M, Peak:0.00M | Scene, RenderLayer | Updating Scene
Fra:1 Mem:13.47M (0.00M, Peak 16.17M) | Time:00:00.07 | Mem:0.00M, Peak:0.00M | Scene, RenderLayer | Updating Shaders
Fra:1 Mem:13.97M (0.00M, Peak 16.17M) | Time:00:00.15 | Mem:0.00M, Peak:0.00M | Scene, RenderLayer | Updating Background
Fra:1 Mem:13.97M (0.00M, Peak 16.17M) | Time:00:00.15 | Mem:0.00M, Peak:0.00M | Scene, RenderLayer | Updating Camera
Fra:1 Mem:13.97M (0.00M, Peak 16.17M) | Time:00:00.15 | Mem:0.00M, Peak:0.00M | Scene, RenderLayer | Updating Meshes Flags
Fra:1 Mem:13.97M (0.00M, Peak 16.17M) | Time:00:00.15 | Mem:0.00M, Peak:0.00M | Scene, RenderLayer | Updating Objects
Fra:1 Mem:13.97M (0.00M, Peak 16.17M) | Time:00:00.15 | Mem:0.00M, Peak:0.00M | Scene, RenderLayer | Updating Objects | Copying Transformations to device
Fra:1 Mem:13.97M (0.00M, Peak 16.17M) | Time:00:00.15 | Mem:0.00M, Peak:0.00M | Scene, RenderLayer | Updating Objects | Applying Static Transformations
Fra:1 Mem:13.97M (0.00M, Peak 16.17M) | Time:00:00.15 | Mem:0.00M, Peak:0.00M | Scene, RenderLayer | Updating Meshes
Fra:1 Mem:14.58M (0.00M, Peak 16.17M) | Time:00:00.15 | Mem:0.00M, Peak:0.00M | Scene, RenderLayer | Updating Mesh | Computing attributes
Fra:1 Mem:14.87M (0.00M, Peak 16.17M) | Time:00:00.15 | Mem:0.00M, Peak:0.00M | Scene, RenderLayer | Updating Mesh | Copying Attributes to device
Fra:1 Mem:14.87M (0.00M, Peak 16.17M) | Time:00:00.15 | Mem:0.29M, Peak:0.29M | Scene, RenderLayer | Updating Scene BVH | Building
Fra:1 Mem:14.87M (0.00M, Peak 16.17M) | Time:00:00.15 | Mem:0.29M, Peak:0.29M | Scene, RenderLayer | Updating Scene BVH | Building BVH
Fra:1 Mem:17.14M (0.00M, Peak 17.14M) | Time:00:00.18 | Mem:0.29M, Peak:0.29M | Scene, RenderLayer | Updating Scene BVH | Packing BVH triangles and strands
Fra:1 Mem:19.26M (0.00M, Peak 19.26M) | Time:00:00.18 | Mem:0.29M, Peak:0.29M | Scene, RenderLayer | Updating Scene BVH | Packing BVH nodes
Fra:1 Mem:18.04M (0.00M, Peak 19.86M) | Time:00:00.18 | Mem:0.29M, Peak:0.29M | Scene, RenderLayer | Updating Scene BVH | Copying BVH to device
Fra:1 Mem:18.19M (0.00M, Peak 19.86M) | Time:00:00.19 | Mem:3.47M, Peak:3.47M | Scene, RenderLayer | Updating Mesh | Computing normals
Fra:1 Mem:19.56M (0.00M, Peak 19.86M) | Time:00:00.19 | Mem:3.47M, Peak:3.47M | Scene, RenderLayer | Updating Mesh | Copying Mesh to device
Fra:1 Mem:19.41M (0.00M, Peak 19.86M) | Time:00:00.19 | Mem:4.83M, Peak:4.83M | Scene, RenderLayer | Updating Objects Flags
Fra:1 Mem:19.41M (0.00M, Peak 19.86M) | Time:00:00.19 | Mem:4.83M, Peak:4.83M | Scene, RenderLayer | Updating Images
Fra:1 Mem:19.41M (0.00M, Peak 19.86M) | Time:00:00.19 | Mem:4.83M, Peak:4.83M | Scene, RenderLayer | Updating Camera Volume
Fra:1 Mem:19.41M (0.00M, Peak 19.86M) | Time:00:00.19 | Mem:4.83M, Peak:4.83M | Scene, RenderLayer | Updating Hair Systems
Fra:1 Mem:19.41M (0.00M, Peak 19.86M) | Time:00:00.19 | Mem:4.83M, Peak:4.83M | Scene, RenderLayer | Updating Hair settings | Copying Hair settings to device
Fra:1 Mem:19.41M (0.00M, Peak 19.86M) | Time:00:00.19 | Mem:4.83M, Peak:4.83M | Scene, RenderLayer | Updating Lookup Tables
Fra:1 Mem:19.41M (0.00M, Peak 19.86M) | Time:00:00.19 | Mem:5.08M, Peak:5.08M | Scene, RenderLayer | Updating Lights
Fra:1 Mem:19.41M (0.00M, Peak 19.86M) | Time:00:00.19 | Mem:5.08M, Peak:5.08M | Scene, RenderLayer | Updating Lights | Computing distribution
Fra:1 Mem:19.41M (0.00M, Peak 19.86M) | Time:00:00.19 | Mem:5.08M, Peak:5.08M | Scene, RenderLayer | Updating Particle Systems
Fra:1 Mem:19.41M (0.00M, Peak 19.86M) | Time:00:00.19 | Mem:5.08M, Peak:5.08M | Scene, RenderLayer | Updating Particle Systems | Copying Particles to device
Fra:1 Mem:19.41M (0.00M, Peak 19.86M) | Time:00:00.19 | Mem:5.08M, Peak:5.08M | Scene, RenderLayer | Updating Integrator
Fra:1 Mem:19.45M (0.00M, Peak 19.86M) | Time:00:00.19 | Mem:5.12M, Peak:5.12M | Scene, RenderLayer | Updating Film
Fra:1 Mem:19.45M (0.00M, Peak 19.86M) | Time:00:00.19 | Mem:5.12M, Peak:5.12M | Scene, RenderLayer | Updating Lookup Tables
Fra:1 Mem:19.45M (0.00M, Peak 19.86M) | Time:00:00.19 | Mem:5.13M, Peak:5.13M | Scene, RenderLayer | Updating Baking
Fra:1 Mem:19.45M (0.00M, Peak 19.86M) | Time:00:00.19 | Mem:5.13M, Peak:5.13M | Scene, RenderLayer | Updating Device | Writing constant memory
Fra:1 Mem:19.45M (0.00M, Peak 19.86M) | Time:00:00.19 | Mem:5.13M, Peak:5.13M | Scene, RenderLayer | Path Tracing Tile 0/4, Sample 0/512
Fra:1 Mem:21.70M (0.00M, Peak 22.95M) | Time:00:00.19 | Mem:7.38M, Peak:7.38M | Scene, RenderLayer | Path Tracing Tile 1/4, Sample 0/512
Fra:1 Mem:21.70M (0.00M, Peak 23.95M) | Time:00:01.19 | Remaining:00:12.12 | Mem:7.38M, Peak:7.38M | Scene, RenderLayer | Path Tracing Tile 1/4, Sample 92/512
Fra:1 Mem:21.70M (0.00M, Peak 23.95M) | Time:00:02.20 | Remaining:00:11.08 | Mem:7.38M, Peak:7.38M | Scene, RenderLayer | Path Tracing Tile 1/4, Sample 184/512
Fra:1 Mem:21.70M (0.00M, Peak 23.95M) | Time:00:03.20 | Remaining:00:10.07 | Mem:7.38M, Peak:7.38M | Scene, RenderLayer | Path Tracing Tile 1/4, Sample 276/512
Fra:1 Mem:21.70M (0.00M, Peak 23.95M) | Time:00:04.20 | Remaining:00:09.07 | Mem:7.38M, Peak:7.38M | Scene, RenderLayer | Path Tracing Tile 1/4, Sample 368/512
Fra:1 Mem:21.70M (0.00M, Peak 23.95M) | Time:00:05.21 | Remaining:00:08.07 | Mem:7.38M, Peak:7.38M | Scene, RenderLayer | Path Tracing Tile 1/4, Sample 460/512
Fra:1 Mem:19.45M (0.00M, Peak 23.95M) | Time:00:05.78 | Remaining:00:07.51 | Mem:5.13M, Peak:7.38M | Scene, RenderLayer | Path Tracing Tile 1/4, Sample 512/512
Fra:1 Mem:21.42M (0.00M, Peak 23.95M) | Time:00:05.78 | Remaining:00:07.52 | Mem:7.10M, Peak:7.38M | Scene, RenderLayer | Path Tracing Tile 2/4, Sample 512/512
Fra:1 Mem:21.42M (0.00M, Peak 23.95M) | Time:00:06.21 | Remaining:00:06.91 | Mem:7.10M, Peak:7.38M | Scene, RenderLayer | Path Tracing Tile 2/4, Sample 53/512
Fra:1 Mem:21.42M (0.00M, Peak 23.95M) | Time:00:07.21 | Remaining:00:05.61 | Mem:7.10M, Peak:7.38M | Scene, RenderLayer | Path Tracing Tile 2/4, Sample 177/512
Fra:1 Mem:21.42M (0.00M, Peak 23.95M) | Time:00:08.21 | Remaining:00:04.39 | Mem:7.10M, Peak:7.38M | Scene, RenderLayer | Path Tracing Tile 2/4, Sample 301/512
Fra:1 Mem:21.42M (0.00M, Peak 23.95M) | Time:00:09.22 | Remaining:00:03.22 | Mem:7.10M, Peak:7.38M | Scene, RenderLayer | Path Tracing Tile 2/4, Sample 425/512
Fra:1 Mem:19.45M (0.00M, Peak 23.95M) | Time:00:09.93 | Remaining:00:02.43 | Mem:5.13M, Peak:7.38M | Scene, RenderLayer | Path Tracing Tile 2/4, Sample 512/512
Fra:1 Mem:20.01M (0.00M, Peak 23.95M) | Time:00:09.93 | Remaining:00:02.43 | Mem:5.69M, Peak:7.38M | Scene, RenderLayer | Path Tracing Tile 3/4, Sample 512/512
Fra:1 Mem:20.01M (0.00M, Peak 23.95M) | Time:00:10.22 | Remaining:00:02.28 | Mem:5.69M, Peak:7.38M | Scene, RenderLayer | Path Tracing Tile 3/4, Sample 69/512
Fra:1 Mem:20.01M (0.00M, Peak 23.95M) | Time:00:11.22 | Remaining:00:01.73 | Mem:5.69M, Peak:7.38M | Scene, RenderLayer | Path Tracing Tile 3/4, Sample 307/512
Fra:1 Mem:19.45M (0.00M, Peak 23.95M) | Time:00:12.09 | Remaining:00:01.22 | Mem:5.13M, Peak:7.38M | Scene, RenderLayer | Path Tracing Tile 3/4, Sample 512/512
Fra:1 Mem:19.94M (0.00M, Peak 23.95M) | Time:00:12.09 | Remaining:00:01.22 | Mem:5.62M, Peak:7.38M | Scene, RenderLayer | Path Tracing Tile 4/4, Sample 512/512
Fra:1 Mem:19.94M (0.00M, Peak 23.95M) | Time:00:12.22 | Remaining:00:01.14 | Mem:5.62M, Peak:7.38M | Scene, RenderLayer | Path Tracing Tile 4/4, Sample 34/512
Fra:1 Mem:19.94M (0.00M, Peak 23.95M) | Time:00:13.23 | Remaining:00:00.54 | Mem:5.62M, Peak:7.38M | Scene, RenderLayer | Path Tracing Tile 4/4, Sample 293/512
Fra:1 Mem:19.45M (0.00M, Peak 23.95M) | Time:00:14.08 | Mem:5.13M, Peak:7.38M | Scene, RenderLayer | Path Tracing Tile 4/4, Sample 512/512
Fra:1 Mem:19.45M (0.00M, Peak 23.95M) | Time:00:14.08 | Mem:5.13M, Peak:7.38M | Scene, RenderLayer | Finished
Fra:1 Mem:11.78M (0.00M, Peak 23.95M) | Time:00:14.16 | Sce: Scene Ve:0 Fa:0 La:0
Saved: '/home/ubuntu/vdp-tool-chain-repo/data/output/images/alternation-fovariant-15/CLEVR_alternation-fovariant-15_000000.png'
 Time: 00:14.20 (Saving: 00:00.03)

read blend: data/base_scene.blend
convertViewVec: called in an invalid context
convertViewVec: called in an invalid context
convertViewVec: called in an invalid context
Fra:1 Mem:13.84M (0.00M, Peak 13.84M) | Time:00:00.00 | Preparing Scene data
Fra:1 Mem:18.44M (0.00M, Peak 19.42M) | Time:00:00.00 | Preparing Scene data
Fra:1 Mem:18.44M (0.00M, Peak 19.42M) | Time:00:00.00 | Creating Shadowbuffers
Fra:1 Mem:18.44M (0.00M, Peak 19.42M) | Time:00:00.00 | Raytree.. preparing
Fra:1 Mem:23.35M (0.00M, Peak 23.35M) | Time:00:00.01 | Raytree.. building
Fra:1 Mem:23.07M (0.00M, Peak 30.74M) | Time:00:00.09 | Raytree finished
Fra:1 Mem:23.07M (0.00M, Peak 30.74M) | Time:00:00.09 | Creating Environment maps
Fra:1 Mem:23.07M (0.00M, Peak 30.74M) | Time:00:00.09 | Caching Point Densities
Fra:1 Mem:23.07M (0.00M, Peak 30.74M) | Time:00:00.09 | Sce: Scene Ve:34476 Fa:35711 La:1
Fra:1 Mem:23.07M (0.00M, Peak 30.74M) | Time:00:00.09 | Loading voxel datasets
Fra:1 Mem:23.07M (0.00M, Peak 30.74M) | Time:00:00.09 | Sce: Scene Ve:34476 Fa:35711 La:1
Fra:1 Mem:23.08M (0.00M, Peak 30.74M) | Time:00:00.09 | Sce: Scene Ve:34476 Fa:35711 La:1
Fra:1 Mem:23.08M (0.00M, Peak 30.74M) | Time:00:00.09 | Volume preprocessing
Fra:1 Mem:23.08M (0.00M, Peak 30.74M) | Time:00:00.09 | Sce: Scene Ve:34476 Fa:35711 La:1
Fra:1 Mem:23.08M (0.00M, Peak 30.74M) | Time:00:00.09 | Sce: Scene Ve:34476 Fa:35711 La:1
Fra:1 Mem:27.58M (0.00M, Peak 30.74M) | Time:00:00.09 | Scene, Part 3-4
Fra:1 Mem:27.11M (0.00M, Peak 30.74M) | Time:00:00.09 | Scene, Part 4-4
Fra:1 Mem:26.17M (0.00M, Peak 30.74M) | Time:00:00.10 | Scene, Part 2-4
Fra:1 Mem:24.33M (0.00M, Peak 30.74M) | Time:00:00.11 | Scene, Part 1-4
Fra:1 Mem:13.73M (0.00M, Peak 30.74M) | Time:00:00.11 | Sce: Scene Ve:34476 Fa:35711 La:1
Saved: '/tmp/tmp5j_8wz6w.png'
 Time: 00:00.12 (Saving: 00:00.01)

Fra:1 Mem:13.76M (0.00M, Peak 14.35M) | Time:00:00.04 | Mem:0.00M, Peak:0.00M | Scene, RenderLayer | Synchronizing object | Area
Fra:1 Mem:13.76M (0.00M, Peak 14.35M) | Time:00:00.04 | Mem:0.00M, Peak:0.00M | Scene, RenderLayer | Synchronizing object | Ground
Fra:1 Mem:13.82M (0.00M, Peak 14.35M) | Time:00:00.04 | Mem:0.00M, Peak:0.00M | Scene, RenderLayer | Synchronizing object | Empty
Fra:1 Mem:13.82M (0.00M, Peak 14.35M) | Time:00:00.04 | Mem:0.00M, Peak:0.00M | Scene, RenderLayer | Synchronizing object | Lamp_Back
Fra:1 Mem:13.82M (0.00M, Peak 14.35M) | Time:00:00.04 | Mem:0.00M, Peak:0.00M | Scene, RenderLayer | Synchronizing object | Lamp_Fill
Fra:1 Mem:13.82M (0.00M, Peak 14.35M) | Time:00:00.04 | Mem:0.00M, Peak:0.00M | Scene, RenderLayer | Synchronizing object | Lamp_Key
Fra:1 Mem:13.82M (0.00M, Peak 14.35M) | Time:00:00.04 | Mem:0.00M, Peak:0.00M | Scene, RenderLayer | Synchronizing object | Camera
Fra:1 Mem:13.82M (0.00M, Peak 14.35M) | Time:00:00.04 | Mem:0.00M, Peak:0.00M | Scene, RenderLayer | Synchronizing object | Sphere_0
Fra:1 Mem:15.32M (0.00M, Peak 16.76M) | Time:00:00.05 | Mem:0.00M, Peak:0.00M | Scene, RenderLayer | Synchronizing object | SmoothCube_v2_0
Fra:1 Mem:15.68M (0.00M, Peak 16.76M) | Time:00:00.05 | Mem:0.00M, Peak:0.00M | Scene, RenderLayer | Synchronizing object | Sphere_1
Fra:1 Mem:17.18M (0.00M, Peak 18.62M) | Time:00:00.06 | Mem:0.00M, Peak:0.00M | Scene, RenderLayer | Initializing
Fra:1 Mem:17.18M (0.00M, Peak 18.62M) | Time:00:00.06 | Mem:0.00M, Peak:0.00M | Scene, RenderLayer | Loading render kernels (may take a few minutes the first time)
Fra:1 Mem:17.18M (0.00M, Peak 19.88M) | Time:00:00.07 | Mem:0.00M, Peak:0.00M | Scene, RenderLayer | Waiting for render to start
Fra:1 Mem:17.18M (0.00M, Peak 19.88M) | Time:00:00.07 | Mem:0.00M, Peak:0.00M | Scene, RenderLayer | Updating Scene
Fra:1 Mem:17.18M (0.00M, Peak 19.88M) | Time:00:00.07 | Mem:0.00M, Peak:0.00M | Scene, RenderLayer | Updating Shaders
Fra:1 Mem:17.43M (0.00M, Peak 19.88M) | Time:00:00.07 | Mem:0.00M, Peak:0.00M | Scene, RenderLayer | Updating Background
Fra:1 Mem:17.43M (0.00M, Peak 19.88M) | Time:00:00.07 | Mem:0.00M, Peak:0.00M | Scene, RenderLayer | Updating Camera
Fra:1 Mem:17.43M (0.00M, Peak 19.88M) | Time:00:00.07 | Mem:0.00M, Peak:0.00M | Scene, RenderLayer | Updating Meshes Flags
Fra:1 Mem:17.43M (0.00M, Peak 19.88M) | Time:00:00.07 | Mem:0.00M, Peak:0.00M | Scene, RenderLayer | Updating Objects
Fra:1 Mem:17.43M (0.00M, Peak 19.88M) | Time:00:00.07 | Mem:0.00M, Peak:0.00M | Scene, RenderLayer | Updating Objects | Copying Transformations to device
Fra:1 Mem:17.43M (0.00M, Peak 19.88M) | Time:00:00.07 | Mem:0.00M, Peak:0.00M | Scene, RenderLayer | Updating Objects | Applying Static Transformations
Fra:1 Mem:17.43M (0.00M, Peak 19.88M) | Time:00:00.07 | Mem:0.00M, Peak:0.00M | Scene, RenderLayer | Updating Meshes
Fra:1 Mem:18.51M (0.00M, Peak 19.88M) | Time:00:00.08 | Mem:0.00M, Peak:0.00M | Scene, RenderLayer | Updating Mesh | Computing attributes
Fra:1 Mem:19.04M (0.00M, Peak 19.88M) | Time:00:00.08 | Mem:0.00M, Peak:0.00M | Scene, RenderLayer | Updating Mesh | Copying Attributes to device
Fra:1 Mem:19.03M (0.00M, Peak 19.88M) | Time:00:00.08 | Mem:0.53M, Peak:0.53M | Scene, RenderLayer | Updating Scene BVH | Building
Fra:1 Mem:19.03M (0.00M, Peak 19.88M) | Time:00:00.08 | Mem:0.53M, Peak:0.53M | Scene, RenderLayer | Updating Scene BVH | Building BVH
Fra:1 Mem:23.07M (0.00M, Peak 23.07M) | Time:00:00.12 | Mem:0.53M, Peak:0.53M | Scene, RenderLayer | Updating Scene BVH | Packing BVH triangles and strands
Fra:1 Mem:26.83M (0.00M, Peak 26.83M) | Time:00:00.12 | Mem:0.53M, Peak:0.53M | Scene, RenderLayer | Updating Scene BVH | Packing BVH nodes
Fra:1 Mem:24.66M (0.00M, Peak 27.88M) | Time:00:00.13 | Mem:0.53M, Peak:0.53M | Scene, RenderLayer | Updating Scene BVH | Copying BVH to device
Fra:1 Mem:24.93M (0.00M, Peak 27.88M) | Time:00:00.13 | Mem:6.15M, Peak:6.15M | Scene, RenderLayer | Updating Mesh | Computing normals
Fra:1 Mem:27.35M (0.00M, Peak 27.88M) | Time:00:00.13 | Mem:6.15M, Peak:6.15M | Scene, RenderLayer | Updating Mesh | Copying Mesh to device
Fra:1 Mem:27.08M (0.00M, Peak 27.88M) | Time:00:00.14 | Mem:8.58M, Peak:8.58M | Scene, RenderLayer | Updating Objects Flags
Fra:1 Mem:27.08M (0.00M, Peak 27.88M) | Time:00:00.14 | Mem:8.58M, Peak:8.58M | Scene, RenderLayer | Updating Images
Fra:1 Mem:27.08M (0.00M, Peak 27.88M) | Time:00:00.14 | Mem:8.58M, Peak:8.58M | Scene, RenderLayer | Updating Camera Volume
Fra:1 Mem:27.08M (0.00M, Peak 27.88M) | Time:00:00.14 | Mem:8.58M, Peak:8.58M | Scene, RenderLayer | Updating Hair Systems
Fra:1 Mem:27.08M (0.00M, Peak 27.88M) | Time:00:00.14 | Mem:8.58M, Peak:8.58M | Scene, RenderLayer | Updating Hair settings | Copying Hair settings to device
Fra:1 Mem:27.08M (0.00M, Peak 27.88M) | Time:00:00.14 | Mem:8.58M, Peak:8.58M | Scene, RenderLayer | Updating Lookup Tables
Fra:1 Mem:27.08M (0.00M, Peak 27.88M) | Time:00:00.14 | Mem:8.83M, Peak:8.83M | Scene, RenderLayer | Updating Lights
Fra:1 Mem:27.08M (0.00M, Peak 27.88M) | Time:00:00.14 | Mem:8.83M, Peak:8.83M | Scene, RenderLayer | Updating Lights | Computing distribution
Fra:1 Mem:27.08M (0.00M, Peak 27.88M) | Time:00:00.14 | Mem:8.83M, Peak:8.83M | Scene, RenderLayer | Updating Particle Systems
Fra:1 Mem:27.08M (0.00M, Peak 27.88M) | Time:00:00.14 | Mem:8.83M, Peak:8.83M | Scene, RenderLayer | Updating Particle Systems | Copying Particles to device
Fra:1 Mem:27.08M (0.00M, Peak 27.88M) | Time:00:00.14 | Mem:8.83M, Peak:8.83M | Scene, RenderLayer | Updating Integrator
Fra:1 Mem:27.12M (0.00M, Peak 27.88M) | Time:00:00.14 | Mem:8.87M, Peak:8.87M | Scene, RenderLayer | Updating Film
Fra:1 Mem:27.13M (0.00M, Peak 27.88M) | Time:00:00.14 | Mem:8.87M, Peak:8.87M | Scene, RenderLayer | Updating Lookup Tables
Fra:1 Mem:27.13M (0.00M, Peak 27.88M) | Time:00:00.14 | Mem:8.87M, Peak:8.87M | Scene, RenderLayer | Updating Baking
Fra:1 Mem:27.13M (0.00M, Peak 27.88M) | Time:00:00.14 | Mem:8.87M, Peak:8.87M | Scene, RenderLayer | Updating Device | Writing constant memory
Fra:1 Mem:27.13M (0.00M, Peak 27.88M) | Time:00:00.14 | Mem:8.87M, Peak:8.87M | Scene, RenderLayer | Path Tracing Tile 0/4, Sample 0/512
Fra:1 Mem:29.38M (0.00M, Peak 30.63M) | Time:00:00.14 | Mem:11.12M, Peak:11.12M | Scene, RenderLayer | Path Tracing Tile 1/4, Sample 0/512
Fra:1 Mem:29.38M (0.00M, Peak 31.63M) | Time:00:01.15 | Remaining:00:12.50 | Mem:11.12M, Peak:11.12M | Scene, RenderLayer | Path Tracing Tile 1/4, Sample 90/512
Fra:1 Mem:29.38M (0.00M, Peak 31.63M) | Time:00:02.16 | Remaining:00:11.46 | Mem:11.12M, Peak:11.12M | Scene, RenderLayer | Path Tracing Tile 1/4, Sample 180/512
Fra:1 Mem:29.38M (0.00M, Peak 31.63M) | Time:00:03.17 | Remaining:00:10.44 | Mem:11.12M, Peak:11.12M | Scene, RenderLayer | Path Tracing Tile 1/4, Sample 270/512
Fra:1 Mem:29.38M (0.00M, Peak 31.63M) | Time:00:04.17 | Remaining:00:09.45 | Mem:11.12M, Peak:11.12M | Scene, RenderLayer | Path Tracing Tile 1/4, Sample 359/512
Fra:1 Mem:29.38M (0.00M, Peak 31.63M) | Time:00:05.17 | Remaining:00:08.45 | Mem:11.12M, Peak:11.12M | Scene, RenderLayer | Path Tracing Tile 1/4, Sample 448/512
Fra:1 Mem:27.13M (0.00M, Peak 31.63M) | Time:00:05.90 | Remaining:00:07.74 | Mem:8.87M, Peak:11.12M | Scene, RenderLayer | Path Tracing Tile 1/4, Sample 512/512
Fra:1 Mem:29.10M (0.00M, Peak 31.63M) | Time:00:05.90 | Remaining:00:07.74 | Mem:10.84M, Peak:11.12M | Scene, RenderLayer | Path Tracing Tile 2/4, Sample 512/512
Fra:1 Mem:29.10M (0.00M, Peak 31.63M) | Time:00:06.18 | Remaining:00:07.45 | Mem:10.84M, Peak:11.12M | Scene, RenderLayer | Path Tracing Tile 2/4, Sample 29/512
Fra:1 Mem:29.10M (0.00M, Peak 31.63M) | Time:00:07.18 | Remaining:00:06.41 | Mem:10.84M, Peak:11.12M | Scene, RenderLayer | Path Tracing Tile 2/4, Sample 133/512
Fra:1 Mem:29.10M (0.00M, Peak 31.63M) | Time:00:08.19 | Remaining:00:05.37 | Mem:10.84M, Peak:11.12M | Scene, RenderLayer | Path Tracing Tile 2/4, Sample 237/512
Fra:1 Mem:29.10M (0.00M, Peak 31.63M) | Time:00:09.19 | Remaining:00:04.35 | Mem:10.84M, Peak:11.12M | Scene, RenderLayer | Path Tracing Tile 2/4, Sample 341/512
Fra:1 Mem:29.10M (0.00M, Peak 31.63M) | Time:00:10.20 | Remaining:00:03.34 | Mem:10.84M, Peak:11.12M | Scene, RenderLayer | Path Tracing Tile 2/4, Sample 444/512
Fra:1 Mem:27.13M (0.00M, Peak 31.63M) | Time:00:10.86 | Remaining:00:02.68 | Mem:8.87M, Peak:11.12M | Scene, RenderLayer | Path Tracing Tile 2/4, Sample 512/512
Fra:1 Mem:27.69M (0.00M, Peak 31.63M) | Time:00:10.86 | Remaining:00:02.68 | Mem:9.43M, Peak:11.12M | Scene, RenderLayer | Path Tracing Tile 3/4, Sample 512/512
Fra:1 Mem:27.69M (0.00M, Peak 31.63M) | Time:00:11.19 | Remaining:00:02.48 | Mem:9.43M, Peak:11.12M | Scene, RenderLayer | Path Tracing Tile 3/4, Sample 79/512
Fra:1 Mem:27.69M (0.00M, Peak 31.63M) | Time:00:12.20 | Remaining:00:01.87 | Mem:9.43M, Peak:11.12M | Scene, RenderLayer | Path Tracing Tile 3/4, Sample 315/512
Fra:1 Mem:27.13M (0.00M, Peak 31.63M) | Time:00:13.04 | Remaining:00:01.32 | Mem:8.87M, Peak:11.12M | Scene, RenderLayer | Path Tracing Tile 3/4, Sample 512/512
Fra:1 Mem:27.62M (0.00M, Peak 31.63M) | Time:00:13.04 | Remaining:00:01.32 | Mem:9.36M, Peak:11.12M | Scene, RenderLayer | Path Tracing Tile 4/4, Sample 512/512
Fra:1 Mem:27.62M (0.00M, Peak 31.63M) | Time:00:13.20 | Remaining:00:01.22 | Mem:9.36M, Peak:11.12M | Scene, RenderLayer | Path Tracing Tile 4/4, Sample 40/512
Fra:1 Mem:27.62M (0.00M, Peak 31.63M) | Time:00:14.20 | Remaining:00:00.58 | Mem:9.36M, Peak:11.12M | Scene, RenderLayer | Path Tracing Tile 4/4, Sample 294/512
Fra:1 Mem:27.13M (0.00M, Peak 31.63M) | Time:00:15.07 | Mem:8.87M, Peak:11.12M | Scene, RenderLayer | Path Tracing Tile 4/4, Sample 512/512
Fra:1 Mem:27.13M (0.00M, Peak 31.63M) | Time:00:15.07 | Mem:8.87M, Peak:11.12M | Scene, RenderLayer | Finished
Fra:1 Mem:13.75M (0.00M, Peak 31.63M) | Time:00:15.15 | Sce: Scene Ve:0 Fa:0 La:0
Saved: '/home/ubuntu/vdp-tool-chain-repo/data/output/images/alternation-fovariant-15/CLEVR_alternation-fovariant-15_000001.png'
 Time: 00:15.19 (Saving: 00:00.03)

read blend: data/base_scene.blend
convertViewVec: called in an invalid context
convertViewVec: called in an invalid context
Fra:1 Mem:11.86M (0.00M, Peak 11.86M) | Time:00:00.00 | Preparing Scene data
Fra:1 Mem:14.50M (0.00M, Peak 15.48M) | Time:00:00.00 | Preparing Scene data
Fra:1 Mem:14.50M (0.00M, Peak 15.48M) | Time:00:00.00 | Creating Shadowbuffers
Fra:1 Mem:14.50M (0.00M, Peak 15.48M) | Time:00:00.00 | Raytree.. preparing
Fra:1 Mem:17.27M (0.00M, Peak 17.27M) | Time:00:00.00 | Raytree.. building
Fra:1 Mem:17.12M (0.00M, Peak 21.45M) | Time:00:00.05 | Raytree finished
Fra:1 Mem:17.12M (0.00M, Peak 21.45M) | Time:00:00.05 | Creating Environment maps
Fra:1 Mem:17.12M (0.00M, Peak 21.45M) | Time:00:00.05 | Caching Point Densities
Fra:1 Mem:17.12M (0.00M, Peak 21.45M) | Time:00:00.05 | Sce: Scene Ve:19114 Fa:20172 La:1
Fra:1 Mem:17.12M (0.00M, Peak 21.45M) | Time:00:00.05 | Loading voxel datasets
Fra:1 Mem:17.12M (0.00M, Peak 21.45M) | Time:00:00.05 | Sce: Scene Ve:19114 Fa:20172 La:1
Fra:1 Mem:17.12M (0.00M, Peak 21.45M) | Time:00:00.05 | Sce: Scene Ve:19114 Fa:20172 La:1
Fra:1 Mem:17.12M (0.00M, Peak 21.45M) | Time:00:00.05 | Volume preprocessing
Fra:1 Mem:17.12M (0.00M, Peak 21.45M) | Time:00:00.05 | Sce: Scene Ve:19114 Fa:20172 La:1
Fra:1 Mem:17.12M (0.00M, Peak 21.45M) | Time:00:00.05 | Sce: Scene Ve:19114 Fa:20172 La:1
Fra:1 Mem:21.15M (0.00M, Peak 21.45M) | Time:00:00.05 | Scene, Part 4-4
Fra:1 Mem:21.19M (0.00M, Peak 21.45M) | Time:00:00.05 | Scene, Part 3-4
Fra:1 Mem:20.22M (0.00M, Peak 21.45M) | Time:00:00.06 | Scene, Part 2-4
Fra:1 Mem:18.37M (0.00M, Peak 21.45M) | Time:00:00.06 | Scene, Part 1-4
Fra:1 Mem:11.78M (0.00M, Peak 21.45M) | Time:00:00.06 | Sce: Scene Ve:19114 Fa:20172 La:1
Saved: '/tmp/tmp0v3o68qm.png'
 Time: 00:00.08 (Saving: 00:00.01)

Fra:1 Mem:11.81M (0.00M, Peak 12.40M) | Time:00:00.04 | Mem:0.00M, Peak:0.00M | Scene, RenderLayer | Synchronizing object | Area
Fra:1 Mem:11.81M (0.00M, Peak 12.40M) | Time:00:00.04 | Mem:0.00M, Peak:0.00M | Scene, RenderLayer | Synchronizing object | Ground
Fra:1 Mem:11.88M (0.00M, Peak 12.40M) | Time:00:00.04 | Mem:0.00M, Peak:0.00M | Scene, RenderLayer | Synchronizing object | Empty
Fra:1 Mem:11.88M (0.00M, Peak 12.40M) | Time:00:00.04 | Mem:0.00M, Peak:0.00M | Scene, RenderLayer | Synchronizing object | Lamp_Back
Fra:1 Mem:11.88M (0.00M, Peak 12.40M) | Time:00:00.04 | Mem:0.00M, Peak:0.00M | Scene, RenderLayer | Synchronizing object | Lamp_Fill
Fra:1 Mem:11.88M (0.00M, Peak 12.40M) | Time:00:00.04 | Mem:0.00M, Peak:0.00M | Scene, RenderLayer | Synchronizing object | Lamp_Key
Fra:1 Mem:11.88M (0.00M, Peak 12.40M) | Time:00:00.04 | Mem:0.00M, Peak:0.00M | Scene, RenderLayer | Synchronizing object | Camera
Fra:1 Mem:11.88M (0.00M, Peak 12.40M) | Time:00:00.04 | Mem:0.00M, Peak:0.00M | Scene, RenderLayer | Synchronizing object | SmoothCube_v2_0
Fra:1 Mem:12.24M (0.00M, Peak 12.59M) | Time:00:00.05 | Mem:0.00M, Peak:0.00M | Scene, RenderLayer | Synchronizing object | Sphere_0
Fra:1 Mem:13.74M (0.00M, Peak 15.17M) | Time:00:00.05 | Mem:0.00M, Peak:0.00M | Scene, RenderLayer | Initializing
Fra:1 Mem:13.74M (0.00M, Peak 15.17M) | Time:00:00.05 | Mem:0.00M, Peak:0.00M | Scene, RenderLayer | Loading render kernels (may take a few minutes the first time)
Fra:1 Mem:13.74M (0.00M, Peak 16.44M) | Time:00:00.07 | Mem:0.00M, Peak:0.00M | Scene, RenderLayer | Waiting for render to start
Fra:1 Mem:13.74M (0.00M, Peak 16.44M) | Time:00:00.07 | Mem:0.00M, Peak:0.00M | Scene, RenderLayer | Updating Scene
Fra:1 Mem:13.74M (0.00M, Peak 16.44M) | Time:00:00.07 | Mem:0.00M, Peak:0.00M | Scene, RenderLayer | Updating Shaders
Fra:1 Mem:13.99M (0.00M, Peak 16.44M) | Time:00:00.07 | Mem:0.00M, Peak:0.00M | Scene, RenderLayer | Updating Background
Fra:1 Mem:13.99M (0.00M, Peak 16.44M) | Time:00:00.07 | Mem:0.00M, Peak:0.00M | Scene, RenderLayer | Updating Camera
Fra:1 Mem:13.99M (0.00M, Peak 16.44M) | Time:00:00.07 | Mem:0.00M, Peak:0.00M | Scene, RenderLayer | Updating Meshes Flags
Fra:1 Mem:13.99M (0.00M, Peak 16.44M) | Time:00:00.07 | Mem:0.00M, Peak:0.00M | Scene, RenderLayer | Updating Objects
Fra:1 Mem:13.99M (0.00M, Peak 16.44M) | Time:00:00.07 | Mem:0.00M, Peak:0.00M | Scene, RenderLayer | Updating Objects | Copying Transformations to device
Fra:1 Mem:13.99M (0.00M, Peak 16.44M) | Time:00:00.07 | Mem:0.00M, Peak:0.00M | Scene, RenderLayer | Updating Objects | Applying Static Transformations
Fra:1 Mem:13.99M (0.00M, Peak 16.44M) | Time:00:00.07 | Mem:0.00M, Peak:0.00M | Scene, RenderLayer | Updating Meshes
Fra:1 Mem:14.59M (0.00M, Peak 16.44M) | Time:00:00.07 | Mem:0.00M, Peak:0.00M | Scene, RenderLayer | Updating Mesh | Computing attributes
Fra:1 Mem:14.89M (0.00M, Peak 16.44M) | Time:00:00.07 | Mem:0.00M, Peak:0.00M | Scene, RenderLayer | Updating Mesh | Copying Attributes to device
Fra:1 Mem:14.89M (0.00M, Peak 16.44M) | Time:00:00.07 | Mem:0.29M, Peak:0.29M | Scene, RenderLayer | Updating Scene BVH | Building
Fra:1 Mem:14.89M (0.00M, Peak 16.44M) | Time:00:00.07 | Mem:0.29M, Peak:0.29M | Scene, RenderLayer | Updating Scene BVH | Building BVH
Fra:1 Mem:17.16M (0.00M, Peak 17.16M) | Time:00:00.10 | Mem:0.29M, Peak:0.29M | Scene, RenderLayer | Updating Scene BVH | Packing BVH triangles and strands
Fra:1 Mem:19.28M (0.00M, Peak 19.28M) | Time:00:00.10 | Mem:0.29M, Peak:0.29M | Scene, RenderLayer | Updating Scene BVH | Packing BVH nodes
Fra:1 Mem:18.06M (0.00M, Peak 19.88M) | Time:00:00.10 | Mem:0.29M, Peak:0.29M | Scene, RenderLayer | Updating Scene BVH | Copying BVH to device
Fra:1 Mem:18.21M (0.00M, Peak 19.88M) | Time:00:00.10 | Mem:3.47M, Peak:3.47M | Scene, RenderLayer | Updating Mesh | Computing normals
Fra:1 Mem:19.58M (0.00M, Peak 19.88M) | Time:00:00.10 | Mem:3.47M, Peak:3.47M | Scene, RenderLayer | Updating Mesh | Copying Mesh to device
Fra:1 Mem:19.43M (0.00M, Peak 19.88M) | Time:00:00.10 | Mem:4.83M, Peak:4.83M | Scene, RenderLayer | Updating Objects Flags
Fra:1 Mem:19.43M (0.00M, Peak 19.88M) | Time:00:00.10 | Mem:4.83M, Peak:4.83M | Scene, RenderLayer | Updating Images
Fra:1 Mem:19.43M (0.00M, Peak 19.88M) | Time:00:00.10 | Mem:4.83M, Peak:4.83M | Scene, RenderLayer | Updating Camera Volume
Fra:1 Mem:19.43M (0.00M, Peak 19.88M) | Time:00:00.10 | Mem:4.83M, Peak:4.83M | Scene, RenderLayer | Updating Hair Systems
Fra:1 Mem:19.43M (0.00M, Peak 19.88M) | Time:00:00.10 | Mem:4.83M, Peak:4.83M | Scene, RenderLayer | Updating Hair settings | Copying Hair settings to device
Fra:1 Mem:19.43M (0.00M, Peak 19.88M) | Time:00:00.10 | Mem:4.83M, Peak:4.83M | Scene, RenderLayer | Updating Lookup Tables
Fra:1 Mem:19.43M (0.00M, Peak 19.88M) | Time:00:00.10 | Mem:5.08M, Peak:5.08M | Scene, RenderLayer | Updating Lights
Fra:1 Mem:19.43M (0.00M, Peak 19.88M) | Time:00:00.10 | Mem:5.08M, Peak:5.08M | Scene, RenderLayer | Updating Lights | Computing distribution
Fra:1 Mem:19.43M (0.00M, Peak 19.88M) | Time:00:00.10 | Mem:5.08M, Peak:5.08M | Scene, RenderLayer | Updating Particle Systems
Fra:1 Mem:19.43M (0.00M, Peak 19.88M) | Time:00:00.10 | Mem:5.08M, Peak:5.08M | Scene, RenderLayer | Updating Particle Systems | Copying Particles to device
Fra:1 Mem:19.43M (0.00M, Peak 19.88M) | Time:00:00.10 | Mem:5.08M, Peak:5.08M | Scene, RenderLayer | Updating Integrator
Fra:1 Mem:19.47M (0.00M, Peak 19.88M) | Time:00:00.10 | Mem:5.12M, Peak:5.12M | Scene, RenderLayer | Updating Film
Fra:1 Mem:19.47M (0.00M, Peak 19.88M) | Time:00:00.10 | Mem:5.12M, Peak:5.12M | Scene, RenderLayer | Updating Lookup Tables
Fra:1 Mem:19.47M (0.00M, Peak 19.88M) | Time:00:00.10 | Mem:5.13M, Peak:5.13M | Scene, RenderLayer | Updating Baking
Fra:1 Mem:19.47M (0.00M, Peak 19.88M) | Time:00:00.11 | Mem:5.13M, Peak:5.13M | Scene, RenderLayer | Updating Device | Writing constant memory
Fra:1 Mem:19.47M (0.00M, Peak 19.88M) | Time:00:00.11 | Mem:5.13M, Peak:5.13M | Scene, RenderLayer | Path Tracing Tile 0/4, Sample 0/512
Fra:1 Mem:21.72M (0.00M, Peak 22.97M) | Time:00:00.11 | Mem:7.38M, Peak:7.38M | Scene, RenderLayer | Path Tracing Tile 1/4, Sample 0/512
Fra:1 Mem:21.72M (0.00M, Peak 23.97M) | Time:00:01.11 | Remaining:00:11.87 | Mem:7.38M, Peak:7.38M | Scene, RenderLayer | Path Tracing Tile 1/4, Sample 94/512
Fra:1 Mem:21.72M (0.00M, Peak 23.97M) | Time:00:02.12 | Remaining:00:10.83 | Mem:7.38M, Peak:7.38M | Scene, RenderLayer | Path Tracing Tile 1/4, Sample 188/512
Fra:1 Mem:21.72M (0.00M, Peak 23.97M) | Time:00:03.12 | Remaining:00:09.82 | Mem:7.38M, Peak:7.38M | Scene, RenderLayer | Path Tracing Tile 1/4, Sample 282/512
Fra:1 Mem:21.72M (0.00M, Peak 23.97M) | Time:00:04.13 | Remaining:00:08.81 | Mem:7.38M, Peak:7.38M | Scene, RenderLayer | Path Tracing Tile 1/4, Sample 376/512
Fra:1 Mem:21.72M (0.00M, Peak 23.97M) | Time:00:05.14 | Remaining:00:07.81 | Mem:7.38M, Peak:7.38M | Scene, RenderLayer | Path Tracing Tile 1/4, Sample 470/512
Fra:1 Mem:19.47M (0.00M, Peak 23.97M) | Time:00:05.59 | Remaining:00:07.36 | Mem:5.13M, Peak:7.38M | Scene, RenderLayer | Path Tracing Tile 1/4, Sample 512/512
Fra:1 Mem:21.44M (0.00M, Peak 23.97M) | Time:00:05.59 | Remaining:00:07.37 | Mem:7.10M, Peak:7.38M | Scene, RenderLayer | Path Tracing Tile 2/4, Sample 512/512
Fra:1 Mem:21.44M (0.00M, Peak 23.97M) | Time:00:06.14 | Remaining:00:06.65 | Mem:7.10M, Peak:7.38M | Scene, RenderLayer | Path Tracing Tile 2/4, Sample 67/512
Fra:1 Mem:21.44M (0.00M, Peak 23.97M) | Time:00:07.15 | Remaining:00:05.43 | Mem:7.10M, Peak:7.38M | Scene, RenderLayer | Path Tracing Tile 2/4, Sample 189/512
Fra:1 Mem:21.44M (0.00M, Peak 23.97M) | Time:00:08.16 | Remaining:00:04.26 | Mem:7.10M, Peak:7.38M | Scene, RenderLayer | Path Tracing Tile 2/4, Sample 311/512
Fra:1 Mem:21.44M (0.00M, Peak 23.97M) | Time:00:09.16 | Remaining:00:03.15 | Mem:7.10M, Peak:7.38M | Scene, RenderLayer | Path Tracing Tile 2/4, Sample 432/512
Fra:1 Mem:19.47M (0.00M, Peak 23.97M) | Time:00:09.83 | Remaining:00:02.43 | Mem:5.13M, Peak:7.38M | Scene, RenderLayer | Path Tracing Tile 2/4, Sample 512/512
Fra:1 Mem:20.03M (0.00M, Peak 23.97M) | Time:00:09.83 | Remaining:00:02.43 | Mem:5.69M, Peak:7.38M | Scene, RenderLayer | Path Tracing Tile 3/4, Sample 512/512
Fra:1 Mem:20.03M (0.00M, Peak 23.97M) | Time:00:10.16 | Remaining:00:02.26 | Mem:5.69M, Peak:7.38M | Scene, RenderLayer | Path Tracing Tile 3/4, Sample 79/512
Fra:1 Mem:20.03M (0.00M, Peak 23.97M) | Time:00:11.16 | Remaining:00:01.71 | Mem:5.69M, Peak:7.38M | Scene, RenderLayer | Path Tracing Tile 3/4, Sample 317/512
Fra:1 Mem:19.47M (0.00M, Peak 23.97M) | Time:00:11.99 | Remaining:00:01.22 | Mem:5.13M, Peak:7.38M | Scene, RenderLayer | Path Tracing Tile 3/4, Sample 512/512
Fra:1 Mem:19.96M (0.00M, Peak 23.97M) | Time:00:11.99 | Remaining:00:01.22 | Mem:5.62M, Peak:7.38M | Scene, RenderLayer | Path Tracing Tile 4/4, Sample 512/512
Fra:1 Mem:19.96M (0.00M, Peak 23.97M) | Time:00:12.16 | Remaining:00:01.12 | Mem:5.62M, Peak:7.38M | Scene, RenderLayer | Path Tracing Tile 4/4, Sample 45/512
Fra:1 Mem:19.96M (0.00M, Peak 23.97M) | Time:00:13.17 | Remaining:00:00.51 | Mem:5.62M, Peak:7.38M | Scene, RenderLayer | Path Tracing Tile 4/4, Sample 304/512
Fra:1 Mem:19.47M (0.00M, Peak 23.97M) | Time:00:13.98 | Mem:5.13M, Peak:7.38M | Scene, RenderLayer | Path Tracing Tile 4/4, Sample 512/512
Fra:1 Mem:19.47M (0.00M, Peak 23.97M) | Time:00:13.98 | Mem:5.13M, Peak:7.38M | Scene, RenderLayer | Finished
Fra:1 Mem:11.80M (0.00M, Peak 23.97M) | Time:00:14.06 | Sce: Scene Ve:0 Fa:0 La:0
Saved: '/home/ubuntu/vdp-tool-chain-repo/data/output/images/alternation-fovariant-15/CLEVR_alternation-fovariant-15_000002.png'
 Time: 00:14.09 (Saving: 00:00.03)

read blend: data/base_scene.blend
convertViewVec: called in an invalid context
convertViewVec: called in an invalid context
Fra:1 Mem:11.86M (0.00M, Peak 11.86M) | Time:00:00.00 | Preparing Scene data
Fra:1 Mem:14.51M (0.00M, Peak 14.80M) | Time:00:00.00 | Preparing Scene data
Fra:1 Mem:14.51M (0.00M, Peak 14.80M) | Time:00:00.00 | Creating Shadowbuffers
Fra:1 Mem:14.51M (0.00M, Peak 14.80M) | Time:00:00.00 | Raytree.. preparing
Fra:1 Mem:17.28M (0.00M, Peak 17.28M) | Time:00:00.00 | Raytree.. building
Fra:1 Mem:17.12M (0.00M, Peak 21.45M) | Time:00:00.04 | Raytree finished
Fra:1 Mem:17.12M (0.00M, Peak 21.45M) | Time:00:00.04 | Creating Environment maps
Fra:1 Mem:17.12M (0.00M, Peak 21.45M) | Time:00:00.04 | Caching Point Densities
Fra:1 Mem:17.12M (0.00M, Peak 21.45M) | Time:00:00.04 | Sce: Scene Ve:19114 Fa:20171 La:1
Fra:1 Mem:17.12M (0.00M, Peak 21.45M) | Time:00:00.04 | Loading voxel datasets
Fra:1 Mem:17.12M (0.00M, Peak 21.45M) | Time:00:00.04 | Sce: Scene Ve:19114 Fa:20171 La:1
Fra:1 Mem:17.13M (0.00M, Peak 21.45M) | Time:00:00.04 | Sce: Scene Ve:19114 Fa:20171 La:1
Fra:1 Mem:17.13M (0.00M, Peak 21.45M) | Time:00:00.04 | Volume preprocessing
Fra:1 Mem:17.13M (0.00M, Peak 21.45M) | Time:00:00.04 | Sce: Scene Ve:19114 Fa:20171 La:1
Fra:1 Mem:17.13M (0.00M, Peak 21.45M) | Time:00:00.04 | Sce: Scene Ve:19114 Fa:20171 La:1
Fra:1 Mem:21.20M (0.00M, Peak 21.45M) | Time:00:00.05 | Scene, Part 3-4
Fra:1 Mem:21.16M (0.00M, Peak 21.45M) | Time:00:00.05 | Scene, Part 4-4
Fra:1 Mem:19.47M (0.00M, Peak 21.45M) | Time:00:00.05 | Scene, Part 2-4
Fra:1 Mem:18.38M (0.00M, Peak 21.45M) | Time:00:00.06 | Scene, Part 1-4
Fra:1 Mem:11.78M (0.00M, Peak 21.45M) | Time:00:00.06 | Sce: Scene Ve:19114 Fa:20171 La:1
Saved: '/tmp/tmpdc6nwynk.png'
 Time: 00:00.07 (Saving: 00:00.01)

Fra:1 Mem:11.81M (0.00M, Peak 12.41M) | Time:00:00.04 | Mem:0.00M, Peak:0.00M | Scene, RenderLayer | Synchronizing object | Area
Fra:1 Mem:11.81M (0.00M, Peak 12.41M) | Time:00:00.04 | Mem:0.00M, Peak:0.00M | Scene, RenderLayer | Synchronizing object | Ground
Fra:1 Mem:11.88M (0.00M, Peak 12.41M) | Time:00:00.04 | Mem:0.00M, Peak:0.00M | Scene, RenderLayer | Synchronizing object | Empty
Fra:1 Mem:11.88M (0.00M, Peak 12.41M) | Time:00:00.04 | Mem:0.00M, Peak:0.00M | Scene, RenderLayer | Synchronizing object | Lamp_Back
Fra:1 Mem:11.88M (0.00M, Peak 12.41M) | Time:00:00.04 | Mem:0.00M, Peak:0.00M | Scene, RenderLayer | Synchronizing object | Lamp_Fill
Fra:1 Mem:11.88M (0.00M, Peak 12.41M) | Time:00:00.04 | Mem:0.00M, Peak:0.00M | Scene, RenderLayer | Synchronizing object | Lamp_Key
Fra:1 Mem:11.88M (0.00M, Peak 12.41M) | Time:00:00.04 | Mem:0.00M, Peak:0.00M | Scene, RenderLayer | Synchronizing object | Camera
Fra:1 Mem:11.88M (0.00M, Peak 12.41M) | Time:00:00.04 | Mem:0.00M, Peak:0.00M | Scene, RenderLayer | Synchronizing object | Sphere_0
Fra:1 Mem:13.37M (0.00M, Peak 14.81M) | Time:00:00.05 | Mem:0.00M, Peak:0.00M | Scene, RenderLayer | Synchronizing object | SmoothCube_v2_0
Fra:1 Mem:13.74M (0.00M, Peak 14.81M) | Time:00:00.05 | Mem:0.00M, Peak:0.00M | Scene, RenderLayer | Initializing
Fra:1 Mem:13.74M (0.00M, Peak 14.81M) | Time:00:00.05 | Mem:0.00M, Peak:0.00M | Scene, RenderLayer | Loading render kernels (may take a few minutes the first time)
Fra:1 Mem:13.74M (0.00M, Peak 16.44M) | Time:00:00.06 | Mem:0.00M, Peak:0.00M | Scene, RenderLayer | Waiting for render to start
Fra:1 Mem:13.74M (0.00M, Peak 16.44M) | Time:00:00.06 | Mem:0.00M, Peak:0.00M | Scene, RenderLayer | Updating Scene
Fra:1 Mem:13.74M (0.00M, Peak 16.44M) | Time:00:00.06 | Mem:0.00M, Peak:0.00M | Scene, RenderLayer | Updating Shaders
Fra:1 Mem:13.99M (0.00M, Peak 16.44M) | Time:00:00.07 | Mem:0.00M, Peak:0.00M | Scene, RenderLayer | Updating Background
Fra:1 Mem:13.99M (0.00M, Peak 16.44M) | Time:00:00.07 | Mem:0.00M, Peak:0.00M | Scene, RenderLayer | Updating Camera
Fra:1 Mem:13.99M (0.00M, Peak 16.44M) | Time:00:00.07 | Mem:0.00M, Peak:0.00M | Scene, RenderLayer | Updating Meshes Flags
Fra:1 Mem:13.99M (0.00M, Peak 16.44M) | Time:00:00.07 | Mem:0.00M, Peak:0.00M | Scene, RenderLayer | Updating Objects
Fra:1 Mem:13.99M (0.00M, Peak 16.44M) | Time:00:00.07 | Mem:0.00M, Peak:0.00M | Scene, RenderLayer | Updating Objects | Copying Transformations to device
Fra:1 Mem:13.99M (0.00M, Peak 16.44M) | Time:00:00.07 | Mem:0.00M, Peak:0.00M | Scene, RenderLayer | Updating Objects | Applying Static Transformations
Fra:1 Mem:13.99M (0.00M, Peak 16.44M) | Time:00:00.07 | Mem:0.00M, Peak:0.00M | Scene, RenderLayer | Updating Meshes
Fra:1 Mem:14.60M (0.00M, Peak 16.44M) | Time:00:00.07 | Mem:0.00M, Peak:0.00M | Scene, RenderLayer | Updating Mesh | Computing attributes
Fra:1 Mem:14.89M (0.00M, Peak 16.44M) | Time:00:00.07 | Mem:0.00M, Peak:0.00M | Scene, RenderLayer | Updating Mesh | Copying Attributes to device
Fra:1 Mem:14.89M (0.00M, Peak 16.44M) | Time:00:00.07 | Mem:0.29M, Peak:0.29M | Scene, RenderLayer | Updating Scene BVH | Building
Fra:1 Mem:14.89M (0.00M, Peak 16.44M) | Time:00:00.07 | Mem:0.29M, Peak:0.29M | Scene, RenderLayer | Updating Scene BVH | Building BVH
Fra:1 Mem:17.16M (0.00M, Peak 17.16M) | Time:00:00.09 | Mem:0.29M, Peak:0.29M | Scene, RenderLayer | Updating Scene BVH | Packing BVH triangles and strands
Fra:1 Mem:19.28M (0.00M, Peak 19.28M) | Time:00:00.10 | Mem:0.29M, Peak:0.29M | Scene, RenderLayer | Updating Scene BVH | Packing BVH nodes
Fra:1 Mem:18.06M (0.00M, Peak 19.88M) | Time:00:00.10 | Mem:0.29M, Peak:0.29M | Scene, RenderLayer | Updating Scene BVH | Copying BVH to device
Fra:1 Mem:18.21M (0.00M, Peak 19.88M) | Time:00:00.10 | Mem:3.47M, Peak:3.47M | Scene, RenderLayer | Updating Mesh | Computing normals
Fra:1 Mem:19.58M (0.00M, Peak 19.88M) | Time:00:00.10 | Mem:3.47M, Peak:3.47M | Scene, RenderLayer | Updating Mesh | Copying Mesh to device
Fra:1 Mem:19.43M (0.00M, Peak 19.88M) | Time:00:00.10 | Mem:4.83M, Peak:4.83M | Scene, RenderLayer | Updating Objects Flags
Fra:1 Mem:19.43M (0.00M, Peak 19.88M) | Time:00:00.10 | Mem:4.83M, Peak:4.83M | Scene, RenderLayer | Updating Images
Fra:1 Mem:19.43M (0.00M, Peak 19.88M) | Time:00:00.10 | Mem:4.83M, Peak:4.83M | Scene, RenderLayer | Updating Camera Volume
Fra:1 Mem:19.43M (0.00M, Peak 19.88M) | Time:00:00.10 | Mem:4.83M, Peak:4.83M | Scene, RenderLayer | Updating Hair Systems
Fra:1 Mem:19.43M (0.00M, Peak 19.88M) | Time:00:00.10 | Mem:4.83M, Peak:4.83M | Scene, RenderLayer | Updating Hair settings | Copying Hair settings to device
Fra:1 Mem:19.43M (0.00M, Peak 19.88M) | Time:00:00.10 | Mem:4.83M, Peak:4.83M | Scene, RenderLayer | Updating Lookup Tables
Fra:1 Mem:19.43M (0.00M, Peak 19.88M) | Time:00:00.10 | Mem:5.08M, Peak:5.08M | Scene, RenderLayer | Updating Lights
Fra:1 Mem:19.43M (0.00M, Peak 19.88M) | Time:00:00.10 | Mem:5.08M, Peak:5.08M | Scene, RenderLayer | Updating Lights | Computing distribution
Fra:1 Mem:19.43M (0.00M, Peak 19.88M) | Time:00:00.10 | Mem:5.08M, Peak:5.08M | Scene, RenderLayer | Updating Particle Systems
Fra:1 Mem:19.43M (0.00M, Peak 19.88M) | Time:00:00.10 | Mem:5.08M, Peak:5.08M | Scene, RenderLayer | Updating Particle Systems | Copying Particles to device
Fra:1 Mem:19.43M (0.00M, Peak 19.88M) | Time:00:00.10 | Mem:5.08M, Peak:5.08M | Scene, RenderLayer | Updating Integrator
Fra:1 Mem:19.47M (0.00M, Peak 19.88M) | Time:00:00.10 | Mem:5.12M, Peak:5.12M | Scene, RenderLayer | Updating Film
Fra:1 Mem:19.47M (0.00M, Peak 19.88M) | Time:00:00.10 | Mem:5.12M, Peak:5.12M | Scene, RenderLayer | Updating Lookup Tables
Fra:1 Mem:19.47M (0.00M, Peak 19.88M) | Time:00:00.10 | Mem:5.13M, Peak:5.13M | Scene, RenderLayer | Updating Baking
Fra:1 Mem:19.47M (0.00M, Peak 19.88M) | Time:00:00.10 | Mem:5.13M, Peak:5.13M | Scene, RenderLayer | Updating Device | Writing constant memory
Fra:1 Mem:19.47M (0.00M, Peak 19.88M) | Time:00:00.10 | Mem:5.13M, Peak:5.13M | Scene, RenderLayer | Path Tracing Tile 0/4, Sample 0/512
Fra:1 Mem:21.72M (0.00M, Peak 22.98M) | Time:00:00.11 | Mem:7.38M, Peak:7.38M | Scene, RenderLayer | Path Tracing Tile 1/4, Sample 0/512
Fra:1 Mem:21.72M (0.00M, Peak 23.98M) | Time:00:01.11 | Remaining:00:10.72 | Mem:7.38M, Peak:7.38M | Scene, RenderLayer | Path Tracing Tile 1/4, Sample 103/512
Fra:1 Mem:21.72M (0.00M, Peak 23.98M) | Time:00:02.11 | Remaining:00:09.69 | Mem:7.38M, Peak:7.38M | Scene, RenderLayer | Path Tracing Tile 1/4, Sample 206/512
Fra:1 Mem:21.72M (0.00M, Peak 23.98M) | Time:00:03.12 | Remaining:00:08.68 | Mem:7.38M, Peak:7.38M | Scene, RenderLayer | Path Tracing Tile 1/4, Sample 309/512
Fra:1 Mem:21.72M (0.00M, Peak 23.98M) | Time:00:04.12 | Remaining:00:07.68 | Mem:7.38M, Peak:7.38M | Scene, RenderLayer | Path Tracing Tile 1/4, Sample 412/512
Fra:1 Mem:19.47M (0.00M, Peak 23.98M) | Time:00:05.11 | Remaining:00:06.72 | Mem:5.13M, Peak:7.38M | Scene, RenderLayer | Path Tracing Tile 1/4, Sample 512/512
Fra:1 Mem:21.44M (0.00M, Peak 23.98M) | Time:00:05.11 | Remaining:00:06.72 | Mem:7.10M, Peak:7.38M | Scene, RenderLayer | Path Tracing Tile 2/4, Sample 512/512
Fra:1 Mem:21.44M (0.00M, Peak 23.98M) | Time:00:05.13 | Remaining:00:06.71 | Mem:7.10M, Peak:7.38M | Scene, RenderLayer | Path Tracing Tile 2/4, Sample 2/512
Fra:1 Mem:21.44M (0.00M, Peak 23.98M) | Time:00:06.13 | Remaining:00:05.90 | Mem:7.10M, Peak:7.38M | Scene, RenderLayer | Path Tracing Tile 2/4, Sample 108/512
Fra:1 Mem:21.44M (0.00M, Peak 23.98M) | Time:00:07.13 | Remaining:00:05.03 | Mem:7.10M, Peak:7.38M | Scene, RenderLayer | Path Tracing Tile 2/4, Sample 214/512
Fra:1 Mem:21.44M (0.00M, Peak 23.98M) | Time:00:08.14 | Remaining:00:04.14 | Mem:7.10M, Peak:7.38M | Scene, RenderLayer | Path Tracing Tile 2/4, Sample 320/512
Fra:1 Mem:21.44M (0.00M, Peak 23.98M) | Time:00:09.15 | Remaining:00:03.22 | Mem:7.10M, Peak:7.38M | Scene, RenderLayer | Path Tracing Tile 2/4, Sample 426/512
Fra:1 Mem:19.47M (0.00M, Peak 23.98M) | Time:00:09.97 | Remaining:00:02.46 | Mem:5.13M, Peak:7.38M | Scene, RenderLayer | Path Tracing Tile 2/4, Sample 512/512
Fra:1 Mem:20.04M (0.00M, Peak 23.98M) | Time:00:09.97 | Remaining:00:02.46 | Mem:5.69M, Peak:7.38M | Scene, RenderLayer | Path Tracing Tile 3/4, Sample 512/512
Fra:1 Mem:20.04M (0.00M, Peak 23.98M) | Time:00:10.15 | Remaining:00:02.37 | Mem:5.69M, Peak:7.38M | Scene, RenderLayer | Path Tracing Tile 3/4, Sample 42/512
Fra:1 Mem:20.04M (0.00M, Peak 23.98M) | Time:00:11.15 | Remaining:00:01.82 | Mem:5.69M, Peak:7.38M | Scene, RenderLayer | Path Tracing Tile 3/4, Sample 280/512
Fra:1 Mem:19.47M (0.00M, Peak 23.98M) | Time:00:12.13 | Remaining:00:01.23 | Mem:5.13M, Peak:7.38M | Scene, RenderLayer | Path Tracing Tile 3/4, Sample 512/512
Fra:1 Mem:19.97M (0.00M, Peak 23.98M) | Time:00:12.13 | Remaining:00:01.23 | Mem:5.62M, Peak:7.38M | Scene, RenderLayer | Path Tracing Tile 4/4, Sample 512/512
Fra:1 Mem:19.97M (0.00M, Peak 23.98M) | Time:00:12.15 | Remaining:00:01.22 | Mem:5.62M, Peak:7.38M | Scene, RenderLayer | Path Tracing Tile 4/4, Sample 5/512
Fra:1 Mem:19.97M (0.00M, Peak 23.98M) | Time:00:13.15 | Remaining:00:00.62 | Mem:5.62M, Peak:7.38M | Scene, RenderLayer | Path Tracing Tile 4/4, Sample 261/512
Fra:1 Mem:19.47M (0.00M, Peak 23.98M) | Time:00:14.14 | Mem:5.13M, Peak:7.38M | Scene, RenderLayer | Path Tracing Tile 4/4, Sample 512/512
Fra:1 Mem:19.47M (0.00M, Peak 23.98M) | Time:00:14.14 | Mem:5.13M, Peak:7.38M | Scene, RenderLayer | Finished
Fra:1 Mem:11.81M (0.00M, Peak 23.98M) | Time:00:14.22 | Sce: Scene Ve:0 Fa:0 La:0
Saved: '/home/ubuntu/vdp-tool-chain-repo/data/output/images/alternation-fovariant-15/CLEVR_alternation-fovariant-15_000003.png'
 Time: 00:14.26 (Saving: 00:00.03)

read blend: data/base_scene.blend
convertViewVec: called in an invalid context
convertViewVec: called in an invalid context
convertViewVec: called in an invalid context
convertViewVec: called in an invalid context
Fra:1 Mem:14.38M (0.00M, Peak 14.38M) | Time:00:00.00 | Preparing Scene data
Fra:1 Mem:19.67M (0.00M, Peak 19.97M) | Time:00:00.01 | Preparing Scene data
Fra:1 Mem:19.67M (0.00M, Peak 19.97M) | Time:00:00.01 | Creating Shadowbuffers
Fra:1 Mem:19.67M (0.00M, Peak 19.97M) | Time:00:00.01 | Raytree.. preparing
Fra:1 Mem:25.21M (0.00M, Peak 25.21M) | Time:00:00.01 | Raytree.. building
Fra:1 Mem:24.92M (0.00M, Peak 33.57M) | Time:00:00.10 | Raytree finished
Fra:1 Mem:24.92M (0.00M, Peak 33.57M) | Time:00:00.10 | Creating Environment maps
Fra:1 Mem:24.92M (0.00M, Peak 33.57M) | Time:00:00.10 | Caching Point Densities
Fra:1 Mem:24.92M (0.00M, Peak 33.57M) | Time:00:00.10 | Sce: Scene Ve:38228 Fa:40338 La:1
Fra:1 Mem:24.92M (0.00M, Peak 33.57M) | Time:00:00.10 | Loading voxel datasets
Fra:1 Mem:24.92M (0.00M, Peak 33.57M) | Time:00:00.10 | Sce: Scene Ve:38228 Fa:40338 La:1
Fra:1 Mem:24.92M (0.00M, Peak 33.57M) | Time:00:00.10 | Sce: Scene Ve:38228 Fa:40338 La:1
Fra:1 Mem:24.92M (0.00M, Peak 33.57M) | Time:00:00.10 | Volume preprocessing
Fra:1 Mem:24.92M (0.00M, Peak 33.57M) | Time:00:00.10 | Sce: Scene Ve:38228 Fa:40338 La:1
Fra:1 Mem:24.92M (0.00M, Peak 33.57M) | Time:00:00.10 | Sce: Scene Ve:38228 Fa:40338 La:1
Fra:1 Mem:28.99M (0.00M, Peak 33.57M) | Time:00:00.10 | Scene, Part 3-4
Fra:1 Mem:28.95M (0.00M, Peak 33.57M) | Time:00:00.10 | Scene, Part 4-4
Fra:1 Mem:27.27M (0.00M, Peak 33.57M) | Time:00:00.11 | Scene, Part 1-4
Fra:1 Mem:26.01M (0.00M, Peak 33.57M) | Time:00:00.11 | Scene, Part 2-4
Fra:1 Mem:14.23M (0.00M, Peak 33.57M) | Time:00:00.11 | Sce: Scene Ve:38228 Fa:40338 La:1
Saved: '/tmp/tmpmx0ersci.png'
 Time: 00:00.13 (Saving: 00:00.01)

Fra:1 Mem:14.27M (0.00M, Peak 14.86M) | Time:00:00.04 | Mem:0.00M, Peak:0.00M | Scene, RenderLayer | Synchronizing object | Area
Fra:1 Mem:14.27M (0.00M, Peak 14.86M) | Time:00:00.04 | Mem:0.00M, Peak:0.00M | Scene, RenderLayer | Synchronizing object | Ground
Fra:1 Mem:14.33M (0.00M, Peak 14.86M) | Time:00:00.04 | Mem:0.00M, Peak:0.00M | Scene, RenderLayer | Synchronizing object | Empty
Fra:1 Mem:14.33M (0.00M, Peak 14.86M) | Time:00:00.04 | Mem:0.00M, Peak:0.00M | Scene, RenderLayer | Synchronizing object | Lamp_Back
Fra:1 Mem:14.33M (0.00M, Peak 14.86M) | Time:00:00.04 | Mem:0.00M, Peak:0.00M | Scene, RenderLayer | Synchronizing object | Lamp_Fill
Fra:1 Mem:14.33M (0.00M, Peak 14.86M) | Time:00:00.04 | Mem:0.00M, Peak:0.00M | Scene, RenderLayer | Synchronizing object | Lamp_Key
Fra:1 Mem:14.33M (0.00M, Peak 14.86M) | Time:00:00.04 | Mem:0.00M, Peak:0.00M | Scene, RenderLayer | Synchronizing object | Camera
Fra:1 Mem:14.33M (0.00M, Peak 14.86M) | Time:00:00.04 | Mem:0.00M, Peak:0.00M | Scene, RenderLayer | Synchronizing object | Sphere_0
Fra:1 Mem:15.83M (0.00M, Peak 17.27M) | Time:00:00.05 | Mem:0.00M, Peak:0.00M | Scene, RenderLayer | Synchronizing object | SmoothCube_v2_0
Fra:1 Mem:16.19M (0.00M, Peak 17.27M) | Time:00:00.05 | Mem:0.00M, Peak:0.00M | Scene, RenderLayer | Synchronizing object | Sphere_1
Fra:1 Mem:17.69M (0.00M, Peak 19.13M) | Time:00:00.05 | Mem:0.00M, Peak:0.00M | Scene, RenderLayer | Synchronizing object | SmoothCube_v2_1
Fra:1 Mem:18.00M (0.00M, Peak 19.13M) | Time:00:00.06 | Mem:0.00M, Peak:0.00M | Scene, RenderLayer | Initializing
Fra:1 Mem:18.00M (0.00M, Peak 19.13M) | Time:00:00.06 | Mem:0.00M, Peak:0.00M | Scene, RenderLayer | Loading render kernels (may take a few minutes the first time)
Fra:1 Mem:18.00M (0.00M, Peak 20.70M) | Time:00:00.07 | Mem:0.00M, Peak:0.00M | Scene, RenderLayer | Waiting for render to start
Fra:1 Mem:18.00M (0.00M, Peak 20.70M) | Time:00:00.07 | Mem:0.00M, Peak:0.00M | Scene, RenderLayer | Updating Scene
Fra:1 Mem:18.00M (0.00M, Peak 20.70M) | Time:00:00.07 | Mem:0.00M, Peak:0.00M | Scene, RenderLayer | Updating Shaders
Fra:1 Mem:18.25M (0.00M, Peak 20.70M) | Time:00:00.07 | Mem:0.00M, Peak:0.00M | Scene, RenderLayer | Updating Background
Fra:1 Mem:18.25M (0.00M, Peak 20.70M) | Time:00:00.07 | Mem:0.00M, Peak:0.00M | Scene, RenderLayer | Updating Camera
Fra:1 Mem:18.25M (0.00M, Peak 20.70M) | Time:00:00.07 | Mem:0.00M, Peak:0.00M | Scene, RenderLayer | Updating Meshes Flags
Fra:1 Mem:18.25M (0.00M, Peak 20.70M) | Time:00:00.07 | Mem:0.00M, Peak:0.00M | Scene, RenderLayer | Updating Objects
Fra:1 Mem:18.25M (0.00M, Peak 20.70M) | Time:00:00.07 | Mem:0.00M, Peak:0.00M | Scene, RenderLayer | Updating Objects | Copying Transformations to device
Fra:1 Mem:18.25M (0.00M, Peak 20.70M) | Time:00:00.07 | Mem:0.00M, Peak:0.00M | Scene, RenderLayer | Updating Objects | Applying Static Transformations
Fra:1 Mem:18.25M (0.00M, Peak 20.70M) | Time:00:00.07 | Mem:0.00M, Peak:0.00M | Scene, RenderLayer | Updating Meshes
Fra:1 Mem:19.44M (0.00M, Peak 20.70M) | Time:00:00.07 | Mem:0.00M, Peak:0.00M | Scene, RenderLayer | Updating Mesh | Computing attributes
Fra:1 Mem:19.97M (0.00M, Peak 20.70M) | Time:00:00.07 | Mem:0.00M, Peak:0.00M | Scene, RenderLayer | Updating Mesh | Copying Attributes to device
Fra:1 Mem:19.97M (0.00M, Peak 20.70M) | Time:00:00.08 | Mem:0.53M, Peak:0.53M | Scene, RenderLayer | Updating Scene BVH | Building
Fra:1 Mem:19.97M (0.00M, Peak 20.70M) | Time:00:00.08 | Mem:0.53M, Peak:0.53M | Scene, RenderLayer | Updating Scene BVH | Building BVH
Fra:1 Mem:24.43M (0.00M, Peak 24.43M) | Time:00:00.13 | Mem:0.53M, Peak:0.53M | Scene, RenderLayer | Updating Scene BVH | Packing BVH triangles and strands
Fra:1 Mem:28.59M (0.00M, Peak 28.59M) | Time:00:00.13 | Mem:0.53M, Peak:0.53M | Scene, RenderLayer | Updating Scene BVH | Packing BVH nodes
Fra:1 Mem:26.19M (0.00M, Peak 29.76M) | Time:00:00.14 | Mem:0.53M, Peak:0.53M | Scene, RenderLayer | Updating Scene BVH | Copying BVH to device
Fra:1 Mem:26.49M (0.00M, Peak 29.76M) | Time:00:00.14 | Mem:6.75M, Peak:6.75M | Scene, RenderLayer | Updating Mesh | Computing normals
Fra:1 Mem:29.17M (0.00M, Peak 29.76M) | Time:00:00.14 | Mem:6.75M, Peak:6.75M | Scene, RenderLayer | Updating Mesh | Copying Mesh to device
Fra:1 Mem:28.87M (0.00M, Peak 29.76M) | Time:00:00.14 | Mem:9.43M, Peak:9.43M | Scene, RenderLayer | Updating Objects Flags
Fra:1 Mem:28.87M (0.00M, Peak 29.76M) | Time:00:00.14 | Mem:9.43M, Peak:9.43M | Scene, RenderLayer | Updating Images
Fra:1 Mem:28.87M (0.00M, Peak 29.76M) | Time:00:00.14 | Mem:9.43M, Peak:9.43M | Scene, RenderLayer | Updating Camera Volume
Fra:1 Mem:28.87M (0.00M, Peak 29.76M) | Time:00:00.14 | Mem:9.43M, Peak:9.43M | Scene, RenderLayer | Updating Hair Systems
Fra:1 Mem:28.87M (0.00M, Peak 29.76M) | Time:00:00.14 | Mem:9.43M, Peak:9.43M | Scene, RenderLayer | Updating Hair settings | Copying Hair settings to device
Fra:1 Mem:28.87M (0.00M, Peak 29.76M) | Time:00:00.14 | Mem:9.43M, Peak:9.43M | Scene, RenderLayer | Updating Lookup Tables
Fra:1 Mem:28.87M (0.00M, Peak 29.76M) | Time:00:00.14 | Mem:9.68M, Peak:9.68M | Scene, RenderLayer | Updating Lights
Fra:1 Mem:28.87M (0.00M, Peak 29.76M) | Time:00:00.14 | Mem:9.68M, Peak:9.68M | Scene, RenderLayer | Updating Lights | Computing distribution
Fra:1 Mem:28.87M (0.00M, Peak 29.76M) | Time:00:00.14 | Mem:9.68M, Peak:9.68M | Scene, RenderLayer | Updating Particle Systems
Fra:1 Mem:28.87M (0.00M, Peak 29.76M) | Time:00:00.14 | Mem:9.68M, Peak:9.68M | Scene, RenderLayer | Updating Particle Systems | Copying Particles to device
Fra:1 Mem:28.87M (0.00M, Peak 29.76M) | Time:00:00.14 | Mem:9.68M, Peak:9.68M | Scene, RenderLayer | Updating Integrator
Fra:1 Mem:28.91M (0.00M, Peak 29.76M) | Time:00:00.14 | Mem:9.72M, Peak:9.72M | Scene, RenderLayer | Updating Film
Fra:1 Mem:28.92M (0.00M, Peak 29.76M) | Time:00:00.14 | Mem:9.72M, Peak:9.72M | Scene, RenderLayer | Updating Lookup Tables
Fra:1 Mem:28.92M (0.00M, Peak 29.76M) | Time:00:00.14 | Mem:9.73M, Peak:9.73M | Scene, RenderLayer | Updating Baking
Fra:1 Mem:28.92M (0.00M, Peak 29.76M) | Time:00:00.14 | Mem:9.73M, Peak:9.73M | Scene, RenderLayer | Updating Device | Writing constant memory
Fra:1 Mem:28.92M (0.00M, Peak 29.76M) | Time:00:00.14 | Mem:9.73M, Peak:9.73M | Scene, RenderLayer | Path Tracing Tile 0/4, Sample 0/512
Fra:1 Mem:31.17M (0.00M, Peak 32.42M) | Time:00:00.15 | Mem:11.98M, Peak:11.98M | Scene, RenderLayer | Path Tracing Tile 1/4, Sample 0/512
Fra:1 Mem:31.17M (0.00M, Peak 33.42M) | Time:00:01.15 | Remaining:00:10.52 | Mem:11.98M, Peak:11.98M | Scene, RenderLayer | Path Tracing Tile 1/4, Sample 105/512
Fra:1 Mem:31.17M (0.00M, Peak 33.42M) | Time:00:02.16 | Remaining:00:09.46 | Mem:11.98M, Peak:11.98M | Scene, RenderLayer | Path Tracing Tile 1/4, Sample 211/512
Fra:1 Mem:31.17M (0.00M, Peak 33.42M) | Time:00:03.17 | Remaining:00:08.45 | Mem:11.98M, Peak:11.98M | Scene, RenderLayer | Path Tracing Tile 1/4, Sample 316/512
Fra:1 Mem:31.17M (0.00M, Peak 33.42M) | Time:00:04.17 | Remaining:00:07.45 | Mem:11.98M, Peak:11.98M | Scene, RenderLayer | Path Tracing Tile 1/4, Sample 421/512
Fra:1 Mem:28.92M (0.00M, Peak 33.42M) | Time:00:05.05 | Remaining:00:06.59 | Mem:9.73M, Peak:11.98M | Scene, RenderLayer | Path Tracing Tile 1/4, Sample 512/512
Fra:1 Mem:30.88M (0.00M, Peak 33.42M) | Time:00:05.06 | Remaining:00:06.60 | Mem:11.70M, Peak:11.98M | Scene, RenderLayer | Path Tracing Tile 2/4, Sample 512/512
Fra:1 Mem:30.88M (0.00M, Peak 33.42M) | Time:00:05.18 | Remaining:00:06.49 | Mem:11.70M, Peak:11.98M | Scene, RenderLayer | Path Tracing Tile 2/4, Sample 14/512
Fra:1 Mem:30.88M (0.00M, Peak 33.42M) | Time:00:06.18 | Remaining:00:05.55 | Mem:11.70M, Peak:11.98M | Scene, RenderLayer | Path Tracing Tile 2/4, Sample 129/512
Fra:1 Mem:30.88M (0.00M, Peak 33.42M) | Time:00:07.18 | Remaining:00:04.60 | Mem:11.70M, Peak:11.98M | Scene, RenderLayer | Path Tracing Tile 2/4, Sample 244/512
Fra:1 Mem:30.88M (0.00M, Peak 33.42M) | Time:00:08.19 | Remaining:00:03.64 | Mem:11.70M, Peak:11.98M | Scene, RenderLayer | Path Tracing Tile 2/4, Sample 359/512
Fra:1 Mem:30.88M (0.00M, Peak 33.42M) | Time:00:09.19 | Remaining:00:02.67 | Mem:11.70M, Peak:11.98M | Scene, RenderLayer | Path Tracing Tile 2/4, Sample 473/512
Fra:1 Mem:28.92M (0.00M, Peak 33.42M) | Time:00:09.54 | Remaining:00:02.34 | Mem:9.73M, Peak:11.98M | Scene, RenderLayer | Path Tracing Tile 2/4, Sample 512/512
Fra:1 Mem:29.48M (0.00M, Peak 33.42M) | Time:00:09.54 | Remaining:00:02.34 | Mem:10.29M, Peak:11.98M | Scene, RenderLayer | Path Tracing Tile 3/4, Sample 512/512
Fra:1 Mem:29.48M (0.00M, Peak 33.42M) | Time:00:10.19 | Remaining:00:02.01 | Mem:10.29M, Peak:11.98M | Scene, RenderLayer | Path Tracing Tile 3/4, Sample 157/512
Fra:1 Mem:29.48M (0.00M, Peak 33.42M) | Time:00:11.19 | Remaining:00:01.46 | Mem:10.29M, Peak:11.98M | Scene, RenderLayer | Path Tracing Tile 3/4, Sample 397/512
Fra:1 Mem:28.92M (0.00M, Peak 33.42M) | Time:00:11.67 | Remaining:00:01.18 | Mem:9.73M, Peak:11.98M | Scene, RenderLayer | Path Tracing Tile 3/4, Sample 512/512
Fra:1 Mem:29.41M (0.00M, Peak 33.42M) | Time:00:11.67 | Remaining:00:01.18 | Mem:10.22M, Peak:11.98M | Scene, RenderLayer | Path Tracing Tile 4/4, Sample 512/512
Fra:1 Mem:29.41M (0.00M, Peak 33.42M) | Time:00:12.19 | Remaining:00:00.89 | Mem:10.22M, Peak:11.98M | Scene, RenderLayer | Path Tracing Tile 4/4, Sample 134/512
Fra:1 Mem:29.41M (0.00M, Peak 33.42M) | Time:00:13.19 | Remaining:00:00.29 | Mem:10.22M, Peak:11.98M | Scene, RenderLayer | Path Tracing Tile 4/4, Sample 391/512
Fra:1 Mem:28.92M (0.00M, Peak 33.42M) | Time:00:13.67 | Mem:9.73M, Peak:11.98M | Scene, RenderLayer | Path Tracing Tile 4/4, Sample 512/512
Fra:1 Mem:28.92M (0.00M, Peak 33.42M) | Time:00:13.67 | Mem:9.73M, Peak:11.98M | Scene, RenderLayer | Finished
Fra:1 Mem:14.26M (0.00M, Peak 33.42M) | Time:00:13.75 | Sce: Scene Ve:0 Fa:0 La:0
Saved: '/home/ubuntu/vdp-tool-chain-repo/data/output/images/alternation-fovariant-15/CLEVR_alternation-fovariant-15_000004.png'
 Time: 00:13.79 (Saving: 00:00.03)

read blend: data/base_scene.blend
convertViewVec: called in an invalid context
convertViewVec: called in an invalid context
Fra:1 Mem:11.88M (0.00M, Peak 11.88M) | Time:00:00.00 | Preparing Scene data
Fra:1 Mem:14.52M (0.00M, Peak 14.82M) | Time:00:00.00 | Preparing Scene data
Fra:1 Mem:14.52M (0.00M, Peak 14.82M) | Time:00:00.00 | Creating Shadowbuffers
Fra:1 Mem:14.52M (0.00M, Peak 14.82M) | Time:00:00.00 | Raytree.. preparing
Fra:1 Mem:17.29M (0.00M, Peak 17.29M) | Time:00:00.00 | Raytree.. building
Fra:1 Mem:17.14M (0.00M, Peak 21.46M) | Time:00:00.05 | Raytree finished
Fra:1 Mem:17.14M (0.00M, Peak 21.46M) | Time:00:00.05 | Creating Environment maps
Fra:1 Mem:17.14M (0.00M, Peak 21.46M) | Time:00:00.05 | Caching Point Densities
Fra:1 Mem:17.14M (0.00M, Peak 21.46M) | Time:00:00.05 | Sce: Scene Ve:19114 Fa:20160 La:1
Fra:1 Mem:17.14M (0.00M, Peak 21.46M) | Time:00:00.05 | Loading voxel datasets
Fra:1 Mem:17.14M (0.00M, Peak 21.46M) | Time:00:00.05 | Sce: Scene Ve:19114 Fa:20160 La:1
Fra:1 Mem:17.14M (0.00M, Peak 21.46M) | Time:00:00.05 | Sce: Scene Ve:19114 Fa:20160 La:1
Fra:1 Mem:17.14M (0.00M, Peak 21.46M) | Time:00:00.05 | Volume preprocessing
Fra:1 Mem:17.14M (0.00M, Peak 21.46M) | Time:00:00.05 | Sce: Scene Ve:19114 Fa:20160 La:1
Fra:1 Mem:17.14M (0.00M, Peak 21.46M) | Time:00:00.05 | Sce: Scene Ve:19114 Fa:20160 La:1
Fra:1 Mem:21.21M (0.00M, Peak 21.46M) | Time:00:00.05 | Scene, Part 3-4
Fra:1 Mem:21.17M (0.00M, Peak 21.46M) | Time:00:00.05 | Scene, Part 4-4
Fra:1 Mem:20.23M (0.00M, Peak 21.46M) | Time:00:00.06 | Scene, Part 2-4
Fra:1 Mem:18.39M (0.00M, Peak 21.46M) | Time:00:00.06 | Scene, Part 1-4
Fra:1 Mem:11.80M (0.00M, Peak 21.46M) | Time:00:00.06 | Sce: Scene Ve:19114 Fa:20160 La:1
Saved: '/tmp/tmp9ub_3nl9.png'
 Time: 00:00.08 (Saving: 00:00.01)

Fra:1 Mem:11.83M (0.00M, Peak 12.42M) | Time:00:00.04 | Mem:0.00M, Peak:0.00M | Scene, RenderLayer | Synchronizing object | Area
Fra:1 Mem:11.83M (0.00M, Peak 12.42M) | Time:00:00.04 | Mem:0.00M, Peak:0.00M | Scene, RenderLayer | Synchronizing object | Ground
Fra:1 Mem:11.89M (0.00M, Peak 12.42M) | Time:00:00.04 | Mem:0.00M, Peak:0.00M | Scene, RenderLayer | Synchronizing object | Empty
Fra:1 Mem:11.89M (0.00M, Peak 12.42M) | Time:00:00.04 | Mem:0.00M, Peak:0.00M | Scene, RenderLayer | Synchronizing object | Lamp_Back
Fra:1 Mem:11.89M (0.00M, Peak 12.42M) | Time:00:00.04 | Mem:0.00M, Peak:0.00M | Scene, RenderLayer | Synchronizing object | Lamp_Fill
Fra:1 Mem:11.89M (0.00M, Peak 12.42M) | Time:00:00.04 | Mem:0.00M, Peak:0.00M | Scene, RenderLayer | Synchronizing object | Lamp_Key
Fra:1 Mem:11.89M (0.00M, Peak 12.42M) | Time:00:00.04 | Mem:0.00M, Peak:0.00M | Scene, RenderLayer | Synchronizing object | Camera
Fra:1 Mem:11.89M (0.00M, Peak 12.42M) | Time:00:00.04 | Mem:0.00M, Peak:0.00M | Scene, RenderLayer | Synchronizing object | Sphere_0
Fra:1 Mem:13.15M (0.00M, Peak 14.65M) | Time:00:00.05 | Mem:0.00M, Peak:0.00M | Scene, RenderLayer | Synchronizing object | SmoothCube_v2_0
Fra:1 Mem:13.52M (0.00M, Peak 14.65M) | Time:00:00.05 | Mem:0.00M, Peak:0.00M | Scene, RenderLayer | Initializing
Fra:1 Mem:13.52M (0.00M, Peak 14.65M) | Time:00:00.05 | Mem:0.00M, Peak:0.00M | Scene, RenderLayer | Loading render kernels (may take a few minutes the first time)
Fra:1 Mem:13.52M (0.00M, Peak 16.22M) | Time:00:00.06 | Mem:0.00M, Peak:0.00M | Scene, RenderLayer | Waiting for render to start
Fra:1 Mem:13.52M (0.00M, Peak 16.22M) | Time:00:00.06 | Mem:0.00M, Peak:0.00M | Scene, RenderLayer | Updating Scene
Fra:1 Mem:13.52M (0.00M, Peak 16.22M) | Time:00:00.06 | Mem:0.00M, Peak:0.00M | Scene, RenderLayer | Updating Shaders
Fra:1 Mem:13.77M (0.00M, Peak 16.22M) | Time:00:00.06 | Mem:0.00M, Peak:0.00M | Scene, RenderLayer | Updating Background
Fra:1 Mem:13.77M (0.00M, Peak 16.22M) | Time:00:00.06 | Mem:0.00M, Peak:0.00M | Scene, RenderLayer | Updating Camera
Fra:1 Mem:13.77M (0.00M, Peak 16.22M) | Time:00:00.06 | Mem:0.00M, Peak:0.00M | Scene, RenderLayer | Updating Meshes Flags
Fra:1 Mem:13.77M (0.00M, Peak 16.22M) | Time:00:00.06 | Mem:0.00M, Peak:0.00M | Scene, RenderLayer | Updating Objects
Fra:1 Mem:13.77M (0.00M, Peak 16.22M) | Time:00:00.06 | Mem:0.00M, Peak:0.00M | Scene, RenderLayer | Updating Objects | Copying Transformations to device
Fra:1 Mem:13.77M (0.00M, Peak 16.22M) | Time:00:00.06 | Mem:0.00M, Peak:0.00M | Scene, RenderLayer | Updating Objects | Applying Static Transformations
Fra:1 Mem:13.77M (0.00M, Peak 16.22M) | Time:00:00.06 | Mem:0.00M, Peak:0.00M | Scene, RenderLayer | Updating Meshes
Fra:1 Mem:14.38M (0.00M, Peak 16.22M) | Time:00:00.07 | Mem:0.00M, Peak:0.00M | Scene, RenderLayer | Updating Mesh | Computing attributes
Fra:1 Mem:14.44M (0.00M, Peak 16.22M) | Time:00:00.07 | Mem:0.00M, Peak:0.00M | Scene, RenderLayer | Updating Mesh | Copying Attributes to device
Fra:1 Mem:14.44M (0.00M, Peak 16.22M) | Time:00:00.07 | Mem:0.06M, Peak:0.06M | Scene, RenderLayer | Updating Scene BVH | Building
Fra:1 Mem:14.44M (0.00M, Peak 16.22M) | Time:00:00.07 | Mem:0.06M, Peak:0.06M | Scene, RenderLayer | Updating Scene BVH | Building BVH
Fra:1 Mem:16.71M (0.00M, Peak 16.71M) | Time:00:00.09 | Mem:0.06M, Peak:0.06M | Scene, RenderLayer | Updating Scene BVH | Packing BVH triangles and strands
Fra:1 Mem:18.83M (0.00M, Peak 18.83M) | Time:00:00.10 | Mem:0.06M, Peak:0.06M | Scene, RenderLayer | Updating Scene BVH | Packing BVH nodes
Fra:1 Mem:17.61M (0.00M, Peak 19.43M) | Time:00:00.10 | Mem:0.06M, Peak:0.06M | Scene, RenderLayer | Updating Scene BVH | Copying BVH to device
Fra:1 Mem:17.76M (0.00M, Peak 19.43M) | Time:00:00.10 | Mem:3.23M, Peak:3.23M | Scene, RenderLayer | Updating Mesh | Computing normals
Fra:1 Mem:19.13M (0.00M, Peak 19.43M) | Time:00:00.10 | Mem:3.23M, Peak:3.23M | Scene, RenderLayer | Updating Mesh | Copying Mesh to device
Fra:1 Mem:18.97M (0.00M, Peak 19.43M) | Time:00:00.10 | Mem:4.60M, Peak:4.60M | Scene, RenderLayer | Updating Objects Flags
Fra:1 Mem:18.97M (0.00M, Peak 19.43M) | Time:00:00.10 | Mem:4.60M, Peak:4.60M | Scene, RenderLayer | Updating Images
Fra:1 Mem:18.97M (0.00M, Peak 19.43M) | Time:00:00.10 | Mem:4.60M, Peak:4.60M | Scene, RenderLayer | Updating Camera Volume
Fra:1 Mem:18.97M (0.00M, Peak 19.43M) | Time:00:00.10 | Mem:4.60M, Peak:4.60M | Scene, RenderLayer | Updating Hair Systems
Fra:1 Mem:18.97M (0.00M, Peak 19.43M) | Time:00:00.10 | Mem:4.60M, Peak:4.60M | Scene, RenderLayer | Updating Hair settings | Copying Hair settings to device
Fra:1 Mem:18.97M (0.00M, Peak 19.43M) | Time:00:00.10 | Mem:4.60M, Peak:4.60M | Scene, RenderLayer | Updating Lookup Tables
Fra:1 Mem:18.97M (0.00M, Peak 19.43M) | Time:00:00.10 | Mem:4.85M, Peak:4.85M | Scene, RenderLayer | Updating Lights
Fra:1 Mem:18.98M (0.00M, Peak 19.43M) | Time:00:00.10 | Mem:4.85M, Peak:4.85M | Scene, RenderLayer | Updating Lights | Computing distribution
Fra:1 Mem:18.98M (0.00M, Peak 19.43M) | Time:00:00.10 | Mem:4.85M, Peak:4.85M | Scene, RenderLayer | Updating Particle Systems
Fra:1 Mem:18.98M (0.00M, Peak 19.43M) | Time:00:00.10 | Mem:4.85M, Peak:4.85M | Scene, RenderLayer | Updating Particle Systems | Copying Particles to device
Fra:1 Mem:18.98M (0.00M, Peak 19.43M) | Time:00:00.10 | Mem:4.85M, Peak:4.85M | Scene, RenderLayer | Updating Integrator
Fra:1 Mem:19.02M (0.00M, Peak 19.43M) | Time:00:00.10 | Mem:4.89M, Peak:4.89M | Scene, RenderLayer | Updating Film
Fra:1 Mem:19.02M (0.00M, Peak 19.43M) | Time:00:00.10 | Mem:4.89M, Peak:4.89M | Scene, RenderLayer | Updating Lookup Tables
Fra:1 Mem:19.02M (0.00M, Peak 19.43M) | Time:00:00.10 | Mem:4.89M, Peak:4.89M | Scene, RenderLayer | Updating Baking
Fra:1 Mem:19.02M (0.00M, Peak 19.43M) | Time:00:00.10 | Mem:4.89M, Peak:4.89M | Scene, RenderLayer | Updating Device | Writing constant memory
Fra:1 Mem:19.02M (0.00M, Peak 19.43M) | Time:00:00.10 | Mem:4.89M, Peak:4.89M | Scene, RenderLayer | Path Tracing Tile 0/4, Sample 0/512
Fra:1 Mem:21.27M (0.00M, Peak 22.52M) | Time:00:00.11 | Mem:7.14M, Peak:7.14M | Scene, RenderLayer | Path Tracing Tile 1/4, Sample 0/512
Fra:1 Mem:21.27M (0.00M, Peak 23.52M) | Time:00:01.11 | Remaining:00:11.25 | Mem:7.14M, Peak:7.14M | Scene, RenderLayer | Path Tracing Tile 1/4, Sample 99/512
Fra:1 Mem:21.27M (0.00M, Peak 23.52M) | Time:00:02.12 | Remaining:00:10.21 | Mem:7.14M, Peak:7.14M | Scene, RenderLayer | Path Tracing Tile 1/4, Sample 198/512
Fra:1 Mem:21.27M (0.00M, Peak 23.52M) | Time:00:03.12 | Remaining:00:09.18 | Mem:7.14M, Peak:7.14M | Scene, RenderLayer | Path Tracing Tile 1/4, Sample 297/512
Fra:1 Mem:21.27M (0.00M, Peak 23.52M) | Time:00:04.13 | Remaining:00:08.18 | Mem:7.14M, Peak:7.14M | Scene, RenderLayer | Path Tracing Tile 1/4, Sample 396/512
Fra:1 Mem:21.27M (0.00M, Peak 23.52M) | Time:00:05.14 | Remaining:00:07.19 | Mem:7.14M, Peak:7.14M | Scene, RenderLayer | Path Tracing Tile 1/4, Sample 494/512
Fra:1 Mem:19.02M (0.00M, Peak 23.52M) | Time:00:05.32 | Remaining:00:07.01 | Mem:4.89M, Peak:7.14M | Scene, RenderLayer | Path Tracing Tile 1/4, Sample 512/512
Fra:1 Mem:20.99M (0.00M, Peak 23.52M) | Time:00:05.33 | Remaining:00:07.02 | Mem:6.86M, Peak:7.14M | Scene, RenderLayer | Path Tracing Tile 2/4, Sample 512/512
Fra:1 Mem:20.99M (0.00M, Peak 23.52M) | Time:00:06.14 | Remaining:00:06.08 | Mem:6.86M, Peak:7.14M | Scene, RenderLayer | Path Tracing Tile 2/4, Sample 98/512
Fra:1 Mem:20.99M (0.00M, Peak 23.52M) | Time:00:07.15 | Remaining:00:04.96 | Mem:6.86M, Peak:7.14M | Scene, RenderLayer | Path Tracing Tile 2/4, Sample 219/512
Fra:1 Mem:20.99M (0.00M, Peak 23.52M) | Time:00:08.15 | Remaining:00:03.89 | Mem:6.86M, Peak:7.14M | Scene, RenderLayer | Path Tracing Tile 2/4, Sample 339/512
Fra:1 Mem:20.99M (0.00M, Peak 23.52M) | Time:00:09.15 | Remaining:00:02.84 | Mem:6.86M, Peak:7.14M | Scene, RenderLayer | Path Tracing Tile 2/4, Sample 458/512
Fra:1 Mem:19.02M (0.00M, Peak 23.52M) | Time:00:09.61 | Remaining:00:02.37 | Mem:4.89M, Peak:7.14M | Scene, RenderLayer | Path Tracing Tile 2/4, Sample 512/512
Fra:1 Mem:19.58M (0.00M, Peak 23.52M) | Time:00:09.61 | Remaining:00:02.37 | Mem:5.46M, Peak:7.14M | Scene, RenderLayer | Path Tracing Tile 3/4, Sample 512/512
Fra:1 Mem:19.58M (0.00M, Peak 23.52M) | Time:00:10.15 | Remaining:00:02.09 | Mem:5.46M, Peak:7.14M | Scene, RenderLayer | Path Tracing Tile 3/4, Sample 131/512
Fra:1 Mem:19.58M (0.00M, Peak 23.52M) | Time:00:11.15 | Remaining:00:01.54 | Mem:5.46M, Peak:7.14M | Scene, RenderLayer | Path Tracing Tile 3/4, Sample 370/512
Fra:1 Mem:19.02M (0.00M, Peak 23.52M) | Time:00:11.75 | Remaining:00:01.19 | Mem:4.89M, Peak:7.14M | Scene, RenderLayer | Path Tracing Tile 3/4, Sample 512/512
Fra:1 Mem:19.51M (0.00M, Peak 23.52M) | Time:00:11.75 | Remaining:00:01.19 | Mem:5.39M, Peak:7.14M | Scene, RenderLayer | Path Tracing Tile 4/4, Sample 512/512
Fra:1 Mem:19.51M (0.00M, Peak 23.52M) | Time:00:12.15 | Remaining:00:00.96 | Mem:5.39M, Peak:7.14M | Scene, RenderLayer | Path Tracing Tile 4/4, Sample 105/512
Fra:1 Mem:19.51M (0.00M, Peak 23.52M) | Time:00:13.16 | Remaining:00:00.36 | Mem:5.39M, Peak:7.14M | Scene, RenderLayer | Path Tracing Tile 4/4, Sample 364/512
Fra:1 Mem:19.02M (0.00M, Peak 23.52M) | Time:00:13.73 | Mem:4.89M, Peak:7.14M | Scene, RenderLayer | Path Tracing Tile 4/4, Sample 512/512
Fra:1 Mem:19.02M (0.00M, Peak 23.52M) | Time:00:13.73 | Mem:4.89M, Peak:7.14M | Scene, RenderLayer | Finished
Fra:1 Mem:11.82M (0.00M, Peak 23.52M) | Time:00:13.81 | Sce: Scene Ve:0 Fa:0 La:0
Saved: '/home/ubuntu/vdp-tool-chain-repo/data/output/images/alternation-fovariant-15/CLEVR_alternation-fovariant-15_000005.png'
 Time: 00:13.85 (Saving: 00:00.03)


Blender quit
'/home/ubuntu/vdp-tool-chain-repo/data/output/CLEVR_alternation-fovariant-15_scenes.json' -> '/home/ubuntu/vdp-tool-chain-repo/data/output/CLEVR_val_scenes.json'
'/home/ubuntu/vdp-tool-chain-repo/data/output/images/alternation-fovariant-15/CLEVR_alternation-fovariant-15_000000.png' -> '/home/ubuntu/vdp-tool-chain-repo/data/output/images/val/CLEVR_alternation-fovariant-15_000000.png'
'/home/ubuntu/vdp-tool-chain-repo/data/output/images/alternation-fovariant-15/CLEVR_alternation-fovariant-15_000001.png' -> '/home/ubuntu/vdp-tool-chain-repo/data/output/images/val/CLEVR_alternation-fovariant-15_000001.png'
'/home/ubuntu/vdp-tool-chain-repo/data/output/images/alternation-fovariant-15/CLEVR_alternation-fovariant-15_000002.png' -> '/home/ubuntu/vdp-tool-chain-repo/data/output/images/val/CLEVR_alternation-fovariant-15_000002.png'
'/home/ubuntu/vdp-tool-chain-repo/data/output/images/alternation-fovariant-15/CLEVR_alternation-fovariant-15_000003.png' -> '/home/ubuntu/vdp-tool-chain-repo/data/output/images/val/CLEVR_alternation-fovariant-15_000003.png'
'/home/ubuntu/vdp-tool-chain-repo/data/output/images/alternation-fovariant-15/CLEVR_alternation-fovariant-15_000004.png' -> '/home/ubuntu/vdp-tool-chain-repo/data/output/images/val/CLEVR_alternation-fovariant-15_000004.png'
'/home/ubuntu/vdp-tool-chain-repo/data/output/images/alternation-fovariant-15/CLEVR_alternation-fovariant-15_000005.png' -> '/home/ubuntu/vdp-tool-chain-repo/data/output/images/val/CLEVR_alternation-fovariant-15_000005.png'
/home/ubuntu/vdp-tool-chain-repo/data/output/images/val/CLEVR_alternation-fovariant-15_000000.png renamed as /home/ubuntu/vdp-tool-chain-repo/data/output/images/val/CLEVR_val_000000.png
/home/ubuntu/vdp-tool-chain-repo/data/output/images/val/CLEVR_alternation-fovariant-15_000001.png renamed as /home/ubuntu/vdp-tool-chain-repo/data/output/images/val/CLEVR_val_000001.png
/home/ubuntu/vdp-tool-chain-repo/data/output/images/val/CLEVR_alternation-fovariant-15_000002.png renamed as /home/ubuntu/vdp-tool-chain-repo/data/output/images/val/CLEVR_val_000002.png
/home/ubuntu/vdp-tool-chain-repo/data/output/images/val/CLEVR_alternation-fovariant-15_000003.png renamed as /home/ubuntu/vdp-tool-chain-repo/data/output/images/val/CLEVR_val_000003.png
/home/ubuntu/vdp-tool-chain-repo/data/output/images/val/CLEVR_alternation-fovariant-15_000004.png renamed as /home/ubuntu/vdp-tool-chain-repo/data/output/images/val/CLEVR_val_000004.png
/home/ubuntu/vdp-tool-chain-repo/data/output/images/val/CLEVR_alternation-fovariant-15_000005.png renamed as /home/ubuntu/vdp-tool-chain-repo/data/output/images/val/CLEVR_val_000005.png
'/home/ubuntu/vdp-tool-chain-repo/data/output/images/val/CLEVR_val_000000.png' -> '/home/ubuntu/vdp-tool-chain-repo/data/ns-vqa-data/raw/CLEVR_v1.0/images/val/CLEVR_val_000000.png'
'/home/ubuntu/vdp-tool-chain-repo/data/output/images/val/CLEVR_val_000001.png' -> '/home/ubuntu/vdp-tool-chain-repo/data/ns-vqa-data/raw/CLEVR_v1.0/images/val/CLEVR_val_000001.png'
'/home/ubuntu/vdp-tool-chain-repo/data/output/images/val/CLEVR_val_000002.png' -> '/home/ubuntu/vdp-tool-chain-repo/data/ns-vqa-data/raw/CLEVR_v1.0/images/val/CLEVR_val_000002.png'
'/home/ubuntu/vdp-tool-chain-repo/data/output/images/val/CLEVR_val_000003.png' -> '/home/ubuntu/vdp-tool-chain-repo/data/ns-vqa-data/raw/CLEVR_v1.0/images/val/CLEVR_val_000003.png'
'/home/ubuntu/vdp-tool-chain-repo/data/output/images/val/CLEVR_val_000004.png' -> '/home/ubuntu/vdp-tool-chain-repo/data/ns-vqa-data/raw/CLEVR_v1.0/images/val/CLEVR_val_000004.png'
'/home/ubuntu/vdp-tool-chain-repo/data/output/images/val/CLEVR_val_000005.png' -> '/home/ubuntu/vdp-tool-chain-repo/data/ns-vqa-data/raw/CLEVR_v1.0/images/val/CLEVR_val_000005.png'
'/home/ubuntu/vdp-tool-chain-repo/data/output/CLEVR_val_scenes.json' -> '/home/ubuntu/vdp-tool-chain-repo/data/ns-vqa-data/raw/CLEVR_v1.0/scenes/CLEVR_val_scenes.json'
INFO test_net.py:  73: Called with args:
INFO test_net.py:  74: Namespace(cfg_file='configs/baselines/e2e_mask_rcnn_R-50-FPN_1x.yaml', clevr_comp_cat=1, dataset='clevr_original_val', load_ckpt='/home/ubuntu/vdp-tool-chain-repo/data/ns-vqa-data/pretrained/object_detector.pt', load_detectron=None, multi_gpu_testing=False, output_dir='/home/ubuntu/vdp-tool-chain-repo/data/ns-vqa-data/mask_rcnn/results/clevr_val_pretrained', range=None, set_cfgs=[], vis=False)
INFO test_net.py: 114: Testing with config:
INFO test_net.py: 115: {'BBOX_XFORM_CLIP': 4.135166556742356,
 'CLEVR': {'COMP_CAT': True},
 'CROP_RESIZE_WITH_MAX_POOL': True,
 'CUDA': False,
 'DATA_DIR': '/home/ubuntu/vdp-tool-chain-repo/data/ns-vqa-data/mask_rcnn',
 'DATA_LOADER': {'NUM_THREADS': 4},
 'DEBUG': False,
 'DEDUP_BOXES': 0.0625,
 'EPS': 1e-14,
 'EXPECTED_RESULTS': [],
 'EXPECTED_RESULTS_ATOL': 0.005,
 'EXPECTED_RESULTS_EMAIL': '',
 'EXPECTED_RESULTS_RTOL': 0.1,
 'FAST_RCNN': {'CONV_HEAD_DIM': 256,
               'MLP_HEAD_DIM': 1024,
               'NUM_STACKED_CONVS': 4,
               'ROI_BOX_HEAD': 'fast_rcnn_heads.roi_2mlp_head',
               'ROI_XFORM_METHOD': 'RoIAlign',
               'ROI_XFORM_RESOLUTION': 7,
               'ROI_XFORM_SAMPLING_RATIO': 2},
 'FPN': {'COARSEST_STRIDE': 32,
         'DIM': 256,
         'EXTRA_CONV_LEVELS': False,
         'FPN_ON': True,
         'MULTILEVEL_ROIS': True,
         'MULTILEVEL_RPN': True,
         'ROI_CANONICAL_LEVEL': 4,
         'ROI_CANONICAL_SCALE': 224,
         'ROI_MAX_LEVEL': 5,
         'ROI_MIN_LEVEL': 2,
         'RPN_ANCHOR_START_SIZE': 32,
         'RPN_ASPECT_RATIOS': (0.5, 1, 2),
         'RPN_COLLECT_SCALE': 1,
         'RPN_MAX_LEVEL': 6,
         'RPN_MIN_LEVEL': 2,
         'USE_GN': False,
         'ZERO_INIT_LATERAL': False},
 'GROUP_NORM': {'DIM_PER_GP': -1, 'EPSILON': 1e-05, 'NUM_GROUPS': 32},
 'KRCNN': {'CONV_HEAD_DIM': 256,
           'CONV_HEAD_KERNEL': 3,
           'CONV_INIT': 'GaussianFill',
           'DECONV_DIM': 256,
           'DECONV_KERNEL': 4,
           'DILATION': 1,
           'HEATMAP_SIZE': -1,
           'INFERENCE_MIN_SIZE': 0,
           'KEYPOINT_CONFIDENCE': 'bbox',
           'LOSS_WEIGHT': 1.0,
           'MIN_KEYPOINT_COUNT_FOR_VALID_MINIBATCH': 20,
           'NMS_OKS': False,
           'NORMALIZE_BY_VISIBLE_KEYPOINTS': True,
           'NUM_KEYPOINTS': -1,
           'NUM_STACKED_CONVS': 8,
           'ROI_KEYPOINTS_HEAD': '',
           'ROI_XFORM_METHOD': 'RoIAlign',
           'ROI_XFORM_RESOLUTION': 7,
           'ROI_XFORM_SAMPLING_RATIO': 0,
           'UP_SCALE': -1,
           'USE_DECONV': False,
           'USE_DECONV_OUTPUT': False},
 'MATLAB': 'matlab',
 'MODEL': {'BBOX_REG_WEIGHTS': (10.0, 10.0, 5.0, 5.0),
           'CLS_AGNOSTIC_BBOX_REG': False,
           'CONV_BODY': 'FPN.fpn_ResNet50_conv5_body',
           'FASTER_RCNN': True,
           'KEYPOINTS_ON': False,
           'LOAD_IMAGENET_PRETRAINED_WEIGHTS': True,
           'MASK_ON': True,
           'NUM_CLASSES': 49,
           'RPN_ONLY': False,
           'SHARE_RES5': False,
           'TYPE': 'generalized_rcnn',
           'UNSUPERVISED_POSE': False},
 'MRCNN': {'CLS_SPECIFIC_MASK': True,
           'CONV_INIT': 'MSRAFill',
           'DILATION': 1,
           'DIM_REDUCED': 256,
           'MEMORY_EFFICIENT_LOSS': True,
           'RESOLUTION': 28,
           'ROI_MASK_HEAD': 'mask_rcnn_heads.mask_rcnn_fcn_head_v1up4convs',
           'ROI_XFORM_METHOD': 'RoIAlign',
           'ROI_XFORM_RESOLUTION': 14,
           'ROI_XFORM_SAMPLING_RATIO': 2,
           'THRESH_BINARIZE': 0.5,
           'UPSAMPLE_RATIO': 1,
           'USE_FC_OUTPUT': False,
           'WEIGHT_LOSS_MASK': 1.0},
 'NUM_GPUS': 8,
 'OUTPUT_DIR': 'Outputs',
 'PIXEL_MEANS': array([[[102.9801, 115.9465, 122.7717]]]),
 'POOLING_MODE': 'crop',
 'POOLING_SIZE': 7,
 'PYTORCH_VERSION_LESS_THAN_040': False,
 'RESNETS': {'FREEZE_AT': 2,
             'IMAGENET_PRETRAINED_WEIGHTS': 'pretrained_model/resnet50_caffe.pth',
             'NUM_GROUPS': 1,
             'RES5_DILATION': 1,
             'SHORTCUT_FUNC': 'basic_bn_shortcut',
             'STEM_FUNC': 'basic_bn_stem',
             'STRIDE_1X1': True,
             'TRANS_FUNC': 'bottleneck_transformation',
             'USE_GN': False,
             'WIDTH_PER_GROUP': 64},
 'RETINANET': {'ANCHOR_SCALE': 4,
               'ASPECT_RATIOS': (0.5, 1.0, 2.0),
               'BBOX_REG_BETA': 0.11,
               'BBOX_REG_WEIGHT': 1.0,
               'CLASS_SPECIFIC_BBOX': False,
               'INFERENCE_TH': 0.05,
               'LOSS_ALPHA': 0.25,
               'LOSS_GAMMA': 2.0,
               'NEGATIVE_OVERLAP': 0.4,
               'NUM_CONVS': 4,
               'POSITIVE_OVERLAP': 0.5,
               'PRE_NMS_TOP_N': 1000,
               'PRIOR_PROB': 0.01,
               'RETINANET_ON': False,
               'SCALES_PER_OCTAVE': 3,
               'SHARE_CLS_BBOX_TOWER': False,
               'SOFTMAX': False},
 'RFCN': {'PS_GRID_SIZE': 3},
 'RNG_SEED': 3,
 'ROOT_DIR': '/home/ubuntu/vdp-tool-chain-repo/clevr-inference/scene_parse/mask_rcnn',
 'RPN': {'ASPECT_RATIOS': (0.5, 1, 2),
         'CLS_ACTIVATION': 'sigmoid',
         'OUT_DIM': 512,
         'OUT_DIM_AS_IN_DIM': True,
         'RPN_ON': True,
         'SIZES': (64, 128, 256, 512),
         'STRIDE': 16},
 'SOLVER': {'BASE_LR': 0.02,
            'BIAS_DOUBLE_LR': True,
            'BIAS_WEIGHT_DECAY': False,
            'GAMMA': 0.1,
            'LOG_LR_CHANGE_THRESHOLD': 1.1,
            'LRS': [],
            'LR_POLICY': 'steps_with_decay',
            'MAX_ITER': 30000,
            'MOMENTUM': 0.9,
            'SCALE_MOMENTUM': True,
            'SCALE_MOMENTUM_THRESHOLD': 1.1,
            'STEPS': [0, 20000, 26000],
            'STEP_SIZE': 30000,
            'TYPE': 'SGD',
            'WARM_UP_FACTOR': 0.3333333333333333,
            'WARM_UP_ITERS': 500,
            'WARM_UP_METHOD': 'linear',
            'WEIGHT_DECAY': 0.0001,
            'WEIGHT_DECAY_GN': 0.0},
 'TEST': {'BBOX_AUG': {'AREA_TH_HI': 32400,
                       'AREA_TH_LO': 2500,
                       'ASPECT_RATIOS': (),
                       'ASPECT_RATIO_H_FLIP': False,
                       'COORD_HEUR': 'UNION',
                       'ENABLED': False,
                       'H_FLIP': False,
                       'MAX_SIZE': 4000,
                       'SCALES': (),
                       'SCALE_H_FLIP': False,
                       'SCALE_SIZE_DEP': False,
                       'SCORE_HEUR': 'UNION'},
          'BBOX_REG': True,
          'BBOX_VOTE': {'ENABLED': False,
                        'SCORING_METHOD': 'ID',
                        'SCORING_METHOD_BETA': 1.0,
                        'VOTE_TH': 0.8},
          'COMPETITION_MODE': True,
          'DATASETS': ('clevr_original_val',),
          'DETECTIONS_PER_IM': 100,
          'FORCE_JSON_DATASET_EVAL': False,
          'KPS_AUG': {'AREA_TH': 32400,
                      'ASPECT_RATIOS': (),
                      'ASPECT_RATIO_H_FLIP': False,
                      'ENABLED': False,
                      'HEUR': 'HM_AVG',
                      'H_FLIP': False,
                      'MAX_SIZE': 4000,
                      'SCALES': (),
                      'SCALE_H_FLIP': False,
                      'SCALE_SIZE_DEP': False},
          'MASK_AUG': {'AREA_TH': 32400,
                       'ASPECT_RATIOS': (),
                       'ASPECT_RATIO_H_FLIP': False,
                       'ENABLED': False,
                       'HEUR': 'SOFT_AVG',
                       'H_FLIP': False,
                       'MAX_SIZE': 4000,
                       'SCALES': (),
                       'SCALE_H_FLIP': False,
                       'SCALE_SIZE_DEP': False},
          'MAX_SIZE': 1333,
          'NMS': 0.5,
          'PRECOMPUTED_PROPOSALS': False,
          'PROPOSAL_FILES': (),
          'PROPOSAL_LIMIT': 2000,
          'RPN_MIN_SIZE': 0,
          'RPN_NMS_THRESH': 0.7,
          'RPN_POST_NMS_TOP_N': 1000,
          'RPN_PRE_NMS_TOP_N': 1000,
          'SCALE': 800,
          'SCORE_THRESH': 0.05,
          'SOFT_NMS': {'ENABLED': False, 'METHOD': 'linear', 'SIGMA': 0.5}},
 'TRAIN': {'ASPECT_CROPPING': False,
           'ASPECT_GROUPING': True,
           'ASPECT_HI': 2,
           'ASPECT_LO': 0.5,
           'BATCH_SIZE_PER_IM': 512,
           'BBOX_INSIDE_WEIGHTS': (1.0, 1.0, 1.0, 1.0),
           'BBOX_NORMALIZE_MEANS': (0.0, 0.0, 0.0, 0.0),
           'BBOX_NORMALIZE_STDS': (0.1, 0.1, 0.2, 0.2),
           'BBOX_NORMALIZE_TARGETS': True,
           'BBOX_NORMALIZE_TARGETS_PRECOMPUTED': False,
           'BBOX_THRESH': 0.5,
           'BG_THRESH_HI': 0.5,
           'BG_THRESH_LO': 0.0,
           'CROWD_FILTER_THRESH': 0.7,
           'DATASETS': (),
           'FG_FRACTION': 0.25,
           'FG_THRESH': 0.5,
           'FREEZE_CONV_BODY': False,
           'GT_MIN_AREA': -1,
           'IMS_PER_BATCH': 2,
           'MAX_SIZE': 1333,
           'PROPOSAL_FILES': (),
           'RPN_BATCH_SIZE_PER_IM': 256,
           'RPN_FG_FRACTION': 0.5,
           'RPN_MIN_SIZE': 0,
           'RPN_NEGATIVE_OVERLAP': 0.3,
           'RPN_NMS_THRESH': 0.7,
           'RPN_POSITIVE_OVERLAP': 0.7,
           'RPN_POST_NMS_TOP_N': 2000,
           'RPN_PRE_NMS_TOP_N': 2000,
           'RPN_STRADDLE_THRESH': 0,
           'SCALES': (800,),
           'SNAPSHOT_ITERS': 20000,
           'USE_FLIPPED': False},
 'VIS': False,
 'VIS_TH': 0.9}
INFO test_engine.py: 331: loading checkpoint /home/ubuntu/vdp-tool-chain-repo/data/ns-vqa-data/pretrained/object_detector.pt
INFO test_engine.py: 282: im_detect: range [1, 6] of 6: 1/6 1.106s + 0.003s (eta: 0:00:05)
INFO test_engine.py: 315: Wrote detections to: /home/ubuntu/vdp-tool-chain-repo/data/ns-vqa-data/mask_rcnn/results/clevr_val_pretrained/detections.pkl
INFO test_engine.py: 162: Total inference time: 5.629s
/home/ubuntu/vdp-tool-chain-repo/clevr-inference/scene_parse/mask_rcnn/lib/core/config.py:1046: YAMLLoadWarning: calling yaml.load() without Loader=... is deprecated, as the default Loader is unsafe. Please read https://msg.pyyaml.org/load for full details.
  yaml_cfg = AttrDict(yaml.load(f))
| processing proposals 1 / 6 images
| processing proposals 2 / 6 images
| processing proposals 3 / 6 images
| processing proposals 4 / 6 images
| processing proposals 5 / 6 images
| processing proposals 6 / 6 images
| saving object annotations to /home/ubuntu/vdp-tool-chain-repo/data/ns-vqa-data/attr_net/objects/clevr_val_objs_pretrained.json
| options
run_dir: /home/ubuntu/vdp-tool-chain-repo/data/ns-vqa-data/attr_net/results
dataset: clevr
load_checkpoint_path: /home/ubuntu/vdp-tool-chain-repo/data/ns-vqa-data/pretrained/attribute_net.pt
gpu_ids: [0]
clevr_mini_img_dir: /home/ubuntu/vdp-tool-chain-repo/data/ns-vqa-data/raw/CLEVR_mini/images
clevr_mini_ann_path: /home/ubuntu/vdp-tool-chain-repo/data/ns-vqa-data/attr_net/objects/clevr_mini_objs.json
concat_img: 1
split_id: 3500
batch_size: 50
num_workers: 4
learning_rate: 0.002
split: val
output_path: /home/ubuntu/vdp-tool-chain-repo/data/ns-vqa-data/attr_net/results/clevr_val_scenes_parsed_pretrained.json
clevr_val_ann_path: /home/ubuntu/vdp-tool-chain-repo/data/ns-vqa-data/attr_net/objects/clevr_val_objs_pretrained.json
clevr_val_img_dir: /home/ubuntu/vdp-tool-chain-repo/data/ns-vqa-data/raw/CLEVR_v1.0/images/val
shuffle_data: 0
use_cat_label: 1
| loading checkpoint from /home/ubuntu/vdp-tool-chain-repo/data/ns-vqa-data/pretrained/attribute_net.pt
clevr_object.py: CLEVR_val_000000.png val 0 0
clevr_object.py: CLEVR_val_000000.png val 0 1
clevr_object.py: CLEVR_val_000001.png val 1 2
clevr_object.py: CLEVR_val_000001.png val 1 3
clevr_object.py: CLEVR_val_000001.png val 1 4
clevr_object.py: CLEVR_val_000002.png val 2 5
clevr_object.py: CLEVR_val_000002.png val 2 6
clevr_object.py: CLEVR_val_000003.png val 3 7
clevr_object.py: CLEVR_val_000003.png val 3 8
clevr_object.py: CLEVR_val_000004.png val 4 9
clevr_object.py: CLEVR_val_000004.png val 4 10
clevr_object.py: CLEVR_val_000004.png val 4 11
clevr_object.py: CLEVR_val_000004.png val 4 12
clevr_object.py: CLEVR_val_000005.png val 5 13
clevr_object.py: CLEVR_val_000005.png val 5 14
15 / 15 objects processed
| saving annotation file to /home/ubuntu/vdp-tool-chain-repo/data/ns-vqa-data/attr_net/results/clevr_val_scenes_parsed_pretrained.json
0.json in test
THRESHOLD relate_front objs = {'id': '0-0', 'position': [-2.917072296142578, -0.4093278646469116, 0.6933407783508301], 'color': 'blue', 'material': 'metal', 'shape': 'sphere', 'size': 'large'}, {'id': '0-1', 'position': [-0.10194884985685349, -0.11526521295309067, 0.6943936347961426], 'color': 'gray', 'material': 'metal', 'shape': 'cube', 'size': 'large'}
THRESHOLD relate_behind objs = {'id': '0-1', 'position': [-0.10194884985685349, -0.11526521295309067, 0.6943936347961426], 'color': 'gray', 'material': 'metal', 'shape': 'cube', 'size': 'large'}, {'id': '0-0', 'position': [-2.917072296142578, -0.4093278646469116, 0.6933407783508301], 'color': 'blue', 'material': 'metal', 'shape': 'sphere', 'size': 'large'}
1.json in test
THRESHOLD relate_front objs = {'id': '1-0', 'position': [-2.7886781692504883, -0.2136678397655487, 0.6939063668251038], 'color': 'brown', 'material': 'metal', 'shape': 'sphere', 'size': 'large'}, {'id': '1-1', 'position': [2.924858331680298, 0.15653333067893982, 0.6906356811523438], 'color': 'brown', 'material': 'metal', 'shape': 'sphere', 'size': 'large'}
THRESHOLD relate_front objs = {'id': '1-0', 'position': [-2.7886781692504883, -0.2136678397655487, 0.6939063668251038], 'color': 'brown', 'material': 'metal', 'shape': 'sphere', 'size': 'large'}, {'id': '1-2', 'position': [0.07450971007347107, 0.07387678325176239, 0.6935942769050598], 'color': 'yellow', 'material': 'metal', 'shape': 'cube', 'size': 'large'}
THRESHOLD relate_behind objs = {'id': '1-1', 'position': [2.924858331680298, 0.15653333067893982, 0.6906356811523438], 'color': 'brown', 'material': 'metal', 'shape': 'sphere', 'size': 'large'}, {'id': '1-0', 'position': [-2.7886781692504883, -0.2136678397655487, 0.6939063668251038], 'color': 'brown', 'material': 'metal', 'shape': 'sphere', 'size': 'large'}
THRESHOLD relate_behind objs = {'id': '1-1', 'position': [2.924858331680298, 0.15653333067893982, 0.6906356811523438], 'color': 'brown', 'material': 'metal', 'shape': 'sphere', 'size': 'large'}, {'id': '1-2', 'position': [0.07450971007347107, 0.07387678325176239, 0.6935942769050598], 'color': 'yellow', 'material': 'metal', 'shape': 'cube', 'size': 'large'}
THRESHOLD relate_behind objs = {'id': '1-2', 'position': [0.07450971007347107, 0.07387678325176239, 0.6935942769050598], 'color': 'yellow', 'material': 'metal', 'shape': 'cube', 'size': 'large'}, {'id': '1-0', 'position': [-2.7886781692504883, -0.2136678397655487, 0.6939063668251038], 'color': 'brown', 'material': 'metal', 'shape': 'sphere', 'size': 'large'}
THRESHOLD relate_front objs = {'id': '1-2', 'position': [0.07450971007347107, 0.07387678325176239, 0.6935942769050598], 'color': 'yellow', 'material': 'metal', 'shape': 'cube', 'size': 'large'}, {'id': '1-1', 'position': [2.924858331680298, 0.15653333067893982, 0.6906356811523438], 'color': 'brown', 'material': 'metal', 'shape': 'sphere', 'size': 'large'}
2.json in test
THRESHOLD relate_behind objs = {'id': '2-0', 'position': [-0.07645446807146072, 0.01029166392982006, 0.6984898447990417], 'color': 'brown', 'material': 'metal', 'shape': 'sphere', 'size': 'large'}, {'id': '2-1', 'position': [-2.8686435222625732, -0.16756299138069153, 0.6856873631477356], 'color': 'gray', 'material': 'metal', 'shape': 'cube', 'size': 'large'}
THRESHOLD relate_front objs = {'id': '2-1', 'position': [-2.8686435222625732, -0.16756299138069153, 0.6856873631477356], 'color': 'gray', 'material': 'metal', 'shape': 'cube', 'size': 'large'}, {'id': '2-0', 'position': [-0.07645446807146072, 0.01029166392982006, 0.6984898447990417], 'color': 'brown', 'material': 'metal', 'shape': 'sphere', 'size': 'large'}
3.json in train
THRESHOLD relate_front objs = {'id': '3-0', 'position': [0.1736169308423996, 0.014129841700196266, 0.6966153383255005], 'color': 'brown', 'material': 'metal', 'shape': 'sphere', 'size': 'large'}, {'id': '3-1', 'position': [2.940523862838745, 0.2335490882396698, 0.6919094324111938], 'color': 'yellow', 'material': 'metal', 'shape': 'cube', 'size': 'large'}
THRESHOLD relate_behind objs = {'id': '3-1', 'position': [2.940523862838745, 0.2335490882396698, 0.6919094324111938], 'color': 'yellow', 'material': 'metal', 'shape': 'cube', 'size': 'large'}, {'id': '3-0', 'position': [0.1736169308423996, 0.014129841700196266, 0.6966153383255005], 'color': 'brown', 'material': 'metal', 'shape': 'sphere', 'size': 'large'}
4.json in train
THRESHOLD relate_behind objs = {'id': '4-0', 'position': [2.919325351715088, 0.22253039479255676, 0.34084343910217285], 'color': 'blue', 'material': 'rubber', 'shape': 'cube', 'size': 'small'}, {'id': '4-1', 'position': [0.10013684630393982, -0.0525575652718544, 0.34304600954055786], 'color': 'blue', 'material': 'metal', 'shape': 'cube', 'size': 'small'}
THRESHOLD relate_behind objs = {'id': '4-0', 'position': [2.919325351715088, 0.22253039479255676, 0.34084343910217285], 'color': 'blue', 'material': 'rubber', 'shape': 'cube', 'size': 'small'}, {'id': '4-2', 'position': [1.5666323900222778, 0.06454497575759888, 0.3451794981956482], 'color': 'gray', 'material': 'metal', 'shape': 'sphere', 'size': 'small'}
THRESHOLD relate_behind objs = {'id': '4-0', 'position': [2.919325351715088, 0.22253039479255676, 0.34084343910217285], 'color': 'blue', 'material': 'rubber', 'shape': 'cube', 'size': 'small'}, {'id': '4-3', 'position': [-1.2062318325042725, -0.07274159789085388, 0.3483399748802185], 'color': 'gray', 'material': 'metal', 'shape': 'sphere', 'size': 'small'}
THRESHOLD relate_behind objs = {'id': '4-1', 'position': [0.10013684630393982, -0.0525575652718544, 0.34304600954055786], 'color': 'blue', 'material': 'metal', 'shape': 'cube', 'size': 'small'}, {'id': '4-3', 'position': [-1.2062318325042725, -0.07274159789085388, 0.3483399748802185], 'color': 'gray', 'material': 'metal', 'shape': 'sphere', 'size': 'small'}
THRESHOLD relate_front objs = {'id': '4-1', 'position': [0.10013684630393982, -0.0525575652718544, 0.34304600954055786], 'color': 'blue', 'material': 'metal', 'shape': 'cube', 'size': 'small'}, {'id': '4-0', 'position': [2.919325351715088, 0.22253039479255676, 0.34084343910217285], 'color': 'blue', 'material': 'rubber', 'shape': 'cube', 'size': 'small'}
THRESHOLD relate_front objs = {'id': '4-1', 'position': [0.10013684630393982, -0.0525575652718544, 0.34304600954055786], 'color': 'blue', 'material': 'metal', 'shape': 'cube', 'size': 'small'}, {'id': '4-2', 'position': [1.5666323900222778, 0.06454497575759888, 0.3451794981956482], 'color': 'gray', 'material': 'metal', 'shape': 'sphere', 'size': 'small'}
THRESHOLD relate_behind objs = {'id': '4-2', 'position': [1.5666323900222778, 0.06454497575759888, 0.3451794981956482], 'color': 'gray', 'material': 'metal', 'shape': 'sphere', 'size': 'small'}, {'id': '4-1', 'position': [0.10013684630393982, -0.0525575652718544, 0.34304600954055786], 'color': 'blue', 'material': 'metal', 'shape': 'cube', 'size': 'small'}
THRESHOLD relate_behind objs = {'id': '4-2', 'position': [1.5666323900222778, 0.06454497575759888, 0.3451794981956482], 'color': 'gray', 'material': 'metal', 'shape': 'sphere', 'size': 'small'}, {'id': '4-3', 'position': [-1.2062318325042725, -0.07274159789085388, 0.3483399748802185], 'color': 'gray', 'material': 'metal', 'shape': 'sphere', 'size': 'small'}
THRESHOLD relate_front objs = {'id': '4-2', 'position': [1.5666323900222778, 0.06454497575759888, 0.3451794981956482], 'color': 'gray', 'material': 'metal', 'shape': 'sphere', 'size': 'small'}, {'id': '4-0', 'position': [2.919325351715088, 0.22253039479255676, 0.34084343910217285], 'color': 'blue', 'material': 'rubber', 'shape': 'cube', 'size': 'small'}
THRESHOLD relate_front objs = {'id': '4-3', 'position': [-1.2062318325042725, -0.07274159789085388, 0.3483399748802185], 'color': 'gray', 'material': 'metal', 'shape': 'sphere', 'size': 'small'}, {'id': '4-0', 'position': [2.919325351715088, 0.22253039479255676, 0.34084343910217285], 'color': 'blue', 'material': 'rubber', 'shape': 'cube', 'size': 'small'}
THRESHOLD relate_front objs = {'id': '4-3', 'position': [-1.2062318325042725, -0.07274159789085388, 0.3483399748802185], 'color': 'gray', 'material': 'metal', 'shape': 'sphere', 'size': 'small'}, {'id': '4-1', 'position': [0.10013684630393982, -0.0525575652718544, 0.34304600954055786], 'color': 'blue', 'material': 'metal', 'shape': 'cube', 'size': 'small'}
THRESHOLD relate_front objs = {'id': '4-3', 'position': [-1.2062318325042725, -0.07274159789085388, 0.3483399748802185], 'color': 'gray', 'material': 'metal', 'shape': 'sphere', 'size': 'small'}, {'id': '4-2', 'position': [1.5666323900222778, 0.06454497575759888, 0.3451794981956482], 'color': 'gray', 'material': 'metal', 'shape': 'sphere', 'size': 'small'}
5.json in train
THRESHOLD relate_front objs = {'id': '5-0', 'position': [-1.1996026039123535, 0.033464811742305756, 0.692364513874054], 'color': 'blue', 'material': 'rubber', 'shape': 'sphere', 'size': 'large'}, {'id': '5-1', 'position': [1.5829284191131592, 0.2866394817829132, 0.34637922048568726], 'color': 'gray', 'material': 'metal', 'shape': 'cube', 'size': 'small'}
THRESHOLD relate_behind objs = {'id': '5-1', 'position': [1.5829284191131592, 0.2866394817829132, 0.34637922048568726], 'color': 'gray', 'material': 'metal', 'shape': 'cube', 'size': 'small'}, {'id': '5-0', 'position': [-1.1996026039123535, 0.033464811742305756, 0.692364513874054], 'color': 'blue', 'material': 'rubber', 'shape': 'sphere', 'size': 'large'}
2021-06-04 12:16:21.721256: I tensorflow/core/platform/cpu_feature_guard.cc:141] Your CPU supports instructions that this TensorFlow binary was not compiled to use: SSE4.1 SSE4.2 AVX AVX2 FMA
2021-06-04 12:16:21.799466: I tensorflow/stream_executor/cuda/cuda_gpu_executor.cc:964] successful NUMA node read from SysFS had negative value (-1), but there must be at least one NUMA node, so returning NUMA node zero
2021-06-04 12:16:21.800264: I tensorflow/core/common_runtime/gpu/gpu_device.cc:1432] Found device 0 with properties: 
name: Tesla K80 major: 3 minor: 7 memoryClockRate(GHz): 0.8235
pciBusID: 0000:00:1e.0
totalMemory: 11.17GiB freeMemory: 11.11GiB
2021-06-04 12:16:21.800291: I tensorflow/core/common_runtime/gpu/gpu_device.cc:1511] Adding visible gpu devices: 0
2021-06-04 12:16:22.092444: I tensorflow/core/common_runtime/gpu/gpu_device.cc:982] Device interconnect StreamExecutor with strength 1 edge matrix:
2021-06-04 12:16:22.092495: I tensorflow/core/common_runtime/gpu/gpu_device.cc:988]      0 
2021-06-04 12:16:22.092505: I tensorflow/core/common_runtime/gpu/gpu_device.cc:1001] 0:   N 
2021-06-04 12:16:22.092612: I tensorflow/core/common_runtime/gpu/gpu_device.cc:1115] Created TensorFlow device (/job:localhost/replica:0/task:0/device:GPU:0 with 10769 MB memory) -> physical GPU (device: 0, name: Tesla K80, pci bus id: 0000:00:1e.0, compute capability: 3.7)
Using TensorFlow backend.
/home/ubuntu/anaconda3/envs/deep-ranking/lib/python3.6/site-packages/tensorflow/python/framework/dtypes.py:523: FutureWarning: Passing (type, 1) or '1type' as a synonym of type is deprecated; in a future version of numpy, it will be understood as (type, (1,)) / '(1,)type'.
  _np_qint8 = np.dtype([("qint8", np.int8, 1)])
/home/ubuntu/anaconda3/envs/deep-ranking/lib/python3.6/site-packages/tensorflow/python/framework/dtypes.py:524: FutureWarning: Passing (type, 1) or '1type' as a synonym of type is deprecated; in a future version of numpy, it will be understood as (type, (1,)) / '(1,)type'.
  _np_quint8 = np.dtype([("quint8", np.uint8, 1)])
/home/ubuntu/anaconda3/envs/deep-ranking/lib/python3.6/site-packages/tensorflow/python/framework/dtypes.py:525: FutureWarning: Passing (type, 1) or '1type' as a synonym of type is deprecated; in a future version of numpy, it will be understood as (type, (1,)) / '(1,)type'.
  _np_qint16 = np.dtype([("qint16", np.int16, 1)])
/home/ubuntu/anaconda3/envs/deep-ranking/lib/python3.6/site-packages/tensorflow/python/framework/dtypes.py:526: FutureWarning: Passing (type, 1) or '1type' as a synonym of type is deprecated; in a future version of numpy, it will be understood as (type, (1,)) / '(1,)type'.
  _np_quint16 = np.dtype([("quint16", np.uint16, 1)])
/home/ubuntu/anaconda3/envs/deep-ranking/lib/python3.6/site-packages/tensorflow/python/framework/dtypes.py:527: FutureWarning: Passing (type, 1) or '1type' as a synonym of type is deprecated; in a future version of numpy, it will be understood as (type, (1,)) / '(1,)type'.
  _np_qint32 = np.dtype([("qint32", np.int32, 1)])
/home/ubuntu/anaconda3/envs/deep-ranking/lib/python3.6/site-packages/tensorflow/python/framework/dtypes.py:532: FutureWarning: Passing (type, 1) or '1type' as a synonym of type is deprecated; in a future version of numpy, it will be understood as (type, (1,)) / '(1,)type'.
  np_resource = np.dtype([("resource", np.ubyte, 1)])
