Candidate: c2
Concept: Exists q0: sphere!0. Forall q1: cube!1. Exists q2: sphere!2. And(left!1!0 left!2!1)
Candidate Name: /home/ubuntu/vdp-tool-chain-repo/data/inference-outputs/agreement-fovariant-16/test/0.json

Candidate: c2
Concept: Exists q0: sphere!0. Forall q1: cube!1. Exists q2: sphere!2. And(left!1!0 right!1!2)
Candidate Name: /home/ubuntu/vdp-tool-chain-repo/data/inference-outputs/agreement-fovariant-16/test/0.json

Candidate: c2
Concept: Exists q0: sphere!0. Forall q1: cube!1. Exists q2: sphere!2. And(right!0!1 right!1!2)
Candidate Name: /home/ubuntu/vdp-tool-chain-repo/data/inference-outputs/agreement-fovariant-16/test/0.json

Candidate: c2
Concept: Exists q0: sphere!0. Forall q1: cube!1. Exists q2: sphere!2. And(left!2!1 right!0!1)
Candidate Name: /home/ubuntu/vdp-tool-chain-repo/data/inference-outputs/agreement-fovariant-16/test/0.json

Candidate: c2
Concept: Exists q0: sphere!0. Forall q1: cube!1. Exists q2: sphere!2. And(left!1!2 right!1!0)
Candidate Name: /home/ubuntu/vdp-tool-chain-repo/data/inference-outputs/agreement-fovariant-16/test/0.json

Candidate: c2
Concept: Exists q0: sphere!0. Forall q1: cube!1. Exists q2: sphere!2. And(left!0!1 left!1!2)
Candidate Name: /home/ubuntu/vdp-tool-chain-repo/data/inference-outputs/agreement-fovariant-16/test/0.json

Candidate: c2
Concept: Exists q0: sphere!0. Forall q1: cube!1. Exists q2: sphere!2. And(right!1!0 right!2!1)
Candidate Name: /home/ubuntu/vdp-tool-chain-repo/data/inference-outputs/agreement-fovariant-16/test/0.json

Candidate: c2
Concept: Exists q0: sphere!0. Forall q1: cube!1. Exists q2: sphere!2. And(left!0!1 right!2!1)
Candidate Name: /home/ubuntu/vdp-tool-chain-repo/data/inference-outputs/agreement-fovariant-16/test/0.json

Candidate: c2
Concept: Forall q0: cube!0. Exists q1: sphere!1. Exists q2: sphere!2. And(left!0!2 right!0!1)
Candidate Name: /home/ubuntu/vdp-tool-chain-repo/data/inference-outputs/agreement-fovariant-16/test/0.json

Candidate: c2
Concept: Forall q0: cube!0. Exists q1: sphere!1. Exists q2: sphere!2. And(right!0!1 right!2!0)
Candidate Name: /home/ubuntu/vdp-tool-chain-repo/data/inference-outputs/agreement-fovariant-16/test/0.json

Candidate: c2
Concept: Forall q0: cube!0. Exists q1: sphere!1. Exists q2: sphere!2. And(left!1!0 right!2!0)
Candidate Name: /home/ubuntu/vdp-tool-chain-repo/data/inference-outputs/agreement-fovariant-16/test/0.json

Candidate: c2
Concept: Forall q0: cube!0. Exists q1: sphere!1. Exists q2: sphere!2. And(left!0!2 left!1!0)
Candidate Name: /home/ubuntu/vdp-tool-chain-repo/data/inference-outputs/agreement-fovariant-16/test/0.json

Candidate: c2
Concept: Forall q0: cube!0. Exists q1: sphere!1. Exists q2: sphere!2. And(left!2!0 right!1!0)
Candidate Name: /home/ubuntu/vdp-tool-chain-repo/data/inference-outputs/agreement-fovariant-16/test/0.json

Candidate: c2
Concept: Forall q0: cube!0. Exists q1: sphere!1. Exists q2: sphere!2. And(right!0!2 right!1!0)
Candidate Name: /home/ubuntu/vdp-tool-chain-repo/data/inference-outputs/agreement-fovariant-16/test/0.json

Candidate: c2
Concept: Forall q0: cube!0. Exists q1: sphere!1. Exists q2: sphere!2. And(left!0!1 left!2!0)
Candidate Name: /home/ubuntu/vdp-tool-chain-repo/data/inference-outputs/agreement-fovariant-16/test/0.json

Candidate: c2
Concept: Forall q0: cube!0. Exists q1: sphere!1. Exists q2: sphere!2. And(left!0!1 right!0!2)
Candidate Name: /home/ubuntu/vdp-tool-chain-repo/data/inference-outputs/agreement-fovariant-16/test/0.json

Candidate: c2
Concept: Exists q0: sphere!0. Exists q1: sphere!1. Forall q2: cube!2. And(right!0!2 right!2!1)
Candidate Name: /home/ubuntu/vdp-tool-chain-repo/data/inference-outputs/agreement-fovariant-16/test/0.json

Candidate: c2
Concept: Exists q0: sphere!0. Exists q1: sphere!1. Forall q2: cube!2. And(left!1!2 right!0!2)
Candidate Name: /home/ubuntu/vdp-tool-chain-repo/data/inference-outputs/agreement-fovariant-16/test/0.json

Candidate: c2
Concept: Exists q0: sphere!0. Exists q1: sphere!1. Forall q2: cube!2. And(left!2!0 right!2!1)
Candidate Name: /home/ubuntu/vdp-tool-chain-repo/data/inference-outputs/agreement-fovariant-16/test/0.json

Candidate: c2
Concept: Exists q0: sphere!0. Exists q1: sphere!1. Forall q2: cube!2. And(left!1!2 left!2!0)
Candidate Name: /home/ubuntu/vdp-tool-chain-repo/data/inference-outputs/agreement-fovariant-16/test/0.json

Candidate: c2
Concept: Exists q0: sphere!0. Exists q1: sphere!1. Forall q2: cube!2. And(left!2!1 right!2!0)
Candidate Name: /home/ubuntu/vdp-tool-chain-repo/data/inference-outputs/agreement-fovariant-16/test/0.json

Candidate: c2
Concept: Exists q0: sphere!0. Exists q1: sphere!1. Forall q2: cube!2. And(right!1!2 right!2!0)
Candidate Name: /home/ubuntu/vdp-tool-chain-repo/data/inference-outputs/agreement-fovariant-16/test/0.json

Candidate: c2
Concept: Exists q0: sphere!0. Exists q1: sphere!1. Forall q2: cube!2. And(left!0!2 left!2!1)
Candidate Name: /home/ubuntu/vdp-tool-chain-repo/data/inference-outputs/agreement-fovariant-16/test/0.json

Candidate: c2
Concept: Exists q0: sphere!0. Exists q1: sphere!1. Forall q2: cube!2. And(left!0!2 right!1!2)
Candidate Name: /home/ubuntu/vdp-tool-chain-repo/data/inference-outputs/agreement-fovariant-16/test/0.json

No discriminator found for puzzle /home/ubuntu/vdp-tool-chain-repo/data/inference-outputs/agreement-fovariant-16.
The scores were [0.055010449661856115, 0.057391404634154326, 0.05566348981833439].
Best concept is @ idx 0 ie: /home/ubuntu/vdp-tool-chain-repo/data/output/images/agreement-fovariant-16/CLEVR_agreement-fovariant-16_000000.png
