Candidate: c2
Concept: Exists q0: cylinder!0. Exists q1: cylinder!1. And(brown!1 left!0!1)
Candidate Name: /home/ubuntu/vdp-tool-chain-repo/data/inference-outputs/alternate-color-fovariant-19/test/0.json

Candidate: c2
Concept: Exists q0: cylinder!0. Exists q1: cylinder!1. And(purple!1 left!1!0)
Candidate Name: /home/ubuntu/vdp-tool-chain-repo/data/inference-outputs/alternate-color-fovariant-19/test/0.json

Candidate: c2
Concept: Exists q0: cylinder!0. Exists q1: cylinder!1. And(purple!1 right!0!1)
Candidate Name: /home/ubuntu/vdp-tool-chain-repo/data/inference-outputs/alternate-color-fovariant-19/test/0.json

Candidate: c2
Concept: Exists q0: cylinder!0. Exists q1: cylinder!1. And(brown!0 right!0!1)
Candidate Name: /home/ubuntu/vdp-tool-chain-repo/data/inference-outputs/alternate-color-fovariant-19/test/0.json

Candidate: c2
Concept: Exists q0: cylinder!0. Exists q1: cylinder!1. And(brown!0 left!1!0)
Candidate Name: /home/ubuntu/vdp-tool-chain-repo/data/inference-outputs/alternate-color-fovariant-19/test/0.json

Candidate: c2
Concept: Exists q0: cylinder!0. Exists q1: cylinder!1. And(purple!0 right!1!0)
Candidate Name: /home/ubuntu/vdp-tool-chain-repo/data/inference-outputs/alternate-color-fovariant-19/test/0.json

Candidate: c2
Concept: Exists q0: cylinder!0. Exists q1: cylinder!1. And(brown!1 right!1!0)
Candidate Name: /home/ubuntu/vdp-tool-chain-repo/data/inference-outputs/alternate-color-fovariant-19/test/0.json

Candidate: c2
Concept: Exists q0: cylinder!0. Exists q1: cylinder!1. And(purple!0 left!0!1)
Candidate Name: /home/ubuntu/vdp-tool-chain-repo/data/inference-outputs/alternate-color-fovariant-19/test/0.json

No discriminator found for puzzle /home/ubuntu/vdp-tool-chain-repo/data/inference-outputs/alternate-color-fovariant-19.
The scores were [0.00638119619433419, 0.01860965758152039, 0.04263093884123565].
Best concept is @ idx 0 ie: /home/ubuntu/vdp-tool-chain-repo/data/output/images/alternate-color-fovariant-19/CLEVR_alternate-color-fovariant-19_000000.png
