Candidate: c2
Concept: Exists q0: cube!0. Exists q1: cylinder!1. And(front!0!1 rubber!1)
Candidate Name: /home/ubuntu/vdp-tool-chain-repo/data/inference-outputs/spy-fovariant-21/test/0.json

Candidate: c2
Concept: Exists q0: cylinder!0. Exists q1: cube!1. And(behind!0!1)
Candidate Name: /home/ubuntu/vdp-tool-chain-repo/data/inference-outputs/spy-fovariant-21/test/0.json

Candidate: c2
Concept: Exists q0: cube!0. Exists q1: cylinder!1. And(front!0!1)
Candidate Name: /home/ubuntu/vdp-tool-chain-repo/data/inference-outputs/spy-fovariant-21/test/0.json

Candidate: c2
Concept: Exists q0: cube!0. Exists q1: cylinder!1. And(behind!1!0)
Candidate Name: /home/ubuntu/vdp-tool-chain-repo/data/inference-outputs/spy-fovariant-21/test/0.json

Candidate: c2
Concept: Exists q0: cylinder!0. Exists q1: cube!1. And(front!1!0)
Candidate Name: /home/ubuntu/vdp-tool-chain-repo/data/inference-outputs/spy-fovariant-21/test/0.json

Candidate: c2
Concept: Forall q0: cube!0. Exists q1: cylinder!1. And(front!0!1)
Candidate Name: /home/ubuntu/vdp-tool-chain-repo/data/inference-outputs/spy-fovariant-21/test/0.json

Candidate: c2
Concept: Forall q0: cube!0. Exists q1: cylinder!1. And(behind!1!0)
Candidate Name: /home/ubuntu/vdp-tool-chain-repo/data/inference-outputs/spy-fovariant-21/test/0.json

Candidate: c2
Concept: Exists q0: cylinder!0. Forall q1: cube!1. And(behind!0!1)
Candidate Name: /home/ubuntu/vdp-tool-chain-repo/data/inference-outputs/spy-fovariant-21/test/0.json

Candidate: c2
Concept: Exists q0: cylinder!0. Forall q1: cube!1. And(front!1!0)
Candidate Name: /home/ubuntu/vdp-tool-chain-repo/data/inference-outputs/spy-fovariant-21/test/0.json

No discriminator found for puzzle /home/ubuntu/vdp-tool-chain-repo/data/inference-outputs/spy-fovariant-21.
The scores were [0.10371303025434514, 0.08140736444892464, 0.10177143993248551].
Best concept is @ idx 1 ie: /home/ubuntu/vdp-tool-chain-repo/data/output/images/spy-fovariant-21/CLEVR_spy-fovariant-21_000001.png
