Candidate: c2
Concept: Exists q0: cube!0. Exists q1: cube!1. And(right!0!1 yellow!0)
Candidate Name: /home/ubuntu/vdp-tool-chain-repo/data/inference-outputs/alternate-color-fovariant-15/test/0.json

Candidate: c2
Concept: Exists q0: cube!0. Exists q1: cube!1. And(yellow!1 left!0!1)
Candidate Name: /home/ubuntu/vdp-tool-chain-repo/data/inference-outputs/alternate-color-fovariant-15/test/0.json

Candidate: c2
Concept: Exists q0: cube!0. Exists q1: cube!1. And(right!1!0 yellow!1)
Candidate Name: /home/ubuntu/vdp-tool-chain-repo/data/inference-outputs/alternate-color-fovariant-15/test/0.json

Candidate: c2
Concept: Exists q0: cube!0. Exists q1: cube!1. And(green!0 left!0!1)
Candidate Name: /home/ubuntu/vdp-tool-chain-repo/data/inference-outputs/alternate-color-fovariant-15/test/0.json

Candidate: c2
Concept: Exists q0: cube!0. Exists q1: cube!1. And(green!0 right!1!0)
Candidate Name: /home/ubuntu/vdp-tool-chain-repo/data/inference-outputs/alternate-color-fovariant-15/test/0.json

Candidate: c2
Concept: Exists q0: cube!0. Exists q1: cube!1. And(yellow!0 left!1!0)
Candidate Name: /home/ubuntu/vdp-tool-chain-repo/data/inference-outputs/alternate-color-fovariant-15/test/0.json

Candidate: c2
Concept: Exists q0: cube!0. Exists q1: cube!1. And(green!1 left!1!0)
Candidate Name: /home/ubuntu/vdp-tool-chain-repo/data/inference-outputs/alternate-color-fovariant-15/test/0.json

Candidate: c2
Concept: Exists q0: cube!0. Exists q1: cube!1. And(green!1 right!0!1)
Candidate Name: /home/ubuntu/vdp-tool-chain-repo/data/inference-outputs/alternate-color-fovariant-15/test/0.json

No discriminator found for puzzle /home/ubuntu/vdp-tool-chain-repo/data/inference-outputs/alternate-color-fovariant-15.
The scores were [0.013272886669355955, 0.06566660850603989, 0.014515687099387678].
Best concept is @ idx 0 ie: /home/ubuntu/vdp-tool-chain-repo/data/output/images/alternate-color-fovariant-15/CLEVR_alternate-color-fovariant-15_000000.png
