Candidate: c2
Concept: Forall q0: cube!0. Exists q1: cylinder!1. Forall q2: cylinder!2. And(left!0!2)
Candidate Name: /home/ubuntu/vdp-tool-chain-repo/data/inference-outputs/aphaeresis-fovariant-0/test/0.json

Candidate: c2
Concept: Forall q0: cube!0. Exists q1: cylinder!1. Forall q2: cylinder!2. And(right!2!0)
Candidate Name: /home/ubuntu/vdp-tool-chain-repo/data/inference-outputs/aphaeresis-fovariant-0/test/0.json

Candidate: c2
Concept: Exists q0: cube!0. Exists q1: cylinder!1. Forall q2: cylinder!2. And(right!2!0)
Candidate Name: /home/ubuntu/vdp-tool-chain-repo/data/inference-outputs/aphaeresis-fovariant-0/test/0.json

Candidate: c2
Concept: Exists q0: cube!0. Exists q1: cylinder!1. Forall q2: cylinder!2. And(left!0!2)
Candidate Name: /home/ubuntu/vdp-tool-chain-repo/data/inference-outputs/aphaeresis-fovariant-0/test/0.json

Candidate: c2
Concept: Exists q0: cylinder!0. Exists q1: cube!1. Forall q2: cylinder!2. And(left!1!2)
Candidate Name: /home/ubuntu/vdp-tool-chain-repo/data/inference-outputs/aphaeresis-fovariant-0/test/0.json

Candidate: c2
Concept: Exists q0: cylinder!0. Exists q1: cube!1. Forall q2: cylinder!2. And(right!2!1)
Candidate Name: /home/ubuntu/vdp-tool-chain-repo/data/inference-outputs/aphaeresis-fovariant-0/test/0.json

Candidate: c2
Concept: Exists q0: cylinder!0. Forall q1: cylinder!1. Exists q2: cube!2. And(right!1!2)
Candidate Name: /home/ubuntu/vdp-tool-chain-repo/data/inference-outputs/aphaeresis-fovariant-0/test/0.json

Candidate: c2
Concept: Exists q0: cylinder!0. Forall q1: cylinder!1. Exists q2: cube!2. And(left!2!1)
Candidate Name: /home/ubuntu/vdp-tool-chain-repo/data/inference-outputs/aphaeresis-fovariant-0/test/0.json

Candidate: c2
Concept: Exists q0: cylinder!0. Forall q1: cylinder!1. Forall q2: cube!2. And(left!2!1)
Candidate Name: /home/ubuntu/vdp-tool-chain-repo/data/inference-outputs/aphaeresis-fovariant-0/test/0.json

Candidate: c2
Concept: Exists q0: cylinder!0. Forall q1: cylinder!1. Forall q2: cube!2. And(right!1!2)
Candidate Name: /home/ubuntu/vdp-tool-chain-repo/data/inference-outputs/aphaeresis-fovariant-0/test/0.json

Candidate: c2
Concept: Exists q0: cylinder!0. Forall q1: cube!1. Forall q2: cylinder!2. And(left!1!2)
Candidate Name: /home/ubuntu/vdp-tool-chain-repo/data/inference-outputs/aphaeresis-fovariant-0/test/0.json

Candidate: c2
Concept: Exists q0: cylinder!0. Forall q1: cube!1. Forall q2: cylinder!2. And(right!2!1)
Candidate Name: /home/ubuntu/vdp-tool-chain-repo/data/inference-outputs/aphaeresis-fovariant-0/test/0.json

No discriminator found for puzzle /home/ubuntu/vdp-tool-chain-repo/data/inference-outputs/aphaeresis-fovariant-0.
The scores were [0.15319659705075964, 0.11936063332611711, 0.029807229870793966].
Best concept is @ idx 2 ie: /home/ubuntu/vdp-tool-chain-repo/data/output/images/aphaeresis-fovariant-0/CLEVR_aphaeresis-fovariant-0_000002.png
