'/home/ubuntu/vdp-tool-chain-repo/data/output/CLEVR_shield-fovariant-9-swap_scenes.json' -> '/home/ubuntu/vdp-tool-chain-repo/data/output/CLEVR_val_scenes.json'
'/home/ubuntu/vdp-tool-chain-repo/data/output/images/shield-fovariant-9-swap/CLEVR_shield-fovariant-9-swap_000002.png' -> '/home/ubuntu/vdp-tool-chain-repo/data/output/images/val/CLEVR_shield-fovariant-9-swap_000002.png'
'/home/ubuntu/vdp-tool-chain-repo/data/output/images/shield-fovariant-9-swap/CLEVR_shield-fovariant-9-swap_000001.png' -> '/home/ubuntu/vdp-tool-chain-repo/data/output/images/val/CLEVR_shield-fovariant-9-swap_000001.png'
'/home/ubuntu/vdp-tool-chain-repo/data/output/images/shield-fovariant-9-swap/CLEVR_shield-fovariant-9-swap_000000.png' -> '/home/ubuntu/vdp-tool-chain-repo/data/output/images/val/CLEVR_shield-fovariant-9-swap_000000.png'
'/home/ubuntu/vdp-tool-chain-repo/data/output/images/shield-fovariant-9-swap/CLEVR_shield-fovariant-9-swap_000005.png' -> '/home/ubuntu/vdp-tool-chain-repo/data/output/images/val/CLEVR_shield-fovariant-9-swap_000005.png'
'/home/ubuntu/vdp-tool-chain-repo/data/output/images/shield-fovariant-9-swap/CLEVR_shield-fovariant-9-swap_000004.png' -> '/home/ubuntu/vdp-tool-chain-repo/data/output/images/val/CLEVR_shield-fovariant-9-swap_000004.png'
'/home/ubuntu/vdp-tool-chain-repo/data/output/images/shield-fovariant-9-swap/CLEVR_shield-fovariant-9-swap_000003.png' -> '/home/ubuntu/vdp-tool-chain-repo/data/output/images/val/CLEVR_shield-fovariant-9-swap_000003.png'
/home/ubuntu/vdp-tool-chain-repo/data/output/images/val/CLEVR_shield-fovariant-9-swap_000000.png renamed as /home/ubuntu/vdp-tool-chain-repo/data/output/images/val/CLEVR_val_000000.png
/home/ubuntu/vdp-tool-chain-repo/data/output/images/val/CLEVR_shield-fovariant-9-swap_000001.png renamed as /home/ubuntu/vdp-tool-chain-repo/data/output/images/val/CLEVR_val_000001.png
/home/ubuntu/vdp-tool-chain-repo/data/output/images/val/CLEVR_shield-fovariant-9-swap_000002.png renamed as /home/ubuntu/vdp-tool-chain-repo/data/output/images/val/CLEVR_val_000002.png
/home/ubuntu/vdp-tool-chain-repo/data/output/images/val/CLEVR_shield-fovariant-9-swap_000003.png renamed as /home/ubuntu/vdp-tool-chain-repo/data/output/images/val/CLEVR_val_000003.png
/home/ubuntu/vdp-tool-chain-repo/data/output/images/val/CLEVR_shield-fovariant-9-swap_000004.png renamed as /home/ubuntu/vdp-tool-chain-repo/data/output/images/val/CLEVR_val_000004.png
/home/ubuntu/vdp-tool-chain-repo/data/output/images/val/CLEVR_shield-fovariant-9-swap_000005.png renamed as /home/ubuntu/vdp-tool-chain-repo/data/output/images/val/CLEVR_val_000005.png
'/home/ubuntu/vdp-tool-chain-repo/data/output/images/val/CLEVR_val_000000.png' -> '/home/ubuntu/vdp-tool-chain-repo/data/ns-vqa-data/raw/CLEVR_v1.0/images/val/CLEVR_val_000000.png'
'/home/ubuntu/vdp-tool-chain-repo/data/output/images/val/CLEVR_val_000001.png' -> '/home/ubuntu/vdp-tool-chain-repo/data/ns-vqa-data/raw/CLEVR_v1.0/images/val/CLEVR_val_000001.png'
'/home/ubuntu/vdp-tool-chain-repo/data/output/images/val/CLEVR_val_000002.png' -> '/home/ubuntu/vdp-tool-chain-repo/data/ns-vqa-data/raw/CLEVR_v1.0/images/val/CLEVR_val_000002.png'
'/home/ubuntu/vdp-tool-chain-repo/data/output/images/val/CLEVR_val_000003.png' -> '/home/ubuntu/vdp-tool-chain-repo/data/ns-vqa-data/raw/CLEVR_v1.0/images/val/CLEVR_val_000003.png'
'/home/ubuntu/vdp-tool-chain-repo/data/output/images/val/CLEVR_val_000004.png' -> '/home/ubuntu/vdp-tool-chain-repo/data/ns-vqa-data/raw/CLEVR_v1.0/images/val/CLEVR_val_000004.png'
'/home/ubuntu/vdp-tool-chain-repo/data/output/images/val/CLEVR_val_000005.png' -> '/home/ubuntu/vdp-tool-chain-repo/data/ns-vqa-data/raw/CLEVR_v1.0/images/val/CLEVR_val_000005.png'
'/home/ubuntu/vdp-tool-chain-repo/data/output/CLEVR_val_scenes.json' -> '/home/ubuntu/vdp-tool-chain-repo/data/ns-vqa-data/raw/CLEVR_v1.0/scenes/CLEVR_val_scenes.json'
INFO test_net.py:  73: Called with args:
INFO test_net.py:  74: Namespace(cfg_file='configs/baselines/e2e_mask_rcnn_R-50-FPN_1x.yaml', clevr_comp_cat=1, dataset='clevr_original_val', load_ckpt='/home/ubuntu/vdp-tool-chain-repo/data/ns-vqa-data/pretrained/object_detector.pt', load_detectron=None, multi_gpu_testing=False, output_dir='/home/ubuntu/vdp-tool-chain-repo/data/ns-vqa-data/mask_rcnn/results/clevr_val_pretrained', range=None, set_cfgs=[], vis=False)
INFO test_net.py: 114: Testing with config:
INFO test_net.py: 115: {'BBOX_XFORM_CLIP': 4.135166556742356,
 'CLEVR': {'COMP_CAT': True},
 'CROP_RESIZE_WITH_MAX_POOL': True,
 'CUDA': False,
 'DATA_DIR': '/home/ubuntu/vdp-tool-chain-repo/data/ns-vqa-data/mask_rcnn',
 'DATA_LOADER': {'NUM_THREADS': 4},
 'DEBUG': False,
 'DEDUP_BOXES': 0.0625,
 'EPS': 1e-14,
 'EXPECTED_RESULTS': [],
 'EXPECTED_RESULTS_ATOL': 0.005,
 'EXPECTED_RESULTS_EMAIL': '',
 'EXPECTED_RESULTS_RTOL': 0.1,
 'FAST_RCNN': {'CONV_HEAD_DIM': 256,
               'MLP_HEAD_DIM': 1024,
               'NUM_STACKED_CONVS': 4,
               'ROI_BOX_HEAD': 'fast_rcnn_heads.roi_2mlp_head',
               'ROI_XFORM_METHOD': 'RoIAlign',
               'ROI_XFORM_RESOLUTION': 7,
               'ROI_XFORM_SAMPLING_RATIO': 2},
 'FPN': {'COARSEST_STRIDE': 32,
         'DIM': 256,
         'EXTRA_CONV_LEVELS': False,
         'FPN_ON': True,
         'MULTILEVEL_ROIS': True,
         'MULTILEVEL_RPN': True,
         'ROI_CANONICAL_LEVEL': 4,
         'ROI_CANONICAL_SCALE': 224,
         'ROI_MAX_LEVEL': 5,
         'ROI_MIN_LEVEL': 2,
         'RPN_ANCHOR_START_SIZE': 32,
         'RPN_ASPECT_RATIOS': (0.5, 1, 2),
         'RPN_COLLECT_SCALE': 1,
         'RPN_MAX_LEVEL': 6,
         'RPN_MIN_LEVEL': 2,
         'USE_GN': False,
         'ZERO_INIT_LATERAL': False},
 'GROUP_NORM': {'DIM_PER_GP': -1, 'EPSILON': 1e-05, 'NUM_GROUPS': 32},
 'KRCNN': {'CONV_HEAD_DIM': 256,
           'CONV_HEAD_KERNEL': 3,
           'CONV_INIT': 'GaussianFill',
           'DECONV_DIM': 256,
           'DECONV_KERNEL': 4,
           'DILATION': 1,
           'HEATMAP_SIZE': -1,
           'INFERENCE_MIN_SIZE': 0,
           'KEYPOINT_CONFIDENCE': 'bbox',
           'LOSS_WEIGHT': 1.0,
           'MIN_KEYPOINT_COUNT_FOR_VALID_MINIBATCH': 20,
           'NMS_OKS': False,
           'NORMALIZE_BY_VISIBLE_KEYPOINTS': True,
           'NUM_KEYPOINTS': -1,
           'NUM_STACKED_CONVS': 8,
           'ROI_KEYPOINTS_HEAD': '',
           'ROI_XFORM_METHOD': 'RoIAlign',
           'ROI_XFORM_RESOLUTION': 7,
           'ROI_XFORM_SAMPLING_RATIO': 0,
           'UP_SCALE': -1,
           'USE_DECONV': False,
           'USE_DECONV_OUTPUT': False},
 'MATLAB': 'matlab',
 'MODEL': {'BBOX_REG_WEIGHTS': (10.0, 10.0, 5.0, 5.0),
           'CLS_AGNOSTIC_BBOX_REG': False,
           'CONV_BODY': 'FPN.fpn_ResNet50_conv5_body',
           'FASTER_RCNN': True,
           'KEYPOINTS_ON': False,
           'LOAD_IMAGENET_PRETRAINED_WEIGHTS': True,
           'MASK_ON': True,
           'NUM_CLASSES': 49,
           'RPN_ONLY': False,
           'SHARE_RES5': False,
           'TYPE': 'generalized_rcnn',
           'UNSUPERVISED_POSE': False},
 'MRCNN': {'CLS_SPECIFIC_MASK': True,
           'CONV_INIT': 'MSRAFill',
           'DILATION': 1,
           'DIM_REDUCED': 256,
           'MEMORY_EFFICIENT_LOSS': True,
           'RESOLUTION': 28,
           'ROI_MASK_HEAD': 'mask_rcnn_heads.mask_rcnn_fcn_head_v1up4convs',
           'ROI_XFORM_METHOD': 'RoIAlign',
           'ROI_XFORM_RESOLUTION': 14,
           'ROI_XFORM_SAMPLING_RATIO': 2,
           'THRESH_BINARIZE': 0.5,
           'UPSAMPLE_RATIO': 1,
           'USE_FC_OUTPUT': False,
           'WEIGHT_LOSS_MASK': 1.0},
 'NUM_GPUS': 8,
 'OUTPUT_DIR': 'Outputs',
 'PIXEL_MEANS': array([[[102.9801, 115.9465, 122.7717]]]),
 'POOLING_MODE': 'crop',
 'POOLING_SIZE': 7,
 'PYTORCH_VERSION_LESS_THAN_040': False,
 'RESNETS': {'FREEZE_AT': 2,
             'IMAGENET_PRETRAINED_WEIGHTS': 'pretrained_model/resnet50_caffe.pth',
             'NUM_GROUPS': 1,
             'RES5_DILATION': 1,
             'SHORTCUT_FUNC': 'basic_bn_shortcut',
             'STEM_FUNC': 'basic_bn_stem',
             'STRIDE_1X1': True,
             'TRANS_FUNC': 'bottleneck_transformation',
             'USE_GN': False,
             'WIDTH_PER_GROUP': 64},
 'RETINANET': {'ANCHOR_SCALE': 4,
               'ASPECT_RATIOS': (0.5, 1.0, 2.0),
               'BBOX_REG_BETA': 0.11,
               'BBOX_REG_WEIGHT': 1.0,
               'CLASS_SPECIFIC_BBOX': False,
               'INFERENCE_TH': 0.05,
               'LOSS_ALPHA': 0.25,
               'LOSS_GAMMA': 2.0,
               'NEGATIVE_OVERLAP': 0.4,
               'NUM_CONVS': 4,
               'POSITIVE_OVERLAP': 0.5,
               'PRE_NMS_TOP_N': 1000,
               'PRIOR_PROB': 0.01,
               'RETINANET_ON': False,
               'SCALES_PER_OCTAVE': 3,
               'SHARE_CLS_BBOX_TOWER': False,
               'SOFTMAX': False},
 'RFCN': {'PS_GRID_SIZE': 3},
 'RNG_SEED': 3,
 'ROOT_DIR': '/home/ubuntu/vdp-tool-chain-repo/clevr-inference/scene_parse/mask_rcnn',
 'RPN': {'ASPECT_RATIOS': (0.5, 1, 2),
         'CLS_ACTIVATION': 'sigmoid',
         'OUT_DIM': 512,
         'OUT_DIM_AS_IN_DIM': True,
         'RPN_ON': True,
         'SIZES': (64, 128, 256, 512),
         'STRIDE': 16},
 'SOLVER': {'BASE_LR': 0.02,
            'BIAS_DOUBLE_LR': True,
            'BIAS_WEIGHT_DECAY': False,
            'GAMMA': 0.1,
            'LOG_LR_CHANGE_THRESHOLD': 1.1,
            'LRS': [],
            'LR_POLICY': 'steps_with_decay',
            'MAX_ITER': 30000,
            'MOMENTUM': 0.9,
            'SCALE_MOMENTUM': True,
            'SCALE_MOMENTUM_THRESHOLD': 1.1,
            'STEPS': [0, 20000, 26000],
            'STEP_SIZE': 30000,
            'TYPE': 'SGD',
            'WARM_UP_FACTOR': 0.3333333333333333,
            'WARM_UP_ITERS': 500,
            'WARM_UP_METHOD': 'linear',
            'WEIGHT_DECAY': 0.0001,
            'WEIGHT_DECAY_GN': 0.0},
 'TEST': {'BBOX_AUG': {'AREA_TH_HI': 32400,
                       'AREA_TH_LO': 2500,
                       'ASPECT_RATIOS': (),
                       'ASPECT_RATIO_H_FLIP': False,
                       'COORD_HEUR': 'UNION',
                       'ENABLED': False,
                       'H_FLIP': False,
                       'MAX_SIZE': 4000,
                       'SCALES': (),
                       'SCALE_H_FLIP': False,
                       'SCALE_SIZE_DEP': False,
                       'SCORE_HEUR': 'UNION'},
          'BBOX_REG': True,
          'BBOX_VOTE': {'ENABLED': False,
                        'SCORING_METHOD': 'ID',
                        'SCORING_METHOD_BETA': 1.0,
                        'VOTE_TH': 0.8},
          'COMPETITION_MODE': True,
          'DATASETS': ('clevr_original_val',),
          'DETECTIONS_PER_IM': 100,
          'FORCE_JSON_DATASET_EVAL': False,
          'KPS_AUG': {'AREA_TH': 32400,
                      'ASPECT_RATIOS': (),
                      'ASPECT_RATIO_H_FLIP': False,
                      'ENABLED': False,
                      'HEUR': 'HM_AVG',
                      'H_FLIP': False,
                      'MAX_SIZE': 4000,
                      'SCALES': (),
                      'SCALE_H_FLIP': False,
                      'SCALE_SIZE_DEP': False},
          'MASK_AUG': {'AREA_TH': 32400,
                       'ASPECT_RATIOS': (),
                       'ASPECT_RATIO_H_FLIP': False,
                       'ENABLED': False,
                       'HEUR': 'SOFT_AVG',
                       'H_FLIP': False,
                       'MAX_SIZE': 4000,
                       'SCALES': (),
                       'SCALE_H_FLIP': False,
                       'SCALE_SIZE_DEP': False},
          'MAX_SIZE': 1333,
          'NMS': 0.5,
          'PRECOMPUTED_PROPOSALS': False,
          'PROPOSAL_FILES': (),
          'PROPOSAL_LIMIT': 2000,
          'RPN_MIN_SIZE': 0,
          'RPN_NMS_THRESH': 0.7,
          'RPN_POST_NMS_TOP_N': 1000,
          'RPN_PRE_NMS_TOP_N': 1000,
          'SCALE': 800,
          'SCORE_THRESH': 0.05,
          'SOFT_NMS': {'ENABLED': False, 'METHOD': 'linear', 'SIGMA': 0.5}},
 'TRAIN': {'ASPECT_CROPPING': False,
           'ASPECT_GROUPING': True,
           'ASPECT_HI': 2,
           'ASPECT_LO': 0.5,
           'BATCH_SIZE_PER_IM': 512,
           'BBOX_INSIDE_WEIGHTS': (1.0, 1.0, 1.0, 1.0),
           'BBOX_NORMALIZE_MEANS': (0.0, 0.0, 0.0, 0.0),
           'BBOX_NORMALIZE_STDS': (0.1, 0.1, 0.2, 0.2),
           'BBOX_NORMALIZE_TARGETS': True,
           'BBOX_NORMALIZE_TARGETS_PRECOMPUTED': False,
           'BBOX_THRESH': 0.5,
           'BG_THRESH_HI': 0.5,
           'BG_THRESH_LO': 0.0,
           'CROWD_FILTER_THRESH': 0.7,
           'DATASETS': (),
           'FG_FRACTION': 0.25,
           'FG_THRESH': 0.5,
           'FREEZE_CONV_BODY': False,
           'GT_MIN_AREA': -1,
           'IMS_PER_BATCH': 2,
           'MAX_SIZE': 1333,
           'PROPOSAL_FILES': (),
           'RPN_BATCH_SIZE_PER_IM': 256,
           'RPN_FG_FRACTION': 0.5,
           'RPN_MIN_SIZE': 0,
           'RPN_NEGATIVE_OVERLAP': 0.3,
           'RPN_NMS_THRESH': 0.7,
           'RPN_POSITIVE_OVERLAP': 0.7,
           'RPN_POST_NMS_TOP_N': 2000,
           'RPN_PRE_NMS_TOP_N': 2000,
           'RPN_STRADDLE_THRESH': 0,
           'SCALES': (800,),
           'SNAPSHOT_ITERS': 20000,
           'USE_FLIPPED': False},
 'VIS': False,
 'VIS_TH': 0.9}
INFO test_engine.py: 331: loading checkpoint /home/ubuntu/vdp-tool-chain-repo/data/ns-vqa-data/pretrained/object_detector.pt
INFO test_engine.py: 282: im_detect: range [1, 6] of 6: 1/6 1.010s + 0.004s (eta: 0:00:05)
INFO test_engine.py: 315: Wrote detections to: /home/ubuntu/vdp-tool-chain-repo/data/ns-vqa-data/mask_rcnn/results/clevr_val_pretrained/detections.pkl
INFO test_engine.py: 162: Total inference time: 5.619s
/home/ubuntu/vdp-tool-chain-repo/clevr-inference/scene_parse/mask_rcnn/lib/core/config.py:1046: YAMLLoadWarning: calling yaml.load() without Loader=... is deprecated, as the default Loader is unsafe. Please read https://msg.pyyaml.org/load for full details.
  yaml_cfg = AttrDict(yaml.load(f))
| processing proposals 1 / 6 images
| processing proposals 2 / 6 images
| processing proposals 3 / 6 images
| processing proposals 4 / 6 images
| processing proposals 5 / 6 images
| processing proposals 6 / 6 images
| saving object annotations to /home/ubuntu/vdp-tool-chain-repo/data/ns-vqa-data/attr_net/objects/clevr_val_objs_pretrained.json
| options
run_dir: /home/ubuntu/vdp-tool-chain-repo/data/ns-vqa-data/attr_net/results
dataset: clevr
load_checkpoint_path: /home/ubuntu/vdp-tool-chain-repo/data/ns-vqa-data/pretrained/attribute_net.pt
gpu_ids: [0]
clevr_mini_img_dir: /home/ubuntu/vdp-tool-chain-repo/data/ns-vqa-data/raw/CLEVR_mini/images
clevr_mini_ann_path: /home/ubuntu/vdp-tool-chain-repo/data/ns-vqa-data/attr_net/objects/clevr_mini_objs.json
concat_img: 1
split_id: 3500
batch_size: 50
num_workers: 4
learning_rate: 0.002
split: val
output_path: /home/ubuntu/vdp-tool-chain-repo/data/ns-vqa-data/attr_net/results/clevr_val_scenes_parsed_pretrained.json
clevr_val_ann_path: /home/ubuntu/vdp-tool-chain-repo/data/ns-vqa-data/attr_net/objects/clevr_val_objs_pretrained.json
clevr_val_img_dir: /home/ubuntu/vdp-tool-chain-repo/data/ns-vqa-data/raw/CLEVR_v1.0/images/val
shuffle_data: 0
use_cat_label: 1
| loading checkpoint from /home/ubuntu/vdp-tool-chain-repo/data/ns-vqa-data/pretrained/attribute_net.pt
clevr_object.py: CLEVR_val_000000.png val 0 0
clevr_object.py: CLEVR_val_000000.png val 0 1
clevr_object.py: CLEVR_val_000000.png val 0 2
clevr_object.py: CLEVR_val_000000.png val 0 3
clevr_object.py: CLEVR_val_000001.png val 1 4
clevr_object.py: CLEVR_val_000001.png val 1 5
clevr_object.py: CLEVR_val_000001.png val 1 6
clevr_object.py: CLEVR_val_000001.png val 1 7
clevr_object.py: CLEVR_val_000002.png val 2 8
clevr_object.py: CLEVR_val_000002.png val 2 9
clevr_object.py: CLEVR_val_000002.png val 2 10
clevr_object.py: CLEVR_val_000003.png val 3 11
clevr_object.py: CLEVR_val_000003.png val 3 12
clevr_object.py: CLEVR_val_000003.png val 3 13
clevr_object.py: CLEVR_val_000003.png val 3 14
clevr_object.py: CLEVR_val_000003.png val 3 15
clevr_object.py: CLEVR_val_000003.png val 3 16
clevr_object.py: CLEVR_val_000003.png val 3 17
clevr_object.py: CLEVR_val_000003.png val 3 18
clevr_object.py: CLEVR_val_000003.png val 3 19
clevr_object.py: CLEVR_val_000003.png val 3 20
clevr_object.py: CLEVR_val_000003.png val 3 21
clevr_object.py: CLEVR_val_000003.png val 3 22
clevr_object.py: CLEVR_val_000004.png val 4 23
clevr_object.py: CLEVR_val_000004.png val 4 24
clevr_object.py: CLEVR_val_000004.png val 4 25
clevr_object.py: CLEVR_val_000004.png val 4 26
clevr_object.py: CLEVR_val_000005.png val 5 27
clevr_object.py: CLEVR_val_000005.png val 5 28
clevr_object.py: CLEVR_val_000005.png val 5 29
clevr_object.py: CLEVR_val_000005.png val 5 30
31 / 31 objects processed
| saving annotation file to /home/ubuntu/vdp-tool-chain-repo/data/ns-vqa-data/attr_net/results/clevr_val_scenes_parsed_pretrained.json
0.json in test
THRESHOLD relate_front objs = {'id': '0-0', 'position': [-1.5147619247436523, 1.3572014570236206, 0.7000953555107117], 'color': 'cyan', 'material': 'rubber', 'shape': 'cylinder', 'size': 'large'}, {'id': '0-1', 'position': [1.2672713994979858, 1.557133436203003, 0.7002924680709839], 'color': 'cyan', 'material': 'rubber', 'shape': 'cylinder', 'size': 'large'}
THRESHOLD relate_behind objs = {'id': '0-1', 'position': [1.2672713994979858, 1.557133436203003, 0.7002924680709839], 'color': 'cyan', 'material': 'rubber', 'shape': 'cylinder', 'size': 'large'}, {'id': '0-0', 'position': [-1.5147619247436523, 1.3572014570236206, 0.7000953555107117], 'color': 'cyan', 'material': 'rubber', 'shape': 'cylinder', 'size': 'large'}
THRESHOLD relate_behind objs = {'id': '0-2', 'position': [0.06913016736507416, 0.020290259271860123, 0.7038789391517639], 'color': 'purple', 'material': 'metal', 'shape': 'sphere', 'size': 'large'}, {'id': '0-3', 'position': [-2.8467648029327393, -0.12632474303245544, 0.7052688598632812], 'color': 'purple', 'material': 'metal', 'shape': 'sphere', 'size': 'large'}
THRESHOLD relate_front objs = {'id': '0-3', 'position': [-2.8467648029327393, -0.12632474303245544, 0.7052688598632812], 'color': 'purple', 'material': 'metal', 'shape': 'sphere', 'size': 'large'}, {'id': '0-2', 'position': [0.06913016736507416, 0.020290259271860123, 0.7038789391517639], 'color': 'purple', 'material': 'metal', 'shape': 'sphere', 'size': 'large'}
1.json in test
THRESHOLD relate_behind objs = {'id': '1-0', 'position': [-0.10211826115846634, 0.014311389997601509, 0.6983495950698853], 'color': 'cyan', 'material': 'rubber', 'shape': 'cylinder', 'size': 'large'}, {'id': '1-1', 'position': [-3.0141971111297607, -0.25705111026763916, 0.6986814737319946], 'color': 'cyan', 'material': 'rubber', 'shape': 'cylinder', 'size': 'large'}
THRESHOLD relate_front objs = {'id': '1-1', 'position': [-3.0141971111297607, -0.25705111026763916, 0.6986814737319946], 'color': 'cyan', 'material': 'rubber', 'shape': 'cylinder', 'size': 'large'}, {'id': '1-0', 'position': [-0.10211826115846634, 0.014311389997601509, 0.6983495950698853], 'color': 'cyan', 'material': 'rubber', 'shape': 'cylinder', 'size': 'large'}
THRESHOLD relate_behind objs = {'id': '1-2', 'position': [1.2816499471664429, 1.4475716352462769, 0.7034050822257996], 'color': 'purple', 'material': 'metal', 'shape': 'sphere', 'size': 'large'}, {'id': '1-3', 'position': [-1.6690527200698853, 1.2211592197418213, 0.700901210308075], 'color': 'purple', 'material': 'metal', 'shape': 'sphere', 'size': 'large'}
THRESHOLD relate_front objs = {'id': '1-3', 'position': [-1.6690527200698853, 1.2211592197418213, 0.700901210308075], 'color': 'purple', 'material': 'metal', 'shape': 'sphere', 'size': 'large'}, {'id': '1-2', 'position': [1.2816499471664429, 1.4475716352462769, 0.7034050822257996], 'color': 'purple', 'material': 'metal', 'shape': 'sphere', 'size': 'large'}
2.json in test
THRESHOLD relate_behind objs = {'id': '2-1', 'position': [-0.023472614586353302, -0.1724451780319214, 0.7032486200332642], 'color': 'purple', 'material': 'metal', 'shape': 'sphere', 'size': 'large'}, {'id': '2-2', 'position': [-2.8877508640289307, -0.2771933078765869, 0.705498456954956], 'color': 'purple', 'material': 'metal', 'shape': 'sphere', 'size': 'large'}
THRESHOLD relate_front objs = {'id': '2-2', 'position': [-2.8877508640289307, -0.2771933078765869, 0.705498456954956], 'color': 'purple', 'material': 'metal', 'shape': 'sphere', 'size': 'large'}, {'id': '2-1', 'position': [-0.023472614586353302, -0.1724451780319214, 0.7032486200332642], 'color': 'purple', 'material': 'metal', 'shape': 'sphere', 'size': 'large'}
3.json in train
THRESHOLD relate_behind objs = {'id': '3-0', 'position': [-0.7472080588340759, 0.5402721762657166, 0.3485460877418518], 'color': 'gray', 'material': 'rubber', 'shape': 'cylinder', 'size': 'small'}, {'id': '3-1', 'position': [-2.202392101287842, 0.5160712003707886, 0.35023990273475647], 'color': 'gray', 'material': 'rubber', 'shape': 'cylinder', 'size': 'small'}
THRESHOLD relate_behind objs = {'id': '3-0', 'position': [-0.7472080588340759, 0.5402721762657166, 0.3485460877418518], 'color': 'gray', 'material': 'rubber', 'shape': 'cylinder', 'size': 'small'}, {'id': '3-4', 'position': [-3.5932395458221436, 0.3882788121700287, 0.3484991192817688], 'color': 'gray', 'material': 'rubber', 'shape': 'cylinder', 'size': 'small'}
THRESHOLD relate_front objs = {'id': '3-0', 'position': [-0.7472080588340759, 0.5402721762657166, 0.3485460877418518], 'color': 'gray', 'material': 'rubber', 'shape': 'cylinder', 'size': 'small'}, {'id': '3-2', 'position': [3.4270639419555664, 0.8689417243003845, 0.349073588848114], 'color': 'gray', 'material': 'rubber', 'shape': 'cylinder', 'size': 'small'}
THRESHOLD relate_front objs = {'id': '3-0', 'position': [-0.7472080588340759, 0.5402721762657166, 0.3485460877418518], 'color': 'gray', 'material': 'rubber', 'shape': 'cylinder', 'size': 'small'}, {'id': '3-3', 'position': [2.0531208515167236, 0.7252457141876221, 0.3504946529865265], 'color': 'gray', 'material': 'rubber', 'shape': 'cylinder', 'size': 'small'}
THRESHOLD relate_front objs = {'id': '3-0', 'position': [-0.7472080588340759, 0.5402721762657166, 0.3485460877418518], 'color': 'gray', 'material': 'rubber', 'shape': 'cylinder', 'size': 'small'}, {'id': '3-5', 'position': [0.6115827560424805, 0.6046203374862671, 0.34888309240341187], 'color': 'gray', 'material': 'rubber', 'shape': 'cylinder', 'size': 'small'}
THRESHOLD relate_behind objs = {'id': '3-1', 'position': [-2.202392101287842, 0.5160712003707886, 0.35023990273475647], 'color': 'gray', 'material': 'rubber', 'shape': 'cylinder', 'size': 'small'}, {'id': '3-4', 'position': [-3.5932395458221436, 0.3882788121700287, 0.3484991192817688], 'color': 'gray', 'material': 'rubber', 'shape': 'cylinder', 'size': 'small'}
THRESHOLD relate_front objs = {'id': '3-1', 'position': [-2.202392101287842, 0.5160712003707886, 0.35023990273475647], 'color': 'gray', 'material': 'rubber', 'shape': 'cylinder', 'size': 'small'}, {'id': '3-0', 'position': [-0.7472080588340759, 0.5402721762657166, 0.3485460877418518], 'color': 'gray', 'material': 'rubber', 'shape': 'cylinder', 'size': 'small'}
THRESHOLD relate_front objs = {'id': '3-1', 'position': [-2.202392101287842, 0.5160712003707886, 0.35023990273475647], 'color': 'gray', 'material': 'rubber', 'shape': 'cylinder', 'size': 'small'}, {'id': '3-2', 'position': [3.4270639419555664, 0.8689417243003845, 0.349073588848114], 'color': 'gray', 'material': 'rubber', 'shape': 'cylinder', 'size': 'small'}
THRESHOLD relate_front objs = {'id': '3-1', 'position': [-2.202392101287842, 0.5160712003707886, 0.35023990273475647], 'color': 'gray', 'material': 'rubber', 'shape': 'cylinder', 'size': 'small'}, {'id': '3-3', 'position': [2.0531208515167236, 0.7252457141876221, 0.3504946529865265], 'color': 'gray', 'material': 'rubber', 'shape': 'cylinder', 'size': 'small'}
THRESHOLD relate_front objs = {'id': '3-1', 'position': [-2.202392101287842, 0.5160712003707886, 0.35023990273475647], 'color': 'gray', 'material': 'rubber', 'shape': 'cylinder', 'size': 'small'}, {'id': '3-5', 'position': [0.6115827560424805, 0.6046203374862671, 0.34888309240341187], 'color': 'gray', 'material': 'rubber', 'shape': 'cylinder', 'size': 'small'}
THRESHOLD relate_behind objs = {'id': '3-2', 'position': [3.4270639419555664, 0.8689417243003845, 0.349073588848114], 'color': 'gray', 'material': 'rubber', 'shape': 'cylinder', 'size': 'small'}, {'id': '3-0', 'position': [-0.7472080588340759, 0.5402721762657166, 0.3485460877418518], 'color': 'gray', 'material': 'rubber', 'shape': 'cylinder', 'size': 'small'}
THRESHOLD relate_behind objs = {'id': '3-2', 'position': [3.4270639419555664, 0.8689417243003845, 0.349073588848114], 'color': 'gray', 'material': 'rubber', 'shape': 'cylinder', 'size': 'small'}, {'id': '3-1', 'position': [-2.202392101287842, 0.5160712003707886, 0.35023990273475647], 'color': 'gray', 'material': 'rubber', 'shape': 'cylinder', 'size': 'small'}
THRESHOLD relate_behind objs = {'id': '3-2', 'position': [3.4270639419555664, 0.8689417243003845, 0.349073588848114], 'color': 'gray', 'material': 'rubber', 'shape': 'cylinder', 'size': 'small'}, {'id': '3-3', 'position': [2.0531208515167236, 0.7252457141876221, 0.3504946529865265], 'color': 'gray', 'material': 'rubber', 'shape': 'cylinder', 'size': 'small'}
THRESHOLD relate_behind objs = {'id': '3-2', 'position': [3.4270639419555664, 0.8689417243003845, 0.349073588848114], 'color': 'gray', 'material': 'rubber', 'shape': 'cylinder', 'size': 'small'}, {'id': '3-5', 'position': [0.6115827560424805, 0.6046203374862671, 0.34888309240341187], 'color': 'gray', 'material': 'rubber', 'shape': 'cylinder', 'size': 'small'}
THRESHOLD relate_behind objs = {'id': '3-3', 'position': [2.0531208515167236, 0.7252457141876221, 0.3504946529865265], 'color': 'gray', 'material': 'rubber', 'shape': 'cylinder', 'size': 'small'}, {'id': '3-0', 'position': [-0.7472080588340759, 0.5402721762657166, 0.3485460877418518], 'color': 'gray', 'material': 'rubber', 'shape': 'cylinder', 'size': 'small'}
THRESHOLD relate_behind objs = {'id': '3-3', 'position': [2.0531208515167236, 0.7252457141876221, 0.3504946529865265], 'color': 'gray', 'material': 'rubber', 'shape': 'cylinder', 'size': 'small'}, {'id': '3-1', 'position': [-2.202392101287842, 0.5160712003707886, 0.35023990273475647], 'color': 'gray', 'material': 'rubber', 'shape': 'cylinder', 'size': 'small'}
THRESHOLD relate_behind objs = {'id': '3-3', 'position': [2.0531208515167236, 0.7252457141876221, 0.3504946529865265], 'color': 'gray', 'material': 'rubber', 'shape': 'cylinder', 'size': 'small'}, {'id': '3-4', 'position': [-3.5932395458221436, 0.3882788121700287, 0.3484991192817688], 'color': 'gray', 'material': 'rubber', 'shape': 'cylinder', 'size': 'small'}
THRESHOLD relate_behind objs = {'id': '3-3', 'position': [2.0531208515167236, 0.7252457141876221, 0.3504946529865265], 'color': 'gray', 'material': 'rubber', 'shape': 'cylinder', 'size': 'small'}, {'id': '3-5', 'position': [0.6115827560424805, 0.6046203374862671, 0.34888309240341187], 'color': 'gray', 'material': 'rubber', 'shape': 'cylinder', 'size': 'small'}
THRESHOLD relate_front objs = {'id': '3-3', 'position': [2.0531208515167236, 0.7252457141876221, 0.3504946529865265], 'color': 'gray', 'material': 'rubber', 'shape': 'cylinder', 'size': 'small'}, {'id': '3-2', 'position': [3.4270639419555664, 0.8689417243003845, 0.349073588848114], 'color': 'gray', 'material': 'rubber', 'shape': 'cylinder', 'size': 'small'}
THRESHOLD relate_behind objs = {'id': '3-4', 'position': [-3.5932395458221436, 0.3882788121700287, 0.3484991192817688], 'color': 'gray', 'material': 'rubber', 'shape': 'cylinder', 'size': 'small'}, {'id': '3-10', 'position': [2.7818479537963867, 0.04792006313800812, 0.35255682468414307], 'color': 'yellow', 'material': 'metal', 'shape': 'sphere', 'size': 'small'}
THRESHOLD relate_behind objs = {'id': '3-4', 'position': [-3.5932395458221436, 0.3882788121700287, 0.3484991192817688], 'color': 'gray', 'material': 'rubber', 'shape': 'cylinder', 'size': 'small'}, {'id': '3-11', 'position': [1.2886264324188232, 0.008706709370017052, 0.34930551052093506], 'color': 'yellow', 'material': 'metal', 'shape': 'sphere', 'size': 'small'}
THRESHOLD relate_front objs = {'id': '3-4', 'position': [-3.5932395458221436, 0.3882788121700287, 0.3484991192817688], 'color': 'gray', 'material': 'rubber', 'shape': 'cylinder', 'size': 'small'}, {'id': '3-0', 'position': [-0.7472080588340759, 0.5402721762657166, 0.3485460877418518], 'color': 'gray', 'material': 'rubber', 'shape': 'cylinder', 'size': 'small'}
THRESHOLD relate_front objs = {'id': '3-4', 'position': [-3.5932395458221436, 0.3882788121700287, 0.3484991192817688], 'color': 'gray', 'material': 'rubber', 'shape': 'cylinder', 'size': 'small'}, {'id': '3-1', 'position': [-2.202392101287842, 0.5160712003707886, 0.35023990273475647], 'color': 'gray', 'material': 'rubber', 'shape': 'cylinder', 'size': 'small'}
THRESHOLD relate_front objs = {'id': '3-4', 'position': [-3.5932395458221436, 0.3882788121700287, 0.3484991192817688], 'color': 'gray', 'material': 'rubber', 'shape': 'cylinder', 'size': 'small'}, {'id': '3-3', 'position': [2.0531208515167236, 0.7252457141876221, 0.3504946529865265], 'color': 'gray', 'material': 'rubber', 'shape': 'cylinder', 'size': 'small'}
THRESHOLD relate_front objs = {'id': '3-4', 'position': [-3.5932395458221436, 0.3882788121700287, 0.3484991192817688], 'color': 'gray', 'material': 'rubber', 'shape': 'cylinder', 'size': 'small'}, {'id': '3-5', 'position': [0.6115827560424805, 0.6046203374862671, 0.34888309240341187], 'color': 'gray', 'material': 'rubber', 'shape': 'cylinder', 'size': 'small'}
THRESHOLD relate_behind objs = {'id': '3-5', 'position': [0.6115827560424805, 0.6046203374862671, 0.34888309240341187], 'color': 'gray', 'material': 'rubber', 'shape': 'cylinder', 'size': 'small'}, {'id': '3-0', 'position': [-0.7472080588340759, 0.5402721762657166, 0.3485460877418518], 'color': 'gray', 'material': 'rubber', 'shape': 'cylinder', 'size': 'small'}
THRESHOLD relate_behind objs = {'id': '3-5', 'position': [0.6115827560424805, 0.6046203374862671, 0.34888309240341187], 'color': 'gray', 'material': 'rubber', 'shape': 'cylinder', 'size': 'small'}, {'id': '3-1', 'position': [-2.202392101287842, 0.5160712003707886, 0.35023990273475647], 'color': 'gray', 'material': 'rubber', 'shape': 'cylinder', 'size': 'small'}
THRESHOLD relate_behind objs = {'id': '3-5', 'position': [0.6115827560424805, 0.6046203374862671, 0.34888309240341187], 'color': 'gray', 'material': 'rubber', 'shape': 'cylinder', 'size': 'small'}, {'id': '3-4', 'position': [-3.5932395458221436, 0.3882788121700287, 0.3484991192817688], 'color': 'gray', 'material': 'rubber', 'shape': 'cylinder', 'size': 'small'}
THRESHOLD relate_front objs = {'id': '3-5', 'position': [0.6115827560424805, 0.6046203374862671, 0.34888309240341187], 'color': 'gray', 'material': 'rubber', 'shape': 'cylinder', 'size': 'small'}, {'id': '3-2', 'position': [3.4270639419555664, 0.8689417243003845, 0.349073588848114], 'color': 'gray', 'material': 'rubber', 'shape': 'cylinder', 'size': 'small'}
THRESHOLD relate_front objs = {'id': '3-5', 'position': [0.6115827560424805, 0.6046203374862671, 0.34888309240341187], 'color': 'gray', 'material': 'rubber', 'shape': 'cylinder', 'size': 'small'}, {'id': '3-3', 'position': [2.0531208515167236, 0.7252457141876221, 0.3504946529865265], 'color': 'gray', 'material': 'rubber', 'shape': 'cylinder', 'size': 'small'}
THRESHOLD relate_front objs = {'id': '3-6', 'position': [-2.8468332290649414, -0.35618746280670166, 0.3473950922489166], 'color': 'red', 'material': 'metal', 'shape': 'sphere', 'size': 'small'}, {'id': '3-7', 'position': [-1.4854998588562012, -0.26989638805389404, 0.3529040813446045], 'color': 'red', 'material': 'metal', 'shape': 'sphere', 'size': 'small'}
THRESHOLD relate_front objs = {'id': '3-6', 'position': [-2.8468332290649414, -0.35618746280670166, 0.3473950922489166], 'color': 'red', 'material': 'metal', 'shape': 'sphere', 'size': 'small'}, {'id': '3-8', 'position': [-4.083488941192627, -0.3025665879249573, 0.34716564416885376], 'color': 'red', 'material': 'metal', 'shape': 'sphere', 'size': 'small'}
THRESHOLD relate_front objs = {'id': '3-6', 'position': [-2.8468332290649414, -0.35618746280670166, 0.3473950922489166], 'color': 'red', 'material': 'metal', 'shape': 'sphere', 'size': 'small'}, {'id': '3-9', 'position': [0.0028457120060920715, -0.19462057948112488, 0.3488716185092926], 'color': 'yellow', 'material': 'metal', 'shape': 'sphere', 'size': 'small'}
THRESHOLD relate_front objs = {'id': '3-6', 'position': [-2.8468332290649414, -0.35618746280670166, 0.3473950922489166], 'color': 'red', 'material': 'metal', 'shape': 'sphere', 'size': 'small'}, {'id': '3-11', 'position': [1.2886264324188232, 0.008706709370017052, 0.34930551052093506], 'color': 'yellow', 'material': 'metal', 'shape': 'sphere', 'size': 'small'}
THRESHOLD relate_behind objs = {'id': '3-7', 'position': [-1.4854998588562012, -0.26989638805389404, 0.3529040813446045], 'color': 'red', 'material': 'metal', 'shape': 'sphere', 'size': 'small'}, {'id': '3-6', 'position': [-2.8468332290649414, -0.35618746280670166, 0.3473950922489166], 'color': 'red', 'material': 'metal', 'shape': 'sphere', 'size': 'small'}
THRESHOLD relate_behind objs = {'id': '3-7', 'position': [-1.4854998588562012, -0.26989638805389404, 0.3529040813446045], 'color': 'red', 'material': 'metal', 'shape': 'sphere', 'size': 'small'}, {'id': '3-8', 'position': [-4.083488941192627, -0.3025665879249573, 0.34716564416885376], 'color': 'red', 'material': 'metal', 'shape': 'sphere', 'size': 'small'}
THRESHOLD relate_front objs = {'id': '3-7', 'position': [-1.4854998588562012, -0.26989638805389404, 0.3529040813446045], 'color': 'red', 'material': 'metal', 'shape': 'sphere', 'size': 'small'}, {'id': '3-9', 'position': [0.0028457120060920715, -0.19462057948112488, 0.3488716185092926], 'color': 'yellow', 'material': 'metal', 'shape': 'sphere', 'size': 'small'}
THRESHOLD relate_front objs = {'id': '3-7', 'position': [-1.4854998588562012, -0.26989638805389404, 0.3529040813446045], 'color': 'red', 'material': 'metal', 'shape': 'sphere', 'size': 'small'}, {'id': '3-10', 'position': [2.7818479537963867, 0.04792006313800812, 0.35255682468414307], 'color': 'yellow', 'material': 'metal', 'shape': 'sphere', 'size': 'small'}
THRESHOLD relate_front objs = {'id': '3-7', 'position': [-1.4854998588562012, -0.26989638805389404, 0.3529040813446045], 'color': 'red', 'material': 'metal', 'shape': 'sphere', 'size': 'small'}, {'id': '3-11', 'position': [1.2886264324188232, 0.008706709370017052, 0.34930551052093506], 'color': 'yellow', 'material': 'metal', 'shape': 'sphere', 'size': 'small'}
THRESHOLD relate_behind objs = {'id': '3-8', 'position': [-4.083488941192627, -0.3025665879249573, 0.34716564416885376], 'color': 'red', 'material': 'metal', 'shape': 'sphere', 'size': 'small'}, {'id': '3-6', 'position': [-2.8468332290649414, -0.35618746280670166, 0.3473950922489166], 'color': 'red', 'material': 'metal', 'shape': 'sphere', 'size': 'small'}
THRESHOLD relate_front objs = {'id': '3-8', 'position': [-4.083488941192627, -0.3025665879249573, 0.34716564416885376], 'color': 'red', 'material': 'metal', 'shape': 'sphere', 'size': 'small'}, {'id': '3-7', 'position': [-1.4854998588562012, -0.26989638805389404, 0.3529040813446045], 'color': 'red', 'material': 'metal', 'shape': 'sphere', 'size': 'small'}
THRESHOLD relate_front objs = {'id': '3-8', 'position': [-4.083488941192627, -0.3025665879249573, 0.34716564416885376], 'color': 'red', 'material': 'metal', 'shape': 'sphere', 'size': 'small'}, {'id': '3-9', 'position': [0.0028457120060920715, -0.19462057948112488, 0.3488716185092926], 'color': 'yellow', 'material': 'metal', 'shape': 'sphere', 'size': 'small'}
THRESHOLD relate_front objs = {'id': '3-8', 'position': [-4.083488941192627, -0.3025665879249573, 0.34716564416885376], 'color': 'red', 'material': 'metal', 'shape': 'sphere', 'size': 'small'}, {'id': '3-10', 'position': [2.7818479537963867, 0.04792006313800812, 0.35255682468414307], 'color': 'yellow', 'material': 'metal', 'shape': 'sphere', 'size': 'small'}
THRESHOLD relate_front objs = {'id': '3-8', 'position': [-4.083488941192627, -0.3025665879249573, 0.34716564416885376], 'color': 'red', 'material': 'metal', 'shape': 'sphere', 'size': 'small'}, {'id': '3-11', 'position': [1.2886264324188232, 0.008706709370017052, 0.34930551052093506], 'color': 'yellow', 'material': 'metal', 'shape': 'sphere', 'size': 'small'}
THRESHOLD relate_behind objs = {'id': '3-9', 'position': [0.0028457120060920715, -0.19462057948112488, 0.3488716185092926], 'color': 'yellow', 'material': 'metal', 'shape': 'sphere', 'size': 'small'}, {'id': '3-6', 'position': [-2.8468332290649414, -0.35618746280670166, 0.3473950922489166], 'color': 'red', 'material': 'metal', 'shape': 'sphere', 'size': 'small'}
THRESHOLD relate_behind objs = {'id': '3-9', 'position': [0.0028457120060920715, -0.19462057948112488, 0.3488716185092926], 'color': 'yellow', 'material': 'metal', 'shape': 'sphere', 'size': 'small'}, {'id': '3-7', 'position': [-1.4854998588562012, -0.26989638805389404, 0.3529040813446045], 'color': 'red', 'material': 'metal', 'shape': 'sphere', 'size': 'small'}
THRESHOLD relate_behind objs = {'id': '3-9', 'position': [0.0028457120060920715, -0.19462057948112488, 0.3488716185092926], 'color': 'yellow', 'material': 'metal', 'shape': 'sphere', 'size': 'small'}, {'id': '3-8', 'position': [-4.083488941192627, -0.3025665879249573, 0.34716564416885376], 'color': 'red', 'material': 'metal', 'shape': 'sphere', 'size': 'small'}
THRESHOLD relate_front objs = {'id': '3-9', 'position': [0.0028457120060920715, -0.19462057948112488, 0.3488716185092926], 'color': 'yellow', 'material': 'metal', 'shape': 'sphere', 'size': 'small'}, {'id': '3-10', 'position': [2.7818479537963867, 0.04792006313800812, 0.35255682468414307], 'color': 'yellow', 'material': 'metal', 'shape': 'sphere', 'size': 'small'}
THRESHOLD relate_front objs = {'id': '3-9', 'position': [0.0028457120060920715, -0.19462057948112488, 0.3488716185092926], 'color': 'yellow', 'material': 'metal', 'shape': 'sphere', 'size': 'small'}, {'id': '3-11', 'position': [1.2886264324188232, 0.008706709370017052, 0.34930551052093506], 'color': 'yellow', 'material': 'metal', 'shape': 'sphere', 'size': 'small'}
THRESHOLD relate_behind objs = {'id': '3-10', 'position': [2.7818479537963867, 0.04792006313800812, 0.35255682468414307], 'color': 'yellow', 'material': 'metal', 'shape': 'sphere', 'size': 'small'}, {'id': '3-7', 'position': [-1.4854998588562012, -0.26989638805389404, 0.3529040813446045], 'color': 'red', 'material': 'metal', 'shape': 'sphere', 'size': 'small'}
THRESHOLD relate_behind objs = {'id': '3-10', 'position': [2.7818479537963867, 0.04792006313800812, 0.35255682468414307], 'color': 'yellow', 'material': 'metal', 'shape': 'sphere', 'size': 'small'}, {'id': '3-8', 'position': [-4.083488941192627, -0.3025665879249573, 0.34716564416885376], 'color': 'red', 'material': 'metal', 'shape': 'sphere', 'size': 'small'}
THRESHOLD relate_behind objs = {'id': '3-10', 'position': [2.7818479537963867, 0.04792006313800812, 0.35255682468414307], 'color': 'yellow', 'material': 'metal', 'shape': 'sphere', 'size': 'small'}, {'id': '3-9', 'position': [0.0028457120060920715, -0.19462057948112488, 0.3488716185092926], 'color': 'yellow', 'material': 'metal', 'shape': 'sphere', 'size': 'small'}
THRESHOLD relate_behind objs = {'id': '3-10', 'position': [2.7818479537963867, 0.04792006313800812, 0.35255682468414307], 'color': 'yellow', 'material': 'metal', 'shape': 'sphere', 'size': 'small'}, {'id': '3-11', 'position': [1.2886264324188232, 0.008706709370017052, 0.34930551052093506], 'color': 'yellow', 'material': 'metal', 'shape': 'sphere', 'size': 'small'}
THRESHOLD relate_front objs = {'id': '3-10', 'position': [2.7818479537963867, 0.04792006313800812, 0.35255682468414307], 'color': 'yellow', 'material': 'metal', 'shape': 'sphere', 'size': 'small'}, {'id': '3-4', 'position': [-3.5932395458221436, 0.3882788121700287, 0.3484991192817688], 'color': 'gray', 'material': 'rubber', 'shape': 'cylinder', 'size': 'small'}
THRESHOLD relate_behind objs = {'id': '3-11', 'position': [1.2886264324188232, 0.008706709370017052, 0.34930551052093506], 'color': 'yellow', 'material': 'metal', 'shape': 'sphere', 'size': 'small'}, {'id': '3-6', 'position': [-2.8468332290649414, -0.35618746280670166, 0.3473950922489166], 'color': 'red', 'material': 'metal', 'shape': 'sphere', 'size': 'small'}
THRESHOLD relate_behind objs = {'id': '3-11', 'position': [1.2886264324188232, 0.008706709370017052, 0.34930551052093506], 'color': 'yellow', 'material': 'metal', 'shape': 'sphere', 'size': 'small'}, {'id': '3-7', 'position': [-1.4854998588562012, -0.26989638805389404, 0.3529040813446045], 'color': 'red', 'material': 'metal', 'shape': 'sphere', 'size': 'small'}
THRESHOLD relate_behind objs = {'id': '3-11', 'position': [1.2886264324188232, 0.008706709370017052, 0.34930551052093506], 'color': 'yellow', 'material': 'metal', 'shape': 'sphere', 'size': 'small'}, {'id': '3-8', 'position': [-4.083488941192627, -0.3025665879249573, 0.34716564416885376], 'color': 'red', 'material': 'metal', 'shape': 'sphere', 'size': 'small'}
THRESHOLD relate_behind objs = {'id': '3-11', 'position': [1.2886264324188232, 0.008706709370017052, 0.34930551052093506], 'color': 'yellow', 'material': 'metal', 'shape': 'sphere', 'size': 'small'}, {'id': '3-9', 'position': [0.0028457120060920715, -0.19462057948112488, 0.3488716185092926], 'color': 'yellow', 'material': 'metal', 'shape': 'sphere', 'size': 'small'}
THRESHOLD relate_front objs = {'id': '3-11', 'position': [1.2886264324188232, 0.008706709370017052, 0.34930551052093506], 'color': 'yellow', 'material': 'metal', 'shape': 'sphere', 'size': 'small'}, {'id': '3-4', 'position': [-3.5932395458221436, 0.3882788121700287, 0.3484991192817688], 'color': 'gray', 'material': 'rubber', 'shape': 'cylinder', 'size': 'small'}
THRESHOLD relate_front objs = {'id': '3-11', 'position': [1.2886264324188232, 0.008706709370017052, 0.34930551052093506], 'color': 'yellow', 'material': 'metal', 'shape': 'sphere', 'size': 'small'}, {'id': '3-10', 'position': [2.7818479537963867, 0.04792006313800812, 0.35255682468414307], 'color': 'yellow', 'material': 'metal', 'shape': 'sphere', 'size': 'small'}
4.json in train
THRESHOLD relate_behind objs = {'id': '4-0', 'position': [1.3842116594314575, 0.1170022115111351, 0.3506796956062317], 'color': 'gray', 'material': 'metal', 'shape': 'sphere', 'size': 'small'}, {'id': '4-1', 'position': [-1.3737956285476685, -0.06808734685182571, 0.3500710129737854], 'color': 'gray', 'material': 'metal', 'shape': 'sphere', 'size': 'small'}
THRESHOLD relate_front objs = {'id': '4-1', 'position': [-1.3737956285476685, -0.06808734685182571, 0.3500710129737854], 'color': 'gray', 'material': 'metal', 'shape': 'sphere', 'size': 'small'}, {'id': '4-0', 'position': [1.3842116594314575, 0.1170022115111351, 0.3506796956062317], 'color': 'gray', 'material': 'metal', 'shape': 'sphere', 'size': 'small'}
THRESHOLD relate_front objs = {'id': '4-2', 'position': [-0.10055965930223465, 1.3813716173171997, 0.34712347388267517], 'color': 'purple', 'material': 'rubber', 'shape': 'cylinder', 'size': 'small'}, {'id': '4-3', 'position': [2.7295563220977783, 1.5211788415908813, 0.34803706407546997], 'color': 'purple', 'material': 'rubber', 'shape': 'cylinder', 'size': 'small'}
THRESHOLD relate_behind objs = {'id': '4-3', 'position': [2.7295563220977783, 1.5211788415908813, 0.34803706407546997], 'color': 'purple', 'material': 'rubber', 'shape': 'cylinder', 'size': 'small'}, {'id': '4-2', 'position': [-0.10055965930223465, 1.3813716173171997, 0.34712347388267517], 'color': 'purple', 'material': 'rubber', 'shape': 'cylinder', 'size': 'small'}
5.json in train
THRESHOLD relate_behind objs = {'id': '5-0', 'position': [1.5544581413269043, 0.04104439541697502, 0.7061780095100403], 'color': 'gray', 'material': 'metal', 'shape': 'sphere', 'size': 'large'}, {'id': '5-1', 'position': [-2.7773725986480713, -0.1759204864501953, 0.707053542137146], 'color': 'gray', 'material': 'metal', 'shape': 'sphere', 'size': 'large'}
THRESHOLD relate_front objs = {'id': '5-1', 'position': [-2.7773725986480713, -0.1759204864501953, 0.707053542137146], 'color': 'gray', 'material': 'metal', 'shape': 'sphere', 'size': 'large'}, {'id': '5-0', 'position': [1.5544581413269043, 0.04104439541697502, 0.7061780095100403], 'color': 'gray', 'material': 'metal', 'shape': 'sphere', 'size': 'large'}
THRESHOLD relate_front objs = {'id': '5-2', 'position': [-1.452305793762207, 1.4016796350479126, 0.6991226077079773], 'color': 'purple', 'material': 'rubber', 'shape': 'cylinder', 'size': 'large'}, {'id': '5-3', 'position': [2.6731302738189697, 1.6115422248840332, 0.6945269107818604], 'color': 'purple', 'material': 'rubber', 'shape': 'cylinder', 'size': 'large'}
THRESHOLD relate_behind objs = {'id': '5-3', 'position': [2.6731302738189697, 1.6115422248840332, 0.6945269107818604], 'color': 'purple', 'material': 'rubber', 'shape': 'cylinder', 'size': 'large'}, {'id': '5-2', 'position': [-1.452305793762207, 1.4016796350479126, 0.6991226077079773], 'color': 'purple', 'material': 'rubber', 'shape': 'cylinder', 'size': 'large'}
2021-06-04 07:01:27.081581: I tensorflow/core/platform/cpu_feature_guard.cc:141] Your CPU supports instructions that this TensorFlow binary was not compiled to use: SSE4.1 SSE4.2 AVX AVX2 FMA
2021-06-04 07:01:27.158973: I tensorflow/stream_executor/cuda/cuda_gpu_executor.cc:964] successful NUMA node read from SysFS had negative value (-1), but there must be at least one NUMA node, so returning NUMA node zero
2021-06-04 07:01:27.159741: I tensorflow/core/common_runtime/gpu/gpu_device.cc:1432] Found device 0 with properties: 
name: Tesla K80 major: 3 minor: 7 memoryClockRate(GHz): 0.8235
pciBusID: 0000:00:1e.0
totalMemory: 11.17GiB freeMemory: 11.11GiB
2021-06-04 07:01:27.159763: I tensorflow/core/common_runtime/gpu/gpu_device.cc:1511] Adding visible gpu devices: 0
2021-06-04 07:01:27.452064: I tensorflow/core/common_runtime/gpu/gpu_device.cc:982] Device interconnect StreamExecutor with strength 1 edge matrix:
2021-06-04 07:01:27.452113: I tensorflow/core/common_runtime/gpu/gpu_device.cc:988]      0 
2021-06-04 07:01:27.452123: I tensorflow/core/common_runtime/gpu/gpu_device.cc:1001] 0:   N 
2021-06-04 07:01:27.452229: I tensorflow/core/common_runtime/gpu/gpu_device.cc:1115] Created TensorFlow device (/job:localhost/replica:0/task:0/device:GPU:0 with 10769 MB memory) -> physical GPU (device: 0, name: Tesla K80, pci bus id: 0000:00:1e.0, compute capability: 3.7)
Using TensorFlow backend.
/home/ubuntu/anaconda3/envs/deep-ranking/lib/python3.6/site-packages/tensorflow/python/framework/dtypes.py:523: FutureWarning: Passing (type, 1) or '1type' as a synonym of type is deprecated; in a future version of numpy, it will be understood as (type, (1,)) / '(1,)type'.
  _np_qint8 = np.dtype([("qint8", np.int8, 1)])
/home/ubuntu/anaconda3/envs/deep-ranking/lib/python3.6/site-packages/tensorflow/python/framework/dtypes.py:524: FutureWarning: Passing (type, 1) or '1type' as a synonym of type is deprecated; in a future version of numpy, it will be understood as (type, (1,)) / '(1,)type'.
  _np_quint8 = np.dtype([("quint8", np.uint8, 1)])
/home/ubuntu/anaconda3/envs/deep-ranking/lib/python3.6/site-packages/tensorflow/python/framework/dtypes.py:525: FutureWarning: Passing (type, 1) or '1type' as a synonym of type is deprecated; in a future version of numpy, it will be understood as (type, (1,)) / '(1,)type'.
  _np_qint16 = np.dtype([("qint16", np.int16, 1)])
/home/ubuntu/anaconda3/envs/deep-ranking/lib/python3.6/site-packages/tensorflow/python/framework/dtypes.py:526: FutureWarning: Passing (type, 1) or '1type' as a synonym of type is deprecated; in a future version of numpy, it will be understood as (type, (1,)) / '(1,)type'.
  _np_quint16 = np.dtype([("quint16", np.uint16, 1)])
/home/ubuntu/anaconda3/envs/deep-ranking/lib/python3.6/site-packages/tensorflow/python/framework/dtypes.py:527: FutureWarning: Passing (type, 1) or '1type' as a synonym of type is deprecated; in a future version of numpy, it will be understood as (type, (1,)) / '(1,)type'.
  _np_qint32 = np.dtype([("qint32", np.int32, 1)])
/home/ubuntu/anaconda3/envs/deep-ranking/lib/python3.6/site-packages/tensorflow/python/framework/dtypes.py:532: FutureWarning: Passing (type, 1) or '1type' as a synonym of type is deprecated; in a future version of numpy, it will be understood as (type, (1,)) / '(1,)type'.
  np_resource = np.dtype([("resource", np.ubyte, 1)])
