Candidate: c2
Concept: Exists q0: cube!0. Exists q1: cube!1. And(purple!1 right!0!1)
Candidate Name: /home/ubuntu/vdp-tool-chain-repo/data/inference-outputs/alternate-color-fovariant-2/test/0.json

Candidate: c2
Concept: Exists q0: cube!0. Exists q1: cube!1. And(left!1!0 purple!1)
Candidate Name: /home/ubuntu/vdp-tool-chain-repo/data/inference-outputs/alternate-color-fovariant-2/test/0.json

Candidate: c2
Concept: Exists q0: cube!0. Exists q1: cube!1. And(yellow!0 left!1!0)
Candidate Name: /home/ubuntu/vdp-tool-chain-repo/data/inference-outputs/alternate-color-fovariant-2/test/0.json

Candidate: c2
Concept: Exists q0: cube!0. Exists q1: cube!1. And(yellow!0 right!0!1)
Candidate Name: /home/ubuntu/vdp-tool-chain-repo/data/inference-outputs/alternate-color-fovariant-2/test/0.json

Candidate: c2
Concept: Exists q0: cube!0. Exists q1: cube!1. And(left!0!1 purple!0)
Candidate Name: /home/ubuntu/vdp-tool-chain-repo/data/inference-outputs/alternate-color-fovariant-2/test/0.json

Candidate: c2
Concept: Exists q0: cube!0. Exists q1: cube!1. And(yellow!1 left!0!1)
Candidate Name: /home/ubuntu/vdp-tool-chain-repo/data/inference-outputs/alternate-color-fovariant-2/test/0.json

Candidate: c2
Concept: Exists q0: cube!0. Exists q1: cube!1. And(purple!0 right!1!0)
Candidate Name: /home/ubuntu/vdp-tool-chain-repo/data/inference-outputs/alternate-color-fovariant-2/test/0.json

Candidate: c2
Concept: Exists q0: cube!0. Exists q1: cube!1. And(yellow!1 right!1!0)
Candidate Name: /home/ubuntu/vdp-tool-chain-repo/data/inference-outputs/alternate-color-fovariant-2/test/0.json

No discriminator found for puzzle /home/ubuntu/vdp-tool-chain-repo/data/inference-outputs/alternate-color-fovariant-2.
The scores were [0.007162083995398212, 0.06277807257737361, 0.011909504306149095].
Best concept is @ idx 0 ie: /home/ubuntu/vdp-tool-chain-repo/data/output/images/alternate-color-fovariant-2/CLEVR_alternate-color-fovariant-2_000000.png
