Candidate: c2
Concept: Exists q0: sphere!0. Forall q1: cube!1. And(metal!1 behind!0!1)
Candidate Name: /home/ubuntu/vdp-tool-chain-repo/data/inference-outputs/spy-fovariant-11-swap/test/0.json

Candidate: c2
Concept: Exists q0: cube!0. Exists q1: sphere!1. And(front!0!1)
Candidate Name: /home/ubuntu/vdp-tool-chain-repo/data/inference-outputs/spy-fovariant-11-swap/test/0.json

Candidate: c2
Concept: Exists q0: cube!0. Exists q1: sphere!1. And(behind!1!0)
Candidate Name: /home/ubuntu/vdp-tool-chain-repo/data/inference-outputs/spy-fovariant-11-swap/test/0.json

Candidate: c2
Concept: Exists q0: sphere!0. Exists q1: cube!1. And(front!1!0)
Candidate Name: /home/ubuntu/vdp-tool-chain-repo/data/inference-outputs/spy-fovariant-11-swap/test/0.json

Candidate: c2
Concept: Exists q0: sphere!0. Exists q1: cube!1. And(behind!0!1)
Candidate Name: /home/ubuntu/vdp-tool-chain-repo/data/inference-outputs/spy-fovariant-11-swap/test/0.json

Candidate: c2
Concept: Forall q0: cube!0. Exists q1: sphere!1. And(front!0!1)
Candidate Name: /home/ubuntu/vdp-tool-chain-repo/data/inference-outputs/spy-fovariant-11-swap/test/0.json

Candidate: c2
Concept: Forall q0: cube!0. Exists q1: sphere!1. And(behind!1!0)
Candidate Name: /home/ubuntu/vdp-tool-chain-repo/data/inference-outputs/spy-fovariant-11-swap/test/0.json

Candidate: c2
Concept: Exists q0: sphere!0. Forall q1: cube!1. And(behind!0!1)
Candidate Name: /home/ubuntu/vdp-tool-chain-repo/data/inference-outputs/spy-fovariant-11-swap/test/0.json

Candidate: c2
Concept: Exists q0: sphere!0. Forall q1: cube!1. And(front!1!0)
Candidate Name: /home/ubuntu/vdp-tool-chain-repo/data/inference-outputs/spy-fovariant-11-swap/test/0.json

No discriminator found for puzzle /home/ubuntu/vdp-tool-chain-repo/data/inference-outputs/spy-fovariant-11-swap.
The scores were [0.03857715527609891, 0.03760831909393027, 0.040168793710031986].
Best concept is @ idx 1 ie: /home/ubuntu/vdp-tool-chain-repo/data/output/images/spy-fovariant-11-swap/CLEVR_spy-fovariant-11-swap_000001.png
