Candidate: c2
Concept: Forall q0: cube!0. Exists q1: sphere!1. And(right!0!1 metal!1)
Candidate Name: /home/ubuntu/vdp-tool-chain-repo/data/inference-outputs/train-fovariant-10/test/0.json

Candidate: c2
Concept: Forall q0: cube!0. Exists q1: sphere!1. And(metal!1 left!1!0)
Candidate Name: /home/ubuntu/vdp-tool-chain-repo/data/inference-outputs/train-fovariant-10/test/0.json

Candidate: c2
Concept: Exists q0: sphere!0. Forall q1: cube!1. And(right!1!0 metal!0)
Candidate Name: /home/ubuntu/vdp-tool-chain-repo/data/inference-outputs/train-fovariant-10/test/0.json

Candidate: c2
Concept: Exists q0: sphere!0. Forall q1: cube!1. And(metal!0 left!0!1)
Candidate Name: /home/ubuntu/vdp-tool-chain-repo/data/inference-outputs/train-fovariant-10/test/0.json

Candidate: c2
Concept: Forall q0: sphere!0. Forall q1: cube!1. And(right!1!0 metal!0)
Candidate Name: /home/ubuntu/vdp-tool-chain-repo/data/inference-outputs/train-fovariant-10/test/0.json

Candidate: c2
Concept: Forall q0: sphere!0. Forall q1: cube!1. And(metal!0 left!0!1)
Candidate Name: /home/ubuntu/vdp-tool-chain-repo/data/inference-outputs/train-fovariant-10/test/0.json

Candidate: c2
Concept: Forall q0: cube!0. Forall q1: sphere!1. And(right!0!1 metal!1)
Candidate Name: /home/ubuntu/vdp-tool-chain-repo/data/inference-outputs/train-fovariant-10/test/0.json

Candidate: c2
Concept: Forall q0: cube!0. Forall q1: sphere!1. And(metal!1 left!1!0)
Candidate Name: /home/ubuntu/vdp-tool-chain-repo/data/inference-outputs/train-fovariant-10/test/0.json

No discriminator found for puzzle /home/ubuntu/vdp-tool-chain-repo/data/inference-outputs/train-fovariant-10.
The scores were [0.03970818731517938, 0.05825746245308495, 0.1535815904570038].
Best concept is @ idx 0 ie: /home/ubuntu/vdp-tool-chain-repo/data/output/images/train-fovariant-10/CLEVR_train-fovariant-10_000000.png
