Candidate: c2
Concept: Exists q0: cube!0. Exists q1: cube!1. And(purple!0 right!0!1)
Candidate Name: /home/ubuntu/vdp-tool-chain-repo/data/inference-outputs/alternate-color-fovariant-11/test/0.json

Candidate: c2
Concept: Exists q0: cube!0. Exists q1: cube!1. And(purple!1 left!0!1)
Candidate Name: /home/ubuntu/vdp-tool-chain-repo/data/inference-outputs/alternate-color-fovariant-11/test/0.json

Candidate: c2
Concept: Exists q0: cube!0. Exists q1: cube!1. And(purple!1 right!1!0)
Candidate Name: /home/ubuntu/vdp-tool-chain-repo/data/inference-outputs/alternate-color-fovariant-11/test/0.json

Candidate: c2
Concept: Exists q0: cube!0. Exists q1: cube!1. And(gray!0 right!1!0)
Candidate Name: /home/ubuntu/vdp-tool-chain-repo/data/inference-outputs/alternate-color-fovariant-11/test/0.json

Candidate: c2
Concept: Exists q0: cube!0. Exists q1: cube!1. And(gray!0 left!0!1)
Candidate Name: /home/ubuntu/vdp-tool-chain-repo/data/inference-outputs/alternate-color-fovariant-11/test/0.json

Candidate: c2
Concept: Exists q0: cube!0. Exists q1: cube!1. And(gray!1 left!1!0)
Candidate Name: /home/ubuntu/vdp-tool-chain-repo/data/inference-outputs/alternate-color-fovariant-11/test/0.json

Candidate: c2
Concept: Exists q0: cube!0. Exists q1: cube!1. And(purple!0 left!1!0)
Candidate Name: /home/ubuntu/vdp-tool-chain-repo/data/inference-outputs/alternate-color-fovariant-11/test/0.json

Candidate: c2
Concept: Exists q0: cube!0. Exists q1: cube!1. And(gray!1 right!0!1)
Candidate Name: /home/ubuntu/vdp-tool-chain-repo/data/inference-outputs/alternate-color-fovariant-11/test/0.json

No discriminator found for puzzle /home/ubuntu/vdp-tool-chain-repo/data/inference-outputs/alternate-color-fovariant-11.
The scores were [0.0001488786792065104, 0.0032130439635605955, 0.00041262008310483057].
Best concept is @ idx 0 ie: /home/ubuntu/vdp-tool-chain-repo/data/output/images/alternate-color-fovariant-11/CLEVR_alternate-color-fovariant-11_000000.png
