Candidate: c2
Concept: Exists q0: sphere!0. Exists q1: cube!1. Forall q2: sphere!2. And(right!2!1)
Candidate Name: /home/ubuntu/vdp-tool-chain-repo/data/inference-outputs/aphaeresis-fovariant-14/test/0.json

Candidate: c2
Concept: Exists q0: sphere!0. Forall q1: sphere!1. Exists q2: cube!2. And(right!1!2)
Candidate Name: /home/ubuntu/vdp-tool-chain-repo/data/inference-outputs/aphaeresis-fovariant-14/test/0.json

Candidate: c2
Concept: Exists q0: sphere!0. Forall q1: sphere!1. Exists q2: cube!2. And(left!2!1)
Candidate Name: /home/ubuntu/vdp-tool-chain-repo/data/inference-outputs/aphaeresis-fovariant-14/test/0.json

Candidate: c2
Concept: Exists q0: cube!0. Exists q1: sphere!1. Forall q2: sphere!2. And(right!2!0)
Candidate Name: /home/ubuntu/vdp-tool-chain-repo/data/inference-outputs/aphaeresis-fovariant-14/test/0.json

Candidate: c2
Concept: Exists q0: sphere!0. Forall q1: sphere!1. Forall q2: cube!2. And(left!2!1)
Candidate Name: /home/ubuntu/vdp-tool-chain-repo/data/inference-outputs/aphaeresis-fovariant-14/test/0.json

Candidate: c2
Concept: Exists q0: cube!0. Exists q1: sphere!1. Forall q2: sphere!2. And(left!0!2)
Candidate Name: /home/ubuntu/vdp-tool-chain-repo/data/inference-outputs/aphaeresis-fovariant-14/test/0.json

Candidate: c2
Concept: Exists q0: sphere!0. Exists q1: cube!1. Forall q2: sphere!2. And(left!1!2)
Candidate Name: /home/ubuntu/vdp-tool-chain-repo/data/inference-outputs/aphaeresis-fovariant-14/test/0.json

Candidate: c2
Concept: Forall q0: cube!0. Exists q1: sphere!1. Forall q2: sphere!2. And(right!2!0)
Candidate Name: /home/ubuntu/vdp-tool-chain-repo/data/inference-outputs/aphaeresis-fovariant-14/test/0.json

Candidate: c2
Concept: Forall q0: cube!0. Exists q1: sphere!1. Forall q2: sphere!2. And(left!0!2)
Candidate Name: /home/ubuntu/vdp-tool-chain-repo/data/inference-outputs/aphaeresis-fovariant-14/test/0.json

Candidate: c2
Concept: Exists q0: sphere!0. Forall q1: cube!1. Forall q2: sphere!2. And(right!2!1)
Candidate Name: /home/ubuntu/vdp-tool-chain-repo/data/inference-outputs/aphaeresis-fovariant-14/test/0.json

Candidate: c2
Concept: Exists q0: sphere!0. Forall q1: cube!1. Forall q2: sphere!2. And(left!1!2)
Candidate Name: /home/ubuntu/vdp-tool-chain-repo/data/inference-outputs/aphaeresis-fovariant-14/test/0.json

Candidate: c2
Concept: Exists q0: sphere!0. Forall q1: sphere!1. Forall q2: cube!2. And(right!1!2)
Candidate Name: /home/ubuntu/vdp-tool-chain-repo/data/inference-outputs/aphaeresis-fovariant-14/test/0.json

No discriminator found for puzzle /home/ubuntu/vdp-tool-chain-repo/data/inference-outputs/aphaeresis-fovariant-14.
The scores were [0.39455159596951783, 0.41515537543268144, 0.07559410029879272].
Best concept is @ idx 2 ie: /home/ubuntu/vdp-tool-chain-repo/data/output/images/aphaeresis-fovariant-14/CLEVR_aphaeresis-fovariant-14_000002.png
