Candidate: c0
Concept: Exists q0: cube!0. Exists q1: cylinder!1. Exists q2: cube!2. And(metal!0 same_size!1!0 rubber!1 front!0!1)
Candidate Name: /home/ubuntu/vdp-tool-chain-repo/data/inference-outputs/devoicing-fovariant-24-swap/test/2.json

Candidate: c0
Concept: Exists q0: cylinder!0. Exists q1: cube!1. Forall q2: cube!2. And(metal!1 front!1!0)
Candidate Name: /home/ubuntu/vdp-tool-chain-repo/data/inference-outputs/devoicing-fovariant-24-swap/test/2.json

Candidate: c0
Concept: Exists q0: cylinder!0. Exists q1: cube!1. Forall q2: cube!2. And(behind!0!1 metal!1)
Candidate Name: /home/ubuntu/vdp-tool-chain-repo/data/inference-outputs/devoicing-fovariant-24-swap/test/2.json

Candidate: c0
Concept: Exists q0: cube!0. Exists q1: cylinder!1. Forall q2: cube!2. And(metal!0 front!0!1)
Candidate Name: /home/ubuntu/vdp-tool-chain-repo/data/inference-outputs/devoicing-fovariant-24-swap/test/2.json

Candidate: c0
Concept: Exists q0: cube!0. Exists q1: cylinder!1. Forall q2: cube!2. And(behind!1!0 metal!0)
Candidate Name: /home/ubuntu/vdp-tool-chain-repo/data/inference-outputs/devoicing-fovariant-24-swap/test/2.json

Candidate: c0
Concept: Exists q0: cylinder!0. Exists q1: cube!1. Exists q2: cylinder!2. And(metal!1 front!1!0)
Candidate Name: /home/ubuntu/vdp-tool-chain-repo/data/inference-outputs/devoicing-fovariant-24-swap/test/2.json

Candidate: c0
Concept: Exists q0: cylinder!0. Exists q1: cube!1. Exists q2: cube!2. And(metal!1 front!1!0)
Candidate Name: /home/ubuntu/vdp-tool-chain-repo/data/inference-outputs/devoicing-fovariant-24-swap/test/2.json

Candidate: c0
Concept: Exists q0: cylinder!0. Exists q1: cube!1. Exists q2: cube!2. And(behind!0!2 metal!2 front!1!0)
Candidate Name: /home/ubuntu/vdp-tool-chain-repo/data/inference-outputs/devoicing-fovariant-24-swap/test/2.json

Candidate: c0
Concept: Exists q0: cylinder!0. Exists q1: cube!1. Exists q2: cube!2. And(behind!0!2 metal!2)
Candidate Name: /home/ubuntu/vdp-tool-chain-repo/data/inference-outputs/devoicing-fovariant-24-swap/test/2.json

Candidate: c0
Concept: Exists q0: cylinder!0. Exists q1: cylinder!1. Exists q2: cube!2. And(behind!0!2 metal!2)
Candidate Name: /home/ubuntu/vdp-tool-chain-repo/data/inference-outputs/devoicing-fovariant-24-swap/test/2.json

Candidate: c0
Concept: Exists q0: cylinder!0. Exists q1: cube!1. Exists q2: cube!2. And(behind!0!1 behind!0!2 metal!1)
Candidate Name: /home/ubuntu/vdp-tool-chain-repo/data/inference-outputs/devoicing-fovariant-24-swap/test/2.json

Candidate: c0
Concept: Exists q0: cylinder!0. Exists q1: cube!1. Exists q2: cube!2. And(behind!0!1 metal!1)
Candidate Name: /home/ubuntu/vdp-tool-chain-repo/data/inference-outputs/devoicing-fovariant-24-swap/test/2.json

Candidate: c0
Concept: Exists q0: cylinder!0. Exists q1: cube!1. Exists q2: cylinder!2. And(behind!0!1 metal!1)
Candidate Name: /home/ubuntu/vdp-tool-chain-repo/data/inference-outputs/devoicing-fovariant-24-swap/test/2.json

Candidate: c0
Concept: Exists q0: cylinder!0. Exists q1: cube!1. Exists q2: cube!2. And(metal!1 metal!2 front!2!0)
Candidate Name: /home/ubuntu/vdp-tool-chain-repo/data/inference-outputs/devoicing-fovariant-24-swap/test/2.json

Candidate: c0
Concept: Exists q0: cylinder!0. Exists q1: cube!1. Exists q2: cube!2. And(metal!2 front!2!0)
Candidate Name: /home/ubuntu/vdp-tool-chain-repo/data/inference-outputs/devoicing-fovariant-24-swap/test/2.json

Candidate: c0
Concept: Exists q0: cylinder!0. Exists q1: cube!1. Exists q2: cylinder!2. And(behind!2!1 metal!1)
Candidate Name: /home/ubuntu/vdp-tool-chain-repo/data/inference-outputs/devoicing-fovariant-24-swap/test/2.json

Candidate: c0
Concept: Exists q0: cube!0. Exists q1: cube!1. Exists q2: cylinder!2. And(behind!2!1 metal!1)
Candidate Name: /home/ubuntu/vdp-tool-chain-repo/data/inference-outputs/devoicing-fovariant-24-swap/test/2.json

Candidate: c0
Concept: Exists q0: cube!0. Exists q1: cube!1. Exists q2: cylinder!2. And(metal!1 front!1!2)
Candidate Name: /home/ubuntu/vdp-tool-chain-repo/data/inference-outputs/devoicing-fovariant-24-swap/test/2.json

Candidate: c0
Concept: Exists q0: cylinder!0. Exists q1: cube!1. Exists q2: cylinder!2. And(metal!1 front!1!2)
Candidate Name: /home/ubuntu/vdp-tool-chain-repo/data/inference-outputs/devoicing-fovariant-24-swap/test/2.json

Candidate: c0
Concept: Exists q0: cylinder!0. Exists q1: cylinder!1. Exists q2: cube!2. And(metal!2 front!2!0)
Candidate Name: /home/ubuntu/vdp-tool-chain-repo/data/inference-outputs/devoicing-fovariant-24-swap/test/2.json

Candidate: c0
Concept: Exists q0: cylinder!0. Exists q1: cylinder!1. Exists q2: cube!2. And(metal!2 front!2!1)
Candidate Name: /home/ubuntu/vdp-tool-chain-repo/data/inference-outputs/devoicing-fovariant-24-swap/test/2.json

Candidate: c0
Concept: Exists q0: cube!0. Exists q1: cylinder!1. Exists q2: cube!2. And(metal!2 front!2!1)
Candidate Name: /home/ubuntu/vdp-tool-chain-repo/data/inference-outputs/devoicing-fovariant-24-swap/test/2.json

Candidate: c0
Concept: Exists q0: cube!0. Exists q1: cylinder!1. Exists q2: cube!2. And(metal!0 front!0!1 front!2!1)
Candidate Name: /home/ubuntu/vdp-tool-chain-repo/data/inference-outputs/devoicing-fovariant-24-swap/test/2.json

Candidate: c0
Concept: Exists q0: cube!0. Exists q1: cylinder!1. Exists q2: cube!2. And(behind!1!0 metal!0 front!2!1)
Candidate Name: /home/ubuntu/vdp-tool-chain-repo/data/inference-outputs/devoicing-fovariant-24-swap/test/2.json

Candidate: c0
Concept: Exists q0: cube!0. Exists q1: cylinder!1. Exists q2: cube!2. And(behind!1!2 metal!2)
Candidate Name: /home/ubuntu/vdp-tool-chain-repo/data/inference-outputs/devoicing-fovariant-24-swap/test/2.json

Candidate: c0
Concept: Exists q0: cylinder!0. Exists q1: cylinder!1. Exists q2: cube!2. And(behind!1!2 metal!2)
Candidate Name: /home/ubuntu/vdp-tool-chain-repo/data/inference-outputs/devoicing-fovariant-24-swap/test/2.json

Candidate: c0
Concept: Exists q0: cube!0. Exists q1: cylinder!1. Exists q2: cylinder!2. And(behind!1!0 metal!0)
Candidate Name: /home/ubuntu/vdp-tool-chain-repo/data/inference-outputs/devoicing-fovariant-24-swap/test/2.json

Candidate: c0
Concept: Exists q0: cube!0. Exists q1: cylinder!1. Exists q2: cube!2. And(behind!1!0 metal!0)
Candidate Name: /home/ubuntu/vdp-tool-chain-repo/data/inference-outputs/devoicing-fovariant-24-swap/test/2.json

Candidate: c0
Concept: Exists q0: cube!0. Exists q1: cylinder!1. Exists q2: cube!2. And(metal!0 front!0!1)
Candidate Name: /home/ubuntu/vdp-tool-chain-repo/data/inference-outputs/devoicing-fovariant-24-swap/test/2.json

Candidate: c0
Concept: Exists q0: cube!0. Exists q1: cylinder!1. Exists q2: cylinder!2. And(metal!0 front!0!1)
Candidate Name: /home/ubuntu/vdp-tool-chain-repo/data/inference-outputs/devoicing-fovariant-24-swap/test/2.json

Candidate: c0
Concept: Exists q0: cube!0. Exists q1: cube!1. Exists q2: cylinder!2. And(behind!2!0 metal!0)
Candidate Name: /home/ubuntu/vdp-tool-chain-repo/data/inference-outputs/devoicing-fovariant-24-swap/test/2.json

Candidate: c0
Concept: Exists q0: cube!0. Exists q1: cube!1. Exists q2: cylinder!2. And(metal!0 front!0!2)
Candidate Name: /home/ubuntu/vdp-tool-chain-repo/data/inference-outputs/devoicing-fovariant-24-swap/test/2.json

Candidate: c0
Concept: Exists q0: cube!0. Exists q1: cylinder!1. Exists q2: cylinder!2. And(behind!2!0 metal!0)
Candidate Name: /home/ubuntu/vdp-tool-chain-repo/data/inference-outputs/devoicing-fovariant-24-swap/test/2.json

Candidate: c0
Concept: Exists q0: cube!0. Exists q1: cylinder!1. Exists q2: cylinder!2. And(metal!0 front!0!2)
Candidate Name: /home/ubuntu/vdp-tool-chain-repo/data/inference-outputs/devoicing-fovariant-24-swap/test/2.json

Candidate: c2
Concept: Forall q0: cylinder!0. Exists q1: cube!1. Exists q2: cube!2. And(left!0!2 metal!1 right!1!2)
Candidate Name: /home/ubuntu/vdp-tool-chain-repo/data/inference-outputs/devoicing-fovariant-24-swap/test/0.json

Candidate: c2
Concept: Forall q0: cylinder!0. Exists q1: cube!1. Exists q2: cube!2. And(metal!1 right!1!2 right!2!0)
Candidate Name: /home/ubuntu/vdp-tool-chain-repo/data/inference-outputs/devoicing-fovariant-24-swap/test/0.json

Candidate: c2
Concept: Forall q0: cylinder!0. Exists q1: cube!1. Exists q2: cube!2. And(left!0!2 left!2!1 metal!1)
Candidate Name: /home/ubuntu/vdp-tool-chain-repo/data/inference-outputs/devoicing-fovariant-24-swap/test/0.json

Candidate: c2
Concept: Forall q0: cylinder!0. Exists q1: cube!1. Exists q2: cube!2. And(left!2!1 metal!1 right!2!0)
Candidate Name: /home/ubuntu/vdp-tool-chain-repo/data/inference-outputs/devoicing-fovariant-24-swap/test/0.json

Candidate: c2
Concept: Forall q0: cylinder!0. Exists q1: cube!1. Exists q2: cube!2. And(left!1!2 metal!2 right!1!0)
Candidate Name: /home/ubuntu/vdp-tool-chain-repo/data/inference-outputs/devoicing-fovariant-24-swap/test/0.json

Candidate: c2
Concept: Forall q0: cylinder!0. Exists q1: cube!1. Exists q2: cube!2. And(left!0!1 left!1!2 metal!2)
Candidate Name: /home/ubuntu/vdp-tool-chain-repo/data/inference-outputs/devoicing-fovariant-24-swap/test/0.json

Candidate: c2
Concept: Forall q0: cylinder!0. Exists q1: cube!1. Exists q2: cube!2. And(metal!2 right!1!0 right!2!1)
Candidate Name: /home/ubuntu/vdp-tool-chain-repo/data/inference-outputs/devoicing-fovariant-24-swap/test/0.json

Candidate: c2
Concept: Forall q0: cylinder!0. Exists q1: cube!1. Exists q2: cube!2. And(left!0!1 metal!2 right!2!1)
Candidate Name: /home/ubuntu/vdp-tool-chain-repo/data/inference-outputs/devoicing-fovariant-24-swap/test/0.json

Candidate: c0
Concept: Forall q0: cylinder!0. Exists q1: cylinder!1. Exists q2: cube!2. And(metal!2 front!2!1)
Candidate Name: /home/ubuntu/vdp-tool-chain-repo/data/inference-outputs/devoicing-fovariant-24-swap/test/2.json

Candidate: c0
Concept: Forall q0: cylinder!0. Exists q1: cylinder!1. Exists q2: cube!2. And(behind!1!2 metal!2)
Candidate Name: /home/ubuntu/vdp-tool-chain-repo/data/inference-outputs/devoicing-fovariant-24-swap/test/2.json

Candidate: c0
Concept: Forall q0: cube!0. Exists q1: cylinder!1. Exists q2: cube!2. And(metal!2 front!2!1)
Candidate Name: /home/ubuntu/vdp-tool-chain-repo/data/inference-outputs/devoicing-fovariant-24-swap/test/2.json

Candidate: c0
Concept: Forall q0: cube!0. Exists q1: cylinder!1. Exists q2: cube!2. And(behind!1!2 metal!2)
Candidate Name: /home/ubuntu/vdp-tool-chain-repo/data/inference-outputs/devoicing-fovariant-24-swap/test/2.json

Candidate: c0
Concept: Forall q0: cylinder!0. Exists q1: cube!1. Exists q2: cylinder!2. And(behind!2!1 metal!1)
Candidate Name: /home/ubuntu/vdp-tool-chain-repo/data/inference-outputs/devoicing-fovariant-24-swap/test/2.json

Candidate: c0
Concept: Forall q0: cube!0. Exists q1: cube!1. Exists q2: cylinder!2. And(behind!2!1 metal!1)
Candidate Name: /home/ubuntu/vdp-tool-chain-repo/data/inference-outputs/devoicing-fovariant-24-swap/test/2.json

Candidate: c0
Concept: Forall q0: cylinder!0. Exists q1: cube!1. Exists q2: cylinder!2. And(metal!1 front!1!2)
Candidate Name: /home/ubuntu/vdp-tool-chain-repo/data/inference-outputs/devoicing-fovariant-24-swap/test/2.json

Candidate: c0
Concept: Forall q0: cube!0. Exists q1: cube!1. Exists q2: cylinder!2. And(metal!1 front!1!2)
Candidate Name: /home/ubuntu/vdp-tool-chain-repo/data/inference-outputs/devoicing-fovariant-24-swap/test/2.json

Candidate: c2
Concept: Exists q0: cube!0. Forall q1: cylinder!1. Exists q2: cube!2. And(left!1!2 left!2!0 metal!0)
Candidate Name: /home/ubuntu/vdp-tool-chain-repo/data/inference-outputs/devoicing-fovariant-24-swap/test/0.json

Candidate: c2
Concept: Exists q0: cube!0. Forall q1: cylinder!1. Exists q2: cube!2. And(left!2!0 metal!0 right!2!1)
Candidate Name: /home/ubuntu/vdp-tool-chain-repo/data/inference-outputs/devoicing-fovariant-24-swap/test/0.json

Candidate: c2
Concept: Exists q0: cube!0. Forall q1: cylinder!1. Exists q2: cube!2. And(left!1!2 metal!0 right!0!2)
Candidate Name: /home/ubuntu/vdp-tool-chain-repo/data/inference-outputs/devoicing-fovariant-24-swap/test/0.json

Candidate: c2
Concept: Exists q0: cube!0. Forall q1: cylinder!1. Exists q2: cube!2. And(metal!0 right!0!2 right!2!1)
Candidate Name: /home/ubuntu/vdp-tool-chain-repo/data/inference-outputs/devoicing-fovariant-24-swap/test/0.json

Candidate: c2
Concept: Exists q0: cube!0. Forall q1: cylinder!1. Exists q2: cube!2. And(left!0!2 left!1!0 metal!2)
Candidate Name: /home/ubuntu/vdp-tool-chain-repo/data/inference-outputs/devoicing-fovariant-24-swap/test/0.json

Candidate: c2
Concept: Exists q0: cube!0. Forall q1: cylinder!1. Exists q2: cube!2. And(left!0!2 metal!2 right!0!1)
Candidate Name: /home/ubuntu/vdp-tool-chain-repo/data/inference-outputs/devoicing-fovariant-24-swap/test/0.json

Candidate: c2
Concept: Exists q0: cube!0. Forall q1: cylinder!1. Exists q2: cube!2. And(left!1!0 metal!2 right!2!0)
Candidate Name: /home/ubuntu/vdp-tool-chain-repo/data/inference-outputs/devoicing-fovariant-24-swap/test/0.json

Candidate: c2
Concept: Exists q0: cube!0. Forall q1: cylinder!1. Exists q2: cube!2. And(metal!2 right!0!1 right!2!0)
Candidate Name: /home/ubuntu/vdp-tool-chain-repo/data/inference-outputs/devoicing-fovariant-24-swap/test/0.json

Candidate: c0
Concept: Exists q0: cylinder!0. Forall q1: cylinder!1. Exists q2: cube!2. And(behind!0!2 metal!2)
Candidate Name: /home/ubuntu/vdp-tool-chain-repo/data/inference-outputs/devoicing-fovariant-24-swap/test/2.json

Candidate: c0
Concept: Exists q0: cylinder!0. Forall q1: cube!1. Exists q2: cube!2. And(behind!0!2 metal!2)
Candidate Name: /home/ubuntu/vdp-tool-chain-repo/data/inference-outputs/devoicing-fovariant-24-swap/test/2.json

Candidate: c0
Concept: Exists q0: cylinder!0. Forall q1: cylinder!1. Exists q2: cube!2. And(metal!2 front!2!0)
Candidate Name: /home/ubuntu/vdp-tool-chain-repo/data/inference-outputs/devoicing-fovariant-24-swap/test/2.json

Candidate: c0
Concept: Exists q0: cylinder!0. Forall q1: cube!1. Exists q2: cube!2. And(metal!2 front!2!0)
Candidate Name: /home/ubuntu/vdp-tool-chain-repo/data/inference-outputs/devoicing-fovariant-24-swap/test/2.json

Candidate: c0
Concept: Exists q0: cube!0. Forall q1: cube!1. Exists q2: cylinder!2. And(metal!0 front!0!2)
Candidate Name: /home/ubuntu/vdp-tool-chain-repo/data/inference-outputs/devoicing-fovariant-24-swap/test/2.json

Candidate: c0
Concept: Exists q0: cube!0. Forall q1: cube!1. Exists q2: cylinder!2. And(behind!2!0 metal!0)
Candidate Name: /home/ubuntu/vdp-tool-chain-repo/data/inference-outputs/devoicing-fovariant-24-swap/test/2.json

Candidate: c0
Concept: Exists q0: cube!0. Forall q1: cylinder!1. Exists q2: cylinder!2. And(metal!0 front!0!2)
Candidate Name: /home/ubuntu/vdp-tool-chain-repo/data/inference-outputs/devoicing-fovariant-24-swap/test/2.json

Candidate: c0
Concept: Exists q0: cube!0. Forall q1: cylinder!1. Exists q2: cylinder!2. And(behind!2!0 metal!0)
Candidate Name: /home/ubuntu/vdp-tool-chain-repo/data/inference-outputs/devoicing-fovariant-24-swap/test/2.json

Candidate: c2
Concept: Exists q0: cube!0. Exists q1: cube!1. Forall q2: cylinder!2. And(left!1!0 left!2!1 metal!0)
Candidate Name: /home/ubuntu/vdp-tool-chain-repo/data/inference-outputs/devoicing-fovariant-24-swap/test/0.json

Candidate: c2
Concept: Exists q0: cube!0. Exists q1: cube!1. Forall q2: cylinder!2. And(left!1!0 metal!0 right!1!2)
Candidate Name: /home/ubuntu/vdp-tool-chain-repo/data/inference-outputs/devoicing-fovariant-24-swap/test/0.json

Candidate: c2
Concept: Exists q0: cube!0. Exists q1: cube!1. Forall q2: cylinder!2. And(left!2!1 metal!0 right!0!1)
Candidate Name: /home/ubuntu/vdp-tool-chain-repo/data/inference-outputs/devoicing-fovariant-24-swap/test/0.json

Candidate: c2
Concept: Exists q0: cube!0. Exists q1: cube!1. Forall q2: cylinder!2. And(metal!0 right!0!1 right!1!2)
Candidate Name: /home/ubuntu/vdp-tool-chain-repo/data/inference-outputs/devoicing-fovariant-24-swap/test/0.json

Candidate: c0
Concept: Exists q0: cube!0. Exists q1: cylinder!1. Forall q2: cylinder!2. And(metal!0 front!0!1)
Candidate Name: /home/ubuntu/vdp-tool-chain-repo/data/inference-outputs/devoicing-fovariant-24-swap/test/2.json

Candidate: c0
Concept: Exists q0: cube!0. Exists q1: cylinder!1. Forall q2: cylinder!2. And(behind!1!0 metal!0)
Candidate Name: /home/ubuntu/vdp-tool-chain-repo/data/inference-outputs/devoicing-fovariant-24-swap/test/2.json

Candidate: c2
Concept: Exists q0: cube!0. Exists q1: cube!1. Forall q2: cylinder!2. And(left!2!0 metal!1 right!1!0)
Candidate Name: /home/ubuntu/vdp-tool-chain-repo/data/inference-outputs/devoicing-fovariant-24-swap/test/0.json

Candidate: c2
Concept: Exists q0: cube!0. Exists q1: cube!1. Forall q2: cylinder!2. And(metal!1 right!0!2 right!1!0)
Candidate Name: /home/ubuntu/vdp-tool-chain-repo/data/inference-outputs/devoicing-fovariant-24-swap/test/0.json

Candidate: c2
Concept: Exists q0: cube!0. Exists q1: cube!1. Forall q2: cylinder!2. And(left!0!1 left!2!0 metal!1)
Candidate Name: /home/ubuntu/vdp-tool-chain-repo/data/inference-outputs/devoicing-fovariant-24-swap/test/0.json

Candidate: c2
Concept: Exists q0: cube!0. Exists q1: cube!1. Forall q2: cylinder!2. And(left!0!1 metal!1 right!0!2)
Candidate Name: /home/ubuntu/vdp-tool-chain-repo/data/inference-outputs/devoicing-fovariant-24-swap/test/0.json

Candidate: c0
Concept: Exists q0: cylinder!0. Exists q1: cube!1. Forall q2: cylinder!2. And(metal!1 front!1!0)
Candidate Name: /home/ubuntu/vdp-tool-chain-repo/data/inference-outputs/devoicing-fovariant-24-swap/test/2.json

Candidate: c0
Concept: Exists q0: cylinder!0. Exists q1: cube!1. Forall q2: cylinder!2. And(behind!0!1 metal!1)
Candidate Name: /home/ubuntu/vdp-tool-chain-repo/data/inference-outputs/devoicing-fovariant-24-swap/test/2.json

No discriminator found for puzzle /home/ubuntu/vdp-tool-chain-repo/data/inference-outputs/devoicing-fovariant-24-swap.
The scores were [0.03722505107763382, 0.05862925304475974, 0.09695294087332303].
Best concept is @ idx 0 ie: /home/ubuntu/vdp-tool-chain-repo/data/output/images/devoicing-fovariant-24-swap/CLEVR_devoicing-fovariant-24-swap_000000.png
