Candidate: c2
Concept: Exists q0: cube!0. Forall q1: cylinder!1. Exists q2: cube!2. And(left!2!1 right!0!1)
Candidate Name: /home/ubuntu/vdp-tool-chain-repo/data/inference-outputs/circle-at-ends-fovariant-16/test/0.json

Candidate: c2
Concept: Exists q0: cube!0. Exists q1: cube!1. Forall q2: cylinder!2. And(left!0!2 right!1!2)
Candidate Name: /home/ubuntu/vdp-tool-chain-repo/data/inference-outputs/circle-at-ends-fovariant-16/test/0.json

Candidate: c2
Concept: Exists q0: cube!0. Exists q1: cube!1. Forall q2: cylinder!2. And(right!1!2 right!2!0)
Candidate Name: /home/ubuntu/vdp-tool-chain-repo/data/inference-outputs/circle-at-ends-fovariant-16/test/0.json

Candidate: c2
Concept: Forall q0: cylinder!0. Exists q1: cube!1. Exists q2: cube!2. And(right!0!1 right!2!0)
Candidate Name: /home/ubuntu/vdp-tool-chain-repo/data/inference-outputs/circle-at-ends-fovariant-16/test/0.json

Candidate: c2
Concept: Forall q0: cylinder!0. Exists q1: cube!1. Exists q2: cube!2. And(left!0!2 right!0!1)
Candidate Name: /home/ubuntu/vdp-tool-chain-repo/data/inference-outputs/circle-at-ends-fovariant-16/test/0.json

Candidate: c2
Concept: Forall q0: cylinder!0. Exists q1: cube!1. Exists q2: cube!2. And(left!0!2 left!1!0)
Candidate Name: /home/ubuntu/vdp-tool-chain-repo/data/inference-outputs/circle-at-ends-fovariant-16/test/0.json

Candidate: c2
Concept: Forall q0: cylinder!0. Exists q1: cube!1. Exists q2: cube!2. And(left!1!0 right!2!0)
Candidate Name: /home/ubuntu/vdp-tool-chain-repo/data/inference-outputs/circle-at-ends-fovariant-16/test/0.json

Candidate: c2
Concept: Forall q0: cylinder!0. Exists q1: cube!1. Exists q2: cube!2. And(left!0!1 right!0!2)
Candidate Name: /home/ubuntu/vdp-tool-chain-repo/data/inference-outputs/circle-at-ends-fovariant-16/test/0.json

Candidate: c2
Concept: Forall q0: cylinder!0. Exists q1: cube!1. Exists q2: cube!2. And(left!0!1 left!2!0)
Candidate Name: /home/ubuntu/vdp-tool-chain-repo/data/inference-outputs/circle-at-ends-fovariant-16/test/0.json

Candidate: c2
Concept: Forall q0: cylinder!0. Exists q1: cube!1. Exists q2: cube!2. And(right!0!2 right!1!0)
Candidate Name: /home/ubuntu/vdp-tool-chain-repo/data/inference-outputs/circle-at-ends-fovariant-16/test/0.json

Candidate: c2
Concept: Forall q0: cylinder!0. Exists q1: cube!1. Exists q2: cube!2. And(left!2!0 right!1!0)
Candidate Name: /home/ubuntu/vdp-tool-chain-repo/data/inference-outputs/circle-at-ends-fovariant-16/test/0.json

Candidate: c2
Concept: Exists q0: cube!0. Forall q1: cylinder!1. Exists q2: cube!2. And(left!1!0 left!2!1)
Candidate Name: /home/ubuntu/vdp-tool-chain-repo/data/inference-outputs/circle-at-ends-fovariant-16/test/0.json

Candidate: c2
Concept: Exists q0: cube!0. Forall q1: cylinder!1. Exists q2: cube!2. And(left!1!0 right!1!2)
Candidate Name: /home/ubuntu/vdp-tool-chain-repo/data/inference-outputs/circle-at-ends-fovariant-16/test/0.json

Candidate: c2
Concept: Exists q0: cube!0. Forall q1: cylinder!1. Exists q2: cube!2. And(right!0!1 right!1!2)
Candidate Name: /home/ubuntu/vdp-tool-chain-repo/data/inference-outputs/circle-at-ends-fovariant-16/test/0.json

Candidate: c2
Concept: Exists q0: cube!0. Forall q1: cylinder!1. Exists q2: cube!2. And(left!0!1 right!2!1)
Candidate Name: /home/ubuntu/vdp-tool-chain-repo/data/inference-outputs/circle-at-ends-fovariant-16/test/0.json

Candidate: c2
Concept: Exists q0: cube!0. Forall q1: cylinder!1. Exists q2: cube!2. And(right!1!0 right!2!1)
Candidate Name: /home/ubuntu/vdp-tool-chain-repo/data/inference-outputs/circle-at-ends-fovariant-16/test/0.json

Candidate: c2
Concept: Exists q0: cube!0. Forall q1: cylinder!1. Exists q2: cube!2. And(left!0!1 left!1!2)
Candidate Name: /home/ubuntu/vdp-tool-chain-repo/data/inference-outputs/circle-at-ends-fovariant-16/test/0.json

Candidate: c2
Concept: Exists q0: cube!0. Forall q1: cylinder!1. Exists q2: cube!2. And(left!1!2 right!1!0)
Candidate Name: /home/ubuntu/vdp-tool-chain-repo/data/inference-outputs/circle-at-ends-fovariant-16/test/0.json

Candidate: c2
Concept: Exists q0: cube!0. Exists q1: cube!1. Forall q2: cylinder!2. And(right!0!2 right!2!1)
Candidate Name: /home/ubuntu/vdp-tool-chain-repo/data/inference-outputs/circle-at-ends-fovariant-16/test/0.json

Candidate: c2
Concept: Exists q0: cube!0. Exists q1: cube!1. Forall q2: cylinder!2. And(left!1!2 right!0!2)
Candidate Name: /home/ubuntu/vdp-tool-chain-repo/data/inference-outputs/circle-at-ends-fovariant-16/test/0.json

Candidate: c2
Concept: Exists q0: cube!0. Exists q1: cube!1. Forall q2: cylinder!2. And(left!2!0 right!2!1)
Candidate Name: /home/ubuntu/vdp-tool-chain-repo/data/inference-outputs/circle-at-ends-fovariant-16/test/0.json

Candidate: c2
Concept: Exists q0: cube!0. Exists q1: cube!1. Forall q2: cylinder!2. And(left!1!2 left!2!0)
Candidate Name: /home/ubuntu/vdp-tool-chain-repo/data/inference-outputs/circle-at-ends-fovariant-16/test/0.json

Candidate: c2
Concept: Exists q0: cube!0. Exists q1: cube!1. Forall q2: cylinder!2. And(left!0!2 left!2!1)
Candidate Name: /home/ubuntu/vdp-tool-chain-repo/data/inference-outputs/circle-at-ends-fovariant-16/test/0.json

Candidate: c2
Concept: Exists q0: cube!0. Exists q1: cube!1. Forall q2: cylinder!2. And(left!2!1 right!2!0)
Candidate Name: /home/ubuntu/vdp-tool-chain-repo/data/inference-outputs/circle-at-ends-fovariant-16/test/0.json

No discriminator found for puzzle /home/ubuntu/vdp-tool-chain-repo/data/inference-outputs/circle-at-ends-fovariant-16.
The scores were [0.11049056639041957, 0.09881837823526839, 0.10912443930181104].
Best concept is @ idx 1 ie: /home/ubuntu/vdp-tool-chain-repo/data/output/images/circle-at-ends-fovariant-16/CLEVR_circle-at-ends-fovariant-16_000001.png
