Candidate: c2
Concept: Forall q0: cylinder!0. Exists q1: sphere!1. Exists q2: sphere!2. And(right!1!0 right!1!2 metal!1 left!0!2)
Candidate Name: /home/ubuntu/vdp-tool-chain-repo/data/inference-outputs/devoicing-fovariant-4/test/0.json

Candidate: c2
Concept: Forall q0: cylinder!0. Exists q1: sphere!1. Exists q2: sphere!2. And(right!1!2 metal!1 left!0!2)
Candidate Name: /home/ubuntu/vdp-tool-chain-repo/data/inference-outputs/devoicing-fovariant-4/test/0.json

Candidate: c2
Concept: Forall q0: cylinder!0. Exists q1: sphere!1. Exists q2: sphere!2. And(right!1!2 right!2!0 metal!1)
Candidate Name: /home/ubuntu/vdp-tool-chain-repo/data/inference-outputs/devoicing-fovariant-4/test/0.json

Candidate: c2
Concept: Forall q0: cylinder!0. Exists q1: sphere!1. Exists q2: sphere!2. And(right!2!0 metal!1 left!2!1)
Candidate Name: /home/ubuntu/vdp-tool-chain-repo/data/inference-outputs/devoicing-fovariant-4/test/0.json

Candidate: c2
Concept: Forall q0: cylinder!0. Exists q1: sphere!1. Exists q2: sphere!2. And(metal!1 left!0!2 left!2!1)
Candidate Name: /home/ubuntu/vdp-tool-chain-repo/data/inference-outputs/devoicing-fovariant-4/test/0.json

Candidate: c2
Concept: Forall q0: cylinder!0. Exists q1: sphere!1. Exists q2: sphere!2. And(right!2!1 metal!2 left!0!1)
Candidate Name: /home/ubuntu/vdp-tool-chain-repo/data/inference-outputs/devoicing-fovariant-4/test/0.json

Candidate: c2
Concept: Forall q0: cylinder!0. Exists q1: sphere!1. Exists q2: sphere!2. And(right!1!0 right!2!1 metal!2)
Candidate Name: /home/ubuntu/vdp-tool-chain-repo/data/inference-outputs/devoicing-fovariant-4/test/0.json

Candidate: c2
Concept: Forall q0: cylinder!0. Exists q1: sphere!1. Exists q2: sphere!2. And(metal!2 left!0!1 left!1!2)
Candidate Name: /home/ubuntu/vdp-tool-chain-repo/data/inference-outputs/devoicing-fovariant-4/test/0.json

Candidate: c2
Concept: Forall q0: cylinder!0. Exists q1: sphere!1. Exists q2: sphere!2. And(right!1!0 metal!2 left!1!2)
Candidate Name: /home/ubuntu/vdp-tool-chain-repo/data/inference-outputs/devoicing-fovariant-4/test/0.json

Candidate: c0
Concept: Exists q0: sphere!0. Exists q1: cylinder!1. Exists q2: sphere!2. And(front!0!1 metal!0)
Candidate Name: /home/ubuntu/vdp-tool-chain-repo/data/inference-outputs/devoicing-fovariant-4/test/2.json

Candidate: c0
Concept: Exists q0: sphere!0. Exists q1: cylinder!1. Exists q2: sphere!2. And(metal!0 behind!1!0)
Candidate Name: /home/ubuntu/vdp-tool-chain-repo/data/inference-outputs/devoicing-fovariant-4/test/2.json

Candidate: c0
Concept: Exists q0: sphere!0. Exists q1: cylinder!1. Exists q2: sphere!2. And(metal!2 behind!1!2)
Candidate Name: /home/ubuntu/vdp-tool-chain-repo/data/inference-outputs/devoicing-fovariant-4/test/2.json

Candidate: c0
Concept: Exists q0: sphere!0. Exists q1: cylinder!1. Exists q2: sphere!2. And(front!2!1 metal!2)
Candidate Name: /home/ubuntu/vdp-tool-chain-repo/data/inference-outputs/devoicing-fovariant-4/test/2.json

Candidate: c0
Concept: Exists q0: cylinder!0. Exists q1: cylinder!1. Exists q2: sphere!2. And(metal!2 behind!1!2)
Candidate Name: /home/ubuntu/vdp-tool-chain-repo/data/inference-outputs/devoicing-fovariant-4/test/2.json

Candidate: c0
Concept: Exists q0: cylinder!0. Exists q1: cylinder!1. Exists q2: sphere!2. And(front!2!1 metal!2)
Candidate Name: /home/ubuntu/vdp-tool-chain-repo/data/inference-outputs/devoicing-fovariant-4/test/2.json

Candidate: c0
Concept: Exists q0: sphere!0. Exists q1: cylinder!1. Exists q2: cylinder!2. And(front!0!1 metal!0)
Candidate Name: /home/ubuntu/vdp-tool-chain-repo/data/inference-outputs/devoicing-fovariant-4/test/2.json

Candidate: c0
Concept: Exists q0: sphere!0. Exists q1: cylinder!1. Exists q2: cylinder!2. And(metal!0 behind!1!0)
Candidate Name: /home/ubuntu/vdp-tool-chain-repo/data/inference-outputs/devoicing-fovariant-4/test/2.json

Candidate: c0
Concept: Exists q0: cylinder!0. Exists q1: sphere!1. Exists q2: sphere!2. And(front!1!0 metal!1)
Candidate Name: /home/ubuntu/vdp-tool-chain-repo/data/inference-outputs/devoicing-fovariant-4/test/2.json

Candidate: c0
Concept: Exists q0: sphere!0. Exists q1: cylinder!1. Exists q2: cylinder!2. And(front!0!2 metal!0)
Candidate Name: /home/ubuntu/vdp-tool-chain-repo/data/inference-outputs/devoicing-fovariant-4/test/2.json

Candidate: c0
Concept: Exists q0: sphere!0. Exists q1: sphere!1. Exists q2: cylinder!2. And(front!0!2 metal!0)
Candidate Name: /home/ubuntu/vdp-tool-chain-repo/data/inference-outputs/devoicing-fovariant-4/test/2.json

Candidate: c0
Concept: Exists q0: sphere!0. Exists q1: cylinder!1. Exists q2: cylinder!2. And(metal!0 behind!2!0)
Candidate Name: /home/ubuntu/vdp-tool-chain-repo/data/inference-outputs/devoicing-fovariant-4/test/2.json

Candidate: c0
Concept: Exists q0: sphere!0. Exists q1: sphere!1. Exists q2: cylinder!2. And(metal!0 behind!2!0)
Candidate Name: /home/ubuntu/vdp-tool-chain-repo/data/inference-outputs/devoicing-fovariant-4/test/2.json

Candidate: c0
Concept: Exists q0: cylinder!0. Exists q1: sphere!1. Exists q2: sphere!2. And(metal!2 behind!0!2)
Candidate Name: /home/ubuntu/vdp-tool-chain-repo/data/inference-outputs/devoicing-fovariant-4/test/2.json

Candidate: c0
Concept: Exists q0: sphere!0. Exists q1: sphere!1. Exists q2: cylinder!2. And(front!1!2 metal!1)
Candidate Name: /home/ubuntu/vdp-tool-chain-repo/data/inference-outputs/devoicing-fovariant-4/test/2.json

Candidate: c0
Concept: Exists q0: cylinder!0. Exists q1: sphere!1. Exists q2: cylinder!2. And(front!1!2 metal!1)
Candidate Name: /home/ubuntu/vdp-tool-chain-repo/data/inference-outputs/devoicing-fovariant-4/test/2.json

Candidate: c0
Concept: Exists q0: cylinder!0. Exists q1: cylinder!1. Exists q2: sphere!2. And(front!2!0 metal!2)
Candidate Name: /home/ubuntu/vdp-tool-chain-repo/data/inference-outputs/devoicing-fovariant-4/test/2.json

Candidate: c0
Concept: Exists q0: cylinder!0. Exists q1: sphere!1. Exists q2: sphere!2. And(front!2!0 metal!2)
Candidate Name: /home/ubuntu/vdp-tool-chain-repo/data/inference-outputs/devoicing-fovariant-4/test/2.json

Candidate: c0
Concept: Exists q0: cylinder!0. Exists q1: cylinder!1. Exists q2: sphere!2. And(metal!2 behind!0!2)
Candidate Name: /home/ubuntu/vdp-tool-chain-repo/data/inference-outputs/devoicing-fovariant-4/test/2.json

Candidate: c0
Concept: Exists q0: sphere!0. Exists q1: sphere!1. Exists q2: cylinder!2. And(metal!1 behind!2!1)
Candidate Name: /home/ubuntu/vdp-tool-chain-repo/data/inference-outputs/devoicing-fovariant-4/test/2.json

Candidate: c0
Concept: Exists q0: cylinder!0. Exists q1: sphere!1. Exists q2: cylinder!2. And(front!1!0 metal!1)
Candidate Name: /home/ubuntu/vdp-tool-chain-repo/data/inference-outputs/devoicing-fovariant-4/test/2.json

Candidate: c0
Concept: Exists q0: cylinder!0. Exists q1: sphere!1. Exists q2: cylinder!2. And(metal!1 behind!0!1)
Candidate Name: /home/ubuntu/vdp-tool-chain-repo/data/inference-outputs/devoicing-fovariant-4/test/2.json

Candidate: c0
Concept: Exists q0: cylinder!0. Exists q1: sphere!1. Exists q2: sphere!2. And(metal!1 behind!0!1)
Candidate Name: /home/ubuntu/vdp-tool-chain-repo/data/inference-outputs/devoicing-fovariant-4/test/2.json

Candidate: c0
Concept: Exists q0: cylinder!0. Exists q1: sphere!1. Exists q2: cylinder!2. And(metal!1 behind!2!1)
Candidate Name: /home/ubuntu/vdp-tool-chain-repo/data/inference-outputs/devoicing-fovariant-4/test/2.json

Candidate: c0
Concept: Forall q0: sphere!0. Exists q1: sphere!1. Exists q2: cylinder!2. And(front!1!2 metal!1)
Candidate Name: /home/ubuntu/vdp-tool-chain-repo/data/inference-outputs/devoicing-fovariant-4/test/2.json

Candidate: c0
Concept: Forall q0: sphere!0. Exists q1: sphere!1. Exists q2: cylinder!2. And(metal!1 behind!2!1)
Candidate Name: /home/ubuntu/vdp-tool-chain-repo/data/inference-outputs/devoicing-fovariant-4/test/2.json

Candidate: c0
Concept: Forall q0: cylinder!0. Exists q1: sphere!1. Exists q2: cylinder!2. And(front!1!2 metal!1)
Candidate Name: /home/ubuntu/vdp-tool-chain-repo/data/inference-outputs/devoicing-fovariant-4/test/2.json

Candidate: c0
Concept: Forall q0: cylinder!0. Exists q1: sphere!1. Exists q2: cylinder!2. And(metal!1 behind!2!1)
Candidate Name: /home/ubuntu/vdp-tool-chain-repo/data/inference-outputs/devoicing-fovariant-4/test/2.json

Candidate: c0
Concept: Forall q0: sphere!0. Exists q1: cylinder!1. Exists q2: sphere!2. And(front!2!1 metal!2)
Candidate Name: /home/ubuntu/vdp-tool-chain-repo/data/inference-outputs/devoicing-fovariant-4/test/2.json

Candidate: c0
Concept: Forall q0: cylinder!0. Exists q1: cylinder!1. Exists q2: sphere!2. And(front!2!1 metal!2)
Candidate Name: /home/ubuntu/vdp-tool-chain-repo/data/inference-outputs/devoicing-fovariant-4/test/2.json

Candidate: c0
Concept: Forall q0: sphere!0. Exists q1: cylinder!1. Exists q2: sphere!2. And(metal!2 behind!1!2)
Candidate Name: /home/ubuntu/vdp-tool-chain-repo/data/inference-outputs/devoicing-fovariant-4/test/2.json

Candidate: c0
Concept: Forall q0: cylinder!0. Exists q1: cylinder!1. Exists q2: sphere!2. And(metal!2 behind!1!2)
Candidate Name: /home/ubuntu/vdp-tool-chain-repo/data/inference-outputs/devoicing-fovariant-4/test/2.json

Candidate: c2
Concept: Exists q0: sphere!0. Forall q1: cylinder!1. Exists q2: sphere!2. And(metal!0 left!1!2 left!2!0)
Candidate Name: /home/ubuntu/vdp-tool-chain-repo/data/inference-outputs/devoicing-fovariant-4/test/0.json

Candidate: c2
Concept: Exists q0: sphere!0. Forall q1: cylinder!1. Exists q2: sphere!2. And(right!0!2 metal!0 left!1!2)
Candidate Name: /home/ubuntu/vdp-tool-chain-repo/data/inference-outputs/devoicing-fovariant-4/test/0.json

Candidate: c2
Concept: Exists q0: sphere!0. Forall q1: cylinder!1. Exists q2: sphere!2. And(right!2!1 metal!0 left!2!0)
Candidate Name: /home/ubuntu/vdp-tool-chain-repo/data/inference-outputs/devoicing-fovariant-4/test/0.json

Candidate: c2
Concept: Exists q0: sphere!0. Forall q1: cylinder!1. Exists q2: sphere!2. And(right!0!2 right!2!1 metal!0)
Candidate Name: /home/ubuntu/vdp-tool-chain-repo/data/inference-outputs/devoicing-fovariant-4/test/0.json

Candidate: c2
Concept: Exists q0: sphere!0. Forall q1: cylinder!1. Exists q2: sphere!2. And(right!2!0 metal!2 left!1!0)
Candidate Name: /home/ubuntu/vdp-tool-chain-repo/data/inference-outputs/devoicing-fovariant-4/test/0.json

Candidate: c2
Concept: Exists q0: sphere!0. Forall q1: cylinder!1. Exists q2: sphere!2. And(metal!2 left!0!2 left!1!0)
Candidate Name: /home/ubuntu/vdp-tool-chain-repo/data/inference-outputs/devoicing-fovariant-4/test/0.json

Candidate: c2
Concept: Exists q0: sphere!0. Forall q1: cylinder!1. Exists q2: sphere!2. And(right!0!1 right!2!0 metal!2)
Candidate Name: /home/ubuntu/vdp-tool-chain-repo/data/inference-outputs/devoicing-fovariant-4/test/0.json

Candidate: c2
Concept: Exists q0: sphere!0. Forall q1: cylinder!1. Exists q2: sphere!2. And(right!0!1 metal!2 left!0!2)
Candidate Name: /home/ubuntu/vdp-tool-chain-repo/data/inference-outputs/devoicing-fovariant-4/test/0.json

Candidate: c0
Concept: Exists q0: cylinder!0. Forall q1: sphere!1. Exists q2: sphere!2. And(metal!2 behind!0!2)
Candidate Name: /home/ubuntu/vdp-tool-chain-repo/data/inference-outputs/devoicing-fovariant-4/test/2.json

Candidate: c0
Concept: Exists q0: cylinder!0. Forall q1: sphere!1. Exists q2: sphere!2. And(front!2!0 metal!2)
Candidate Name: /home/ubuntu/vdp-tool-chain-repo/data/inference-outputs/devoicing-fovariant-4/test/2.json

Candidate: c0
Concept: Exists q0: sphere!0. Forall q1: sphere!1. Exists q2: cylinder!2. And(front!0!2 metal!0)
Candidate Name: /home/ubuntu/vdp-tool-chain-repo/data/inference-outputs/devoicing-fovariant-4/test/2.json

Candidate: c0
Concept: Exists q0: sphere!0. Forall q1: sphere!1. Exists q2: cylinder!2. And(metal!0 behind!2!0)
Candidate Name: /home/ubuntu/vdp-tool-chain-repo/data/inference-outputs/devoicing-fovariant-4/test/2.json

Candidate: c0
Concept: Exists q0: cylinder!0. Forall q1: cylinder!1. Exists q2: sphere!2. And(metal!2 behind!0!2)
Candidate Name: /home/ubuntu/vdp-tool-chain-repo/data/inference-outputs/devoicing-fovariant-4/test/2.json

Candidate: c0
Concept: Exists q0: sphere!0. Forall q1: cylinder!1. Exists q2: cylinder!2. And(metal!0 behind!2!0)
Candidate Name: /home/ubuntu/vdp-tool-chain-repo/data/inference-outputs/devoicing-fovariant-4/test/2.json

Candidate: c0
Concept: Exists q0: sphere!0. Forall q1: cylinder!1. Exists q2: cylinder!2. And(front!0!2 metal!0)
Candidate Name: /home/ubuntu/vdp-tool-chain-repo/data/inference-outputs/devoicing-fovariant-4/test/2.json

Candidate: c0
Concept: Exists q0: cylinder!0. Forall q1: cylinder!1. Exists q2: sphere!2. And(front!2!0 metal!2)
Candidate Name: /home/ubuntu/vdp-tool-chain-repo/data/inference-outputs/devoicing-fovariant-4/test/2.json

Candidate: c0
Concept: Exists q0: sphere!0. Exists q1: cylinder!1. Forall q2: sphere!2. And(front!0!1 metal!0)
Candidate Name: /home/ubuntu/vdp-tool-chain-repo/data/inference-outputs/devoicing-fovariant-4/test/2.json

Candidate: c0
Concept: Exists q0: sphere!0. Exists q1: cylinder!1. Forall q2: sphere!2. And(metal!0 behind!1!0)
Candidate Name: /home/ubuntu/vdp-tool-chain-repo/data/inference-outputs/devoicing-fovariant-4/test/2.json

Candidate: c0
Concept: Exists q0: cylinder!0. Exists q1: sphere!1. Forall q2: sphere!2. And(front!1!0 metal!1)
Candidate Name: /home/ubuntu/vdp-tool-chain-repo/data/inference-outputs/devoicing-fovariant-4/test/2.json

Candidate: c0
Concept: Exists q0: cylinder!0. Exists q1: sphere!1. Forall q2: sphere!2. And(metal!1 behind!0!1)
Candidate Name: /home/ubuntu/vdp-tool-chain-repo/data/inference-outputs/devoicing-fovariant-4/test/2.json

Candidate: c2
Concept: Exists q0: sphere!0. Exists q1: sphere!1. Forall q2: cylinder!2. And(right!1!0 metal!1 left!2!0)
Candidate Name: /home/ubuntu/vdp-tool-chain-repo/data/inference-outputs/devoicing-fovariant-4/test/0.json

Candidate: c2
Concept: Exists q0: sphere!0. Exists q1: sphere!1. Forall q2: cylinder!2. And(right!0!2 right!1!0 metal!1)
Candidate Name: /home/ubuntu/vdp-tool-chain-repo/data/inference-outputs/devoicing-fovariant-4/test/0.json

Candidate: c2
Concept: Exists q0: sphere!0. Exists q1: sphere!1. Forall q2: cylinder!2. And(metal!1 left!0!1 left!2!0)
Candidate Name: /home/ubuntu/vdp-tool-chain-repo/data/inference-outputs/devoicing-fovariant-4/test/0.json

Candidate: c2
Concept: Exists q0: sphere!0. Exists q1: sphere!1. Forall q2: cylinder!2. And(right!0!2 metal!1 left!0!1)
Candidate Name: /home/ubuntu/vdp-tool-chain-repo/data/inference-outputs/devoicing-fovariant-4/test/0.json

Candidate: c2
Concept: Exists q0: sphere!0. Exists q1: sphere!1. Forall q2: cylinder!2. And(right!0!1 metal!0 left!2!1)
Candidate Name: /home/ubuntu/vdp-tool-chain-repo/data/inference-outputs/devoicing-fovariant-4/test/0.json

Candidate: c2
Concept: Exists q0: sphere!0. Exists q1: sphere!1. Forall q2: cylinder!2. And(metal!0 left!1!0 left!2!1)
Candidate Name: /home/ubuntu/vdp-tool-chain-repo/data/inference-outputs/devoicing-fovariant-4/test/0.json

Candidate: c2
Concept: Exists q0: sphere!0. Exists q1: sphere!1. Forall q2: cylinder!2. And(right!0!1 right!1!2 metal!0)
Candidate Name: /home/ubuntu/vdp-tool-chain-repo/data/inference-outputs/devoicing-fovariant-4/test/0.json

Candidate: c2
Concept: Exists q0: sphere!0. Exists q1: sphere!1. Forall q2: cylinder!2. And(right!1!2 metal!0 left!1!0)
Candidate Name: /home/ubuntu/vdp-tool-chain-repo/data/inference-outputs/devoicing-fovariant-4/test/0.json

Candidate: c0
Concept: Exists q0: sphere!0. Exists q1: cylinder!1. Forall q2: cylinder!2. And(front!0!1 metal!0)
Candidate Name: /home/ubuntu/vdp-tool-chain-repo/data/inference-outputs/devoicing-fovariant-4/test/2.json

Candidate: c0
Concept: Exists q0: sphere!0. Exists q1: cylinder!1. Forall q2: cylinder!2. And(metal!0 behind!1!0)
Candidate Name: /home/ubuntu/vdp-tool-chain-repo/data/inference-outputs/devoicing-fovariant-4/test/2.json

Candidate: c0
Concept: Exists q0: cylinder!0. Exists q1: sphere!1. Forall q2: cylinder!2. And(front!1!0 metal!1)
Candidate Name: /home/ubuntu/vdp-tool-chain-repo/data/inference-outputs/devoicing-fovariant-4/test/2.json

Candidate: c0
Concept: Exists q0: cylinder!0. Exists q1: sphere!1. Forall q2: cylinder!2. And(metal!1 behind!0!1)
Candidate Name: /home/ubuntu/vdp-tool-chain-repo/data/inference-outputs/devoicing-fovariant-4/test/2.json

No discriminator found for puzzle /home/ubuntu/vdp-tool-chain-repo/data/inference-outputs/devoicing-fovariant-4.
The scores were [0.03816206340575909, 0.05234386609753027, 1.173582375361399].
Best concept is @ idx 0 ie: /home/ubuntu/vdp-tool-chain-repo/data/output/images/devoicing-fovariant-4/CLEVR_devoicing-fovariant-4_000000.png
