Candidate: c2
Concept: Forall q0: sphere!0. Forall q1: sphere!1. Exists q2: sphere!2. And(same_color!1!2 same_color!2!0)
Candidate Name: /home/ubuntu/vdp-tool-chain-repo/data/inference-outputs/threepack-fovariant-20/test/0.json

Candidate: c2
Concept: Exists q0: sphere!0. Forall q1: sphere!1. Exists q2: sphere!2. And(disequal!0!2 same_color!2!1)
Candidate Name: /home/ubuntu/vdp-tool-chain-repo/data/inference-outputs/threepack-fovariant-20/test/0.json

Candidate: c2
Concept: Exists q0: sphere!0. Forall q1: sphere!1. Exists q2: sphere!2. And(disequal!2!0 same_color!2!1)
Candidate Name: /home/ubuntu/vdp-tool-chain-repo/data/inference-outputs/threepack-fovariant-20/test/0.json

Candidate: c2
Concept: Exists q0: sphere!0. Forall q1: sphere!1. Exists q2: sphere!2. And(disequal!0!2 same_color!1!2)
Candidate Name: /home/ubuntu/vdp-tool-chain-repo/data/inference-outputs/threepack-fovariant-20/test/0.json

Candidate: c2
Concept: Exists q0: sphere!0. Forall q1: sphere!1. Exists q2: sphere!2. And(disequal!2!0 same_color!1!2)
Candidate Name: /home/ubuntu/vdp-tool-chain-repo/data/inference-outputs/threepack-fovariant-20/test/0.json

Candidate: c2
Concept: Exists q0: sphere!0. Forall q1: sphere!1. Exists q2: sphere!2. And(same_color!1!2 right!2!0)
Candidate Name: /home/ubuntu/vdp-tool-chain-repo/data/inference-outputs/threepack-fovariant-20/test/0.json

Candidate: c2
Concept: Exists q0: sphere!0. Forall q1: sphere!1. Exists q2: sphere!2. And(same_color!1!2 left!0!2)
Candidate Name: /home/ubuntu/vdp-tool-chain-repo/data/inference-outputs/threepack-fovariant-20/test/0.json

Candidate: c2
Concept: Exists q0: sphere!0. Forall q1: sphere!1. Exists q2: sphere!2. And(same_color!2!1 right!2!0)
Candidate Name: /home/ubuntu/vdp-tool-chain-repo/data/inference-outputs/threepack-fovariant-20/test/0.json

Candidate: c2
Concept: Exists q0: sphere!0. Forall q1: sphere!1. Exists q2: sphere!2. And(same_color!2!1 left!0!2)
Candidate Name: /home/ubuntu/vdp-tool-chain-repo/data/inference-outputs/threepack-fovariant-20/test/0.json

Candidate: c2
Concept: Exists q0: sphere!0. Forall q1: sphere!1. Exists q2: sphere!2. And(disequal!1!2 same_color!0!2)
Candidate Name: /home/ubuntu/vdp-tool-chain-repo/data/inference-outputs/threepack-fovariant-20/test/0.json

Candidate: c2
Concept: Exists q0: sphere!0. Forall q1: sphere!1. Exists q2: sphere!2. And(disequal!1!2 same_color!2!0)
Candidate Name: /home/ubuntu/vdp-tool-chain-repo/data/inference-outputs/threepack-fovariant-20/test/0.json

Candidate: c2
Concept: Exists q0: sphere!0. Forall q1: sphere!1. Exists q2: sphere!2. And(disequal!2!1 same_color!2!0)
Candidate Name: /home/ubuntu/vdp-tool-chain-repo/data/inference-outputs/threepack-fovariant-20/test/0.json

Candidate: c2
Concept: Exists q0: sphere!0. Forall q1: sphere!1. Exists q2: sphere!2. And(disequal!2!1 same_color!0!2)
Candidate Name: /home/ubuntu/vdp-tool-chain-repo/data/inference-outputs/threepack-fovariant-20/test/0.json

Candidate: c2
Concept: Exists q0: sphere!0. Forall q1: sphere!1. Exists q2: sphere!2. And(same_color!0!2 same_color!2!1)
Candidate Name: /home/ubuntu/vdp-tool-chain-repo/data/inference-outputs/threepack-fovariant-20/test/0.json

Candidate: c2
Concept: Exists q0: sphere!0. Forall q1: sphere!1. Exists q2: sphere!2. And(same_color!2!0 same_color!2!1)
Candidate Name: /home/ubuntu/vdp-tool-chain-repo/data/inference-outputs/threepack-fovariant-20/test/0.json

Candidate: c2
Concept: Exists q0: sphere!0. Forall q1: sphere!1. Exists q2: sphere!2. And(same_color!0!2 same_color!1!2)
Candidate Name: /home/ubuntu/vdp-tool-chain-repo/data/inference-outputs/threepack-fovariant-20/test/0.json

Candidate: c2
Concept: Exists q0: sphere!0. Forall q1: sphere!1. Exists q2: sphere!2. And(same_color!1!2 same_color!2!0)
Candidate Name: /home/ubuntu/vdp-tool-chain-repo/data/inference-outputs/threepack-fovariant-20/test/0.json

Candidate: c2
Concept: Exists q0: sphere!0. Forall q1: sphere!1. Exists q2: sphere!2. And(same_color!1!2 right!0!2)
Candidate Name: /home/ubuntu/vdp-tool-chain-repo/data/inference-outputs/threepack-fovariant-20/test/0.json

Candidate: c2
Concept: Exists q0: sphere!0. Forall q1: sphere!1. Exists q2: sphere!2. And(same_color!1!2 left!2!0)
Candidate Name: /home/ubuntu/vdp-tool-chain-repo/data/inference-outputs/threepack-fovariant-20/test/0.json

Candidate: c2
Concept: Exists q0: sphere!0. Forall q1: sphere!1. Exists q2: sphere!2. And(same_color!2!1 right!0!2)
Candidate Name: /home/ubuntu/vdp-tool-chain-repo/data/inference-outputs/threepack-fovariant-20/test/0.json

Candidate: c2
Concept: Exists q0: sphere!0. Forall q1: sphere!1. Exists q2: sphere!2. And(same_color!2!1 left!2!0)
Candidate Name: /home/ubuntu/vdp-tool-chain-repo/data/inference-outputs/threepack-fovariant-20/test/0.json

Candidate: c2
Concept: Forall q0: sphere!0. Forall q1: sphere!1. Exists q2: sphere!2. And(disequal!2!1 same_color!2!0)
Candidate Name: /home/ubuntu/vdp-tool-chain-repo/data/inference-outputs/threepack-fovariant-20/test/0.json

Candidate: c2
Concept: Forall q0: sphere!0. Exists q1: sphere!1. Exists q2: sphere!2. And(same_color!0!2 right!2!1)
Candidate Name: /home/ubuntu/vdp-tool-chain-repo/data/inference-outputs/threepack-fovariant-20/test/0.json

Candidate: c2
Concept: Forall q0: sphere!0. Exists q1: sphere!1. Exists q2: sphere!2. And(same_color!1!0 right!2!1)
Candidate Name: /home/ubuntu/vdp-tool-chain-repo/data/inference-outputs/threepack-fovariant-20/test/0.json

Candidate: c2
Concept: Forall q0: sphere!0. Exists q1: sphere!1. Exists q2: sphere!2. And(same_color!2!0 right!2!1)
Candidate Name: /home/ubuntu/vdp-tool-chain-repo/data/inference-outputs/threepack-fovariant-20/test/0.json

Candidate: c2
Concept: Forall q0: sphere!0. Exists q1: sphere!1. Exists q2: sphere!2. And(same_color!0!2 left!1!2)
Candidate Name: /home/ubuntu/vdp-tool-chain-repo/data/inference-outputs/threepack-fovariant-20/test/0.json

Candidate: c2
Concept: Forall q0: sphere!0. Exists q1: sphere!1. Exists q2: sphere!2. And(same_color!1!0 left!1!2)
Candidate Name: /home/ubuntu/vdp-tool-chain-repo/data/inference-outputs/threepack-fovariant-20/test/0.json

Candidate: c2
Concept: Forall q0: sphere!0. Exists q1: sphere!1. Exists q2: sphere!2. And(same_color!2!0 left!1!2)
Candidate Name: /home/ubuntu/vdp-tool-chain-repo/data/inference-outputs/threepack-fovariant-20/test/0.json

Candidate: c2
Concept: Forall q0: sphere!0. Exists q1: sphere!1. Exists q2: sphere!2. And(same_color!0!1 left!1!2)
Candidate Name: /home/ubuntu/vdp-tool-chain-repo/data/inference-outputs/threepack-fovariant-20/test/0.json

Candidate: c2
Concept: Forall q0: sphere!0. Exists q1: sphere!1. Exists q2: sphere!2. And(same_color!0!1 right!2!1)
Candidate Name: /home/ubuntu/vdp-tool-chain-repo/data/inference-outputs/threepack-fovariant-20/test/0.json

Candidate: c2
Concept: Forall q0: sphere!0. Forall q1: sphere!1. Exists q2: sphere!2. And(disequal!0!2 same_color!2!1)
Candidate Name: /home/ubuntu/vdp-tool-chain-repo/data/inference-outputs/threepack-fovariant-20/test/0.json

Candidate: c2
Concept: Forall q0: sphere!0. Forall q1: sphere!1. Exists q2: sphere!2. And(disequal!2!0 same_color!2!1)
Candidate Name: /home/ubuntu/vdp-tool-chain-repo/data/inference-outputs/threepack-fovariant-20/test/0.json

Candidate: c2
Concept: Forall q0: sphere!0. Forall q1: sphere!1. Exists q2: sphere!2. And(same_color!2!0 same_color!2!1)
Candidate Name: /home/ubuntu/vdp-tool-chain-repo/data/inference-outputs/threepack-fovariant-20/test/0.json

Candidate: c2
Concept: Forall q0: sphere!0. Forall q1: sphere!1. Exists q2: sphere!2. And(disequal!1!2 same_color!2!0)
Candidate Name: /home/ubuntu/vdp-tool-chain-repo/data/inference-outputs/threepack-fovariant-20/test/0.json

Candidate: c2
Concept: Forall q0: sphere!0. Forall q1: sphere!1. Exists q2: sphere!2. And(disequal!1!2 same_color!0!2)
Candidate Name: /home/ubuntu/vdp-tool-chain-repo/data/inference-outputs/threepack-fovariant-20/test/0.json

Candidate: c2
Concept: Forall q0: sphere!0. Forall q1: sphere!1. Exists q2: sphere!2. And(disequal!2!1 same_color!0!2)
Candidate Name: /home/ubuntu/vdp-tool-chain-repo/data/inference-outputs/threepack-fovariant-20/test/0.json

Candidate: c2
Concept: Forall q0: sphere!0. Forall q1: sphere!1. Exists q2: sphere!2. And(same_color!0!2 same_color!2!1)
Candidate Name: /home/ubuntu/vdp-tool-chain-repo/data/inference-outputs/threepack-fovariant-20/test/0.json

Candidate: c2
Concept: Forall q0: sphere!0. Forall q1: sphere!1. Exists q2: sphere!2. And(disequal!0!2 same_color!1!2)
Candidate Name: /home/ubuntu/vdp-tool-chain-repo/data/inference-outputs/threepack-fovariant-20/test/0.json

Candidate: c2
Concept: Forall q0: sphere!0. Forall q1: sphere!1. Exists q2: sphere!2. And(disequal!2!0 same_color!1!2)
Candidate Name: /home/ubuntu/vdp-tool-chain-repo/data/inference-outputs/threepack-fovariant-20/test/0.json

Candidate: c2
Concept: Forall q0: sphere!0. Forall q1: sphere!1. Exists q2: sphere!2. And(same_color!0!2 same_color!1!2)
Candidate Name: /home/ubuntu/vdp-tool-chain-repo/data/inference-outputs/threepack-fovariant-20/test/0.json

Candidate: c2
Concept: Forall q0: sphere!0. Exists q1: sphere!1. Exists q2: sphere!2. And(same_color!0!2 right!1!2)
Candidate Name: /home/ubuntu/vdp-tool-chain-repo/data/inference-outputs/threepack-fovariant-20/test/0.json

Candidate: c2
Concept: Forall q0: sphere!0. Exists q1: sphere!1. Exists q2: sphere!2. And(same_color!0!2 left!2!1)
Candidate Name: /home/ubuntu/vdp-tool-chain-repo/data/inference-outputs/threepack-fovariant-20/test/0.json

Candidate: c2
Concept: Forall q0: sphere!0. Exists q1: sphere!1. Exists q2: sphere!2. And(same_color!1!0 left!2!1)
Candidate Name: /home/ubuntu/vdp-tool-chain-repo/data/inference-outputs/threepack-fovariant-20/test/0.json

Candidate: c2
Concept: Forall q0: sphere!0. Exists q1: sphere!1. Exists q2: sphere!2. And(same_color!1!0 right!1!2)
Candidate Name: /home/ubuntu/vdp-tool-chain-repo/data/inference-outputs/threepack-fovariant-20/test/0.json

Candidate: c2
Concept: Forall q0: sphere!0. Exists q1: sphere!1. Exists q2: sphere!2. And(same_color!0!1 left!2!1)
Candidate Name: /home/ubuntu/vdp-tool-chain-repo/data/inference-outputs/threepack-fovariant-20/test/0.json

Candidate: c2
Concept: Forall q0: sphere!0. Exists q1: sphere!1. Exists q2: sphere!2. And(same_color!0!1 right!1!2)
Candidate Name: /home/ubuntu/vdp-tool-chain-repo/data/inference-outputs/threepack-fovariant-20/test/0.json

Candidate: c2
Concept: Forall q0: sphere!0. Exists q1: sphere!1. Exists q2: sphere!2. And(same_color!2!0 left!2!1)
Candidate Name: /home/ubuntu/vdp-tool-chain-repo/data/inference-outputs/threepack-fovariant-20/test/0.json

Candidate: c2
Concept: Forall q0: sphere!0. Exists q1: sphere!1. Exists q2: sphere!2. And(same_color!2!0 right!1!2)
Candidate Name: /home/ubuntu/vdp-tool-chain-repo/data/inference-outputs/threepack-fovariant-20/test/0.json

No discriminator found for puzzle /home/ubuntu/vdp-tool-chain-repo/data/inference-outputs/threepack-fovariant-20.
The scores were [0.03214219622910084, 0.04009732201121067, 0.03026593945774744].
Best concept is @ idx 2 ie: /home/ubuntu/vdp-tool-chain-repo/data/output/images/threepack-fovariant-20/CLEVR_threepack-fovariant-20_000002.png
