Candidate: c2
Concept: Forall q0: sphere!0. Exists q1: cube!1. Exists q2: cube!2. And(left!0!1 left!2!0)
Candidate Name: /home/ubuntu/vdp-tool-chain-repo/data/inference-outputs/agreement-fovariant-1/test/0.json

Candidate: c2
Concept: Forall q0: sphere!0. Exists q1: cube!1. Exists q2: cube!2. And(left!0!2 left!1!0)
Candidate Name: /home/ubuntu/vdp-tool-chain-repo/data/inference-outputs/agreement-fovariant-1/test/0.json

Candidate: c2
Concept: Forall q0: sphere!0. Exists q1: cube!1. Exists q2: cube!2. And(right!0!1 left!0!2)
Candidate Name: /home/ubuntu/vdp-tool-chain-repo/data/inference-outputs/agreement-fovariant-1/test/0.json

Candidate: c2
Concept: Forall q0: sphere!0. Exists q1: cube!1. Exists q2: cube!2. And(right!0!2 left!0!1)
Candidate Name: /home/ubuntu/vdp-tool-chain-repo/data/inference-outputs/agreement-fovariant-1/test/0.json

Candidate: c2
Concept: Forall q0: sphere!0. Exists q1: cube!1. Exists q2: cube!2. And(right!0!2 right!1!0)
Candidate Name: /home/ubuntu/vdp-tool-chain-repo/data/inference-outputs/agreement-fovariant-1/test/0.json

Candidate: c2
Concept: Forall q0: sphere!0. Exists q1: cube!1. Exists q2: cube!2. And(right!1!0 left!2!0)
Candidate Name: /home/ubuntu/vdp-tool-chain-repo/data/inference-outputs/agreement-fovariant-1/test/0.json

Candidate: c2
Concept: Forall q0: sphere!0. Exists q1: cube!1. Exists q2: cube!2. And(right!0!1 right!2!0)
Candidate Name: /home/ubuntu/vdp-tool-chain-repo/data/inference-outputs/agreement-fovariant-1/test/0.json

Candidate: c2
Concept: Forall q0: sphere!0. Exists q1: cube!1. Exists q2: cube!2. And(right!2!0 left!1!0)
Candidate Name: /home/ubuntu/vdp-tool-chain-repo/data/inference-outputs/agreement-fovariant-1/test/0.json

Candidate: c2
Concept: Exists q0: cube!0. Forall q1: sphere!1. Exists q2: cube!2. And(right!0!1 right!1!2)
Candidate Name: /home/ubuntu/vdp-tool-chain-repo/data/inference-outputs/agreement-fovariant-1/test/0.json

Candidate: c2
Concept: Exists q0: cube!0. Forall q1: sphere!1. Exists q2: cube!2. And(right!1!2 left!1!0)
Candidate Name: /home/ubuntu/vdp-tool-chain-repo/data/inference-outputs/agreement-fovariant-1/test/0.json

Candidate: c2
Concept: Exists q0: cube!0. Forall q1: sphere!1. Exists q2: cube!2. And(right!0!1 left!2!1)
Candidate Name: /home/ubuntu/vdp-tool-chain-repo/data/inference-outputs/agreement-fovariant-1/test/0.json

Candidate: c2
Concept: Exists q0: cube!0. Forall q1: sphere!1. Exists q2: cube!2. And(left!1!0 left!2!1)
Candidate Name: /home/ubuntu/vdp-tool-chain-repo/data/inference-outputs/agreement-fovariant-1/test/0.json

Candidate: c2
Concept: Exists q0: cube!0. Forall q1: sphere!1. Exists q2: cube!2. And(right!2!1 left!0!1)
Candidate Name: /home/ubuntu/vdp-tool-chain-repo/data/inference-outputs/agreement-fovariant-1/test/0.json

Candidate: c2
Concept: Exists q0: cube!0. Forall q1: sphere!1. Exists q2: cube!2. And(left!0!1 left!1!2)
Candidate Name: /home/ubuntu/vdp-tool-chain-repo/data/inference-outputs/agreement-fovariant-1/test/0.json

Candidate: c2
Concept: Exists q0: cube!0. Forall q1: sphere!1. Exists q2: cube!2. And(right!1!0 right!2!1)
Candidate Name: /home/ubuntu/vdp-tool-chain-repo/data/inference-outputs/agreement-fovariant-1/test/0.json

Candidate: c2
Concept: Exists q0: cube!0. Forall q1: sphere!1. Exists q2: cube!2. And(right!1!0 left!1!2)
Candidate Name: /home/ubuntu/vdp-tool-chain-repo/data/inference-outputs/agreement-fovariant-1/test/0.json

Candidate: c2
Concept: Exists q0: cube!0. Exists q1: cube!1. Forall q2: sphere!2. And(right!0!2 right!2!1)
Candidate Name: /home/ubuntu/vdp-tool-chain-repo/data/inference-outputs/agreement-fovariant-1/test/0.json

Candidate: c2
Concept: Exists q0: cube!0. Exists q1: cube!1. Forall q2: sphere!2. And(right!0!2 left!1!2)
Candidate Name: /home/ubuntu/vdp-tool-chain-repo/data/inference-outputs/agreement-fovariant-1/test/0.json

Candidate: c2
Concept: Exists q0: cube!0. Exists q1: cube!1. Forall q2: sphere!2. And(right!2!1 left!2!0)
Candidate Name: /home/ubuntu/vdp-tool-chain-repo/data/inference-outputs/agreement-fovariant-1/test/0.json

Candidate: c2
Concept: Exists q0: cube!0. Exists q1: cube!1. Forall q2: sphere!2. And(left!1!2 left!2!0)
Candidate Name: /home/ubuntu/vdp-tool-chain-repo/data/inference-outputs/agreement-fovariant-1/test/0.json

Candidate: c2
Concept: Exists q0: cube!0. Exists q1: cube!1. Forall q2: sphere!2. And(right!1!2 right!2!0)
Candidate Name: /home/ubuntu/vdp-tool-chain-repo/data/inference-outputs/agreement-fovariant-1/test/0.json

Candidate: c2
Concept: Exists q0: cube!0. Exists q1: cube!1. Forall q2: sphere!2. And(right!2!0 left!2!1)
Candidate Name: /home/ubuntu/vdp-tool-chain-repo/data/inference-outputs/agreement-fovariant-1/test/0.json

Candidate: c2
Concept: Exists q0: cube!0. Exists q1: cube!1. Forall q2: sphere!2. And(left!0!2 left!2!1)
Candidate Name: /home/ubuntu/vdp-tool-chain-repo/data/inference-outputs/agreement-fovariant-1/test/0.json

Candidate: c2
Concept: Exists q0: cube!0. Exists q1: cube!1. Forall q2: sphere!2. And(right!1!2 left!0!2)
Candidate Name: /home/ubuntu/vdp-tool-chain-repo/data/inference-outputs/agreement-fovariant-1/test/0.json

No discriminator found for puzzle /home/ubuntu/vdp-tool-chain-repo/data/inference-outputs/agreement-fovariant-1.
The scores were [0.021446292714522402, 0.029379297168224645, 0.018298499667294663].
Best concept is @ idx 2 ie: /home/ubuntu/vdp-tool-chain-repo/data/output/images/agreement-fovariant-1/CLEVR_agreement-fovariant-1_000002.png
